# JRE version: OpenJDK Runtime Environment (17.0.7) (build 17.0.7+0-b2043.56-10550314)
# Java VM: OpenJDK 64-Bit Server VM (17.0.7+0-b2043.56-10550314, mixed mode, tiered, compressed oops, compressed class ptrs, g1 gc, windows-amd64)
GC Precious Log:
 CPUs: 8 total, 8 available
 Memory: 7969M
 Large Page Support: Disabled
 NUMA Support: Disabled
 Compressed Oops: Enabled (32-bit)
 Heap Region Size: 1M
 Heap Min Capacity: 8M
 Heap Initial Capacity: 126M
 Heap Max Capacity: 2G
 Pre-touch: Disabled
 Parallel Workers: 8
 Concurrent Workers: 2
 Concurrent Refinement Workers: 8
 Periodic GC: Disabled
Heap:
 garbage-first heap   total 302080K, used 207149K [0x0000000080000000, 0x0000000100000000)
  region size 1024K, 2 young (2048K), 2 survivors (2048K)
 Metaspace       used 142235K, committed 143040K, reserved 1179648K
  class space    used 19427K, committed 19840K, reserved 1048576K
GC Heap History (20 events):
Event: 28.287 GC heap after
{Heap after GC invocations=48 (full 0):
 garbage-first heap   total 302080K, used 167158K [0x0000000080000000, 0x0000000100000000)
  region size 1024K, 5 young (5120K), 5 survivors (5120K)
 Metaspace       used 121658K, committed 122432K, reserved 1179648K
  class space    used 15972K, committed 16320K, reserved 1048576K
}
Event: 29.265 GC heap before
{Heap before GC invocations=48 (full 0):
 garbage-first heap   total 302080K, used 243958K [0x0000000080000000, 0x0000000100000000)
  region size 1024K, 81 young (82944K), 5 survivors (5120K)
 Metaspace       used 129104K, committed 129792K, reserved 1179648K
  class space    used 17150K, committed 17472K, reserved 1048576K
}
Event: 29.281 GC heap after
{Heap after GC invocations=49 (full 0):
 garbage-first heap   total 302080K, used 175928K [0x0000000080000000, 0x0000000100000000)
  region size 1024K, 11 young (11264K), 11 survivors (11264K)
 Metaspace       used 129104K, committed 129792K, reserved 1179648K
  class space    used 17150K, committed 17472K, reserved 1048576K
}
Event: 30.079 GC heap before
{Heap before GC invocations=49 (full 0):
 garbage-first heap   total 302080K, used 244536K [0x0000000080000000, 0x0000000100000000)
  region size 1024K, 79 young (80896K), 11 survivors (11264K)
 Metaspace       used 135812K, committed 136576K, reserved 1179648K
  class space    used 18421K, committed 18752K, reserved 1048576K
}
Event: 30.096 GC heap after
{Heap after GC invocations=50 (full 0):
 garbage-first heap   total 302080K, used 181072K [0x0000000080000000, 0x0000000100000000)
  region size 1024K, 5 young (5120K), 5 survivors (5120K)
 Metaspace       used 135812K, committed 136576K, reserved 1179648K
  class space    used 18421K, committed 18752K, reserved 1048576K
}
Event: 30.599 GC heap before
{Heap before GC invocations=50 (full 0):
 garbage-first heap   total 302080K, used 248656K [0x0000000080000000, 0x0000000100000000)
  region size 1024K, 71 young (72704K), 5 survivors (5120K)
 Metaspace       used 137885K, committed 138624K, reserved 1179648K
  class space    used 18739K, committed 19072K, reserved 1048576K
}
Event: 30.605 GC heap after
{Heap after GC invocations=51 (full 0):
 garbage-first heap   total 302080K, used 179768K [0x0000000080000000, 0x0000000100000000)
  region size 1024K, 4 young (4096K), 4 survivors (4096K)
 Metaspace       used 137885K, committed 138624K, reserved 1179648K
  class space    used 18739K, committed 19072K, reserved 1048576K
}
Event: 31.256 GC heap before
{Heap before GC invocations=51 (full 0):
 garbage-first heap   total 302080K, used 251448K [0x0000000080000000, 0x0000000100000000)
  region size 1024K, 74 young (75776K), 4 survivors (4096K)
 Metaspace       used 140414K, committed 141184K, reserved 1179648K
  class space    used 19213K, committed 19584K, reserved 1048576K
}
Event: 31.266 GC heap after
{Heap after GC invocations=52 (full 0):
 garbage-first heap   total 302080K, used 184218K [0x0000000080000000, 0x0000000100000000)
  region size 1024K, 8 young (8192K), 8 survivors (8192K)
 Metaspace       used 140414K, committed 141184K, reserved 1179648K
  class space    used 19213K, committed 19584K, reserved 1048576K
}
Event: 31.913 GC heap before
{Heap before GC invocations=52 (full 0):
 garbage-first heap   total 302080K, used 256922K [0x0000000080000000, 0x0000000100000000)
  region size 1024K, 53 young (54272K), 8 survivors (8192K)
 Metaspace       used 142235K, committed 143040K, reserved 1179648K
  class space    used 19427K, committed 19840K, reserved 1048576K
}
Event: 31.918 GC heap after
{Heap after GC invocations=53 (full 0):
 garbage-first heap   total 302080K, used 205440K [0x0000000080000000, 0x0000000100000000)
  region size 1024K, 3 young (3072K), 3 survivors (3072K)
 Metaspace       used 142235K, committed 143040K, reserved 1179648K
  class space    used 19427K, committed 19840K, reserved 1048576K
}
Event: 31.935 GC heap before
{Heap before GC invocations=53 (full 0):
 garbage-first heap   total 302080K, used 227968K [0x0000000080000000, 0x0000000100000000)
  region size 1024K, 4 young (4096K), 3 survivors (3072K)
 Metaspace       used 142235K, committed 143040K, reserved 1179648K
  class space    used 19427K, committed 19840K, reserved 1048576K
}
Event: 31.939 GC heap after
{Heap after GC invocations=54 (full 0):
 garbage-first heap   total 302080K, used 207213K [0x0000000080000000, 0x0000000100000000)
  region size 1024K, 3 young (3072K), 3 survivors (3072K)
 Metaspace       used 142235K, committed 143040K, reserved 1179648K
  class space    used 19427K, committed 19840K, reserved 1048576K
}
Event: 31.951 GC heap before
{Heap before GC invocations=54 (full 0):
 garbage-first heap   total 302080K, used 221549K [0x0000000080000000, 0x0000000100000000)
  region size 1024K, 4 young (4096K), 3 survivors (3072K)
 Metaspace       used 142235K, committed 143040K, reserved 1179648K
  class space    used 19427K, committed 19840K, reserved 1048576K
}
Event: 31.954 GC heap after
{Heap after GC invocations=55 (full 0):
 garbage-first heap   total 302080K, used 207243K [0x0000000080000000, 0x0000000100000000)
  region size 1024K, 3 young (3072K), 3 survivors (3072K)
 Metaspace       used 142235K, committed 143040K, reserved 1179648K
  class space    used 19427K, committed 19840K, reserved 1048576K
}
Event: 31.965 GC heap before
{Heap before GC invocations=55 (full 0):
 garbage-first heap   total 302080K, used 219531K [0x0000000080000000, 0x0000000100000000)
  region size 1024K, 4 young (4096K), 3 survivors (3072K)
 Metaspace       used 142235K, committed 143040K, reserved 1179648K
  class space    used 19427K, committed 19840K, reserved 1048576K
}
Event: 31.968 GC heap after
{Heap after GC invocations=56 (full 0):
 garbage-first heap   total 302080K, used 207149K [0x0000000080000000, 0x0000000100000000)
  region size 1024K, 2 young (2048K), 2 survivors (2048K)
 Metaspace       used 142235K, committed 143040K, reserved 1179648K
  class space    used 19427K, committed 19840K, reserved 1048576K
}
Event: 31.976 GC heap before
{Heap before GC invocations=56 (full 0):
 garbage-first heap   total 302080K, used 219437K [0x0000000080000000, 0x0000000100000000)
  region size 1024K, 3 young (3072K), 2 survivors (2048K)
 Metaspace       used 142235K, committed 143040K, reserved 1179648K
  class space    used 19427K, committed 19840K, reserved 1048576K
}
Event: 31.979 GC heap after
{Heap after GC invocations=57 (full 0):
 garbage-first heap   total 302080K, used 207147K [0x0000000080000000, 0x0000000100000000)
  region size 1024K, 2 young (2048K), 2 survivors (2048K)
 Metaspace       used 142235K, committed 143040K, reserved 1179648K
  class space    used 19427K, committed 19840K, reserved 1048576K
}
Event: 31.989 GC heap before
{Heap before GC invocations=57 (full 0):
 garbage-first heap   total 302080K, used 217387K [0x0000000080000000, 0x0000000100000000)
  region size 1024K, 3 young (3072K), 2 survivors (2048K)
 Metaspace       used 142235K, committed 143040K, reserved 1179648K
  class space    used 19427K, committed 19840K, reserved 1048576K
}

