# JRE version: OpenJDK Runtime Environment (17.0.7) (build 17.0.7+0-b2043.56-10550314)
# Java VM: OpenJDK 64-Bit Server VM (17.0.7+0-b2043.56-10550314, mixed mode, tiered, compressed oops, compressed class ptrs, g1 gc, windows-amd64)
GC Precious Log:
 CPUs: 8 total, 8 available
 Memory: 7969M
 Large Page Support: Disabled
 NUMA Support: Disabled
 Compressed Oops: Enabled (32-bit)
 Heap Region Size: 1M
 Heap Min Capacity: 8M
 Heap Initial Capacity: 126M
 Heap Max Capacity: 2G
 Pre-touch: Disabled
 Parallel Workers: 8
 Concurrent Workers: 2
 Concurrent Refinement Workers: 8
 Periodic GC: Disabled
Heap:
 garbage-first heap   total 417792K, used 224900K [0x0000000080000000, 0x0000000100000000)
  region size 1024K, 2 young (2048K), 2 survivors (2048K)
 Metaspace       used 136171K, committed 137024K, reserved 1179648K
  class space    used 18826K, committed 19200K, reserved 1048576K
GC Heap History (20 events):
Event: 24.972 GC heap after
{Heap after GC invocations=58 (full 0):
 garbage-first heap   total 286720K, used 189526K [0x0000000080000000, 0x0000000100000000)
  region size 1024K, 7 young (7168K), 7 survivors (7168K)
 Metaspace       used 120506K, committed 121280K, reserved 1179648K
  class space    used 16185K, committed 16576K, reserved 1048576K
}
Event: 25.305 GC heap before
{Heap before GC invocations=58 (full 0):
 garbage-first heap   total 286720K, used 236630K [0x0000000080000000, 0x0000000100000000)
  region size 1024K, 54 young (55296K), 7 survivors (7168K)
 Metaspace       used 125112K, committed 125888K, reserved 1179648K
  class space    used 16992K, committed 17344K, reserved 1048576K
}
Event: 25.313 GC heap after
{Heap after GC invocations=59 (full 0):
 garbage-first heap   total 286720K, used 195372K [0x0000000080000000, 0x0000000100000000)
  region size 1024K, 6 young (6144K), 6 survivors (6144K)
 Metaspace       used 125112K, committed 125888K, reserved 1179648K
  class space    used 16992K, committed 17344K, reserved 1048576K
}
Event: 25.655 GC heap before
{Heap before GC invocations=59 (full 0):
 garbage-first heap   total 286720K, used 238380K [0x0000000080000000, 0x0000000100000000)
  region size 1024K, 49 young (50176K), 6 survivors (6144K)
 Metaspace       used 129555K, committed 130368K, reserved 1179648K
  class space    used 17790K, committed 18176K, reserved 1048576K
}
Event: 25.661 GC heap after
{Heap after GC invocations=60 (full 0):
 garbage-first heap   total 286720K, used 197598K [0x0000000080000000, 0x0000000100000000)
  region size 1024K, 3 young (3072K), 3 survivors (3072K)
 Metaspace       used 129555K, committed 130368K, reserved 1179648K
  class space    used 17790K, committed 18176K, reserved 1048576K
}
Event: 25.879 GC heap before
{Heap before GC invocations=60 (full 0):
 garbage-first heap   total 286720K, used 241630K [0x0000000080000000, 0x0000000100000000)
  region size 1024K, 46 young (47104K), 3 survivors (3072K)
 Metaspace       used 131496K, committed 132288K, reserved 1179648K
  class space    used 18097K, committed 18496K, reserved 1048576K
}
Event: 25.883 GC heap after
{Heap after GC invocations=61 (full 0):
 garbage-first heap   total 286720K, used 198029K [0x0000000080000000, 0x0000000100000000)
  region size 1024K, 3 young (3072K), 3 survivors (3072K)
 Metaspace       used 131496K, committed 132288K, reserved 1179648K
  class space    used 18097K, committed 18496K, reserved 1048576K
}
Event: 26.272 GC heap before
{Heap before GC invocations=61 (full 0):
 garbage-first heap   total 286720K, used 244109K [0x0000000080000000, 0x0000000100000000)
  region size 1024K, 48 young (49152K), 3 survivors (3072K)
 Metaspace       used 133171K, committed 133952K, reserved 1179648K
  class space    used 18335K, committed 18688K, reserved 1048576K
}
Event: 26.275 GC heap after
{Heap after GC invocations=62 (full 0):
 garbage-first heap   total 286720K, used 200267K [0x0000000080000000, 0x0000000100000000)
  region size 1024K, 5 young (5120K), 5 survivors (5120K)
 Metaspace       used 133171K, committed 133952K, reserved 1179648K
  class space    used 18335K, committed 18688K, reserved 1048576K
}
Event: 26.599 GC heap before
{Heap before GC invocations=62 (full 0):
 garbage-first heap   total 286720K, used 247371K [0x0000000080000000, 0x0000000100000000)
  region size 1024K, 49 young (50176K), 5 survivors (5120K)
 Metaspace       used 134218K, committed 135040K, reserved 1179648K
  class space    used 18552K, committed 18944K, reserved 1048576K
}
Event: 26.602 GC heap after
{Heap after GC invocations=63 (full 0):
 garbage-first heap   total 286720K, used 197871K [0x0000000080000000, 0x0000000100000000)
  region size 1024K, 2 young (2048K), 2 survivors (2048K)
 Metaspace       used 134218K, committed 135040K, reserved 1179648K
  class space    used 18552K, committed 18944K, reserved 1048576K
}
Event: 27.018 GC heap before
{Heap before GC invocations=63 (full 0):
 garbage-first heap   total 286720K, used 234735K [0x0000000080000000, 0x0000000100000000)
  region size 1024K, 23 young (23552K), 2 survivors (2048K)
 Metaspace       used 136171K, committed 137024K, reserved 1179648K
  class space    used 18826K, committed 19200K, reserved 1048576K
}
Event: 27.023 GC heap after
{Heap after GC invocations=64 (full 0):
 garbage-first heap   total 286720K, used 214756K [0x0000000080000000, 0x0000000100000000)
  region size 1024K, 3 young (3072K), 3 survivors (3072K)
 Metaspace       used 136171K, committed 137024K, reserved 1179648K
  class space    used 18826K, committed 19200K, reserved 1048576K
}
Event: 27.035 GC heap before
{Heap before GC invocations=64 (full 0):
 garbage-first heap   total 286720K, used 227044K [0x0000000080000000, 0x0000000100000000)
  region size 1024K, 4 young (4096K), 3 survivors (3072K)
 Metaspace       used 136171K, committed 137024K, reserved 1179648K
  class space    used 18826K, committed 19200K, reserved 1048576K
}
Event: 27.038 GC heap after
{Heap after GC invocations=65 (full 0):
 garbage-first heap   total 286720K, used 225009K [0x0000000080000000, 0x0000000100000000)
  region size 1024K, 3 young (3072K), 3 survivors (3072K)
 Metaspace       used 136171K, committed 137024K, reserved 1179648K
  class space    used 18826K, committed 19200K, reserved 1048576K
}
Event: 27.040 GC heap before
{Heap before GC invocations=65 (full 0):
 garbage-first heap   total 286720K, used 227057K [0x0000000080000000, 0x0000000100000000)
  region size 1024K, 4 young (4096K), 3 survivors (3072K)
 Metaspace       used 136171K, committed 137024K, reserved 1179648K
  class space    used 18826K, committed 19200K, reserved 1048576K
}
Event: 27.043 GC heap after
{Heap after GC invocations=66 (full 0):
 garbage-first heap   total 286720K, used 225075K [0x0000000080000000, 0x0000000100000000)
  region size 1024K, 2 young (2048K), 2 survivors (2048K)
 Metaspace       used 136171K, committed 137024K, reserved 1179648K
  class space    used 18826K, committed 19200K, reserved 1048576K
}
Event: 27.099 GC heap before
{Heap before GC invocations=66 (full 0):
 garbage-first heap   total 286720K, used 282419K [0x0000000080000000, 0x0000000100000000)
  region size 1024K, 3 young (3072K), 2 survivors (2048K)
 Metaspace       used 136171K, committed 137024K, reserved 1179648K
  class space    used 18826K, committed 19200K, reserved 1048576K
}
Event: 27.104 GC heap after
{Heap after GC invocations=67 (full 0):
 garbage-first heap   total 286720K, used 224880K [0x0000000080000000, 0x0000000100000000)
  region size 1024K, 2 young (2048K), 2 survivors (2048K)
 Metaspace       used 136171K, committed 137024K, reserved 1179648K
  class space    used 18826K, committed 19200K, reserved 1048576K
}
Event: 27.168 GC heap before
{Heap before GC invocations=67 (full 0):
 garbage-first heap   total 286720K, used 282224K [0x0000000080000000, 0x0000000100000000)
  region size 1024K, 3 young (3072K), 2 survivors (2048K)
 Metaspace       used 136171K, committed 137024K, reserved 1179648K
  class space    used 18826K, committed 19200K, reserved 1048576K
}

