# JRE version: OpenJDK Runtime Environment (17.0.7) (build 17.0.7+0-b2043.56-10550314)
# Java VM: OpenJDK 64-Bit Server VM (17.0.7+0-b2043.56-10550314, mixed mode, tiered, compressed oops, compressed class ptrs, g1 gc, windows-amd64)
GC Precious Log:
 CPUs: 8 total, 8 available
 Memory: 7969M
 Large Page Support: Disabled
 NUMA Support: Disabled
 Compressed Oops: Enabled (32-bit)
 Heap Region Size: 1M
 Heap Min Capacity: 8M
 Heap Initial Capacity: 126M
 Heap Max Capacity: 2G
 Pre-touch: Disabled
 Parallel Workers: 8
 Concurrent Workers: 2
 Concurrent Refinement Workers: 8
 Periodic GC: Disabled
Heap:
 garbage-first heap   total 129024K, used 67130K [0x0000000080000000, 0x0000000100000000)
  region size 1024K, 5 young (5120K), 5 survivors (5120K)
 Metaspace       used 75395K, committed 75968K, reserved 1179648K
  class space    used 10042K, committed 10304K, reserved 1048576K
GC Heap History (20 events):
Event: 16.160 GC heap after
{Heap after GC invocations=25 (full 0):
 garbage-first heap   total 91136K, used 52889K [0x0000000080000000, 0x0000000100000000)
  region size 1024K, 2 young (2048K), 2 survivors (2048K)
 Metaspace       used 60386K, committed 60864K, reserved 1114112K
  class space    used 7974K, committed 8192K, reserved 1048576K
}
Event: 16.366 GC heap before
{Heap before GC invocations=26 (full 0):
 garbage-first heap   total 99328K, used 66201K [0x0000000080000000, 0x0000000100000000)
  region size 1024K, 15 young (15360K), 2 survivors (2048K)
 Metaspace       used 61537K, committed 62080K, reserved 1114112K
  class space    used 8161K, committed 8384K, reserved 1048576K
}
Event: 16.367 GC heap after
{Heap after GC invocations=27 (full 0):
 garbage-first heap   total 99328K, used 54421K [0x0000000080000000, 0x0000000100000000)
  region size 1024K, 1 young (1024K), 1 survivors (1024K)
 Metaspace       used 61537K, committed 62080K, reserved 1114112K
  class space    used 8161K, committed 8384K, reserved 1048576K
}
Event: 16.410 GC heap before
{Heap before GC invocations=27 (full 0):
 garbage-first heap   total 99328K, used 57493K [0x0000000080000000, 0x0000000100000000)
  region size 1024K, 4 young (4096K), 1 survivors (1024K)
 Metaspace       used 61797K, committed 62336K, reserved 1114112K
  class space    used 8200K, committed 8448K, reserved 1048576K
}
Event: 16.414 GC heap after
{Heap after GC invocations=28 (full 0):
 garbage-first heap   total 119808K, used 54472K [0x0000000080000000, 0x0000000100000000)
  region size 1024K, 1 young (1024K), 1 survivors (1024K)
 Metaspace       used 61797K, committed 62336K, reserved 1114112K
  class space    used 8200K, committed 8448K, reserved 1048576K
}
Event: 16.784 GC heap before
{Heap before GC invocations=28 (full 0):
 garbage-first heap   total 119808K, used 84168K [0x0000000080000000, 0x0000000100000000)
  region size 1024K, 30 young (30720K), 1 survivors (1024K)
 Metaspace       used 64943K, committed 65408K, reserved 1114112K
  class space    used 8590K, committed 8832K, reserved 1048576K
}
Event: 16.786 GC heap after
{Heap after GC invocations=29 (full 0):
 garbage-first heap   total 119808K, used 55110K [0x0000000080000000, 0x0000000100000000)
  region size 1024K, 2 young (2048K), 2 survivors (2048K)
 Metaspace       used 64943K, committed 65408K, reserved 1114112K
  class space    used 8590K, committed 8832K, reserved 1048576K
}
Event: 17.227 GC heap before
{Heap before GC invocations=30 (full 0):
 garbage-first heap   total 119808K, used 86854K [0x0000000080000000, 0x0000000100000000)
  region size 1024K, 33 young (33792K), 2 survivors (2048K)
 Metaspace       used 69187K, committed 69696K, reserved 1114112K
  class space    used 9193K, committed 9408K, reserved 1048576K
}
Event: 17.230 GC heap after
{Heap after GC invocations=31 (full 0):
 garbage-first heap   total 119808K, used 56500K [0x0000000080000000, 0x0000000100000000)
  region size 1024K, 3 young (3072K), 3 survivors (3072K)
 Metaspace       used 69187K, committed 69696K, reserved 1114112K
  class space    used 9193K, committed 9408K, reserved 1048576K
}
Event: 17.245 GC heap before
{Heap before GC invocations=31 (full 0):
 garbage-first heap   total 119808K, used 57524K [0x0000000080000000, 0x0000000100000000)
  region size 1024K, 5 young (5120K), 3 survivors (3072K)
 Metaspace       used 69319K, committed 69888K, reserved 1114112K
  class space    used 9214K, committed 9472K, reserved 1048576K
}
Event: 17.247 GC heap after
{Heap after GC invocations=32 (full 0):
 garbage-first heap   total 119808K, used 56513K [0x0000000080000000, 0x0000000100000000)
  region size 1024K, 1 young (1024K), 1 survivors (1024K)
 Metaspace       used 69319K, committed 69888K, reserved 1114112K
  class space    used 9214K, committed 9472K, reserved 1048576K
}
Event: 17.306 GC heap before
{Heap before GC invocations=32 (full 0):
 garbage-first heap   total 119808K, used 59585K [0x0000000080000000, 0x0000000100000000)
  region size 1024K, 5 young (5120K), 1 survivors (1024K)
 Metaspace       used 69560K, committed 70080K, reserved 1114112K
  class space    used 9239K, committed 9472K, reserved 1048576K
}
Event: 17.308 GC heap after
{Heap after GC invocations=33 (full 0):
 garbage-first heap   total 119808K, used 57165K [0x0000000080000000, 0x0000000100000000)
  region size 1024K, 2 young (2048K), 2 survivors (2048K)
 Metaspace       used 69560K, committed 70080K, reserved 1114112K
  class space    used 9239K, committed 9472K, reserved 1048576K
}
Event: 17.829 GC heap before
{Heap before GC invocations=34 (full 0):
 garbage-first heap   total 119808K, used 98125K [0x0000000080000000, 0x0000000100000000)
  region size 1024K, 36 young (36864K), 2 survivors (2048K)
 Metaspace       used 71432K, committed 72000K, reserved 1114112K
  class space    used 9491K, committed 9728K, reserved 1048576K
}
Event: 17.832 GC heap after
{Heap after GC invocations=35 (full 0):
 garbage-first heap   total 119808K, used 60444K [0x0000000080000000, 0x0000000100000000)
  region size 1024K, 5 young (5120K), 5 survivors (5120K)
 Metaspace       used 71432K, committed 72000K, reserved 1114112K
  class space    used 9491K, committed 9728K, reserved 1048576K
}
Event: 18.297 GC heap before
{Heap before GC invocations=35 (full 0):
 garbage-first heap   total 119808K, used 93212K [0x0000000080000000, 0x0000000100000000)
  region size 1024K, 37 young (37888K), 5 survivors (5120K)
 Metaspace       used 73747K, committed 74368K, reserved 1114112K
  class space    used 9806K, committed 10112K, reserved 1048576K
}
Event: 18.300 GC heap after
{Heap after GC invocations=36 (full 0):
 garbage-first heap   total 119808K, used 62848K [0x0000000080000000, 0x0000000100000000)
  region size 1024K, 3 young (3072K), 3 survivors (3072K)
 Metaspace       used 73747K, committed 74368K, reserved 1114112K
  class space    used 9806K, committed 10112K, reserved 1048576K
}
Event: 18.437 GC heap before
{Heap before GC invocations=37 (full 0):
 garbage-first heap   total 119808K, used 94592K [0x0000000080000000, 0x0000000100000000)
  region size 1024K, 34 young (34816K), 3 survivors (3072K)
 Metaspace       used 73913K, committed 74496K, reserved 1114112K
  class space    used 9835K, committed 10112K, reserved 1048576K
}
Event: 18.441 GC heap after
{Heap after GC invocations=38 (full 0):
 garbage-first heap   total 119808K, used 65294K [0x0000000080000000, 0x0000000100000000)
  region size 1024K, 5 young (5120K), 5 survivors (5120K)
 Metaspace       used 73913K, committed 74496K, reserved 1114112K
  class space    used 9835K, committed 10112K, reserved 1048576K
}
Event: 18.681 GC heap before
{Heap before GC invocations=38 (full 0):
 garbage-first heap   total 119808K, used 96014K [0x0000000080000000, 0x0000000100000000)
  region size 1024K, 35 young (35840K), 5 survivors (5120K)
 Metaspace       used 75395K, committed 75968K, reserved 1179648K
  class space    used 10042K, committed 10304K, reserved 1048576K
}

