# JRE version: OpenJDK Runtime Environment (17.0.7) (build 17.0.7+0-b2043.56-10550314)
# Java VM: OpenJDK 64-Bit Server VM (17.0.7+0-b2043.56-10550314, mixed mode, tiered, compressed oops, compressed class ptrs, g1 gc, windows-amd64)
GC Precious Log:
 CPUs: 8 total, 8 available
 Memory: 7969M
 Large Page Support: Disabled
 NUMA Support: Disabled
 Compressed Oops: Enabled (32-bit)
 Heap Region Size: 1M
 Heap Min Capacity: 8M
 Heap Initial Capacity: 126M
 Heap Max Capacity: 2G
 Pre-touch: Disabled
 Parallel Workers: 8
 Concurrent Workers: 2
 Concurrent Refinement Workers: 8
 Periodic GC: Disabled
Heap:
 garbage-first heap   total 302080K, used 189589K [0x0000000080000000, 0x0000000100000000)
  region size 1024K, 40 young (40960K), 9 survivors (9216K)
 Metaspace       used 112957K, committed 113664K, reserved 1179648K
  class space    used 15033K, committed 15360K, reserved 1048576K
GC Heap History (20 events):
Event: 15.367 GC heap before
{Heap before GC invocations=50 (full 0):
 garbage-first heap   total 145408K, used 117403K [0x0000000080000000, 0x0000000100000000)
  region size 1024K, 32 young (32768K), 1 survivors (1024K)
 Metaspace       used 92348K, committed 93056K, reserved 1179648K
  class space    used 12765K, committed 13120K, reserved 1048576K
}
Event: 15.372 GC heap after
{Heap after GC invocations=51 (full 0):
 garbage-first heap   total 145408K, used 91420K [0x0000000080000000, 0x0000000100000000)
  region size 1024K, 4 young (4096K), 4 survivors (4096K)
 Metaspace       used 92348K, committed 93056K, reserved 1179648K
  class space    used 12765K, committed 13120K, reserved 1048576K
}
Event: 15.717 GC heap before
{Heap before GC invocations=52 (full 0):
 garbage-first heap   total 165888K, used 118044K [0x0000000080000000, 0x0000000100000000)
  region size 1024K, 31 young (31744K), 4 survivors (4096K)
 Metaspace       used 92470K, committed 93184K, reserved 1179648K
  class space    used 12765K, committed 13120K, reserved 1048576K
}
Event: 15.722 GC heap after
{Heap after GC invocations=53 (full 0):
 garbage-first heap   total 165888K, used 94721K [0x0000000080000000, 0x0000000100000000)
  region size 1024K, 4 young (4096K), 4 survivors (4096K)
 Metaspace       used 92470K, committed 93184K, reserved 1179648K
  class space    used 12765K, committed 13120K, reserved 1048576K
}
Event: 15.735 GC heap before
{Heap before GC invocations=53 (full 0):
 garbage-first heap   total 165888K, used 98817K [0x0000000080000000, 0x0000000100000000)
  region size 1024K, 8 young (8192K), 4 survivors (4096K)
 Metaspace       used 92470K, committed 93184K, reserved 1179648K
  class space    used 12765K, committed 13120K, reserved 1048576K
}
Event: 15.738 GC heap after
{Heap after GC invocations=54 (full 0):
 garbage-first heap   total 165888K, used 95583K [0x0000000080000000, 0x0000000100000000)
  region size 1024K, 1 young (1024K), 1 survivors (1024K)
 Metaspace       used 92470K, committed 93184K, reserved 1179648K
  class space    used 12765K, committed 13120K, reserved 1048576K
}
Event: 16.023 GC heap before
{Heap before GC invocations=54 (full 0):
 garbage-first heap   total 165888K, used 132447K [0x0000000080000000, 0x0000000100000000)
  region size 1024K, 37 young (37888K), 1 survivors (1024K)
 Metaspace       used 92486K, committed 93184K, reserved 1179648K
  class space    used 12766K, committed 13120K, reserved 1048576K
}
Event: 16.028 GC heap after
{Heap after GC invocations=55 (full 0):
 garbage-first heap   total 302080K, used 101019K [0x0000000080000000, 0x0000000100000000)
  region size 1024K, 5 young (5120K), 5 survivors (5120K)
 Metaspace       used 92486K, committed 93184K, reserved 1179648K
  class space    used 12766K, committed 13120K, reserved 1048576K
}
Event: 17.247 GC heap before
{Heap before GC invocations=55 (full 0):
 garbage-first heap   total 302080K, used 210587K [0x0000000080000000, 0x0000000100000000)
  region size 1024K, 108 young (110592K), 5 survivors (5120K)
 Metaspace       used 92494K, committed 93184K, reserved 1179648K
  class space    used 12768K, committed 13120K, reserved 1048576K
}
Event: 17.263 GC heap after
{Heap after GC invocations=56 (full 0):
 garbage-first heap   total 302080K, used 106244K [0x0000000080000000, 0x0000000100000000)
  region size 1024K, 11 young (11264K), 11 survivors (11264K)
 Metaspace       used 92494K, committed 93184K, reserved 1179648K
  class space    used 12768K, committed 13120K, reserved 1048576K
}
Event: 19.173 GC heap before
{Heap before GC invocations=56 (full 0):
 garbage-first heap   total 302080K, used 255748K [0x0000000080000000, 0x0000000100000000)
  region size 1024K, 139 young (142336K), 11 survivors (11264K)
 Metaspace       used 99512K, committed 100224K, reserved 1179648K
  class space    used 13558K, committed 13888K, reserved 1048576K
}
Event: 19.191 GC heap after
{Heap after GC invocations=57 (full 0):
 garbage-first heap   total 302080K, used 130969K [0x0000000080000000, 0x0000000100000000)
  region size 1024K, 18 young (18432K), 18 survivors (18432K)
 Metaspace       used 99512K, committed 100224K, reserved 1179648K
  class space    used 13558K, committed 13888K, reserved 1048576K
}
Event: 20.278 GC heap before
{Heap before GC invocations=57 (full 0):
 garbage-first heap   total 302080K, used 241561K [0x0000000080000000, 0x0000000100000000)
  region size 1024K, 110 young (112640K), 18 survivors (18432K)
 Metaspace       used 103921K, committed 104640K, reserved 1179648K
  class space    used 13985K, committed 14336K, reserved 1048576K
}
Event: 20.315 GC heap after
{Heap after GC invocations=58 (full 0):
 garbage-first heap   total 302080K, used 141175K [0x0000000080000000, 0x0000000100000000)
  region size 1024K, 10 young (10240K), 10 survivors (10240K)
 Metaspace       used 103921K, committed 104640K, reserved 1179648K
  class space    used 13985K, committed 14336K, reserved 1048576K
}
Event: 21.671 GC heap before
{Heap before GC invocations=58 (full 0):
 garbage-first heap   total 302080K, used 243575K [0x0000000080000000, 0x0000000100000000)
  region size 1024K, 99 young (101376K), 10 survivors (10240K)
 Metaspace       used 107005K, committed 107712K, reserved 1179648K
  class space    used 14265K, committed 14592K, reserved 1048576K
}
Event: 21.681 GC heap after
{Heap after GC invocations=59 (full 0):
 garbage-first heap   total 302080K, used 140198K [0x0000000080000000, 0x0000000100000000)
  region size 1024K, 6 young (6144K), 6 survivors (6144K)
 Metaspace       used 107005K, committed 107712K, reserved 1179648K
  class space    used 14265K, committed 14592K, reserved 1048576K
}
Event: 23.216 GC heap before
{Heap before GC invocations=59 (full 0):
 garbage-first heap   total 302080K, used 243622K [0x0000000080000000, 0x0000000100000000)
  region size 1024K, 100 young (102400K), 6 survivors (6144K)
 Metaspace       used 112667K, committed 113408K, reserved 1179648K
  class space    used 15007K, committed 15360K, reserved 1048576K
}
Event: 23.230 GC heap after
{Heap after GC invocations=60 (full 0):
 garbage-first heap   total 302080K, used 149980K [0x0000000080000000, 0x0000000100000000)
  region size 1024K, 13 young (13312K), 13 survivors (13312K)
 Metaspace       used 112667K, committed 113408K, reserved 1179648K
  class space    used 15007K, committed 15360K, reserved 1048576K
}
Event: 24.523 GC heap before
{Heap before GC invocations=60 (full 0):
 garbage-first heap   total 302080K, used 250332K [0x0000000080000000, 0x0000000100000000)
  region size 1024K, 100 young (102400K), 13 survivors (13312K)
 Metaspace       used 112809K, committed 113472K, reserved 1179648K
  class space    used 15018K, committed 15360K, reserved 1048576K
}
Event: 24.544 GC heap after
{Heap after GC invocations=61 (full 0):
 garbage-first heap   total 302080K, used 159893K [0x0000000080000000, 0x0000000100000000)
  region size 1024K, 9 young (9216K), 9 survivors (9216K)
 Metaspace       used 112809K, committed 113472K, reserved 1179648K
  class space    used 15018K, committed 15360K, reserved 1048576K
}

