# JRE version: OpenJDK Runtime Environment (17.0.7) (build 17.0.7+0-b2043.56-10550314)
# Java VM: OpenJDK 64-Bit Server VM (17.0.7+0-b2043.56-10550314, mixed mode, tiered, compressed oops, compressed class ptrs, g1 gc, windows-amd64)
GC Precious Log:
 CPUs: 8 total, 8 available
 Memory: 7969M
 Large Page Support: Disabled
 NUMA Support: Disabled
 Compressed Oops: Enabled (32-bit)
 Heap Region Size: 1M
 Heap Min Capacity: 8M
 Heap Initial Capacity: 126M
 Heap Max Capacity: 2G
 Pre-touch: Disabled
 Parallel Workers: 8
 Concurrent Workers: 2
 Concurrent Refinement Workers: 8
 Periodic GC: Disabled
Heap:
 garbage-first heap   total 467968K, used 156628K [0x0000000080000000, 0x0000000100000000)
  region size 1024K, 12 young (12288K), 12 survivors (12288K)
 Metaspace       used 102605K, committed 103296K, reserved 1179648K
  class space    used 13943K, committed 14272K, reserved 1048576K
GC Heap History (20 events):
Event: 11.831 GC heap after
{Heap after GC invocations=33 (full 0):
 garbage-first heap   total 196608K, used 98044K [0x0000000080000000, 0x0000000100000000)
  region size 1024K, 6 young (6144K), 6 survivors (6144K)
 Metaspace       used 87135K, committed 87744K, reserved 1179648K
  class space    used 12072K, committed 12352K, reserved 1048576K
}
Event: 12.318 GC heap before
{Heap before GC invocations=33 (full 0):
 garbage-first heap   total 196608K, used 165628K [0x0000000080000000, 0x0000000100000000)
  region size 1024K, 65 young (66560K), 6 survivors (6144K)
 Metaspace       used 87529K, committed 88128K, reserved 1179648K
  class space    used 12111K, committed 12416K, reserved 1048576K
}
Event: 12.326 GC heap after
{Heap after GC invocations=34 (full 0):
 garbage-first heap   total 196608K, used 102949K [0x0000000080000000, 0x0000000100000000)
  region size 1024K, 9 young (9216K), 9 survivors (9216K)
 Metaspace       used 87529K, committed 88128K, reserved 1179648K
  class space    used 12111K, committed 12416K, reserved 1048576K
}
Event: 12.724 GC heap before
{Heap before GC invocations=34 (full 0):
 garbage-first heap   total 196608K, used 172581K [0x0000000080000000, 0x0000000100000000)
  region size 1024K, 62 young (63488K), 9 survivors (9216K)
 Metaspace       used 87818K, committed 88512K, reserved 1179648K
  class space    used 12113K, committed 12416K, reserved 1048576K
}
Event: 12.737 GC heap after
{Heap after GC invocations=35 (full 0):
 garbage-first heap   total 320512K, used 109092K [0x0000000080000000, 0x0000000100000000)
  region size 1024K, 8 young (8192K), 8 survivors (8192K)
 Metaspace       used 87818K, committed 88512K, reserved 1179648K
  class space    used 12113K, committed 12416K, reserved 1048576K
}
Event: 13.599 GC heap before
{Heap before GC invocations=35 (full 0):
 garbage-first heap   total 320512K, used 259620K [0x0000000080000000, 0x0000000100000000)
  region size 1024K, 140 young (143360K), 8 survivors (8192K)
 Metaspace       used 88202K, committed 88832K, reserved 1179648K
  class space    used 12147K, committed 12480K, reserved 1048576K
}
Event: 13.615 GC heap after
{Heap after GC invocations=36 (full 0):
 garbage-first heap   total 320512K, used 118432K [0x0000000080000000, 0x0000000100000000)
  region size 1024K, 17 young (17408K), 17 survivors (17408K)
 Metaspace       used 88202K, committed 88832K, reserved 1179648K
  class space    used 12147K, committed 12480K, reserved 1048576K
}
Event: 14.979 GC heap before
{Heap before GC invocations=36 (full 0):
 garbage-first heap   total 320512K, used 233120K [0x0000000080000000, 0x0000000100000000)
  region size 1024K, 101 young (103424K), 17 survivors (17408K)
 Metaspace       used 95705K, committed 96384K, reserved 1179648K
  class space    used 13100K, committed 13440K, reserved 1048576K
}
Event: 14.995 GC heap after
{Heap after GC invocations=37 (full 0):
 garbage-first heap   total 320512K, used 146652K [0x0000000080000000, 0x0000000100000000)
  region size 1024K, 9 young (9216K), 9 survivors (9216K)
 Metaspace       used 95705K, committed 96384K, reserved 1179648K
  class space    used 13100K, committed 13440K, reserved 1048576K
}
Event: 15.194 GC heap before
{Heap before GC invocations=37 (full 0):
 garbage-first heap   total 320512K, used 205020K [0x0000000080000000, 0x0000000100000000)
  region size 1024K, 14 young (14336K), 9 survivors (9216K)
 Metaspace       used 96008K, committed 96768K, reserved 1179648K
  class space    used 13132K, committed 13504K, reserved 1048576K
}
Event: 15.201 GC heap after
{Heap after GC invocations=38 (full 0):
 garbage-first heap   total 320512K, used 125340K [0x0000000080000000, 0x0000000100000000)
  region size 1024K, 8 young (8192K), 8 survivors (8192K)
 Metaspace       used 96008K, committed 96768K, reserved 1179648K
  class space    used 13132K, committed 13504K, reserved 1048576K
}
Event: 15.221 GC heap before
{Heap before GC invocations=38 (full 0):
 garbage-first heap   total 320512K, used 171420K [0x0000000080000000, 0x0000000100000000)
  region size 1024K, 10 young (10240K), 8 survivors (8192K)
 Metaspace       used 96020K, committed 96768K, reserved 1179648K
  class space    used 13133K, committed 13504K, reserved 1048576K
}
Event: 15.227 GC heap after
{Heap after GC invocations=39 (full 0):
 garbage-first heap   total 320512K, used 149656K [0x0000000080000000, 0x0000000100000000)
  region size 1024K, 8 young (8192K), 8 survivors (8192K)
 Metaspace       used 96020K, committed 96768K, reserved 1179648K
  class space    used 13133K, committed 13504K, reserved 1048576K
}
Event: 15.232 GC heap before
{Heap before GC invocations=39 (full 0):
 garbage-first heap   total 320512K, used 153752K [0x0000000080000000, 0x0000000100000000)
  region size 1024K, 9 young (9216K), 8 survivors (8192K)
 Metaspace       used 96020K, committed 96768K, reserved 1179648K
  class space    used 13133K, committed 13504K, reserved 1048576K
}
Event: 15.239 GC heap after
{Heap after GC invocations=40 (full 0):
 garbage-first heap   total 320512K, used 147897K [0x0000000080000000, 0x0000000100000000)
  region size 1024K, 8 young (8192K), 8 survivors (8192K)
 Metaspace       used 96020K, committed 96768K, reserved 1179648K
  class space    used 13133K, committed 13504K, reserved 1048576K
}
Event: 195.652 GC heap before
{Heap before GC invocations=41 (full 0):
 garbage-first heap   total 467968K, used 384441K [0x0000000080000000, 0x0000000100000000)
  region size 1024K, 114 young (116736K), 8 survivors (8192K)
 Metaspace       used 99942K, committed 100672K, reserved 1179648K
  class space    used 13613K, committed 13952K, reserved 1048576K
}
Event: 195.668 GC heap after
{Heap after GC invocations=42 (full 0):
 garbage-first heap   total 467968K, used 144149K [0x0000000080000000, 0x0000000100000000)
  region size 1024K, 15 young (15360K), 15 survivors (15360K)
 Metaspace       used 99942K, committed 100672K, reserved 1179648K
  class space    used 13613K, committed 13952K, reserved 1048576K
}
Event: 195.726 GC heap before
{Heap before GC invocations=42 (full 0):
 garbage-first heap   total 467968K, used 151317K [0x0000000080000000, 0x0000000100000000)
  region size 1024K, 22 young (22528K), 15 survivors (15360K)
 Metaspace       used 100065K, committed 100800K, reserved 1179648K
  class space    used 13628K, committed 13952K, reserved 1048576K
}
Event: 195.737 GC heap after
{Heap after GC invocations=43 (full 0):
 garbage-first heap   total 467968K, used 147640K [0x0000000080000000, 0x0000000100000000)
  region size 1024K, 3 young (3072K), 3 survivors (3072K)
 Metaspace       used 100065K, committed 100800K, reserved 1179648K
  class space    used 13628K, committed 13952K, reserved 1048576K
}
Event: 196.247 GC heap before
{Heap before GC invocations=43 (full 0):
 garbage-first heap   total 467968K, used 182456K [0x0000000080000000, 0x0000000100000000)
  region size 1024K, 39 young (39936K), 3 survivors (3072K)
 Metaspace       used 102605K, committed 103296K, reserved 1179648K
  class space    used 13943K, committed 14272K, reserved 1048576K
}

