# JRE version: OpenJDK Runtime Environment (17.0.7) (build 17.0.7+0-b2043.56-10550314)
# Java VM: OpenJDK 64-Bit Server VM (17.0.7+0-b2043.56-10550314, mixed mode, tiered, compressed oops, compressed class ptrs, g1 gc, windows-amd64)
GC Precious Log:
 CPUs: 8 total, 8 available
 Memory: 7969M
 Large Page Support: Disabled
 NUMA Support: Disabled
 Compressed Oops: Enabled (32-bit)
 Heap Region Size: 1M
 Heap Min Capacity: 8M
 Heap Initial Capacity: 126M
 Heap Max Capacity: 2G
 Pre-touch: Disabled
 Parallel Workers: 8
 Concurrent Workers: 2
 Concurrent Refinement Workers: 8
 Periodic GC: Disabled
Heap:
 garbage-first heap   total 129024K, used 63620K [0x0000000080000000, 0x0000000100000000)
  region size 1024K, 2 young (2048K), 2 survivors (2048K)
 Metaspace       used 69280K, committed 69824K, reserved 1114112K
  class space    used 9219K, committed 9472K, reserved 1048576K
GC Heap History (20 events):
Event: 7.774 GC heap after
{Heap after GC invocations=23 (full 0):
 garbage-first heap   total 94208K, used 51467K [0x0000000080000000, 0x0000000100000000)
  region size 1024K, 1 young (1024K), 1 survivors (1024K)
 Metaspace       used 55147K, committed 55616K, reserved 1114112K
  class space    used 7363K, committed 7552K, reserved 1048576K
}
Event: 8.113 GC heap before
{Heap before GC invocations=23 (full 0):
 garbage-first heap   total 94208K, used 68875K [0x0000000080000000, 0x0000000100000000)
  region size 1024K, 19 young (19456K), 1 survivors (1024K)
 Metaspace       used 56990K, committed 57472K, reserved 1114112K
  class space    used 7609K, committed 7808K, reserved 1048576K
}
Event: 8.115 GC heap after
{Heap after GC invocations=24 (full 0):
 garbage-first heap   total 113664K, used 52188K [0x0000000080000000, 0x0000000100000000)
  region size 1024K, 2 young (2048K), 2 survivors (2048K)
 Metaspace       used 56990K, committed 57472K, reserved 1114112K
  class space    used 7609K, committed 7808K, reserved 1048576K
}
Event: 8.748 GC heap before
{Heap before GC invocations=25 (full 0):
 garbage-first heap   total 113664K, used 82908K [0x0000000080000000, 0x0000000100000000)
  region size 1024K, 32 young (32768K), 2 survivors (2048K)
 Metaspace       used 60456K, committed 60992K, reserved 1114112K
  class space    used 8062K, committed 8320K, reserved 1048576K
}
Event: 8.750 GC heap after
{Heap after GC invocations=26 (full 0):
 garbage-first heap   total 113664K, used 52767K [0x0000000080000000, 0x0000000100000000)
  region size 1024K, 2 young (2048K), 2 survivors (2048K)
 Metaspace       used 60456K, committed 60992K, reserved 1114112K
  class space    used 8062K, committed 8320K, reserved 1048576K
}
Event: 8.832 GC heap before
{Heap before GC invocations=26 (full 0):
 garbage-first heap   total 113664K, used 55839K [0x0000000080000000, 0x0000000100000000)
  region size 1024K, 5 young (5120K), 2 survivors (2048K)
 Metaspace       used 61045K, committed 61568K, reserved 1114112K
  class space    used 8153K, committed 8384K, reserved 1048576K
}
Event: 8.835 GC heap after
{Heap after GC invocations=27 (full 0):
 garbage-first heap   total 113664K, used 52719K [0x0000000080000000, 0x0000000100000000)
  region size 1024K, 1 young (1024K), 1 survivors (1024K)
 Metaspace       used 61045K, committed 61568K, reserved 1114112K
  class space    used 8153K, committed 8384K, reserved 1048576K
}
Event: 9.216 GC heap before
{Heap before GC invocations=27 (full 0):
 garbage-first heap   total 113664K, used 68079K [0x0000000080000000, 0x0000000100000000)
  region size 1024K, 17 young (17408K), 1 survivors (1024K)
 Metaspace       used 64072K, committed 64576K, reserved 1114112K
  class space    used 8525K, committed 8704K, reserved 1048576K
}
Event: 9.218 GC heap after
{Heap after GC invocations=28 (full 0):
 garbage-first heap   total 113664K, used 54441K [0x0000000080000000, 0x0000000100000000)
  region size 1024K, 3 young (3072K), 3 survivors (3072K)
 Metaspace       used 64072K, committed 64576K, reserved 1114112K
  class space    used 8525K, committed 8704K, reserved 1048576K
}
Event: 9.658 GC heap before
{Heap before GC invocations=29 (full 0):
 garbage-first heap   total 114688K, used 91305K [0x0000000080000000, 0x0000000100000000)
  region size 1024K, 33 young (33792K), 3 survivors (3072K)
 Metaspace       used 65646K, committed 66176K, reserved 1114112K
  class space    used 8738K, committed 8960K, reserved 1048576K
}
Event: 9.662 GC heap after
{Heap after GC invocations=30 (full 0):
 garbage-first heap   total 114688K, used 57781K [0x0000000080000000, 0x0000000100000000)
  region size 1024K, 5 young (5120K), 5 survivors (5120K)
 Metaspace       used 65646K, committed 66176K, reserved 1114112K
  class space    used 8738K, committed 8960K, reserved 1048576K
}
Event: 9.683 GC heap before
{Heap before GC invocations=30 (full 0):
 garbage-first heap   total 114688K, used 58805K [0x0000000080000000, 0x0000000100000000)
  region size 1024K, 6 young (6144K), 5 survivors (5120K)
 Metaspace       used 65726K, committed 66240K, reserved 1114112K
  class space    used 8750K, committed 8960K, reserved 1048576K
}
Event: 9.686 GC heap after
{Heap after GC invocations=31 (full 0):
 garbage-first heap   total 114688K, used 58047K [0x0000000080000000, 0x0000000100000000)
  region size 1024K, 1 young (1024K), 1 survivors (1024K)
 Metaspace       used 65726K, committed 66240K, reserved 1114112K
  class space    used 8750K, committed 8960K, reserved 1048576K
}
Event: 10.160 GC heap before
{Heap before GC invocations=31 (full 0):
 garbage-first heap   total 114688K, used 87743K [0x0000000080000000, 0x0000000100000000)
  region size 1024K, 30 young (30720K), 1 survivors (1024K)
 Metaspace       used 67984K, committed 68480K, reserved 1114112K
  class space    used 9031K, committed 9280K, reserved 1048576K
}
Event: 10.162 GC heap after
{Heap after GC invocations=32 (full 0):
 garbage-first heap   total 114688K, used 59193K [0x0000000080000000, 0x0000000100000000)
  region size 1024K, 2 young (2048K), 2 survivors (2048K)
 Metaspace       used 67984K, committed 68480K, reserved 1114112K
  class space    used 9031K, committed 9280K, reserved 1048576K
}
Event: 10.464 GC heap before
{Heap before GC invocations=33 (full 0):
 garbage-first heap   total 114688K, used 88889K [0x0000000080000000, 0x0000000100000000)
  region size 1024K, 31 young (31744K), 2 survivors (2048K)
 Metaspace       used 68436K, committed 68992K, reserved 1114112K
  class space    used 9118K, committed 9344K, reserved 1048576K
}
Event: 10.468 GC heap after
{Heap after GC invocations=34 (full 0):
 garbage-first heap   total 114688K, used 62073K [0x0000000080000000, 0x0000000100000000)
  region size 1024K, 4 young (4096K), 4 survivors (4096K)
 Metaspace       used 68436K, committed 68992K, reserved 1114112K
  class space    used 9118K, committed 9344K, reserved 1048576K
}
Event: 10.474 GC heap before
{Heap before GC invocations=34 (full 0):
 garbage-first heap   total 114688K, used 63097K [0x0000000080000000, 0x0000000100000000)
  region size 1024K, 5 young (5120K), 4 survivors (4096K)
 Metaspace       used 68436K, committed 68992K, reserved 1114112K
  class space    used 9118K, committed 9344K, reserved 1048576K
}
Event: 10.478 GC heap after
{Heap after GC invocations=35 (full 0):
 garbage-first heap   total 114688K, used 61751K [0x0000000080000000, 0x0000000100000000)
  region size 1024K, 1 young (1024K), 1 survivors (1024K)
 Metaspace       used 68436K, committed 68992K, reserved 1114112K
  class space    used 9118K, committed 9344K, reserved 1048576K
}
Event: 10.750 GC heap before
{Heap before GC invocations=35 (full 0):
 garbage-first heap   total 114688K, used 90423K [0x0000000080000000, 0x0000000100000000)
  region size 1024K, 29 young (29696K), 1 survivors (1024K)
 Metaspace       used 69280K, committed 69824K, reserved 1114112K
  class space    used 9219K, committed 9472K, reserved 1048576K
}

