# JRE version: OpenJDK Runtime Environment (17.0.7) (build 17.0.7+0-b2043.56-10550314)
# Java VM: OpenJDK 64-Bit Server VM (17.0.7+0-b2043.56-10550314, mixed mode, tiered, compressed oops, compressed class ptrs, g1 gc, windows-amd64)
GC Precious Log:
 CPUs: 8 total, 8 available
 Memory: 7969M
 Large Page Support: Disabled
 NUMA Support: Disabled
 Compressed Oops: Enabled (32-bit)
 Heap Region Size: 1M
 Heap Min Capacity: 8M
 Heap Initial Capacity: 126M
 Heap Max Capacity: 2G
 Pre-touch: Disabled
 Parallel Workers: 8
 Concurrent Workers: 2
 Concurrent Refinement Workers: 8
 Periodic GC: Disabled
Heap:
 garbage-first heap   total 417792K, used 314031K [0x0000000080000000, 0x0000000100000000)
  region size 1024K, 10 young (10240K), 4 survivors (4096K)
 Metaspace       used 146228K, committed 147072K, reserved 1179648K
  class space    used 19957K, committed 20352K, reserved 1048576K
GC Heap History (20 events):
Event: 23.906 GC heap before
{Heap before GC invocations=59 (full 0):
 garbage-first heap   total 417792K, used 317544K [0x0000000080000000, 0x0000000100000000)
  region size 1024K, 148 young (151552K), 14 survivors (14336K)
 Metaspace       used 123779K, committed 124608K, reserved 1179648K
  class space    used 16307K, committed 16704K, reserved 1048576K
}
Event: 23.928 GC heap after
{Heap after GC invocations=60 (full 0):
 garbage-first heap   total 417792K, used 202276K [0x0000000080000000, 0x0000000100000000)
  region size 1024K, 19 young (19456K), 19 survivors (19456K)
 Metaspace       used 123779K, committed 124608K, reserved 1179648K
  class space    used 16307K, committed 16704K, reserved 1048576K
}
Event: 25.303 GC heap before
{Heap before GC invocations=60 (full 0):
 garbage-first heap   total 417792K, used 322084K [0x0000000080000000, 0x0000000100000000)
  region size 1024K, 133 young (136192K), 19 survivors (19456K)
 Metaspace       used 130569K, committed 131328K, reserved 1179648K
  class space    used 17315K, committed 17664K, reserved 1048576K
}
Event: 25.326 GC heap after
{Heap after GC invocations=61 (full 0):
 garbage-first heap   total 417792K, used 209920K [0x0000000080000000, 0x0000000100000000)
  region size 1024K, 13 young (13312K), 13 survivors (13312K)
 Metaspace       used 130569K, committed 131328K, reserved 1179648K
  class space    used 17315K, committed 17664K, reserved 1048576K
}
Event: 26.098 GC heap before
{Heap before GC invocations=61 (full 0):
 garbage-first heap   total 417792K, used 322560K [0x0000000080000000, 0x0000000100000000)
  region size 1024K, 124 young (126976K), 13 survivors (13312K)
 Metaspace       used 140054K, committed 140928K, reserved 1179648K
  class space    used 19027K, committed 19456K, reserved 1048576K
}
Event: 26.112 GC heap after
{Heap after GC invocations=62 (full 0):
 garbage-first heap   total 417792K, used 217304K [0x0000000080000000, 0x0000000100000000)
  region size 1024K, 8 young (8192K), 8 survivors (8192K)
 Metaspace       used 140054K, committed 140928K, reserved 1179648K
  class space    used 19027K, committed 19456K, reserved 1048576K
}
Event: 26.528 GC heap before
{Heap before GC invocations=62 (full 0):
 garbage-first heap   total 417792K, used 329944K [0x0000000080000000, 0x0000000100000000)
  region size 1024K, 119 young (121856K), 8 survivors (8192K)
 Metaspace       used 142585K, committed 143488K, reserved 1179648K
  class space    used 19470K, committed 19904K, reserved 1048576K
}
Event: 26.536 GC heap after
{Heap after GC invocations=63 (full 0):
 garbage-first heap   total 417792K, used 220048K [0x0000000080000000, 0x0000000100000000)
  region size 1024K, 10 young (10240K), 10 survivors (10240K)
 Metaspace       used 142585K, committed 143488K, reserved 1179648K
  class space    used 19470K, committed 19904K, reserved 1048576K
}
Event: 27.388 GC heap before
{Heap before GC invocations=63 (full 0):
 garbage-first heap   total 417792K, used 339856K [0x0000000080000000, 0x0000000100000000)
  region size 1024K, 124 young (126976K), 10 survivors (10240K)
 Metaspace       used 145697K, committed 146496K, reserved 1179648K
  class space    used 19882K, committed 20288K, reserved 1048576K
}
Event: 27.396 GC heap after
{Heap after GC invocations=64 (full 0):
 garbage-first heap   total 417792K, used 217043K [0x0000000080000000, 0x0000000100000000)
  region size 1024K, 4 young (4096K), 4 survivors (4096K)
 Metaspace       used 145697K, committed 146496K, reserved 1179648K
  class space    used 19882K, committed 20288K, reserved 1048576K
}
Event: 27.532 GC heap before
{Heap before GC invocations=64 (full 0):
 garbage-first heap   total 417792K, used 261075K [0x0000000080000000, 0x0000000100000000)
  region size 1024K, 14 young (14336K), 4 survivors (4096K)
 Metaspace       used 145895K, committed 146752K, reserved 1179648K
  class space    used 19912K, committed 20288K, reserved 1048576K
}
Event: 27.551 GC heap after
{Heap after GC invocations=65 (full 0):
 garbage-first heap   total 417792K, used 243517K [0x0000000080000000, 0x0000000100000000)
  region size 1024K, 4 young (4096K), 4 survivors (4096K)
 Metaspace       used 145895K, committed 146752K, reserved 1179648K
  class space    used 19912K, committed 20288K, reserved 1048576K
}
Event: 27.612 GC heap before
{Heap before GC invocations=65 (full 0):
 garbage-first heap   total 417792K, used 294717K [0x0000000080000000, 0x0000000100000000)
  region size 1024K, 5 young (5120K), 4 survivors (4096K)
 Metaspace       used 145895K, committed 146752K, reserved 1179648K
  class space    used 19912K, committed 20288K, reserved 1048576K
}
Event: 27.621 GC heap after
{Heap after GC invocations=66 (full 0):
 garbage-first heap   total 417792K, used 239419K [0x0000000080000000, 0x0000000100000000)
  region size 1024K, 4 young (4096K), 4 survivors (4096K)
 Metaspace       used 145895K, committed 146752K, reserved 1179648K
  class space    used 19912K, committed 20288K, reserved 1048576K
}
Event: 27.643 GC heap before
{Heap before GC invocations=66 (full 0):
 garbage-first heap   total 417792K, used 247611K [0x0000000080000000, 0x0000000100000000)
  region size 1024K, 5 young (5120K), 4 survivors (4096K)
 Metaspace       used 145895K, committed 146752K, reserved 1179648K
  class space    used 19912K, committed 20288K, reserved 1048576K
}
Event: 27.651 GC heap after
{Heap after GC invocations=67 (full 0):
 garbage-first heap   total 417792K, used 241388K [0x0000000080000000, 0x0000000100000000)
  region size 1024K, 4 young (4096K), 4 survivors (4096K)
 Metaspace       used 145895K, committed 146752K, reserved 1179648K
  class space    used 19912K, committed 20288K, reserved 1048576K
}
Event: 27.659 GC heap before
{Heap before GC invocations=67 (full 0):
 garbage-first heap   total 417792K, used 245484K [0x0000000080000000, 0x0000000100000000)
  region size 1024K, 5 young (5120K), 4 survivors (4096K)
 Metaspace       used 145895K, committed 146752K, reserved 1179648K
  class space    used 19912K, committed 20288K, reserved 1048576K
}
Event: 27.666 GC heap after
{Heap after GC invocations=68 (full 0):
 garbage-first heap   total 417792K, used 241390K [0x0000000080000000, 0x0000000100000000)
  region size 1024K, 4 young (4096K), 4 survivors (4096K)
 Metaspace       used 145895K, committed 146752K, reserved 1179648K
  class space    used 19912K, committed 20288K, reserved 1048576K
}
Event: 27.674 GC heap before
{Heap before GC invocations=68 (full 0):
 garbage-first heap   total 417792K, used 245486K [0x0000000080000000, 0x0000000100000000)
  region size 1024K, 5 young (5120K), 4 survivors (4096K)
 Metaspace       used 145895K, committed 146752K, reserved 1179648K
  class space    used 19912K, committed 20288K, reserved 1048576K
}
Event: 27.681 GC heap after
{Heap after GC invocations=69 (full 0):
 garbage-first heap   total 417792K, used 241327K [0x0000000080000000, 0x0000000100000000)
  region size 1024K, 4 young (4096K), 4 survivors (4096K)
 Metaspace       used 145895K, committed 146752K, reserved 1179648K
  class space    used 19912K, committed 20288K, reserved 1048576K
}

