# JRE version: OpenJDK Runtime Environment (17.0.7) (build 17.0.7+0-b2043.56-10550314)
# Java VM: OpenJDK 64-Bit Server VM (17.0.7+0-b2043.56-10550314, mixed mode, tiered, compressed oops, compressed class ptrs, g1 gc, windows-amd64)
GC Precious Log:
 CPUs: 8 total, 8 available
 Memory: 7969M
 Large Page Support: Disabled
 NUMA Support: Disabled
 Compressed Oops: Enabled (32-bit)
 Heap Region Size: 1M
 Heap Min Capacity: 8M
 Heap Initial Capacity: 126M
 Heap Max Capacity: 2G
 Pre-touch: Disabled
 Parallel Workers: 8
 Concurrent Workers: 2
 Concurrent Refinement Workers: 8
 Periodic GC: Disabled
Heap:
 garbage-first heap   total 376832K, used 164293K [0x0000000080000000, 0x0000000100000000)
  region size 1024K, 8 young (8192K), 8 survivors (8192K)
 Metaspace       used 122926K, committed 123840K, reserved 1179648K
  class space    used 16880K, committed 17280K, reserved 1048576K
GC Heap History (20 events):
Event: 15.390 GC heap after
{Heap after GC invocations=47 (full 0):
 garbage-first heap   total 138240K, used 69886K [0x0000000080000000, 0x0000000100000000)
  region size 1024K, 1 young (1024K), 1 survivors (1024K)
 Metaspace       used 80231K, committed 80896K, reserved 1179648K
  class space    used 11014K, committed 11328K, reserved 1048576K
}
Event: 16.091 GC heap before
{Heap before GC invocations=47 (full 0):
 garbage-first heap   total 138240K, used 111870K [0x0000000080000000, 0x0000000100000000)
  region size 1024K, 42 young (43008K), 1 survivors (1024K)
 Metaspace       used 83923K, committed 84544K, reserved 1179648K
  class space    used 11509K, committed 11840K, reserved 1048576K
}
Event: 16.096 GC heap after
{Heap after GC invocations=48 (full 0):
 garbage-first heap   total 376832K, used 72676K [0x0000000080000000, 0x0000000100000000)
  region size 1024K, 4 young (4096K), 4 survivors (4096K)
 Metaspace       used 83923K, committed 84544K, reserved 1179648K
  class space    used 11509K, committed 11840K, reserved 1048576K
}
Event: 18.742 GC heap before
{Heap before GC invocations=48 (full 0):
 garbage-first heap   total 376832K, used 285668K [0x0000000080000000, 0x0000000100000000)
  region size 1024K, 213 young (218112K), 4 survivors (4096K)
 Metaspace       used 87188K, committed 87808K, reserved 1179648K
  class space    used 12062K, committed 12352K, reserved 1048576K
}
Event: 18.821 GC heap after
{Heap after GC invocations=49 (full 0):
 garbage-first heap   total 376832K, used 94185K [0x0000000080000000, 0x0000000100000000)
  region size 1024K, 25 young (25600K), 25 survivors (25600K)
 Metaspace       used 87188K, committed 87808K, reserved 1179648K
  class space    used 12062K, committed 12352K, reserved 1048576K
}
Event: 20.579 GC heap before
{Heap before GC invocations=49 (full 0):
 garbage-first heap   total 376832K, used 298985K [0x0000000080000000, 0x0000000100000000)
  region size 1024K, 198 young (202752K), 25 survivors (25600K)
 Metaspace       used 88029K, committed 88704K, reserved 1179648K
  class space    used 12117K, committed 12416K, reserved 1048576K
}
Event: 20.751 GC heap after
{Heap after GC invocations=50 (full 0):
 garbage-first heap   total 376832K, used 108597K [0x0000000080000000, 0x0000000100000000)
  region size 1024K, 17 young (17408K), 17 survivors (17408K)
 Metaspace       used 88029K, committed 88704K, reserved 1179648K
  class space    used 12117K, committed 12416K, reserved 1048576K
}
Event: 22.797 GC heap before
{Heap before GC invocations=50 (full 0):
 garbage-first heap   total 376832K, used 298037K [0x0000000080000000, 0x0000000100000000)
  region size 1024K, 186 young (190464K), 17 survivors (17408K)
 Metaspace       used 96247K, committed 96960K, reserved 1179648K
  class space    used 13181K, committed 13504K, reserved 1048576K
}
Event: 22.833 GC heap after
{Heap after GC invocations=51 (full 0):
 garbage-first heap   total 376832K, used 117548K [0x0000000080000000, 0x0000000100000000)
  region size 1024K, 12 young (12288K), 12 survivors (12288K)
 Metaspace       used 96247K, committed 96960K, reserved 1179648K
  class space    used 13181K, committed 13504K, reserved 1048576K
}
Event: 25.087 GC heap before
{Heap before GC invocations=51 (full 0):
 garbage-first heap   total 376832K, used 312108K [0x0000000080000000, 0x0000000100000000)
  region size 1024K, 142 young (145408K), 12 survivors (12288K)
 Metaspace       used 110025K, committed 110784K, reserved 1179648K
  class space    used 15337K, committed 15680K, reserved 1048576K
}
Event: 25.125 GC heap after
{Heap after GC invocations=52 (full 0):
 garbage-first heap   total 376832K, used 150926K [0x0000000080000000, 0x0000000100000000)
  region size 1024K, 18 young (18432K), 18 survivors (18432K)
 Metaspace       used 110025K, committed 110784K, reserved 1179648K
  class space    used 15337K, committed 15680K, reserved 1048576K
}
Event: 25.321 GC heap before
{Heap before GC invocations=52 (full 0):
 garbage-first heap   total 376832K, used 218510K [0x0000000080000000, 0x0000000100000000)
  region size 1024K, 19 young (19456K), 18 survivors (18432K)
 Metaspace       used 110025K, committed 110784K, reserved 1179648K
  class space    used 15337K, committed 15680K, reserved 1048576K
}
Event: 25.362 GC heap after
{Heap after GC invocations=53 (full 0):
 garbage-first heap   total 376832K, used 147544K [0x0000000080000000, 0x0000000100000000)
  region size 1024K, 9 young (9216K), 9 survivors (9216K)
 Metaspace       used 110025K, committed 110784K, reserved 1179648K
  class space    used 15337K, committed 15680K, reserved 1048576K
}
Event: 211.069 GC heap before
{Heap before GC invocations=53 (full 0):
 garbage-first heap   total 376832K, used 345176K [0x0000000080000000, 0x0000000100000000)
  region size 1024K, 166 young (169984K), 9 survivors (9216K)
 Metaspace       used 112063K, committed 112896K, reserved 1179648K
  class space    used 15516K, committed 15936K, reserved 1048576K
}
Event: 211.093 GC heap after
{Heap after GC invocations=54 (full 0):
 garbage-first heap   total 376832K, used 132154K [0x0000000080000000, 0x0000000100000000)
  region size 1024K, 16 young (16384K), 16 survivors (16384K)
 Metaspace       used 112063K, committed 112896K, reserved 1179648K
  class space    used 15516K, committed 15936K, reserved 1048576K
}
Event: 213.640 GC heap before
{Heap before GC invocations=54 (full 0):
 garbage-first heap   total 376832K, used 341050K [0x0000000080000000, 0x0000000100000000)
  region size 1024K, 182 young (186368K), 16 survivors (16384K)
 Metaspace       used 122926K, committed 123840K, reserved 1179648K
  class space    used 16880K, committed 17280K, reserved 1048576K
}
Event: 213.662 GC heap after
{Heap after GC invocations=55 (full 0):
 garbage-first heap   total 376832K, used 169393K [0x0000000080000000, 0x0000000100000000)
  region size 1024K, 17 young (17408K), 17 survivors (17408K)
 Metaspace       used 122926K, committed 123840K, reserved 1179648K
  class space    used 16880K, committed 17280K, reserved 1048576K
}
Event: 213.697 GC heap before
{Heap before GC invocations=55 (full 0):
 garbage-first heap   total 376832K, used 210353K [0x0000000080000000, 0x0000000100000000)
  region size 1024K, 18 young (18432K), 17 survivors (17408K)
 Metaspace       used 122926K, committed 123840K, reserved 1179648K
  class space    used 16880K, committed 17280K, reserved 1048576K
}
Event: 213.707 GC heap after
{Heap after GC invocations=56 (full 0):
 garbage-first heap   total 376832K, used 166721K [0x0000000080000000, 0x0000000100000000)
  region size 1024K, 9 young (9216K), 9 survivors (9216K)
 Metaspace       used 122926K, committed 123840K, reserved 1179648K
  class space    used 16880K, committed 17280K, reserved 1048576K
}
Event: 213.730 GC heap before
{Heap before GC invocations=56 (full 0):
 garbage-first heap   total 376832K, used 193345K [0x0000000080000000, 0x0000000100000000)
  region size 1024K, 10 young (10240K), 9 survivors (9216K)
 Metaspace       used 122926K, committed 123840K, reserved 1179648K
  class space    used 16880K, committed 17280K, reserved 1048576K
}

