# JRE version: OpenJDK Runtime Environment (17.0.7) (build 17.0.7+0-b2043.56-10550314)
# Java VM: OpenJDK 64-Bit Server VM (17.0.7+0-b2043.56-10550314, mixed mode, tiered, compressed oops, compressed class ptrs, g1 gc, windows-amd64)
GC Precious Log:
 CPUs: 8 total, 8 available
 Memory: 7969M
 Large Page Support: Disabled
 NUMA Support: Disabled
 Compressed Oops: Enabled (32-bit)
 Heap Region Size: 1M
 Heap Min Capacity: 8M
 Heap Initial Capacity: 126M
 Heap Max Capacity: 2G
 Pre-touch: Disabled
 Parallel Workers: 8
 Concurrent Workers: 2
 Concurrent Refinement Workers: 8
 Periodic GC: Disabled
Heap:
 garbage-first heap   total 470016K, used 187789K [0x0000000080000000, 0x0000000100000000)
  region size 1024K, 14 young (14336K), 14 survivors (14336K)
 Metaspace       used 131768K, committed 132736K, reserved 1179648K
  class space    used 17883K, committed 18368K, reserved 1048576K
GC Heap History (20 events):
Event: 240.615 GC heap after
{Heap after GC invocations=63 (full 0):
 garbage-first heap   total 317440K, used 145097K [0x0000000080000000, 0x0000000100000000)
  region size 1024K, 2 young (2048K), 2 survivors (2048K)
 Metaspace       used 126253K, committed 127040K, reserved 1179648K
  class space    used 17400K, committed 17792K, reserved 1048576K
}
Event: 240.979 GC heap before
{Heap before GC invocations=63 (full 0):
 garbage-first heap   total 317440K, used 160457K [0x0000000080000000, 0x0000000100000000)
  region size 1024K, 19 young (19456K), 2 survivors (2048K)
 Metaspace       used 126356K, committed 127168K, reserved 1179648K
  class space    used 17401K, committed 17792K, reserved 1048576K
}
Event: 240.981 GC heap after
{Heap after GC invocations=64 (full 0):
 garbage-first heap   total 317440K, used 147850K [0x0000000080000000, 0x0000000100000000)
  region size 1024K, 5 young (5120K), 5 survivors (5120K)
 Metaspace       used 126356K, committed 127168K, reserved 1179648K
  class space    used 17401K, committed 17792K, reserved 1048576K
}
Event: 242.328 GC heap before
{Heap before GC invocations=65 (full 0):
 garbage-first heap   total 317440K, used 261514K [0x0000000080000000, 0x0000000100000000)
  region size 1024K, 115 young (117760K), 5 survivors (5120K)
 Metaspace       used 128240K, committed 129024K, reserved 1179648K
  class space    used 17587K, committed 17984K, reserved 1048576K
}
Event: 242.333 GC heap after
{Heap after GC invocations=66 (full 0):
 garbage-first heap   total 317440K, used 150744K [0x0000000080000000, 0x0000000100000000)
  region size 1024K, 6 young (6144K), 6 survivors (6144K)
 Metaspace       used 128240K, committed 129024K, reserved 1179648K
  class space    used 17587K, committed 17984K, reserved 1048576K
}
Event: 242.395 GC heap before
{Heap before GC invocations=66 (full 0):
 garbage-first heap   total 317440K, used 159960K [0x0000000080000000, 0x0000000100000000)
  region size 1024K, 15 young (15360K), 6 survivors (6144K)
 Metaspace       used 128451K, committed 129216K, reserved 1179648K
  class space    used 17611K, committed 17984K, reserved 1048576K
}
Event: 242.400 GC heap after
{Heap after GC invocations=67 (full 0):
 garbage-first heap   total 317440K, used 144378K [0x0000000080000000, 0x0000000100000000)
  region size 1024K, 1 young (1024K), 1 survivors (1024K)
 Metaspace       used 128451K, committed 129216K, reserved 1179648K
  class space    used 17611K, committed 17984K, reserved 1048576K
}
Event: 243.007 GC heap before
{Heap before GC invocations=67 (full 0):
 garbage-first heap   total 317440K, used 186362K [0x0000000080000000, 0x0000000100000000)
  region size 1024K, 44 young (45056K), 1 survivors (1024K)
 Metaspace       used 129538K, committed 130368K, reserved 1179648K
  class space    used 17724K, committed 18112K, reserved 1048576K
}
Event: 243.010 GC heap after
{Heap after GC invocations=68 (full 0):
 garbage-first heap   total 317440K, used 144554K [0x0000000080000000, 0x0000000100000000)
  region size 1024K, 2 young (2048K), 2 survivors (2048K)
 Metaspace       used 129538K, committed 130368K, reserved 1179648K
  class space    used 17724K, committed 18112K, reserved 1048576K
}
Event: 1010.604 GC heap before
{Heap before GC invocations=69 (full 0):
 garbage-first heap   total 470016K, used 428202K [0x0000000080000000, 0x0000000100000000)
  region size 1024K, 121 young (123904K), 2 survivors (2048K)
 Metaspace       used 130177K, committed 131008K, reserved 1179648K
  class space    used 17760K, committed 18176K, reserved 1048576K
}
Event: 1010.609 GC heap after
{Heap after GC invocations=70 (full 0):
 garbage-first heap   total 470016K, used 146560K [0x0000000080000000, 0x0000000100000000)
  region size 1024K, 4 young (4096K), 4 survivors (4096K)
 Metaspace       used 130177K, committed 131008K, reserved 1179648K
  class space    used 17760K, committed 18176K, reserved 1048576K
}
Event: 1010.861 GC heap before
{Heap before GC invocations=70 (full 0):
 garbage-first heap   total 470016K, used 164992K [0x0000000080000000, 0x0000000100000000)
  region size 1024K, 22 young (22528K), 4 survivors (4096K)
 Metaspace       used 130348K, committed 131200K, reserved 1179648K
  class space    used 17768K, committed 18176K, reserved 1048576K
}
Event: 1010.872 GC heap after
{Heap after GC invocations=71 (full 0):
 garbage-first heap   total 470016K, used 147859K [0x0000000080000000, 0x0000000100000000)
  region size 1024K, 3 young (3072K), 3 survivors (3072K)
 Metaspace       used 130348K, committed 131200K, reserved 1179648K
  class space    used 17768K, committed 18176K, reserved 1048576K
}
Event: 1011.593 GC heap before
{Heap before GC invocations=71 (full 0):
 garbage-first heap   total 470016K, used 184723K [0x0000000080000000, 0x0000000100000000)
  region size 1024K, 40 young (40960K), 3 survivors (3072K)
 Metaspace       used 130524K, committed 131456K, reserved 1179648K
  class space    used 17790K, committed 18240K, reserved 1048576K
}
Event: 1011.600 GC heap after
{Heap after GC invocations=72 (full 0):
 garbage-first heap   total 470016K, used 153999K [0x0000000080000000, 0x0000000100000000)
  region size 1024K, 9 young (9216K), 9 survivors (9216K)
 Metaspace       used 130524K, committed 131456K, reserved 1179648K
  class space    used 17790K, committed 18240K, reserved 1048576K
}
Event: 1030.700 GC heap before
{Heap before GC invocations=73 (full 0):
 garbage-first heap   total 470016K, used 365967K [0x0000000080000000, 0x0000000100000000)
  region size 1024K, 213 young (218112K), 9 survivors (9216K)
 Metaspace       used 131375K, committed 132288K, reserved 1179648K
  class space    used 17866K, committed 18304K, reserved 1048576K
}
Event: 1030.719 GC heap after
{Heap after GC invocations=74 (full 0):
 garbage-first heap   total 470016K, used 179375K [0x0000000080000000, 0x0000000100000000)
  region size 1024K, 27 young (27648K), 27 survivors (27648K)
 Metaspace       used 131375K, committed 132288K, reserved 1179648K
  class space    used 17866K, committed 18304K, reserved 1048576K
}
Event: 1030.736 GC heap before
{Heap before GC invocations=74 (full 0):
 garbage-first heap   total 470016K, used 180399K [0x0000000080000000, 0x0000000100000000)
  region size 1024K, 28 young (28672K), 27 survivors (27648K)
 Metaspace       used 131394K, committed 132288K, reserved 1179648K
  class space    used 17866K, committed 18304K, reserved 1048576K
}
Event: 1030.753 GC heap after
{Heap after GC invocations=75 (full 0):
 garbage-first heap   total 470016K, used 178302K [0x0000000080000000, 0x0000000100000000)
  region size 1024K, 4 young (4096K), 4 survivors (4096K)
 Metaspace       used 131394K, committed 132288K, reserved 1179648K
  class space    used 17866K, committed 18304K, reserved 1048576K
}
Event: 1091.092 GC heap before
{Heap before GC invocations=75 (full 0):
 garbage-first heap   total 470016K, used 285822K [0x0000000080000000, 0x0000000100000000)
  region size 1024K, 111 young (113664K), 4 survivors (4096K)
 Metaspace       used 131768K, committed 132736K, reserved 1179648K
  class space    used 17883K, committed 18368K, reserved 1048576K
}

