# JRE version: OpenJDK Runtime Environment (17.0.7) (build 17.0.7+0-b2043.56-10550314)
# Java VM: OpenJDK 64-Bit Server VM (17.0.7+0-b2043.56-10550314, mixed mode, tiered, compressed oops, compressed class ptrs, g1 gc, windows-amd64)
GC Precious Log:
 CPUs: 8 total, 8 available
 Memory: 7969M
 Large Page Support: Disabled
 NUMA Support: Disabled
 Compressed Oops: Enabled (32-bit)
 Heap Region Size: 1M
 Heap Min Capacity: 8M
 Heap Initial Capacity: 126M
 Heap Max Capacity: 2G
 Pre-touch: Disabled
 Parallel Workers: 8
 Concurrent Workers: 2
 Concurrent Refinement Workers: 8
 Periodic GC: Disabled
Heap:
 garbage-first heap   total 450560K, used 201053K [0x0000000080000000, 0x0000000100000000)
  region size 1024K, 12 young (12288K), 12 survivors (12288K)
 Metaspace       used 125407K, committed 126208K, reserved 1179648K
  class space    used 17172K, committed 17536K, reserved 1048576K
GC Heap History (20 events):
Event: 22.319 GC heap after
{Heap after GC invocations=56 (full 0):
 garbage-first heap   total 381952K, used 171218K [0x0000000080000000, 0x0000000100000000)
  region size 1024K, 10 young (10240K), 10 survivors (10240K)
 Metaspace       used 122226K, committed 122944K, reserved 1179648K
  class space    used 16948K, committed 17280K, reserved 1048576K
}
Event: 22.357 GC heap before
{Heap before GC invocations=56 (full 0):
 garbage-first heap   total 381952K, used 214226K [0x0000000080000000, 0x0000000100000000)
  region size 1024K, 11 young (11264K), 10 survivors (10240K)
 Metaspace       used 122226K, committed 122944K, reserved 1179648K
  class space    used 16948K, committed 17280K, reserved 1048576K
}
Event: 22.366 GC heap after
{Heap after GC invocations=57 (full 0):
 garbage-first heap   total 381952K, used 173475K [0x0000000080000000, 0x0000000100000000)
  region size 1024K, 10 young (10240K), 10 survivors (10240K)
 Metaspace       used 122226K, committed 122944K, reserved 1179648K
  class space    used 16948K, committed 17280K, reserved 1048576K
}
Event: 86.491 GC heap before
{Heap before GC invocations=57 (full 0):
 garbage-first heap   total 381952K, used 335267K [0x0000000080000000, 0x0000000100000000)
  region size 1024K, 146 young (149504K), 10 survivors (10240K)
 Metaspace       used 123936K, committed 124672K, reserved 1179648K
  class space    used 17103K, committed 17472K, reserved 1048576K
}
Event: 86.517 GC heap after
{Heap after GC invocations=58 (full 0):
 garbage-first heap   total 381952K, used 168952K [0x0000000080000000, 0x0000000100000000)
  region size 1024K, 19 young (19456K), 19 survivors (19456K)
 Metaspace       used 123936K, committed 124672K, reserved 1179648K
  class space    used 17103K, committed 17472K, reserved 1048576K
}
Event: 87.281 GC heap before
{Heap before GC invocations=58 (full 0):
 garbage-first heap   total 381952K, used 252920K [0x0000000080000000, 0x0000000100000000)
  region size 1024K, 59 young (60416K), 19 survivors (19456K)
 Metaspace       used 124415K, committed 125120K, reserved 1179648K
  class space    used 17128K, committed 17472K, reserved 1048576K
}
Event: 87.294 GC heap after
{Heap after GC invocations=59 (full 0):
 garbage-first heap   total 381952K, used 197757K [0x0000000080000000, 0x0000000100000000)
  region size 1024K, 5 young (5120K), 5 survivors (5120K)
 Metaspace       used 124415K, committed 125120K, reserved 1179648K
  class space    used 17128K, committed 17472K, reserved 1048576K
}
Event: 87.325 GC heap before
{Heap before GC invocations=59 (full 0):
 garbage-first heap   total 381952K, used 238717K [0x0000000080000000, 0x0000000100000000)
  region size 1024K, 6 young (6144K), 5 survivors (5120K)
 Metaspace       used 124415K, committed 125120K, reserved 1179648K
  class space    used 17128K, committed 17472K, reserved 1048576K
}
Event: 87.328 GC heap after
{Heap after GC invocations=60 (full 0):
 garbage-first heap   total 381952K, used 196400K [0x0000000080000000, 0x0000000100000000)
  region size 1024K, 4 young (4096K), 4 survivors (4096K)
 Metaspace       used 124415K, committed 125120K, reserved 1179648K
  class space    used 17128K, committed 17472K, reserved 1048576K
}
Event: 87.356 GC heap before
{Heap before GC invocations=60 (full 0):
 garbage-first heap   total 381952K, used 231216K [0x0000000080000000, 0x0000000100000000)
  region size 1024K, 5 young (5120K), 4 survivors (4096K)
 Metaspace       used 124415K, committed 125120K, reserved 1179648K
  class space    used 17128K, committed 17472K, reserved 1048576K
}
Event: 87.359 GC heap after
{Heap after GC invocations=61 (full 0):
 garbage-first heap   total 450560K, used 196311K [0x0000000080000000, 0x0000000100000000)
  region size 1024K, 4 young (4096K), 4 survivors (4096K)
 Metaspace       used 124415K, committed 125120K, reserved 1179648K
  class space    used 17128K, committed 17472K, reserved 1048576K
}
Event: 87.393 GC heap before
{Heap before GC invocations=61 (full 0):
 garbage-first heap   total 450560K, used 237271K [0x0000000080000000, 0x0000000100000000)
  region size 1024K, 5 young (5120K), 4 survivors (4096K)
 Metaspace       used 124415K, committed 125120K, reserved 1179648K
  class space    used 17128K, committed 17472K, reserved 1048576K
}
Event: 87.396 GC heap after
{Heap after GC invocations=62 (full 0):
 garbage-first heap   total 450560K, used 194063K [0x0000000080000000, 0x0000000100000000)
  region size 1024K, 4 young (4096K), 4 survivors (4096K)
 Metaspace       used 124415K, committed 125120K, reserved 1179648K
  class space    used 17128K, committed 17472K, reserved 1048576K
}
Event: 299.616 GC heap before
{Heap before GC invocations=62 (full 0):
 garbage-first heap   total 450560K, used 379407K [0x0000000080000000, 0x0000000100000000)
  region size 1024K, 181 young (185344K), 4 survivors (4096K)
 Metaspace       used 125351K, committed 126144K, reserved 1179648K
  class space    used 17172K, committed 17536K, reserved 1048576K
}
Event: 299.625 GC heap after
{Heap after GC invocations=63 (full 0):
 garbage-first heap   total 450560K, used 181070K [0x0000000080000000, 0x0000000100000000)
  region size 1024K, 13 young (13312K), 13 survivors (13312K)
 Metaspace       used 125351K, committed 126144K, reserved 1179648K
  class space    used 17172K, committed 17536K, reserved 1048576K
}
Event: 299.724 GC heap before
{Heap before GC invocations=63 (full 0):
 garbage-first heap   total 450560K, used 228174K [0x0000000080000000, 0x0000000100000000)
  region size 1024K, 23 young (23552K), 13 survivors (13312K)
 Metaspace       used 125407K, committed 126208K, reserved 1179648K
  class space    used 17172K, committed 17536K, reserved 1048576K
}
Event: 299.732 GC heap after
{Heap after GC invocations=64 (full 0):
 garbage-first heap   total 450560K, used 201295K [0x0000000080000000, 0x0000000100000000)
  region size 1024K, 13 young (13312K), 13 survivors (13312K)
 Metaspace       used 125407K, committed 126208K, reserved 1179648K
  class space    used 17172K, committed 17536K, reserved 1048576K
}
Event: 299.739 GC heap before
{Heap before GC invocations=64 (full 0):
 garbage-first heap   total 450560K, used 215631K [0x0000000080000000, 0x0000000100000000)
  region size 1024K, 14 young (14336K), 13 survivors (13312K)
 Metaspace       used 125407K, committed 126208K, reserved 1179648K
  class space    used 17172K, committed 17536K, reserved 1048576K
}
Event: 299.745 GC heap after
{Heap after GC invocations=65 (full 0):
 garbage-first heap   total 450560K, used 201053K [0x0000000080000000, 0x0000000100000000)
  region size 1024K, 12 young (12288K), 12 survivors (12288K)
 Metaspace       used 125407K, committed 126208K, reserved 1179648K
  class space    used 17172K, committed 17536K, reserved 1048576K
}
Event: 299.759 GC heap before
{Heap before GC invocations=65 (full 0):
 garbage-first heap   total 450560K, used 211293K [0x0000000080000000, 0x0000000100000000)
  region size 1024K, 13 young (13312K), 12 survivors (12288K)
 Metaspace       used 125407K, committed 126208K, reserved 1179648K
  class space    used 17172K, committed 17536K, reserved 1048576K
}

