# JRE version: OpenJDK Runtime Environment (17.0.7) (build 17.0.7+0-b2043.56-10550314)
# Java VM: OpenJDK 64-Bit Server VM (17.0.7+0-b2043.56-10550314, mixed mode, tiered, compressed oops, compressed class ptrs, g1 gc, windows-amd64)
GC Precious Log:
 CPUs: 8 total, 8 available
 Memory: 7969M
 Large Page Support: Disabled
 NUMA Support: Disabled
 Compressed Oops: Enabled (32-bit)
 Heap Region Size: 1M
 Heap Min Capacity: 8M
 Heap Initial Capacity: 126M
 Heap Max Capacity: 2G
 Pre-touch: Disabled
 Parallel Workers: 8
 Concurrent Workers: 2
 Concurrent Refinement Workers: 8
 Periodic GC: Disabled
Heap:
 garbage-first heap   total 248832K, used 148956K [0x0000000080000000, 0x0000000100000000)
  region size 1024K, 1 young (1024K), 1 survivors (1024K)
 Metaspace       used 96024K, committed 96704K, reserved 1179648K
  class space    used 13141K, committed 13504K, reserved 1048576K
GC Heap History (20 events):
Event: 14.738 GC heap after
{Heap after GC invocations=43 (full 0):
 garbage-first heap   total 206848K, used 89889K [0x0000000080000000, 0x0000000100000000)
  region size 1024K, 11 young (11264K), 11 survivors (11264K)
 Metaspace       used 87149K, committed 87808K, reserved 1179648K
  class space    used 12080K, committed 12416K, reserved 1048576K
}
Event: 15.191 GC heap before
{Heap before GC invocations=43 (full 0):
 garbage-first heap   total 206848K, used 161569K [0x0000000080000000, 0x0000000100000000)
  region size 1024K, 81 young (82944K), 11 survivors (11264K)
 Metaspace       used 87233K, committed 87936K, reserved 1179648K
  class space    used 12084K, committed 12416K, reserved 1048576K
}
Event: 15.201 GC heap after
{Heap after GC invocations=44 (full 0):
 garbage-first heap   total 206848K, used 95959K [0x0000000080000000, 0x0000000100000000)
  region size 1024K, 9 young (9216K), 9 survivors (9216K)
 Metaspace       used 87233K, committed 87936K, reserved 1179648K
  class space    used 12084K, committed 12416K, reserved 1048576K
}
Event: 15.600 GC heap before
{Heap before GC invocations=44 (full 0):
 garbage-first heap   total 206848K, used 161495K [0x0000000080000000, 0x0000000100000000)
  region size 1024K, 73 young (74752K), 9 survivors (9216K)
 Metaspace       used 87234K, committed 87936K, reserved 1179648K
  class space    used 12084K, committed 12416K, reserved 1048576K
}
Event: 15.607 GC heap after
{Heap after GC invocations=45 (full 0):
 garbage-first heap   total 206848K, used 98121K [0x0000000080000000, 0x0000000100000000)
  region size 1024K, 5 young (5120K), 5 survivors (5120K)
 Metaspace       used 87234K, committed 87936K, reserved 1179648K
  class space    used 12084K, committed 12416K, reserved 1048576K
}
Event: 16.057 GC heap before
{Heap before GC invocations=45 (full 0):
 garbage-first heap   total 206848K, used 170825K [0x0000000080000000, 0x0000000100000000)
  region size 1024K, 69 young (70656K), 5 survivors (5120K)
 Metaspace       used 87629K, committed 88256K, reserved 1179648K
  class space    used 12124K, committed 12416K, reserved 1048576K
}
Event: 16.070 GC heap after
{Heap after GC invocations=46 (full 0):
 garbage-first heap   total 206848K, used 103424K [0x0000000080000000, 0x0000000100000000)
  region size 1024K, 9 young (9216K), 9 survivors (9216K)
 Metaspace       used 87629K, committed 88256K, reserved 1179648K
  class space    used 12124K, committed 12416K, reserved 1048576K
}
Event: 16.492 GC heap before
{Heap before GC invocations=46 (full 0):
 garbage-first heap   total 206848K, used 183296K [0x0000000080000000, 0x0000000100000000)
  region size 1024K, 68 young (69632K), 9 survivors (9216K)
 Metaspace       used 87982K, committed 88576K, reserved 1179648K
  class space    used 12134K, committed 12416K, reserved 1048576K
}
Event: 16.505 GC heap after
{Heap after GC invocations=47 (full 0):
 garbage-first heap   total 206848K, used 110618K [0x0000000080000000, 0x0000000100000000)
  region size 1024K, 9 young (9216K), 9 survivors (9216K)
 Metaspace       used 87982K, committed 88576K, reserved 1179648K
  class space    used 12134K, committed 12416K, reserved 1048576K
}
Event: 16.806 GC heap before
{Heap before GC invocations=47 (full 0):
 garbage-first heap   total 206848K, used 170010K [0x0000000080000000, 0x0000000100000000)
  region size 1024K, 62 young (63488K), 9 survivors (9216K)
 Metaspace       used 88217K, committed 88896K, reserved 1179648K
  class space    used 12157K, committed 12480K, reserved 1048576K
}
Event: 16.814 GC heap after
{Heap after GC invocations=48 (full 0):
 garbage-first heap   total 248832K, used 117136K [0x0000000080000000, 0x0000000100000000)
  region size 1024K, 6 young (6144K), 6 survivors (6144K)
 Metaspace       used 88217K, committed 88896K, reserved 1179648K
  class space    used 12157K, committed 12480K, reserved 1048576K
}
Event: 17.214 GC heap before
{Heap before GC invocations=48 (full 0):
 garbage-first heap   total 248832K, used 203152K [0x0000000080000000, 0x0000000100000000)
  region size 1024K, 85 young (87040K), 6 survivors (6144K)
 Metaspace       used 88308K, committed 88960K, reserved 1179648K
  class space    used 12160K, committed 12480K, reserved 1048576K
}
Event: 17.222 GC heap after
{Heap after GC invocations=49 (full 0):
 garbage-first heap   total 248832K, used 120012K [0x0000000080000000, 0x0000000100000000)
  region size 1024K, 11 young (11264K), 11 survivors (11264K)
 Metaspace       used 88308K, committed 88960K, reserved 1179648K
  class space    used 12160K, committed 12480K, reserved 1048576K
}
Event: 18.458 GC heap before
{Heap before GC invocations=49 (full 0):
 garbage-first heap   total 248832K, used 224460K [0x0000000080000000, 0x0000000100000000)
  region size 1024K, 85 young (87040K), 11 survivors (11264K)
 Metaspace       used 95727K, committed 96384K, reserved 1179648K
  class space    used 13106K, committed 13440K, reserved 1048576K
}
Event: 18.469 GC heap after
{Heap after GC invocations=50 (full 0):
 garbage-first heap   total 248832K, used 146772K [0x0000000080000000, 0x0000000100000000)
  region size 1024K, 7 young (7168K), 7 survivors (7168K)
 Metaspace       used 95727K, committed 96384K, reserved 1179648K
  class space    used 13106K, committed 13440K, reserved 1048576K
}
Event: 18.486 GC heap before
{Heap before GC invocations=50 (full 0):
 garbage-first heap   total 248832K, used 146772K [0x0000000080000000, 0x0000000100000000)
  region size 1024K, 8 young (8192K), 7 survivors (7168K)
 Metaspace       used 95729K, committed 96384K, reserved 1179648K
  class space    used 13107K, committed 13440K, reserved 1048576K
}
Event: 18.491 GC heap after
{Heap after GC invocations=51 (full 0):
 garbage-first heap   total 248832K, used 147402K [0x0000000080000000, 0x0000000100000000)
  region size 1024K, 1 young (1024K), 1 survivors (1024K)
 Metaspace       used 95729K, committed 96384K, reserved 1179648K
  class space    used 13107K, committed 13440K, reserved 1048576K
}
Event: 19.053 GC heap before
{Heap before GC invocations=51 (full 0):
 garbage-first heap   total 248832K, used 203722K [0x0000000080000000, 0x0000000100000000)
  region size 1024K, 5 young (5120K), 1 survivors (1024K)
 Metaspace       used 96024K, committed 96704K, reserved 1179648K
  class space    used 13141K, committed 13504K, reserved 1048576K
}
Event: 19.067 GC heap after
{Heap after GC invocations=52 (full 0):
 garbage-first heap   total 248832K, used 147092K [0x0000000080000000, 0x0000000100000000)
  region size 1024K, 1 young (1024K), 1 survivors (1024K)
 Metaspace       used 96024K, committed 96704K, reserved 1179648K
  class space    used 13141K, committed 13504K, reserved 1048576K
}
Event: 19.083 GC heap before
{Heap before GC invocations=52 (full 0):
 garbage-first heap   total 248832K, used 149140K [0x0000000080000000, 0x0000000100000000)
  region size 1024K, 2 young (2048K), 1 survivors (1024K)
 Metaspace       used 96024K, committed 96704K, reserved 1179648K
  class space    used 13141K, committed 13504K, reserved 1048576K
}

