# JRE version: OpenJDK Runtime Environment (17.0.7) (build 17.0.7+0-b2043.56-10550314)
# Java VM: OpenJDK 64-Bit Server VM (17.0.7+0-b2043.56-10550314, mixed mode, tiered, compressed oops, compressed class ptrs, g1 gc, windows-amd64)
GC Precious Log:
 CPUs: 8 total, 8 available
 Memory: 7969M
 Large Page Support: Disabled
 NUMA Support: Disabled
 Compressed Oops: Enabled (32-bit)
 Heap Region Size: 1M
 Heap Min Capacity: 8M
 Heap Initial Capacity: 126M
 Heap Max Capacity: 2G
 Pre-touch: Disabled
 Parallel Workers: 8
 Concurrent Workers: 2
 Concurrent Refinement Workers: 8
 Periodic GC: Disabled
Heap:
 garbage-first heap   total 192512K, used 129820K [0x0000000080000000, 0x0000000100000000)
  region size 1024K, 9 young (9216K), 6 survivors (6144K)
 Metaspace       used 96612K, committed 97344K, reserved 1179648K
  class space    used 13141K, committed 13504K, reserved 1048576K
GC Heap History (20 events):
Event: 15.001 GC heap before
{Heap before GC invocations=42 (full 0):
 garbage-first heap   total 192512K, used 153396K [0x0000000080000000, 0x0000000100000000)
  region size 1024K, 90 young (92160K), 6 survivors (6144K)
 Metaspace       used 83426K, committed 84096K, reserved 1179648K
  class space    used 11439K, committed 11776K, reserved 1048576K
}
Event: 15.016 GC heap after
{Heap after GC invocations=43 (full 0):
 garbage-first heap   total 192512K, used 72771K [0x0000000080000000, 0x0000000100000000)
  region size 1024K, 11 young (11264K), 11 survivors (11264K)
 Metaspace       used 83426K, committed 84096K, reserved 1179648K
  class space    used 11439K, committed 11776K, reserved 1048576K
}
Event: 16.523 GC heap before
{Heap before GC invocations=43 (full 0):
 garbage-first heap   total 192512K, used 154691K [0x0000000080000000, 0x0000000100000000)
  region size 1024K, 91 young (93184K), 11 survivors (11264K)
 Metaspace       used 86539K, committed 87168K, reserved 1179648K
  class space    used 11945K, committed 12224K, reserved 1048576K
}
Event: 16.537 GC heap after
{Heap after GC invocations=44 (full 0):
 garbage-first heap   total 192512K, used 83186K [0x0000000080000000, 0x0000000100000000)
  region size 1024K, 12 young (12288K), 12 survivors (12288K)
 Metaspace       used 86539K, committed 87168K, reserved 1179648K
  class space    used 11945K, committed 12224K, reserved 1048576K
}
Event: 17.089 GC heap before
{Heap before GC invocations=44 (full 0):
 garbage-first heap   total 192512K, used 151794K [0x0000000080000000, 0x0000000100000000)
  region size 1024K, 80 young (81920K), 12 survivors (12288K)
 Metaspace       used 87196K, committed 87808K, reserved 1179648K
  class space    used 12059K, committed 12352K, reserved 1048576K
}
Event: 17.103 GC heap after
{Heap after GC invocations=45 (full 0):
 garbage-first heap   total 192512K, used 94208K [0x0000000080000000, 0x0000000100000000)
  region size 1024K, 10 young (10240K), 10 survivors (10240K)
 Metaspace       used 87196K, committed 87808K, reserved 1179648K
  class space    used 12059K, committed 12352K, reserved 1048576K
}
Event: 17.576 GC heap before
{Heap before GC invocations=45 (full 0):
 garbage-first heap   total 192512K, used 153600K [0x0000000080000000, 0x0000000100000000)
  region size 1024K, 68 young (69632K), 10 survivors (10240K)
 Metaspace       used 87198K, committed 87808K, reserved 1179648K
  class space    used 12060K, committed 12352K, reserved 1048576K
}
Event: 17.580 GC heap after
{Heap after GC invocations=46 (full 0):
 garbage-first heap   total 192512K, used 96752K [0x0000000080000000, 0x0000000100000000)
  region size 1024K, 5 young (5120K), 5 survivors (5120K)
 Metaspace       used 87198K, committed 87808K, reserved 1179648K
  class space    used 12060K, committed 12352K, reserved 1048576K
}
Event: 18.147 GC heap before
{Heap before GC invocations=46 (full 0):
 garbage-first heap   total 192512K, used 155120K [0x0000000080000000, 0x0000000100000000)
  region size 1024K, 62 young (63488K), 5 survivors (5120K)
 Metaspace       used 87199K, committed 87808K, reserved 1179648K
  class space    used 12060K, committed 12352K, reserved 1048576K
}
Event: 18.154 GC heap after
{Heap after GC invocations=47 (full 0):
 garbage-first heap   total 192512K, used 97812K [0x0000000080000000, 0x0000000100000000)
  region size 1024K, 6 young (6144K), 6 survivors (6144K)
 Metaspace       used 87199K, committed 87808K, reserved 1179648K
  class space    used 12060K, committed 12352K, reserved 1048576K
}
Event: 18.721 GC heap before
{Heap before GC invocations=47 (full 0):
 garbage-first heap   total 192512K, used 167444K [0x0000000080000000, 0x0000000100000000)
  region size 1024K, 63 young (64512K), 6 survivors (6144K)
 Metaspace       used 87668K, committed 88320K, reserved 1179648K
  class space    used 12099K, committed 12416K, reserved 1048576K
}
Event: 18.729 GC heap after
{Heap after GC invocations=48 (full 0):
 garbage-first heap   total 192512K, used 104014K [0x0000000080000000, 0x0000000100000000)
  region size 1024K, 8 young (8192K), 8 survivors (8192K)
 Metaspace       used 87668K, committed 88320K, reserved 1179648K
  class space    used 12099K, committed 12416K, reserved 1048576K
}
Event: 19.151 GC heap before
{Heap before GC invocations=48 (full 0):
 garbage-first heap   total 192512K, used 169550K [0x0000000080000000, 0x0000000100000000)
  region size 1024K, 57 young (58368K), 8 survivors (8192K)
 Metaspace       used 87916K, committed 88640K, reserved 1179648K
  class space    used 12101K, committed 12416K, reserved 1048576K
}
Event: 19.160 GC heap after
{Heap after GC invocations=49 (full 0):
 garbage-first heap   total 192512K, used 109717K [0x0000000080000000, 0x0000000100000000)
  region size 1024K, 7 young (7168K), 7 survivors (7168K)
 Metaspace       used 87916K, committed 88640K, reserved 1179648K
  class space    used 12101K, committed 12416K, reserved 1048576K
}
Event: 19.637 GC heap before
{Heap before GC invocations=49 (full 0):
 garbage-first heap   total 192512K, used 158869K [0x0000000080000000, 0x0000000100000000)
  region size 1024K, 52 young (53248K), 7 survivors (7168K)
 Metaspace       used 88176K, committed 88896K, reserved 1179648K
  class space    used 12133K, committed 12480K, reserved 1048576K
}
Event: 19.643 GC heap after
{Heap after GC invocations=50 (full 0):
 garbage-first heap   total 192512K, used 114357K [0x0000000080000000, 0x0000000100000000)
  region size 1024K, 6 young (6144K), 6 survivors (6144K)
 Metaspace       used 88176K, committed 88896K, reserved 1179648K
  class space    used 12133K, committed 12480K, reserved 1048576K
}
Event: 20.636 GC heap before
{Heap before GC invocations=50 (full 0):
 garbage-first heap   total 192512K, used 161461K [0x0000000080000000, 0x0000000100000000)
  region size 1024K, 48 young (49152K), 6 survivors (6144K)
 Metaspace       used 91528K, committed 92160K, reserved 1179648K
  class space    used 12536K, committed 12800K, reserved 1048576K
}
Event: 20.645 GC heap after
{Heap after GC invocations=51 (full 0):
 garbage-first heap   total 192512K, used 119586K [0x0000000080000000, 0x0000000100000000)
  region size 1024K, 6 young (6144K), 6 survivors (6144K)
 Metaspace       used 91528K, committed 92160K, reserved 1179648K
  class space    used 12536K, committed 12800K, reserved 1048576K
}
Event: 21.446 GC heap before
{Heap before GC invocations=51 (full 0):
 garbage-first heap   total 192512K, used 159522K [0x0000000080000000, 0x0000000100000000)
  region size 1024K, 44 young (45056K), 6 survivors (6144K)
 Metaspace       used 96610K, committed 97344K, reserved 1179648K
  class space    used 13141K, committed 13504K, reserved 1048576K
}
Event: 21.457 GC heap after
{Heap after GC invocations=52 (full 0):
 garbage-first heap   total 192512K, used 127772K [0x0000000080000000, 0x0000000100000000)
  region size 1024K, 6 young (6144K), 6 survivors (6144K)
 Metaspace       used 96610K, committed 97344K, reserved 1179648K
  class space    used 13141K, committed 13504K, reserved 1048576K
}

