# JRE version: OpenJDK Runtime Environment (17.0.7) (build 17.0.7+0-b2043.56-10550314)
# Java VM: OpenJDK 64-Bit Server VM (17.0.7+0-b2043.56-10550314, mixed mode, tiered, compressed oops, compressed class ptrs, g1 gc, windows-amd64)
GC Precious Log:
 CPUs: 8 total, 8 available
 Memory: 7969M
 Large Page Support: Disabled
 NUMA Support: Disabled
 Compressed Oops: Enabled (32-bit)
 Heap Region Size: 1M
 Heap Min Capacity: 8M
 Heap Initial Capacity: 126M
 Heap Max Capacity: 2G
 Pre-touch: Disabled
 Parallel Workers: 8
 Concurrent Workers: 2
 Concurrent Refinement Workers: 8
 Periodic GC: Disabled
Heap:
 garbage-first heap   total 229376K, used 129024K [0x0000000080000000, 0x0000000100000000)
  region size 1024K, 10 young (10240K), 10 survivors (10240K)
 Metaspace       used 96814K, committed 97536K, reserved 1179648K
  class space    used 13203K, committed 13568K, reserved 1048576K
GC Heap History (20 events):
Event: 8.818 GC heap after
{Heap after GC invocations=27 (full 0):
 garbage-first heap   total 114688K, used 60323K [0x0000000080000000, 0x0000000100000000)
  region size 1024K, 3 young (3072K), 3 survivors (3072K)
 Metaspace       used 68383K, committed 68992K, reserved 1114112K
  class space    used 9111K, committed 9408K, reserved 1048576K
}
Event: 9.020 GC heap before
{Heap before GC invocations=28 (full 0):
 garbage-first heap   total 114688K, used 93091K [0x0000000080000000, 0x0000000100000000)
  region size 1024K, 35 young (35840K), 3 survivors (3072K)
 Metaspace       used 68517K, committed 69120K, reserved 1114112K
  class space    used 9125K, committed 9408K, reserved 1048576K
}
Event: 9.024 GC heap after
{Heap after GC invocations=29 (full 0):
 garbage-first heap   total 114688K, used 63243K [0x0000000080000000, 0x0000000100000000)
  region size 1024K, 5 young (5120K), 5 survivors (5120K)
 Metaspace       used 68517K, committed 69120K, reserved 1114112K
  class space    used 9125K, committed 9408K, reserved 1048576K
}
Event: 9.034 GC heap before
{Heap before GC invocations=29 (full 0):
 garbage-first heap   total 114688K, used 64267K [0x0000000080000000, 0x0000000100000000)
  region size 1024K, 6 young (6144K), 5 survivors (5120K)
 Metaspace       used 68522K, committed 69120K, reserved 1114112K
  class space    used 9125K, committed 9408K, reserved 1048576K
}
Event: 9.038 GC heap after
{Heap after GC invocations=30 (full 0):
 garbage-first heap   total 229376K, used 63707K [0x0000000080000000, 0x0000000100000000)
  region size 1024K, 1 young (1024K), 1 survivors (1024K)
 Metaspace       used 68522K, committed 69120K, reserved 1114112K
  class space    used 9125K, committed 9408K, reserved 1048576K
}
Event: 10.175 GC heap before
{Heap before GC invocations=30 (full 0):
 garbage-first heap   total 229376K, used 157915K [0x0000000080000000, 0x0000000100000000)
  region size 1024K, 93 young (95232K), 1 survivors (1024K)
 Metaspace       used 75358K, committed 75968K, reserved 1179648K
  class space    used 10270K, committed 10560K, reserved 1048576K
}
Event: 10.179 GC heap after
{Heap after GC invocations=31 (full 0):
 garbage-first heap   total 229376K, used 66166K [0x0000000080000000, 0x0000000100000000)
  region size 1024K, 4 young (4096K), 4 survivors (4096K)
 Metaspace       used 75358K, committed 75968K, reserved 1179648K
  class space    used 10270K, committed 10560K, reserved 1048576K
}
Event: 11.692 GC heap before
{Heap before GC invocations=31 (full 0):
 garbage-first heap   total 229376K, used 179830K [0x0000000080000000, 0x0000000100000000)
  region size 1024K, 115 young (117760K), 4 survivors (4096K)
 Metaspace       used 84112K, committed 84736K, reserved 1179648K
  class space    used 11542K, committed 11840K, reserved 1048576K
}
Event: 11.703 GC heap after
{Heap after GC invocations=32 (full 0):
 garbage-first heap   total 229376K, used 74051K [0x0000000080000000, 0x0000000100000000)
  region size 1024K, 11 young (11264K), 11 survivors (11264K)
 Metaspace       used 84112K, committed 84736K, reserved 1179648K
  class space    used 11542K, committed 11840K, reserved 1048576K
}
Event: 12.682 GC heap before
{Heap before GC invocations=32 (full 0):
 garbage-first heap   total 229376K, used 178499K [0x0000000080000000, 0x0000000100000000)
  region size 1024K, 114 young (116736K), 11 survivors (11264K)
 Metaspace       used 87057K, committed 87680K, reserved 1179648K
  class space    used 12077K, committed 12352K, reserved 1048576K
}
Event: 12.695 GC heap after
{Heap after GC invocations=33 (full 0):
 garbage-first heap   total 229376K, used 88205K [0x0000000080000000, 0x0000000100000000)
  region size 1024K, 14 young (14336K), 14 survivors (14336K)
 Metaspace       used 87057K, committed 87680K, reserved 1179648K
  class space    used 12077K, committed 12352K, reserved 1048576K
}
Event: 13.257 GC heap before
{Heap before GC invocations=33 (full 0):
 garbage-first heap   total 229376K, used 179341K [0x0000000080000000, 0x0000000100000000)
  region size 1024K, 104 young (106496K), 14 survivors (14336K)
 Metaspace       used 87141K, committed 87808K, reserved 1179648K
  class space    used 12082K, committed 12352K, reserved 1048576K
}
Event: 13.270 GC heap after
{Heap after GC invocations=34 (full 0):
 garbage-first heap   total 229376K, used 95409K [0x0000000080000000, 0x0000000100000000)
  region size 1024K, 10 young (10240K), 10 survivors (10240K)
 Metaspace       used 87141K, committed 87808K, reserved 1179648K
  class space    used 12082K, committed 12352K, reserved 1048576K
}
Event: 13.890 GC heap before
{Heap before GC invocations=34 (full 0):
 garbage-first heap   total 229376K, used 183473K [0x0000000080000000, 0x0000000100000000)
  region size 1024K, 93 young (95232K), 10 survivors (10240K)
 Metaspace       used 87260K, committed 87872K, reserved 1179648K
  class space    used 12089K, committed 12352K, reserved 1048576K
}
Event: 13.897 GC heap after
{Heap after GC invocations=35 (full 0):
 garbage-first heap   total 229376K, used 100340K [0x0000000080000000, 0x0000000100000000)
  region size 1024K, 8 young (8192K), 8 survivors (8192K)
 Metaspace       used 87260K, committed 87872K, reserved 1179648K
  class space    used 12089K, committed 12352K, reserved 1048576K
}
Event: 14.513 GC heap before
{Heap before GC invocations=35 (full 0):
 garbage-first heap   total 229376K, used 204788K [0x0000000080000000, 0x0000000100000000)
  region size 1024K, 87 young (89088K), 8 survivors (8192K)
 Metaspace       used 87867K, committed 88448K, reserved 1179648K
  class space    used 12122K, committed 12416K, reserved 1048576K
}
Event: 14.527 GC heap after
{Heap after GC invocations=36 (full 0):
 garbage-first heap   total 229376K, used 108204K [0x0000000080000000, 0x0000000100000000)
  region size 1024K, 10 young (10240K), 10 survivors (10240K)
 Metaspace       used 87867K, committed 88448K, reserved 1179648K
  class space    used 12122K, committed 12416K, reserved 1048576K
}
Event: 15.058 GC heap before
{Heap before GC invocations=36 (full 0):
 garbage-first heap   total 229376K, used 190124K [0x0000000080000000, 0x0000000100000000)
  region size 1024K, 82 young (83968K), 10 survivors (10240K)
 Metaspace       used 89452K, committed 90112K, reserved 1179648K
  class space    used 12276K, committed 12608K, reserved 1048576K
}
Event: 15.070 GC heap after
{Heap after GC invocations=37 (full 0):
 garbage-first heap   total 229376K, used 116524K [0x0000000080000000, 0x0000000100000000)
  region size 1024K, 10 young (10240K), 10 survivors (10240K)
 Metaspace       used 89452K, committed 90112K, reserved 1179648K
  class space    used 12276K, committed 12608K, reserved 1048576K
}
Event: 16.191 GC heap before
{Heap before GC invocations=37 (full 0):
 garbage-first heap   total 229376K, used 185132K [0x0000000080000000, 0x0000000100000000)
  region size 1024K, 76 young (77824K), 10 survivors (10240K)
 Metaspace       used 96814K, committed 97536K, reserved 1179648K
  class space    used 13203K, committed 13568K, reserved 1048576K
}

