# JRE version: OpenJDK Runtime Environment (17.0.7) (build 17.0.7+0-b2043.56-10550314)
# Java VM: OpenJDK 64-Bit Server VM (17.0.7+0-b2043.56-10550314, mixed mode, tiered, compressed oops, compressed class ptrs, g1 gc, windows-amd64)
GC Precious Log:
 CPUs: 8 total, 8 available
 Memory: 7969M
 Large Page Support: Disabled
 NUMA Support: Disabled
 Compressed Oops: Enabled (32-bit)
 Heap Region Size: 1M
 Heap Min Capacity: 8M
 Heap Initial Capacity: 126M
 Heap Max Capacity: 2G
 Pre-touch: Disabled
 Parallel Workers: 8
 Concurrent Workers: 2
 Concurrent Refinement Workers: 8
 Periodic GC: Disabled
Heap:
 garbage-first heap   total 427008K, used 271943K [0x0000000080000000, 0x0000000100000000)
  region size 1024K, 1 young (1024K), 1 survivors (1024K)
 Metaspace       used 142601K, committed 143552K, reserved 1179648K
  class space    used 19124K, committed 19584K, reserved 1048576K
GC Heap History (20 events):
Event: 35.164 GC heap after
{Heap after GC invocations=55 (full 0):
 garbage-first heap   total 427008K, used 207526K [0x0000000080000000, 0x0000000100000000)
  region size 1024K, 22 young (22528K), 22 survivors (22528K)
 Metaspace       used 119777K, committed 120512K, reserved 1179648K
  class space    used 15653K, committed 16000K, reserved 1048576K
}
Event: 37.806 GC heap before
{Heap before GC invocations=55 (full 0):
 garbage-first heap   total 427008K, used 342694K [0x0000000080000000, 0x0000000100000000)
  region size 1024K, 151 young (154624K), 22 survivors (22528K)
 Metaspace       used 129540K, committed 130304K, reserved 1179648K
  class space    used 17192K, committed 17536K, reserved 1048576K
}
Event: 37.831 GC heap after
{Heap after GC invocations=56 (full 0):
 garbage-first heap   total 427008K, used 214892K [0x0000000080000000, 0x0000000100000000)
  region size 1024K, 15 young (15360K), 15 survivors (15360K)
 Metaspace       used 129540K, committed 130304K, reserved 1179648K
  class space    used 17192K, committed 17536K, reserved 1048576K
}
Event: 39.925 GC heap before
{Heap before GC invocations=56 (full 0):
 garbage-first heap   total 427008K, used 339820K [0x0000000080000000, 0x0000000100000000)
  region size 1024K, 137 young (140288K), 15 survivors (15360K)
 Metaspace       used 137608K, committed 138368K, reserved 1179648K
  class space    used 18397K, committed 18752K, reserved 1048576K
}
Event: 39.940 GC heap after
{Heap after GC invocations=57 (full 0):
 garbage-first heap   total 427008K, used 208111K [0x0000000080000000, 0x0000000100000000)
  region size 1024K, 5 young (5120K), 5 survivors (5120K)
 Metaspace       used 137608K, committed 138368K, reserved 1179648K
  class space    used 18397K, committed 18752K, reserved 1048576K
}
Event: 41.002 GC heap before
{Heap before GC invocations=57 (full 0):
 garbage-first heap   total 427008K, used 329967K [0x0000000080000000, 0x0000000100000000)
  region size 1024K, 76 young (77824K), 5 survivors (5120K)
 Metaspace       used 140881K, committed 141696K, reserved 1179648K
  class space    used 18956K, committed 19328K, reserved 1048576K
}
Event: 41.008 GC heap after
{Heap after GC invocations=58 (full 0):
 garbage-first heap   total 427008K, used 233441K [0x0000000080000000, 0x0000000100000000)
  region size 1024K, 3 young (3072K), 3 survivors (3072K)
 Metaspace       used 140881K, committed 141696K, reserved 1179648K
  class space    used 18956K, committed 19328K, reserved 1048576K
}
Event: 41.042 GC heap before
{Heap before GC invocations=58 (full 0):
 garbage-first heap   total 427008K, used 274401K [0x0000000080000000, 0x0000000100000000)
  region size 1024K, 4 young (4096K), 3 survivors (3072K)
 Metaspace       used 140883K, committed 141696K, reserved 1179648K
  class space    used 18956K, committed 19328K, reserved 1048576K
}
Event: 41.047 GC heap after
{Heap after GC invocations=59 (full 0):
 garbage-first heap   total 427008K, used 233246K [0x0000000080000000, 0x0000000100000000)
  region size 1024K, 3 young (3072K), 3 survivors (3072K)
 Metaspace       used 140883K, committed 141696K, reserved 1179648K
  class space    used 18956K, committed 19328K, reserved 1048576K
}
Event: 41.081 GC heap before
{Heap before GC invocations=59 (full 0):
 garbage-first heap   total 427008K, used 270110K [0x0000000080000000, 0x0000000100000000)
  region size 1024K, 4 young (4096K), 3 survivors (3072K)
 Metaspace       used 140883K, committed 141696K, reserved 1179648K
  class space    used 18956K, committed 19328K, reserved 1048576K
}
Event: 41.086 GC heap after
{Heap after GC invocations=60 (full 0):
 garbage-first heap   total 427008K, used 233340K [0x0000000080000000, 0x0000000100000000)
  region size 1024K, 3 young (3072K), 3 survivors (3072K)
 Metaspace       used 140883K, committed 141696K, reserved 1179648K
  class space    used 18956K, committed 19328K, reserved 1048576K
}
Event: 41.128 GC heap before
{Heap before GC invocations=60 (full 0):
 garbage-first heap   total 427008K, used 266108K [0x0000000080000000, 0x0000000100000000)
  region size 1024K, 4 young (4096K), 3 survivors (3072K)
 Metaspace       used 140883K, committed 141696K, reserved 1179648K
  class space    used 18956K, committed 19328K, reserved 1048576K
}
Event: 41.133 GC heap after
{Heap after GC invocations=61 (full 0):
 garbage-first heap   total 427008K, used 229236K [0x0000000080000000, 0x0000000100000000)
  region size 1024K, 3 young (3072K), 3 survivors (3072K)
 Metaspace       used 140883K, committed 141696K, reserved 1179648K
  class space    used 18956K, committed 19328K, reserved 1048576K
}
Event: 86.539 GC heap before
{Heap before GC invocations=61 (full 0):
 garbage-first heap   total 427008K, used 379764K [0x0000000080000000, 0x0000000100000000)
  region size 1024K, 124 young (126976K), 3 survivors (3072K)
 Metaspace       used 142305K, committed 143232K, reserved 1179648K
  class space    used 19114K, committed 19584K, reserved 1048576K
}
Event: 86.557 GC heap after
{Heap after GC invocations=62 (full 0):
 garbage-first heap   total 427008K, used 239588K [0x0000000080000000, 0x0000000100000000)
  region size 1024K, 18 young (18432K), 18 survivors (18432K)
 Metaspace       used 142305K, committed 143232K, reserved 1179648K
  class space    used 19114K, committed 19584K, reserved 1048576K
}
Event: 88.458 GC heap before
{Heap before GC invocations=62 (full 0):
 garbage-first heap   total 427008K, used 377828K [0x0000000080000000, 0x0000000100000000)
  region size 1024K, 103 young (105472K), 18 survivors (18432K)
 Metaspace       used 142601K, committed 143552K, reserved 1179648K
  class space    used 19124K, committed 19584K, reserved 1048576K
}
Event: 88.476 GC heap after
{Heap after GC invocations=63 (full 0):
 garbage-first heap   total 427008K, used 269189K [0x0000000080000000, 0x0000000100000000)
  region size 1024K, 7 young (7168K), 7 survivors (7168K)
 Metaspace       used 142601K, committed 143552K, reserved 1179648K
  class space    used 19124K, committed 19584K, reserved 1048576K
}
Event: 88.493 GC heap before
{Heap before GC invocations=63 (full 0):
 garbage-first heap   total 427008K, used 316293K [0x0000000080000000, 0x0000000100000000)
  region size 1024K, 8 young (8192K), 7 survivors (7168K)
 Metaspace       used 142601K, committed 143552K, reserved 1179648K
  class space    used 19124K, committed 19584K, reserved 1048576K
}
Event: 88.498 GC heap after
{Heap after GC invocations=64 (full 0):
 garbage-first heap   total 427008K, used 272967K [0x0000000080000000, 0x0000000100000000)
  region size 1024K, 2 young (2048K), 2 survivors (2048K)
 Metaspace       used 142601K, committed 143552K, reserved 1179648K
  class space    used 19124K, committed 19584K, reserved 1048576K
}
Event: 88.500 GC heap before
{Heap before GC invocations=64 (full 0):
 garbage-first heap   total 427008K, used 275015K [0x0000000080000000, 0x0000000100000000)
  region size 1024K, 3 young (3072K), 2 survivors (2048K)
 Metaspace       used 142601K, committed 143552K, reserved 1179648K
  class space    used 19124K, committed 19584K, reserved 1048576K
}

