# JRE version: OpenJDK Runtime Environment (17.0.7) (build 17.0.7+0-b2043.56-10550314)
# Java VM: OpenJDK 64-Bit Server VM (17.0.7+0-b2043.56-10550314, mixed mode, tiered, compressed oops, compressed class ptrs, g1 gc, windows-amd64)
GC Precious Log:
 CPUs: 8 total, 8 available
 Memory: 7969M
 Large Page Support: Disabled
 NUMA Support: Disabled
 Compressed Oops: Enabled (32-bit)
 Heap Region Size: 1M
 Heap Min Capacity: 8M
 Heap Initial Capacity: 126M
 Heap Max Capacity: 2G
 Pre-touch: Disabled
 Parallel Workers: 8
 Concurrent Workers: 2
 Concurrent Refinement Workers: 8
 Periodic GC: Disabled
Heap:
 garbage-first heap   total 91136K, used 66098K [0x0000000080000000, 0x0000000100000000)
  region size 1024K, 13 young (13312K), 4 survivors (4096K)
 Metaspace       used 64020K, committed 64512K, reserved 1114112K
  class space    used 8515K, committed 8704K, reserved 1048576K
GC Heap History (20 events):
Event: 3.728 GC heap before
{Heap before GC invocations=9 (full 0):
 garbage-first heap   total 86016K, used 68920K [0x0000000080000000, 0x0000000100000000)
  region size 1024K, 49 young (50176K), 4 survivors (4096K)
 Metaspace       used 41784K, committed 42176K, reserved 1114112K
  class space    used 5555K, committed 5696K, reserved 1048576K
}
Event: 3.734 GC heap after
{Heap after GC invocations=10 (full 0):
 garbage-first heap   total 86016K, used 29252K [0x0000000080000000, 0x0000000100000000)
  region size 1024K, 7 young (7168K), 7 survivors (7168K)
 Metaspace       used 41784K, committed 42176K, reserved 1114112K
  class space    used 5555K, committed 5696K, reserved 1048576K
}
Event: 4.149 GC heap before
{Heap before GC invocations=10 (full 0):
 garbage-first heap   total 86016K, used 69188K [0x0000000080000000, 0x0000000100000000)
  region size 1024K, 42 young (43008K), 7 survivors (7168K)
 Metaspace       used 45413K, committed 45824K, reserved 1114112K
  class space    used 6032K, committed 6208K, reserved 1048576K
}
Event: 4.155 GC heap after
{Heap after GC invocations=11 (full 0):
 garbage-first heap   total 86016K, used 32528K [0x0000000080000000, 0x0000000100000000)
  region size 1024K, 4 young (4096K), 4 survivors (4096K)
 Metaspace       used 45413K, committed 45824K, reserved 1114112K
  class space    used 6032K, committed 6208K, reserved 1048576K
}
Event: 4.537 GC heap before
{Heap before GC invocations=11 (full 0):
 garbage-first heap   total 86016K, used 66320K [0x0000000080000000, 0x0000000100000000)
  region size 1024K, 36 young (36864K), 4 survivors (4096K)
 Metaspace       used 49834K, committed 50240K, reserved 1114112K
  class space    used 6620K, committed 6784K, reserved 1048576K
}
Event: 4.540 GC heap after
{Heap after GC invocations=12 (full 0):
 garbage-first heap   total 86016K, used 33868K [0x0000000080000000, 0x0000000100000000)
  region size 1024K, 2 young (2048K), 2 survivors (2048K)
 Metaspace       used 49834K, committed 50240K, reserved 1114112K
  class space    used 6620K, committed 6784K, reserved 1048576K
}
Event: 5.041 GC heap before
{Heap before GC invocations=12 (full 0):
 garbage-first heap   total 86016K, used 66636K [0x0000000080000000, 0x0000000100000000)
  region size 1024K, 34 young (34816K), 2 survivors (2048K)
 Metaspace       used 52345K, committed 52736K, reserved 1114112K
  class space    used 6957K, committed 7104K, reserved 1048576K
}
Event: 5.044 GC heap after
{Heap after GC invocations=13 (full 0):
 garbage-first heap   total 86016K, used 37517K [0x0000000080000000, 0x0000000100000000)
  region size 1024K, 5 young (5120K), 5 survivors (5120K)
 Metaspace       used 52345K, committed 52736K, reserved 1114112K
  class space    used 6957K, committed 7104K, reserved 1048576K
}
Event: 5.270 GC heap before
{Heap before GC invocations=13 (full 0):
 garbage-first heap   total 86016K, used 72333K [0x0000000080000000, 0x0000000100000000)
  region size 1024K, 34 young (34816K), 5 survivors (5120K)
 Metaspace       used 53807K, committed 54272K, reserved 1114112K
  class space    used 7140K, committed 7360K, reserved 1048576K
}
Event: 5.274 GC heap after
{Heap after GC invocations=14 (full 0):
 garbage-first heap   total 86016K, used 49663K [0x0000000080000000, 0x0000000100000000)
  region size 1024K, 5 young (5120K), 5 survivors (5120K)
 Metaspace       used 53807K, committed 54272K, reserved 1114112K
  class space    used 7140K, committed 7360K, reserved 1048576K
}
Event: 5.491 GC heap before
{Heap before GC invocations=14 (full 0):
 garbage-first heap   total 86016K, used 66047K [0x0000000080000000, 0x0000000100000000)
  region size 1024K, 21 young (21504K), 5 survivors (5120K)
 Metaspace       used 55292K, committed 55744K, reserved 1114112K
  class space    used 7371K, committed 7552K, reserved 1048576K
}
Event: 5.493 GC heap after
{Heap after GC invocations=15 (full 0):
 garbage-first heap   total 86016K, used 50579K [0x0000000080000000, 0x0000000100000000)
  region size 1024K, 1 young (1024K), 1 survivors (1024K)
 Metaspace       used 55292K, committed 55744K, reserved 1114112K
  class space    used 7371K, committed 7552K, reserved 1048576K
}
Event: 5.738 GC heap before
{Heap before GC invocations=16 (full 0):
 garbage-first heap   total 89088K, used 66963K [0x0000000080000000, 0x0000000100000000)
  region size 1024K, 18 young (18432K), 1 survivors (1024K)
 Metaspace       used 56972K, committed 57408K, reserved 1114112K
  class space    used 7605K, committed 7808K, reserved 1048576K
}
Event: 5.740 GC heap after
{Heap after GC invocations=17 (full 0):
 garbage-first heap   total 89088K, used 51028K [0x0000000080000000, 0x0000000100000000)
  region size 1024K, 2 young (2048K), 2 survivors (2048K)
 Metaspace       used 56972K, committed 57408K, reserved 1114112K
  class space    used 7605K, committed 7808K, reserved 1048576K
}
Event: 5.954 GC heap before
{Heap before GC invocations=17 (full 0):
 garbage-first heap   total 89088K, used 69460K [0x0000000080000000, 0x0000000100000000)
  region size 1024K, 21 young (21504K), 2 survivors (2048K)
 Metaspace       used 59416K, committed 59904K, reserved 1114112K
  class space    used 7892K, committed 8128K, reserved 1048576K
}
Event: 5.957 GC heap after
{Heap after GC invocations=18 (full 0):
 garbage-first heap   total 89088K, used 51323K [0x0000000080000000, 0x0000000100000000)
  region size 1024K, 2 young (2048K), 2 survivors (2048K)
 Metaspace       used 59416K, committed 59904K, reserved 1114112K
  class space    used 7892K, committed 8128K, reserved 1048576K
}
Event: 6.298 GC heap before
{Heap before GC invocations=19 (full 0):
 garbage-first heap   total 91136K, used 72827K [0x0000000080000000, 0x0000000100000000)
  region size 1024K, 23 young (23552K), 2 survivors (2048K)
 Metaspace       used 62433K, committed 62848K, reserved 1114112K
  class space    used 8332K, committed 8512K, reserved 1048576K
}
Event: 6.301 GC heap after
{Heap after GC invocations=20 (full 0):
 garbage-first heap   total 91136K, used 52389K [0x0000000080000000, 0x0000000100000000)
  region size 1024K, 3 young (3072K), 3 survivors (3072K)
 Metaspace       used 62433K, committed 62848K, reserved 1114112K
  class space    used 8332K, committed 8512K, reserved 1048576K
}
Event: 6.443 GC heap before
{Heap before GC invocations=20 (full 0):
 garbage-first heap   total 91136K, used 60581K [0x0000000080000000, 0x0000000100000000)
  region size 1024K, 12 young (12288K), 3 survivors (3072K)
 Metaspace       used 64018K, committed 64512K, reserved 1114112K
  class space    used 8515K, committed 8704K, reserved 1048576K
}
Event: 6.447 GC heap after
{Heap after GC invocations=21 (full 0):
 garbage-first heap   total 91136K, used 53810K [0x0000000080000000, 0x0000000100000000)
  region size 1024K, 4 young (4096K), 4 survivors (4096K)
 Metaspace       used 64018K, committed 64512K, reserved 1114112K
  class space    used 8515K, committed 8704K, reserved 1048576K
}

