# JRE version: OpenJDK Runtime Environment (17.0.7) (build 17.0.7+0-b2043.56-10550314)
# Java VM: OpenJDK 64-Bit Server VM (17.0.7+0-b2043.56-10550314, mixed mode, tiered, compressed oops, compressed class ptrs, g1 gc, windows-amd64)
GC Precious Log:
 CPUs: 8 total, 8 available
 Memory: 7969M
 Large Page Support: Disabled
 NUMA Support: Disabled
 Compressed Oops: Enabled (32-bit)
 Heap Region Size: 1M
 Heap Min Capacity: 8M
 Heap Initial Capacity: 126M
 Heap Max Capacity: 2G
 Pre-touch: Disabled
 Parallel Workers: 8
 Concurrent Workers: 2
 Concurrent Refinement Workers: 8
 Periodic GC: Disabled
Heap:
 garbage-first heap   total 253952K, used 153599K [0x0000000080000000, 0x0000000100000000)
  region size 1024K, 75 young (76800K), 15 survivors (15360K)
 Metaspace       used 87224K, committed 87936K, reserved 1179648K
  class space    used 12074K, committed 12416K, reserved 1048576K
GC Heap History (20 events):
Event: 10.342 GC heap before
{Heap before GC invocations=39 (full 0):
 garbage-first heap   total 114688K, used 85945K [0x0000000080000000, 0x0000000100000000)
  region size 1024K, 30 young (30720K), 4 survivors (4096K)
 Metaspace       used 68430K, committed 69056K, reserved 1114112K
  class space    used 9120K, committed 9408K, reserved 1048576K
}
Event: 10.346 GC heap after
{Heap after GC invocations=40 (full 0):
 garbage-first heap   total 138240K, used 61884K [0x0000000080000000, 0x0000000100000000)
  region size 1024K, 4 young (4096K), 4 survivors (4096K)
 Metaspace       used 68430K, committed 69056K, reserved 1114112K
  class space    used 9120K, committed 9408K, reserved 1048576K
}
Event: 10.697 GC heap before
{Heap before GC invocations=40 (full 0):
 garbage-first heap   total 138240K, used 102844K [0x0000000080000000, 0x0000000100000000)
  region size 1024K, 44 young (45056K), 4 survivors (4096K)
 Metaspace       used 69597K, committed 70144K, reserved 1114112K
  class space    used 9270K, committed 9536K, reserved 1048576K
}
Event: 10.701 GC heap after
{Heap after GC invocations=41 (full 0):
 garbage-first heap   total 138240K, used 64961K [0x0000000080000000, 0x0000000100000000)
  region size 1024K, 6 young (6144K), 6 survivors (6144K)
 Metaspace       used 69597K, committed 70144K, reserved 1114112K
  class space    used 9270K, committed 9536K, reserved 1048576K
}
Event: 11.216 GC heap before
{Heap before GC invocations=41 (full 0):
 garbage-first heap   total 138240K, used 105921K [0x0000000080000000, 0x0000000100000000)
  region size 1024K, 45 young (46080K), 6 survivors (6144K)
 Metaspace       used 72583K, committed 73152K, reserved 1114112K
  class space    used 9793K, committed 10048K, reserved 1048576K
}
Event: 11.220 GC heap after
{Heap after GC invocations=42 (full 0):
 garbage-first heap   total 138240K, used 66283K [0x0000000080000000, 0x0000000100000000)
  region size 1024K, 5 young (5120K), 5 survivors (5120K)
 Metaspace       used 72583K, committed 73152K, reserved 1114112K
  class space    used 9793K, committed 10048K, reserved 1048576K
}
Event: 11.887 GC heap before
{Heap before GC invocations=42 (full 0):
 garbage-first heap   total 138240K, used 108267K [0x0000000080000000, 0x0000000100000000)
  region size 1024K, 46 young (47104K), 5 survivors (5120K)
 Metaspace       used 75871K, committed 76480K, reserved 1179648K
  class space    used 10352K, committed 10688K, reserved 1048576K
}
Event: 11.891 GC heap after
{Heap after GC invocations=43 (full 0):
 garbage-first heap   total 138240K, used 68140K [0x0000000080000000, 0x0000000100000000)
  region size 1024K, 4 young (4096K), 4 survivors (4096K)
 Metaspace       used 75871K, committed 76480K, reserved 1179648K
  class space    used 10352K, committed 10688K, reserved 1048576K
}
Event: 12.861 GC heap before
{Heap before GC invocations=44 (full 0):
 garbage-first heap   total 138240K, used 110124K [0x0000000080000000, 0x0000000100000000)
  region size 1024K, 45 young (46080K), 4 survivors (4096K)
 Metaspace       used 79255K, committed 79872K, reserved 1179648K
  class space    used 10854K, committed 11136K, reserved 1048576K
}
Event: 12.867 GC heap after
{Heap after GC invocations=45 (full 0):
 garbage-first heap   total 138240K, used 70640K [0x0000000080000000, 0x0000000100000000)
  region size 1024K, 6 young (6144K), 6 survivors (6144K)
 Metaspace       used 79255K, committed 79872K, reserved 1179648K
  class space    used 10854K, committed 11136K, reserved 1048576K
}
Event: 12.880 GC heap before
{Heap before GC invocations=45 (full 0):
 garbage-first heap   total 138240K, used 70640K [0x0000000080000000, 0x0000000100000000)
  region size 1024K, 7 young (7168K), 6 survivors (6144K)
 Metaspace       used 79358K, committed 79936K, reserved 1179648K
  class space    used 10867K, committed 11136K, reserved 1048576K
}
Event: 12.885 GC heap after
{Heap after GC invocations=46 (full 0):
 garbage-first heap   total 138240K, used 70570K [0x0000000080000000, 0x0000000100000000)
  region size 1024K, 1 young (1024K), 1 survivors (1024K)
 Metaspace       used 79358K, committed 79936K, reserved 1179648K
  class space    used 10867K, committed 11136K, reserved 1048576K
}
Event: 14.179 GC heap before
{Heap before GC invocations=46 (full 0):
 garbage-first heap   total 138240K, used 111530K [0x0000000080000000, 0x0000000100000000)
  region size 1024K, 41 young (41984K), 1 survivors (1024K)
 Metaspace       used 83207K, committed 83776K, reserved 1179648K
  class space    used 11414K, committed 11712K, reserved 1048576K
}
Event: 14.183 GC heap after
{Heap after GC invocations=47 (full 0):
 garbage-first heap   total 138240K, used 72586K [0x0000000080000000, 0x0000000100000000)
  region size 1024K, 3 young (3072K), 3 survivors (3072K)
 Metaspace       used 83207K, committed 83776K, reserved 1179648K
  class space    used 11414K, committed 11712K, reserved 1048576K
}
Event: 14.728 GC heap before
{Heap before GC invocations=48 (full 0):
 garbage-first heap   total 138240K, used 112522K [0x0000000080000000, 0x0000000100000000)
  region size 1024K, 42 young (43008K), 3 survivors (3072K)
 Metaspace       used 84236K, committed 84800K, reserved 1179648K
  class space    used 11559K, committed 11840K, reserved 1048576K
}
Event: 14.735 GC heap after
{Heap after GC invocations=49 (full 0):
 garbage-first heap   total 138240K, used 77655K [0x0000000080000000, 0x0000000100000000)
  region size 1024K, 6 young (6144K), 6 survivors (6144K)
 Metaspace       used 84236K, committed 84800K, reserved 1179648K
  class space    used 11559K, committed 11840K, reserved 1048576K
}
Event: 14.742 GC heap before
{Heap before GC invocations=49 (full 0):
 garbage-first heap   total 138240K, used 78679K [0x0000000080000000, 0x0000000100000000)
  region size 1024K, 7 young (7168K), 6 survivors (6144K)
 Metaspace       used 84236K, committed 84800K, reserved 1179648K
  class space    used 11559K, committed 11840K, reserved 1048576K
}
Event: 14.750 GC heap after
{Heap after GC invocations=50 (full 0):
 garbage-first heap   total 253952K, used 78265K [0x0000000080000000, 0x0000000100000000)
  region size 1024K, 1 young (1024K), 1 survivors (1024K)
 Metaspace       used 84236K, committed 84800K, reserved 1179648K
  class space    used 11559K, committed 11840K, reserved 1048576K
}
Event: 16.641 GC heap before
{Heap before GC invocations=50 (full 0):
 garbage-first heap   total 253952K, used 198073K [0x0000000080000000, 0x0000000100000000)
  region size 1024K, 119 young (121856K), 1 survivors (1024K)
 Metaspace       used 87223K, committed 87936K, reserved 1179648K
  class space    used 12073K, committed 12416K, reserved 1048576K
}
Event: 16.654 GC heap after
{Heap after GC invocations=51 (full 0):
 garbage-first heap   total 253952K, used 93183K [0x0000000080000000, 0x0000000100000000)
  region size 1024K, 15 young (15360K), 15 survivors (15360K)
 Metaspace       used 87223K, committed 87936K, reserved 1179648K
  class space    used 12073K, committed 12416K, reserved 1048576K
}

