# JRE version: OpenJDK Runtime Environment (17.0.7) (build 17.0.7+0-b2043.56-10550314)
# Java VM: OpenJDK 64-Bit Server VM (17.0.7+0-b2043.56-10550314, mixed mode, tiered, compressed oops, compressed class ptrs, g1 gc, windows-amd64)
GC Precious Log:
 CPUs: 8 total, 8 available
 Memory: 7969M
 Large Page Support: Disabled
 NUMA Support: Disabled
 Compressed Oops: Enabled (32-bit)
 Heap Region Size: 1M
 Heap Min Capacity: 8M
 Heap Initial Capacity: 126M
 Heap Max Capacity: 2G
 Pre-touch: Disabled
 Parallel Workers: 8
 Concurrent Workers: 2
 Concurrent Refinement Workers: 8
 Periodic GC: Disabled
Heap:
 garbage-first heap   total 301056K, used 211831K [0x0000000080000000, 0x0000000100000000)
  region size 1024K, 1 young (1024K), 1 survivors (1024K)
 Metaspace       used 124644K, committed 125568K, reserved 1179648K
  class space    used 17088K, committed 17536K, reserved 1048576K
GC Heap History (20 events):
Event: 95.429 GC heap after
{Heap after GC invocations=64 (full 0):
 garbage-first heap   total 299008K, used 141538K [0x0000000080000000, 0x0000000100000000)
  region size 1024K, 2 young (2048K), 2 survivors (2048K)
 Metaspace       used 121932K, committed 122752K, reserved 1179648K
  class space    used 16934K, committed 17344K, reserved 1048576K
}
Event: 140.325 GC heap before
{Heap before GC invocations=64 (full 0):
 garbage-first heap   total 299008K, used 244962K [0x0000000080000000, 0x0000000100000000)
  region size 1024K, 102 young (104448K), 2 survivors (2048K)
 Metaspace       used 122495K, committed 123392K, reserved 1179648K
  class space    used 16951K, committed 17408K, reserved 1048576K
}
Event: 140.336 GC heap after
{Heap after GC invocations=65 (full 0):
 garbage-first heap   total 299008K, used 160558K [0x0000000080000000, 0x0000000100000000)
  region size 1024K, 13 young (13312K), 13 survivors (13312K)
 Metaspace       used 122495K, committed 123392K, reserved 1179648K
  class space    used 16951K, committed 17408K, reserved 1048576K
}
Event: 140.984 GC heap before
{Heap before GC invocations=66 (full 0):
 garbage-first heap   total 299008K, used 273198K [0x0000000080000000, 0x0000000100000000)
  region size 1024K, 71 young (72704K), 13 survivors (13312K)
 Metaspace       used 123035K, committed 123904K, reserved 1179648K
  class space    used 16964K, committed 17408K, reserved 1048576K
}
Event: 140.996 GC heap after
{Heap after GC invocations=67 (full 0):
 garbage-first heap   total 299008K, used 186446K [0x0000000080000000, 0x0000000100000000)
  region size 1024K, 8 young (8192K), 8 survivors (8192K)
 Metaspace       used 123035K, committed 123904K, reserved 1179648K
  class space    used 16964K, committed 17408K, reserved 1048576K
}
Event: 141.035 GC heap before
{Heap before GC invocations=67 (full 0):
 garbage-first heap   total 299008K, used 286798K [0x0000000080000000, 0x0000000100000000)
  region size 1024K, 9 young (9216K), 8 survivors (8192K)
 Metaspace       used 123036K, committed 123904K, reserved 1179648K
  class space    used 16964K, committed 17408K, reserved 1048576K
}
Event: 141.042 GC heap after
{Heap after GC invocations=68 (full 0):
 garbage-first heap   total 301056K, used 187668K [0x0000000080000000, 0x0000000100000000)
  region size 1024K, 1 young (1024K), 1 survivors (1024K)
 Metaspace       used 123036K, committed 123904K, reserved 1179648K
  class space    used 16964K, committed 17408K, reserved 1048576K
}
Event: 262.501 GC heap before
{Heap before GC invocations=68 (full 0):
 garbage-first heap   total 301056K, used 251156K [0x0000000080000000, 0x0000000100000000)
  region size 1024K, 59 young (60416K), 1 survivors (1024K)
 Metaspace       used 123359K, committed 124224K, reserved 1179648K
  class space    used 16977K, committed 17408K, reserved 1048576K
}
Event: 262.507 GC heap after
{Heap after GC invocations=69 (full 0):
 garbage-first heap   total 301056K, used 168795K [0x0000000080000000, 0x0000000100000000)
  region size 1024K, 7 young (7168K), 7 survivors (7168K)
 Metaspace       used 123359K, committed 124224K, reserved 1179648K
  class space    used 16977K, committed 17408K, reserved 1048576K
}
Event: 263.265 GC heap before
{Heap before GC invocations=69 (full 0):
 garbage-first heap   total 301056K, used 243547K [0x0000000080000000, 0x0000000100000000)
  region size 1024K, 79 young (80896K), 7 survivors (7168K)
 Metaspace       used 123698K, committed 124608K, reserved 1179648K
  class space    used 17008K, committed 17472K, reserved 1048576K
}
Event: 263.279 GC heap after
{Heap after GC invocations=70 (full 0):
 garbage-first heap   total 301056K, used 187799K [0x0000000080000000, 0x0000000100000000)
  region size 1024K, 10 young (10240K), 10 survivors (10240K)
 Metaspace       used 123698K, committed 124608K, reserved 1179648K
  class space    used 17008K, committed 17472K, reserved 1048576K
}
Event: 263.842 GC heap before
{Heap before GC invocations=70 (full 0):
 garbage-first heap   total 301056K, used 242071K [0x0000000080000000, 0x0000000100000000)
  region size 1024K, 63 young (64512K), 10 survivors (10240K)
 Metaspace       used 124492K, committed 125440K, reserved 1179648K
  class space    used 17071K, committed 17536K, reserved 1048576K
}
Event: 263.851 GC heap after
{Heap after GC invocations=71 (full 0):
 garbage-first heap   total 301056K, used 189519K [0x0000000080000000, 0x0000000100000000)
  region size 1024K, 4 young (4096K), 4 survivors (4096K)
 Metaspace       used 124492K, committed 125440K, reserved 1179648K
  class space    used 17071K, committed 17536K, reserved 1048576K
}
Event: 264.139 GC heap before
{Heap before GC invocations=71 (full 0):
 garbage-first heap   total 301056K, used 234575K [0x0000000080000000, 0x0000000100000000)
  region size 1024K, 12 young (12288K), 4 survivors (4096K)
 Metaspace       used 124644K, committed 125568K, reserved 1179648K
  class space    used 17088K, committed 17536K, reserved 1048576K
}
Event: 264.155 GC heap after
{Heap after GC invocations=72 (full 0):
 garbage-first heap   total 301056K, used 207912K [0x0000000080000000, 0x0000000100000000)
  region size 1024K, 4 young (4096K), 4 survivors (4096K)
 Metaspace       used 124644K, committed 125568K, reserved 1179648K
  class space    used 17088K, committed 17536K, reserved 1048576K
}
Event: 264.168 GC heap before
{Heap before GC invocations=72 (full 0):
 garbage-first heap   total 301056K, used 207912K [0x0000000080000000, 0x0000000100000000)
  region size 1024K, 4 young (4096K), 4 survivors (4096K)
 Metaspace       used 124644K, committed 125568K, reserved 1179648K
  class space    used 17088K, committed 17536K, reserved 1048576K
}
Event: 264.206 GC heap after
{Heap after GC invocations=73 (full 0):
 garbage-first heap   total 301056K, used 207772K [0x0000000080000000, 0x0000000100000000)
  region size 1024K, 4 young (4096K), 4 survivors (4096K)
 Metaspace       used 124644K, committed 125568K, reserved 1179648K
  class space    used 17088K, committed 17536K, reserved 1048576K
}
Event: 264.216 GC heap before
{Heap before GC invocations=73 (full 0):
 garbage-first heap   total 301056K, used 211868K [0x0000000080000000, 0x0000000100000000)
  region size 1024K, 4 young (4096K), 4 survivors (4096K)
 Metaspace       used 124644K, committed 125568K, reserved 1179648K
  class space    used 17088K, committed 17536K, reserved 1048576K
}
Event: 264.247 GC heap after
{Heap after GC invocations=74 (full 0):
 garbage-first heap   total 301056K, used 211621K [0x0000000080000000, 0x0000000100000000)
  region size 1024K, 4 young (4096K), 4 survivors (4096K)
 Metaspace       used 124644K, committed 125568K, reserved 1179648K
  class space    used 17088K, committed 17536K, reserved 1048576K
}
Event: 264.264 GC heap before
{Heap before GC invocations=74 (full 0):
 garbage-first heap   total 301056K, used 215717K [0x0000000080000000, 0x0000000100000000)
  region size 1024K, 5 young (5120K), 4 survivors (4096K)
 Metaspace       used 124644K, committed 125568K, reserved 1179648K
  class space    used 17088K, committed 17536K, reserved 1048576K
}

