# JRE version: OpenJDK Runtime Environment (17.0.7) (build 17.0.7+0-b2043.56-10550314)
# Java VM: OpenJDK 64-Bit Server VM (17.0.7+0-b2043.56-10550314, mixed mode, tiered, compressed oops, compressed class ptrs, g1 gc, windows-amd64)
GC Precious Log:
 CPUs: 8 total, 8 available
 Memory: 7969M
 Large Page Support: Disabled
 NUMA Support: Disabled
 Compressed Oops: Enabled (32-bit)
 Heap Region Size: 1M
 Heap Min Capacity: 8M
 Heap Initial Capacity: 126M
 Heap Max Capacity: 2G
 Pre-touch: Disabled
 Parallel Workers: 8
 Concurrent Workers: 2
 Concurrent Refinement Workers: 8
 Periodic GC: Disabled
Heap:
 garbage-first heap   total 129024K, used 68691K [0x0000000080000000, 0x0000000100000000)
  region size 1024K, 4 young (4096K), 4 survivors (4096K)
 Metaspace       used 77341K, committed 77888K, reserved 1179648K
  class space    used 10555K, committed 10816K, reserved 1048576K
GC Heap History (20 events):
Event: 6.963 GC heap after
{Heap after GC invocations=22 (full 0):
 garbage-first heap   total 100352K, used 52932K [0x0000000080000000, 0x0000000100000000)
  region size 1024K, 3 young (3072K), 3 survivors (3072K)
 Metaspace       used 62231K, committed 62720K, reserved 1114112K
  class space    used 8299K, committed 8512K, reserved 1048576K
}
Event: 7.111 GC heap before
{Heap before GC invocations=22 (full 0):
 garbage-first heap   total 100352K, used 62148K [0x0000000080000000, 0x0000000100000000)
  region size 1024K, 14 young (14336K), 3 survivors (3072K)
 Metaspace       used 64037K, committed 64576K, reserved 1114112K
  class space    used 8517K, committed 8768K, reserved 1048576K
}
Event: 7.116 GC heap after
{Heap after GC invocations=23 (full 0):
 garbage-first heap   total 100352K, used 54359K [0x0000000080000000, 0x0000000100000000)
  region size 1024K, 4 young (4096K), 4 survivors (4096K)
 Metaspace       used 64037K, committed 64576K, reserved 1114112K
  class space    used 8517K, committed 8768K, reserved 1048576K
}
Event: 7.176 GC heap before
{Heap before GC invocations=24 (full 0):
 garbage-first heap   total 116736K, used 66647K [0x0000000080000000, 0x0000000100000000)
  region size 1024K, 13 young (13312K), 4 survivors (4096K)
 Metaspace       used 64043K, committed 64640K, reserved 1114112K
  class space    used 8517K, committed 8768K, reserved 1048576K
}
Event: 7.179 GC heap after
{Heap after GC invocations=25 (full 0):
 garbage-first heap   total 116736K, used 60147K [0x0000000080000000, 0x0000000100000000)
  region size 1024K, 4 young (4096K), 4 survivors (4096K)
 Metaspace       used 64043K, committed 64640K, reserved 1114112K
  class space    used 8517K, committed 8768K, reserved 1048576K
}
Event: 7.467 GC heap before
{Heap before GC invocations=26 (full 0):
 garbage-first heap   total 116736K, used 85747K [0x0000000080000000, 0x0000000100000000)
  region size 1024K, 28 young (28672K), 4 survivors (4096K)
 Metaspace       used 65811K, committed 66368K, reserved 1114112K
  class space    used 8757K, committed 9024K, reserved 1048576K
}
Event: 7.469 GC heap after
{Heap after GC invocations=27 (full 0):
 garbage-first heap   total 116736K, used 57861K [0x0000000080000000, 0x0000000100000000)
  region size 1024K, 3 young (3072K), 3 survivors (3072K)
 Metaspace       used 65811K, committed 66368K, reserved 1114112K
  class space    used 8757K, committed 9024K, reserved 1048576K
}
Event: 7.730 GC heap before
{Heap before GC invocations=27 (full 0):
 garbage-first heap   total 116736K, used 84485K [0x0000000080000000, 0x0000000100000000)
  region size 1024K, 29 young (29696K), 3 survivors (3072K)
 Metaspace       used 67793K, committed 68288K, reserved 1114112K
  class space    used 9010K, committed 9280K, reserved 1048576K
}
Event: 7.733 GC heap after
{Heap after GC invocations=28 (full 0):
 garbage-first heap   total 116736K, used 59262K [0x0000000080000000, 0x0000000100000000)
  region size 1024K, 2 young (2048K), 2 survivors (2048K)
 Metaspace       used 67793K, committed 68288K, reserved 1114112K
  class space    used 9010K, committed 9280K, reserved 1048576K
}
Event: 7.922 GC heap before
{Heap before GC invocations=29 (full 0):
 garbage-first heap   total 116736K, used 87934K [0x0000000080000000, 0x0000000100000000)
  region size 1024K, 30 young (30720K), 2 survivors (2048K)
 Metaspace       used 68383K, committed 68928K, reserved 1114112K
  class space    used 9107K, committed 9344K, reserved 1048576K
}
Event: 7.926 GC heap after
{Heap after GC invocations=30 (full 0):
 garbage-first heap   total 116736K, used 61877K [0x0000000080000000, 0x0000000100000000)
  region size 1024K, 4 young (4096K), 4 survivors (4096K)
 Metaspace       used 68383K, committed 68928K, reserved 1114112K
  class space    used 9107K, committed 9344K, reserved 1048576K
}
Event: 8.154 GC heap before
{Heap before GC invocations=30 (full 0):
 garbage-first heap   total 116736K, used 89525K [0x0000000080000000, 0x0000000100000000)
  region size 1024K, 31 young (31744K), 4 survivors (4096K)
 Metaspace       used 68774K, committed 69312K, reserved 1114112K
  class space    used 9154K, committed 9408K, reserved 1048576K
}
Event: 8.158 GC heap after
{Heap after GC invocations=31 (full 0):
 garbage-first heap   total 116736K, used 63996K [0x0000000080000000, 0x0000000100000000)
  region size 1024K, 3 young (3072K), 3 survivors (3072K)
 Metaspace       used 68774K, committed 69312K, reserved 1114112K
  class space    used 9154K, committed 9408K, reserved 1048576K
}
Event: 8.431 GC heap before
{Heap before GC invocations=32 (full 0):
 garbage-first heap   total 116736K, used 84476K [0x0000000080000000, 0x0000000100000000)
  region size 1024K, 24 young (24576K), 3 survivors (3072K)
 Metaspace       used 70391K, committed 71040K, reserved 1114112K
  class space    used 9383K, committed 9664K, reserved 1048576K
}
Event: 8.435 GC heap after
{Heap after GC invocations=33 (full 0):
 garbage-first heap   total 116736K, used 65047K [0x0000000080000000, 0x0000000100000000)
  region size 1024K, 4 young (4096K), 4 survivors (4096K)
 Metaspace       used 70391K, committed 71040K, reserved 1114112K
  class space    used 9383K, committed 9664K, reserved 1048576K
}
Event: 8.819 GC heap before
{Heap before GC invocations=34 (full 0):
 garbage-first heap   total 117760K, used 93719K [0x0000000080000000, 0x0000000100000000)
  region size 1024K, 31 young (31744K), 4 survivors (4096K)
 Metaspace       used 72564K, committed 73152K, reserved 1114112K
  class space    used 9788K, committed 10048K, reserved 1048576K
}
Event: 8.822 GC heap after
{Heap after GC invocations=35 (full 0):
 garbage-first heap   total 117760K, used 65514K [0x0000000080000000, 0x0000000100000000)
  region size 1024K, 2 young (2048K), 2 survivors (2048K)
 Metaspace       used 72564K, committed 73152K, reserved 1114112K
  class space    used 9788K, committed 10048K, reserved 1048576K
}
Event: 9.208 GC heap before
{Heap before GC invocations=35 (full 0):
 garbage-first heap   total 117760K, used 95210K [0x0000000080000000, 0x0000000100000000)
  region size 1024K, 31 young (31744K), 2 survivors (2048K)
 Metaspace       used 74956K, committed 75520K, reserved 1114112K
  class space    used 10205K, committed 10496K, reserved 1048576K
}
Event: 9.212 GC heap after
{Heap after GC invocations=36 (full 0):
 garbage-first heap   total 117760K, used 66705K [0x0000000080000000, 0x0000000100000000)
  region size 1024K, 3 young (3072K), 3 survivors (3072K)
 Metaspace       used 74956K, committed 75520K, reserved 1114112K
  class space    used 10205K, committed 10496K, reserved 1048576K
}
Event: 9.757 GC heap before
{Heap before GC invocations=37 (full 0):
 garbage-first heap   total 121856K, used 96401K [0x0000000080000000, 0x0000000100000000)
  region size 1024K, 32 young (32768K), 3 survivors (3072K)
 Metaspace       used 77341K, committed 77888K, reserved 1179648K
  class space    used 10555K, committed 10816K, reserved 1048576K
}

