# JRE version: OpenJDK Runtime Environment (17.0.7) (build 17.0.7+0-b2043.56-10550314)
# Java VM: OpenJDK 64-Bit Server VM (17.0.7+0-b2043.56-10550314, mixed mode, tiered, compressed oops, compressed class ptrs, g1 gc, windows-amd64)
GC Precious Log:
 CPUs: 8 total, 8 available
 Memory: 7969M
 Large Page Support: Disabled
 NUMA Support: Disabled
 Compressed Oops: Enabled (32-bit)
 Heap Region Size: 1M
 Heap Min Capacity: 8M
 Heap Initial Capacity: 126M
 Heap Max Capacity: 2G
 Pre-touch: Disabled
 Parallel Workers: 8
 Concurrent Workers: 2
 Concurrent Refinement Workers: 8
 Periodic GC: Disabled
Heap:
 garbage-first heap   total 288768K, used 151726K [0x0000000080000000, 0x0000000100000000)
  region size 1024K, 5 young (5120K), 5 survivors (5120K)
 Metaspace       used 95976K, committed 96640K, reserved 1179648K
  class space    used 13125K, committed 13440K, reserved 1048576K
GC Heap History (20 events):
Event: 20.962 GC heap after
{Heap after GC invocations=44 (full 0):
 garbage-first heap   total 189440K, used 99406K [0x0000000080000000, 0x0000000100000000)
  region size 1024K, 2 young (2048K), 2 survivors (2048K)
 Metaspace       used 87183K, committed 87936K, reserved 1179648K
  class space    used 12065K, committed 12416K, reserved 1048576K
}
Event: 21.369 GC heap before
{Heap before GC invocations=44 (full 0):
 garbage-first heap   total 189440K, used 162894K [0x0000000080000000, 0x0000000100000000)
  region size 1024K, 53 young (54272K), 2 survivors (2048K)
 Metaspace       used 87643K, committed 88320K, reserved 1179648K
  class space    used 12103K, committed 12416K, reserved 1048576K
}
Event: 21.379 GC heap after
{Heap after GC invocations=45 (full 0):
 garbage-first heap   total 288768K, used 106159K [0x0000000080000000, 0x0000000100000000)
  region size 1024K, 7 young (7168K), 7 survivors (7168K)
 Metaspace       used 87643K, committed 88320K, reserved 1179648K
  class space    used 12103K, committed 12416K, reserved 1048576K
}
Event: 22.298 GC heap before
{Heap before GC invocations=46 (full 0):
 garbage-first heap   total 288768K, used 244399K [0x0000000080000000, 0x0000000100000000)
  region size 1024K, 119 young (121856K), 7 survivors (7168K)
 Metaspace       used 88128K, committed 88832K, reserved 1179648K
  class space    used 12136K, committed 12480K, reserved 1048576K
}
Event: 22.313 GC heap after
{Heap after GC invocations=47 (full 0):
 garbage-first heap   total 288768K, used 115655K [0x0000000080000000, 0x0000000100000000)
  region size 1024K, 15 young (15360K), 15 survivors (15360K)
 Metaspace       used 88128K, committed 88832K, reserved 1179648K
  class space    used 12136K, committed 12480K, reserved 1048576K
}
Event: 22.323 GC heap before
{Heap before GC invocations=47 (full 0):
 garbage-first heap   total 288768K, used 116679K [0x0000000080000000, 0x0000000100000000)
  region size 1024K, 16 young (16384K), 15 survivors (15360K)
 Metaspace       used 88130K, committed 88832K, reserved 1179648K
  class space    used 12136K, committed 12480K, reserved 1048576K
}
Event: 22.334 GC heap after
{Heap after GC invocations=48 (full 0):
 garbage-first heap   total 288768K, used 116140K [0x0000000080000000, 0x0000000100000000)
  region size 1024K, 2 young (2048K), 2 survivors (2048K)
 Metaspace       used 88130K, committed 88832K, reserved 1179648K
  class space    used 12136K, committed 12480K, reserved 1048576K
}
Event: 23.347 GC heap before
{Heap before GC invocations=48 (full 0):
 garbage-first heap   total 288768K, used 232876K [0x0000000080000000, 0x0000000100000000)
  region size 1024K, 104 young (106496K), 2 survivors (2048K)
 Metaspace       used 91116K, committed 91776K, reserved 1179648K
  class space    used 12494K, committed 12800K, reserved 1048576K
}
Event: 23.356 GC heap after
{Heap after GC invocations=49 (full 0):
 garbage-first heap   total 288768K, used 122423K [0x0000000080000000, 0x0000000100000000)
  region size 1024K, 9 young (9216K), 9 survivors (9216K)
 Metaspace       used 91116K, committed 91776K, reserved 1179648K
  class space    used 12494K, committed 12800K, reserved 1048576K
}
Event: 24.081 GC heap before
{Heap before GC invocations=49 (full 0):
 garbage-first heap   total 288768K, used 168503K [0x0000000080000000, 0x0000000100000000)
  region size 1024K, 54 young (55296K), 9 survivors (9216K)
 Metaspace       used 95787K, committed 96448K, reserved 1179648K
  class space    used 13096K, committed 13440K, reserved 1048576K
}
Event: 24.089 GC heap after
{Heap after GC invocations=50 (full 0):
 garbage-first heap   total 288768K, used 128619K [0x0000000080000000, 0x0000000100000000)
  region size 1024K, 5 young (5120K), 5 survivors (5120K)
 Metaspace       used 95787K, committed 96448K, reserved 1179648K
  class space    used 13096K, committed 13440K, reserved 1048576K
}
Event: 24.701 GC heap before
{Heap before GC invocations=50 (full 0):
 garbage-first heap   total 288768K, used 182891K [0x0000000080000000, 0x0000000100000000)
  region size 1024K, 7 young (7168K), 5 survivors (5120K)
 Metaspace       used 95824K, committed 96512K, reserved 1179648K
  class space    used 13102K, committed 13440K, reserved 1048576K
}
Event: 24.704 GC heap after
{Heap after GC invocations=51 (full 0):
 garbage-first heap   total 288768K, used 127255K [0x0000000080000000, 0x0000000100000000)
  region size 1024K, 5 young (5120K), 5 survivors (5120K)
 Metaspace       used 95824K, committed 96512K, reserved 1179648K
  class space    used 13102K, committed 13440K, reserved 1048576K
}
Event: 24.783 GC heap before
{Heap before GC invocations=51 (full 0):
 garbage-first heap   total 288768K, used 165143K [0x0000000080000000, 0x0000000100000000)
  region size 1024K, 7 young (7168K), 5 survivors (5120K)
 Metaspace       used 95976K, committed 96640K, reserved 1179648K
  class space    used 13125K, committed 13440K, reserved 1048576K
}
Event: 24.786 GC heap after
{Heap after GC invocations=52 (full 0):
 garbage-first heap   total 288768K, used 143774K [0x0000000080000000, 0x0000000100000000)
  region size 1024K, 5 young (5120K), 5 survivors (5120K)
 Metaspace       used 95976K, committed 96640K, reserved 1179648K
  class space    used 13125K, committed 13440K, reserved 1048576K
}
Event: 24.811 GC heap before
{Heap before GC invocations=52 (full 0):
 garbage-first heap   total 288768K, used 164254K [0x0000000080000000, 0x0000000100000000)
  region size 1024K, 6 young (6144K), 5 survivors (5120K)
 Metaspace       used 95976K, committed 96640K, reserved 1179648K
  class space    used 13125K, committed 13440K, reserved 1048576K
}
Event: 24.815 GC heap after
{Heap after GC invocations=53 (full 0):
 garbage-first heap   total 288768K, used 149996K [0x0000000080000000, 0x0000000100000000)
  region size 1024K, 5 young (5120K), 5 survivors (5120K)
 Metaspace       used 95976K, committed 96640K, reserved 1179648K
  class space    used 13125K, committed 13440K, reserved 1048576K
}
Event: 24.818 GC heap before
{Heap before GC invocations=53 (full 0):
 garbage-first heap   total 288768K, used 160236K [0x0000000080000000, 0x0000000100000000)
  region size 1024K, 6 young (6144K), 5 survivors (5120K)
 Metaspace       used 95976K, committed 96640K, reserved 1179648K
  class space    used 13125K, committed 13440K, reserved 1048576K
}
Event: 24.822 GC heap after
{Heap after GC invocations=54 (full 0):
 garbage-first heap   total 288768K, used 151830K [0x0000000080000000, 0x0000000100000000)
  region size 1024K, 5 young (5120K), 5 survivors (5120K)
 Metaspace       used 95976K, committed 96640K, reserved 1179648K
  class space    used 13125K, committed 13440K, reserved 1048576K
}
Event: 24.827 GC heap before
{Heap before GC invocations=54 (full 0):
 garbage-first heap   total 288768K, used 155926K [0x0000000080000000, 0x0000000100000000)
  region size 1024K, 6 young (6144K), 5 survivors (5120K)
 Metaspace       used 95976K, committed 96640K, reserved 1179648K
  class space    used 13125K, committed 13440K, reserved 1048576K
}

