# JRE version: OpenJDK Runtime Environment (17.0.7) (build 17.0.7+0-b2043.56-10550314)
# Java VM: OpenJDK 64-Bit Server VM (17.0.7+0-b2043.56-10550314, mixed mode, tiered, compressed oops, compressed class ptrs, g1 gc, windows-amd64)
GC Precious Log:
 CPUs: 8 total, 8 available
 Memory: 7969M
 Large Page Support: Disabled
 NUMA Support: Disabled
 Compressed Oops: Enabled (32-bit)
 Heap Region Size: 1M
 Heap Min Capacity: 8M
 Heap Initial Capacity: 126M
 Heap Max Capacity: 2G
 Pre-touch: Disabled
 Parallel Workers: 8
 Concurrent Workers: 2
 Concurrent Refinement Workers: 8
 Periodic GC: Disabled
Heap:
 garbage-first heap   total 339968K, used 331695K [0x0000000080000000, 0x0000000100000000)
  region size 1024K, 7 young (7168K), 4 survivors (4096K)
 Metaspace       used 124210K, committed 125056K, reserved 1179648K
  class space    used 17040K, committed 17472K, reserved 1048576K
GC Heap History (20 events):
Event: 129.094 GC heap before
{Heap before GC invocations=50 (full 0):
 garbage-first heap   total 218112K, used 182058K [0x0000000080000000, 0x0000000100000000)
  region size 1024K, 29 young (29696K), 2 survivors (2048K)
 Metaspace       used 106102K, committed 106816K, reserved 1179648K
  class space    used 14432K, committed 14784K, reserved 1048576K
}
Event: 129.098 GC heap after
{Heap after GC invocations=51 (full 0):
 garbage-first heap   total 218112K, used 156069K [0x0000000080000000, 0x0000000100000000)
  region size 1024K, 2 young (2048K), 2 survivors (2048K)
 Metaspace       used 106102K, committed 106816K, reserved 1179648K
  class space    used 14432K, committed 14784K, reserved 1048576K
}
Event: 129.498 GC heap before
{Heap before GC invocations=51 (full 0):
 garbage-first heap   total 218112K, used 183717K [0x0000000080000000, 0x0000000100000000)
  region size 1024K, 30 young (30720K), 2 survivors (2048K)
 Metaspace       used 110038K, committed 110720K, reserved 1179648K
  class space    used 15025K, committed 15360K, reserved 1048576K
}
Event: 129.502 GC heap after
{Heap after GC invocations=52 (full 0):
 garbage-first heap   total 218112K, used 156632K [0x0000000080000000, 0x0000000100000000)
  region size 1024K, 3 young (3072K), 3 survivors (3072K)
 Metaspace       used 110038K, committed 110720K, reserved 1179648K
  class space    used 15025K, committed 15360K, reserved 1048576K
}
Event: 129.886 GC heap before
{Heap before GC invocations=52 (full 0):
 garbage-first heap   total 218112K, used 185304K [0x0000000080000000, 0x0000000100000000)
  region size 1024K, 32 young (32768K), 3 survivors (3072K)
 Metaspace       used 114214K, committed 114880K, reserved 1179648K
  class space    used 15692K, committed 16000K, reserved 1048576K
}
Event: 129.889 GC heap after
{Heap after GC invocations=53 (full 0):
 garbage-first heap   total 218112K, used 157734K [0x0000000080000000, 0x0000000100000000)
  region size 1024K, 3 young (3072K), 3 survivors (3072K)
 Metaspace       used 114214K, committed 114880K, reserved 1179648K
  class space    used 15692K, committed 16000K, reserved 1048576K
}
Event: 130.063 GC heap before
{Heap before GC invocations=53 (full 0):
 garbage-first heap   total 218112K, used 166950K [0x0000000080000000, 0x0000000100000000)
  region size 1024K, 14 young (14336K), 3 survivors (3072K)
 Metaspace       used 115040K, committed 115776K, reserved 1179648K
  class space    used 15827K, committed 16192K, reserved 1048576K
}
Event: 130.068 GC heap after
{Heap after GC invocations=54 (full 0):
 garbage-first heap   total 218112K, used 157823K [0x0000000080000000, 0x0000000100000000)
  region size 1024K, 3 young (3072K), 3 survivors (3072K)
 Metaspace       used 115040K, committed 115776K, reserved 1179648K
  class space    used 15827K, committed 16192K, reserved 1048576K
}
Event: 130.589 GC heap before
{Heap before GC invocations=55 (full 0):
 garbage-first heap   total 276480K, used 180351K [0x0000000080000000, 0x0000000100000000)
  region size 1024K, 28 young (28672K), 3 survivors (3072K)
 Metaspace       used 117971K, committed 118720K, reserved 1179648K
  class space    used 16375K, committed 16704K, reserved 1048576K
}
Event: 130.593 GC heap after
{Heap after GC invocations=56 (full 0):
 garbage-first heap   total 276480K, used 156363K [0x0000000080000000, 0x0000000100000000)
  region size 1024K, 3 young (3072K), 3 survivors (3072K)
 Metaspace       used 117971K, committed 118720K, reserved 1179648K
  class space    used 16375K, committed 16704K, reserved 1048576K
}
Event: 130.723 GC heap before
{Heap before GC invocations=56 (full 0):
 garbage-first heap   total 276480K, used 165579K [0x0000000080000000, 0x0000000100000000)
  region size 1024K, 13 young (13312K), 3 survivors (3072K)
 Metaspace       used 119266K, committed 120000K, reserved 1179648K
  class space    used 16527K, committed 16832K, reserved 1048576K
}
Event: 130.739 GC heap after
{Heap after GC invocations=57 (full 0):
 garbage-first heap   total 276480K, used 135197K [0x0000000080000000, 0x0000000100000000)
  region size 1024K, 2 young (2048K), 2 survivors (2048K)
 Metaspace       used 119266K, committed 120000K, reserved 1179648K
  class space    used 16527K, committed 16832K, reserved 1048576K
}
Event: 131.466 GC heap before
{Heap before GC invocations=57 (full 0):
 garbage-first heap   total 339968K, used 331805K [0x0000000080000000, 0x0000000100000000)
  region size 1024K, 35 young (35840K), 2 survivors (2048K)
 Metaspace       used 122104K, committed 122880K, reserved 1179648K
  class space    used 16918K, committed 17280K, reserved 1048576K
}
Event: 131.471 GC heap after
{Heap after GC invocations=58 (full 0):
 garbage-first heap   total 339968K, used 138197K [0x0000000080000000, 0x0000000100000000)
  region size 1024K, 5 young (5120K), 5 survivors (5120K)
 Metaspace       used 122104K, committed 122880K, reserved 1179648K
  class space    used 16918K, committed 17280K, reserved 1048576K
}
Event: 269.549 GC heap before
{Heap before GC invocations=59 (full 0):
 garbage-first heap   total 339968K, used 283605K [0x0000000080000000, 0x0000000100000000)
  region size 1024K, 146 young (149504K), 5 survivors (5120K)
 Metaspace       used 123017K, committed 123840K, reserved 1179648K
  class space    used 16949K, committed 17344K, reserved 1048576K
}
Event: 269.567 GC heap after
{Heap after GC invocations=60 (full 0):
 garbage-first heap   total 339968K, used 163749K [0x0000000080000000, 0x0000000100000000)
  region size 1024K, 19 young (19456K), 19 survivors (19456K)
 Metaspace       used 123017K, committed 123840K, reserved 1179648K
  class space    used 16949K, committed 17344K, reserved 1048576K
}
Event: 269.572 GC heap before
{Heap before GC invocations=60 (full 0):
 garbage-first heap   total 339968K, used 164773K [0x0000000080000000, 0x0000000100000000)
  region size 1024K, 20 young (20480K), 19 survivors (19456K)
 Metaspace       used 123018K, committed 123840K, reserved 1179648K
  class space    used 16949K, committed 17344K, reserved 1048576K
}
Event: 269.588 GC heap after
{Heap after GC invocations=61 (full 0):
 garbage-first heap   total 339968K, used 163852K [0x0000000080000000, 0x0000000100000000)
  region size 1024K, 2 young (2048K), 2 survivors (2048K)
 Metaspace       used 123018K, committed 123840K, reserved 1179648K
  class space    used 16949K, committed 17344K, reserved 1048576K
}
Event: 270.731 GC heap before
{Heap before GC invocations=61 (full 0):
 garbage-first heap   total 339968K, used 225292K [0x0000000080000000, 0x0000000100000000)
  region size 1024K, 64 young (65536K), 2 survivors (2048K)
 Metaspace       used 124208K, committed 125056K, reserved 1179648K
  class space    used 17040K, committed 17472K, reserved 1048576K
}
Event: 270.737 GC heap after
{Heap after GC invocations=62 (full 0):
 garbage-first heap   total 339968K, used 165807K [0x0000000080000000, 0x0000000100000000)
  region size 1024K, 4 young (4096K), 4 survivors (4096K)
 Metaspace       used 124208K, committed 125056K, reserved 1179648K
  class space    used 17040K, committed 17472K, reserved 1048576K
}

