# JRE version: OpenJDK Runtime Environment (17.0.7) (build 17.0.7+0-b2043.56-10550314)
# Java VM: OpenJDK 64-Bit Server VM (17.0.7+0-b2043.56-10550314, mixed mode, tiered, compressed oops, compressed class ptrs, g1 gc, windows-amd64)
GC Precious Log:
 CPUs: 8 total, 8 available
 Memory: 7969M
 Large Page Support: Disabled
 NUMA Support: Disabled
 Compressed Oops: Enabled (32-bit)
 Heap Region Size: 1M
 Heap Min Capacity: 8M
 Heap Initial Capacity: 126M
 Heap Max Capacity: 2G
 Pre-touch: Disabled
 Parallel Workers: 8
 Concurrent Workers: 2
 Concurrent Refinement Workers: 8
 Periodic GC: Disabled
Heap:
 garbage-first heap   total 391168K, used 149613K [0x0000000080000000, 0x0000000100000000)
  region size 1024K, 13 young (13312K), 13 survivors (13312K)
 Metaspace       used 124856K, committed 125760K, reserved 1179648K
  class space    used 17222K, committed 17664K, reserved 1048576K
GC Heap History (20 events):
Event: 15.437 GC heap after
{Heap after GC invocations=51 (full 0):
 garbage-first heap   total 195584K, used 106841K [0x0000000080000000, 0x0000000100000000)
  region size 1024K, 8 young (8192K), 8 survivors (8192K)
 Metaspace       used 87653K, committed 88320K, reserved 1179648K
  class space    used 12107K, committed 12416K, reserved 1048576K
}
Event: 15.864 GC heap before
{Heap before GC invocations=51 (full 0):
 garbage-first heap   total 195584K, used 169305K [0x0000000080000000, 0x0000000100000000)
  region size 1024K, 58 young (59392K), 8 survivors (8192K)
 Metaspace       used 87947K, committed 88576K, reserved 1179648K
  class space    used 12122K, committed 12416K, reserved 1048576K
}
Event: 15.872 GC heap after
{Heap after GC invocations=52 (full 0):
 garbage-first heap   total 195584K, used 112938K [0x0000000080000000, 0x0000000100000000)
  region size 1024K, 8 young (8192K), 8 survivors (8192K)
 Metaspace       used 87947K, committed 88576K, reserved 1179648K
  class space    used 12122K, committed 12416K, reserved 1048576K
}
Event: 16.171 GC heap before
{Heap before GC invocations=52 (full 0):
 garbage-first heap   total 195584K, used 164138K [0x0000000080000000, 0x0000000100000000)
  region size 1024K, 51 young (52224K), 8 survivors (8192K)
 Metaspace       used 88093K, committed 88704K, reserved 1179648K
  class space    used 12139K, committed 12416K, reserved 1048576K
}
Event: 16.177 GC heap after
{Heap after GC invocations=53 (full 0):
 garbage-first heap   total 195584K, used 116931K [0x0000000080000000, 0x0000000100000000)
  region size 1024K, 6 young (6144K), 6 survivors (6144K)
 Metaspace       used 88093K, committed 88704K, reserved 1179648K
  class space    used 12139K, committed 12416K, reserved 1048576K
}
Event: 16.442 GC heap before
{Heap before GC invocations=53 (full 0):
 garbage-first heap   total 195584K, used 161987K [0x0000000080000000, 0x0000000100000000)
  region size 1024K, 47 young (48128K), 6 survivors (6144K)
 Metaspace       used 88137K, committed 88768K, reserved 1179648K
  class space    used 12142K, committed 12480K, reserved 1048576K
}
Event: 16.461 GC heap after
{Heap after GC invocations=54 (full 0):
 garbage-first heap   total 391168K, used 119964K [0x0000000080000000, 0x0000000100000000)
  region size 1024K, 5 young (5120K), 5 survivors (5120K)
 Metaspace       used 88137K, committed 88768K, reserved 1179648K
  class space    used 12142K, committed 12480K, reserved 1048576K
}
Event: 142.854 GC heap before
{Heap before GC invocations=54 (full 0):
 garbage-first heap   total 391168K, used 300188K [0x0000000080000000, 0x0000000100000000)
  region size 1024K, 173 young (177152K), 5 survivors (5120K)
 Metaspace       used 93125K, committed 93824K, reserved 1179648K
  class space    used 12697K, committed 13056K, reserved 1048576K
}
Event: 142.870 GC heap after
{Heap after GC invocations=55 (full 0):
 garbage-first heap   total 391168K, used 135303K [0x0000000080000000, 0x0000000100000000)
  region size 1024K, 20 young (20480K), 20 survivors (20480K)
 Metaspace       used 93125K, committed 93824K, reserved 1179648K
  class space    used 12697K, committed 13056K, reserved 1048576K
}
Event: 146.162 GC heap before
{Heap before GC invocations=55 (full 0):
 garbage-first heap   total 391168K, used 291975K [0x0000000080000000, 0x0000000100000000)
  region size 1024K, 172 young (176128K), 20 survivors (20480K)
 Metaspace       used 103327K, committed 104064K, reserved 1179648K
  class space    used 13939K, committed 14272K, reserved 1048576K
}
Event: 146.176 GC heap after
{Heap after GC invocations=56 (full 0):
 garbage-first heap   total 391168K, used 141175K [0x0000000080000000, 0x0000000100000000)
  region size 1024K, 6 young (6144K), 6 survivors (6144K)
 Metaspace       used 103327K, committed 104064K, reserved 1179648K
  class space    used 13939K, committed 14272K, reserved 1048576K
}
Event: 149.050 GC heap before
{Heap before GC invocations=56 (full 0):
 garbage-first heap   total 391168K, used 303991K [0x0000000080000000, 0x0000000100000000)
  region size 1024K, 166 young (169984K), 6 survivors (6144K)
 Metaspace       used 123386K, committed 124224K, reserved 1179648K
  class space    used 17089K, committed 17472K, reserved 1048576K
}
Event: 149.061 GC heap after
{Heap after GC invocations=57 (full 0):
 garbage-first heap   total 391168K, used 144119K [0x0000000080000000, 0x0000000100000000)
  region size 1024K, 11 young (11264K), 11 survivors (11264K)
 Metaspace       used 123386K, committed 124224K, reserved 1179648K
  class space    used 17089K, committed 17472K, reserved 1048576K
}
Event: 149.193 GC heap before
{Heap before GC invocations=57 (full 0):
 garbage-first heap   total 391168K, used 198391K [0x0000000080000000, 0x0000000100000000)
  region size 1024K, 16 young (16384K), 11 survivors (11264K)
 Metaspace       used 123790K, committed 124544K, reserved 1179648K
  class space    used 17145K, committed 17472K, reserved 1048576K
}
Event: 149.201 GC heap after
{Heap after GC invocations=58 (full 0):
 garbage-first heap   total 391168K, used 169016K [0x0000000080000000, 0x0000000100000000)
  region size 1024K, 11 young (11264K), 11 survivors (11264K)
 Metaspace       used 123790K, committed 124544K, reserved 1179648K
  class space    used 17145K, committed 17472K, reserved 1048576K
}
Event: 149.251 GC heap before
{Heap before GC invocations=58 (full 0):
 garbage-first heap   total 391168K, used 230456K [0x0000000080000000, 0x0000000100000000)
  region size 1024K, 12 young (12288K), 11 survivors (11264K)
 Metaspace       used 123790K, committed 124544K, reserved 1179648K
  class space    used 17145K, committed 17472K, reserved 1048576K
}
Event: 149.260 GC heap after
{Heap after GC invocations=59 (full 0):
 garbage-first heap   total 391168K, used 171329K [0x0000000080000000, 0x0000000100000000)
  region size 1024K, 8 young (8192K), 8 survivors (8192K)
 Metaspace       used 123790K, committed 124544K, reserved 1179648K
  class space    used 17145K, committed 17472K, reserved 1048576K
}
Event: 149.301 GC heap before
{Heap before GC invocations=59 (full 0):
 garbage-first heap   total 391168K, used 220481K [0x0000000080000000, 0x0000000100000000)
  region size 1024K, 9 young (9216K), 8 survivors (8192K)
 Metaspace       used 123790K, committed 124544K, reserved 1179648K
  class space    used 17145K, committed 17472K, reserved 1048576K
}
Event: 149.309 GC heap after
{Heap after GC invocations=60 (full 0):
 garbage-first heap   total 391168K, used 169118K [0x0000000080000000, 0x0000000100000000)
  region size 1024K, 8 young (8192K), 8 survivors (8192K)
 Metaspace       used 123790K, committed 124544K, reserved 1179648K
  class space    used 17145K, committed 17472K, reserved 1048576K
}
Event: 747.652 GC heap before
{Heap before GC invocations=60 (full 0):
 garbage-first heap   total 391168K, used 307358K [0x0000000080000000, 0x0000000100000000)
  region size 1024K, 143 young (146432K), 8 survivors (8192K)
 Metaspace       used 124856K, committed 125760K, reserved 1179648K
  class space    used 17222K, committed 17664K, reserved 1048576K
}

