# JRE version: OpenJDK Runtime Environment (17.0.7) (build 17.0.7+0-b2043.56-10550314)
# Java VM: OpenJDK 64-Bit Server VM (17.0.7+0-b2043.56-10550314, mixed mode, tiered, compressed oops, compressed class ptrs, g1 gc, windows-amd64)
GC Precious Log:
 CPUs: 8 total, 8 available
 Memory: 7969M
 Large Page Support: Disabled
 NUMA Support: Disabled
 Compressed Oops: Enabled (32-bit)
 Heap Region Size: 1M
 Heap Min Capacity: 8M
 Heap Initial Capacity: 126M
 Heap Max Capacity: 2G
 Pre-touch: Disabled
 Parallel Workers: 8
 Concurrent Workers: 2
 Concurrent Refinement Workers: 8
 Periodic GC: Disabled
Heap:
 garbage-first heap   total 179200K, used 94901K [0x0000000080000000, 0x0000000100000000)
  region size 1024K, 1 young (1024K), 1 survivors (1024K)
 Metaspace       used 87214K, committed 87872K, reserved 1179648K
  class space    used 12081K, committed 12416K, reserved 1048576K
GC Heap History (20 events):
Event: 7.508 GC heap after
{Heap after GC invocations=22 (full 0):
 garbage-first heap   total 161792K, used 52212K [0x0000000080000000, 0x0000000100000000)
  region size 1024K, 1 young (1024K), 1 survivors (1024K)
 Metaspace       used 57350K, committed 57792K, reserved 1114112K
  class space    used 7632K, committed 7808K, reserved 1048576K
}
Event: 8.728 GC heap before
{Heap before GC invocations=22 (full 0):
 garbage-first heap   total 161792K, used 124916K [0x0000000080000000, 0x0000000100000000)
  region size 1024K, 66 young (67584K), 1 survivors (1024K)
 Metaspace       used 64696K, committed 65216K, reserved 1114112K
  class space    used 8624K, committed 8832K, reserved 1048576K
}
Event: 8.733 GC heap after
{Heap after GC invocations=23 (full 0):
 garbage-first heap   total 161792K, used 57464K [0x0000000080000000, 0x0000000100000000)
  region size 1024K, 6 young (6144K), 6 survivors (6144K)
 Metaspace       used 64696K, committed 65216K, reserved 1114112K
  class space    used 8624K, committed 8832K, reserved 1048576K
}
Event: 9.648 GC heap before
{Heap before GC invocations=23 (full 0):
 garbage-first heap   total 161792K, used 125048K [0x0000000080000000, 0x0000000100000000)
  region size 1024K, 72 young (73728K), 6 survivors (6144K)
 Metaspace       used 68442K, committed 68992K, reserved 1114112K
  class space    used 9116K, committed 9408K, reserved 1048576K
}
Event: 9.655 GC heap after
{Heap after GC invocations=24 (full 0):
 garbage-first heap   total 161792K, used 62271K [0x0000000080000000, 0x0000000100000000)
  region size 1024K, 5 young (5120K), 5 survivors (5120K)
 Metaspace       used 68442K, committed 68992K, reserved 1114112K
  class space    used 9116K, committed 9408K, reserved 1048576K
}
Event: 10.395 GC heap before
{Heap before GC invocations=24 (full 0):
 garbage-first heap   total 161792K, used 127807K [0x0000000080000000, 0x0000000100000000)
  region size 1024K, 68 young (69632K), 5 survivors (5120K)
 Metaspace       used 71512K, committed 72064K, reserved 1114112K
  class space    used 9561K, committed 9856K, reserved 1048576K
}
Event: 10.405 GC heap after
{Heap after GC invocations=25 (full 0):
 garbage-first heap   total 161792K, used 65718K [0x0000000080000000, 0x0000000100000000)
  region size 1024K, 4 young (4096K), 4 survivors (4096K)
 Metaspace       used 71512K, committed 72064K, reserved 1114112K
  class space    used 9561K, committed 9856K, reserved 1048576K
}
Event: 11.332 GC heap before
{Heap before GC invocations=25 (full 0):
 garbage-first heap   total 161792K, used 128182K [0x0000000080000000, 0x0000000100000000)
  region size 1024K, 65 young (66560K), 4 survivors (4096K)
 Metaspace       used 76659K, committed 77248K, reserved 1179648K
  class space    used 10456K, committed 10752K, reserved 1048576K
}
Event: 11.342 GC heap after
{Heap after GC invocations=26 (full 0):
 garbage-first heap   total 161792K, used 68545K [0x0000000080000000, 0x0000000100000000)
  region size 1024K, 7 young (7168K), 7 survivors (7168K)
 Metaspace       used 76659K, committed 77248K, reserved 1179648K
  class space    used 10456K, committed 10752K, reserved 1048576K
}
Event: 12.261 GC heap before
{Heap before GC invocations=26 (full 0):
 garbage-first heap   total 161792K, used 129985K [0x0000000080000000, 0x0000000100000000)
  region size 1024K, 67 young (68608K), 7 survivors (7168K)
 Metaspace       used 82466K, committed 83136K, reserved 1179648K
  class space    used 11310K, committed 11648K, reserved 1048576K
}
Event: 12.268 GC heap after
{Heap after GC invocations=27 (full 0):
 garbage-first heap   total 161792K, used 71949K [0x0000000080000000, 0x0000000100000000)
  region size 1024K, 7 young (7168K), 7 survivors (7168K)
 Metaspace       used 82466K, committed 83136K, reserved 1179648K
  class space    used 11310K, committed 11648K, reserved 1048576K
}
Event: 12.898 GC heap before
{Heap before GC invocations=27 (full 0):
 garbage-first heap   total 161792K, used 131341K [0x0000000080000000, 0x0000000100000000)
  region size 1024K, 65 young (66560K), 7 survivors (7168K)
 Metaspace       used 84254K, committed 84864K, reserved 1179648K
  class space    used 11555K, committed 11840K, reserved 1048576K
}
Event: 12.911 GC heap after
{Heap after GC invocations=28 (full 0):
 garbage-first heap   total 161792K, used 78807K [0x0000000080000000, 0x0000000100000000)
  region size 1024K, 9 young (9216K), 9 survivors (9216K)
 Metaspace       used 84254K, committed 84864K, reserved 1179648K
  class space    used 11555K, committed 11840K, reserved 1048576K
}
Event: 14.027 GC heap before
{Heap before GC invocations=28 (full 0):
 garbage-first heap   total 161792K, used 130007K [0x0000000080000000, 0x0000000100000000)
  region size 1024K, 60 young (61440K), 9 survivors (9216K)
 Metaspace       used 87025K, committed 87680K, reserved 1179648K
  class space    used 12078K, committed 12416K, reserved 1048576K
}
Event: 14.039 GC heap after
{Heap after GC invocations=29 (full 0):
 garbage-first heap   total 161792K, used 87388K [0x0000000080000000, 0x0000000100000000)
  region size 1024K, 8 young (8192K), 8 survivors (8192K)
 Metaspace       used 87025K, committed 87680K, reserved 1179648K
  class space    used 12078K, committed 12416K, reserved 1048576K
}
Event: 14.243 GC heap before
{Heap before GC invocations=29 (full 0):
 garbage-first heap   total 161792K, used 129372K [0x0000000080000000, 0x0000000100000000)
  region size 1024K, 50 young (51200K), 8 survivors (8192K)
 Metaspace       used 87200K, committed 87872K, reserved 1179648K
  class space    used 12080K, committed 12416K, reserved 1048576K
}
Event: 14.250 GC heap after
{Heap after GC invocations=30 (full 0):
 garbage-first heap   total 161792K, used 92282K [0x0000000080000000, 0x0000000100000000)
  region size 1024K, 7 young (7168K), 7 survivors (7168K)
 Metaspace       used 87200K, committed 87872K, reserved 1179648K
  class space    used 12080K, committed 12416K, reserved 1048576K
}
Event: 14.463 GC heap before
{Heap before GC invocations=31 (full 0):
 garbage-first heap   total 179200K, used 131194K [0x0000000080000000, 0x0000000100000000)
  region size 1024K, 45 young (46080K), 7 survivors (7168K)
 Metaspace       used 87214K, committed 87872K, reserved 1179648K
  class space    used 12081K, committed 12416K, reserved 1048576K
}
Event: 14.471 GC heap after
{Heap after GC invocations=32 (full 0):
 garbage-first heap   total 179200K, used 95710K [0x0000000080000000, 0x0000000100000000)
  region size 1024K, 6 young (6144K), 6 survivors (6144K)
 Metaspace       used 87214K, committed 87872K, reserved 1179648K
  class space    used 12081K, committed 12416K, reserved 1048576K
}
Event: 14.480 GC heap before
{Heap before GC invocations=32 (full 0):
 garbage-first heap   total 179200K, used 97758K [0x0000000080000000, 0x0000000100000000)
  region size 1024K, 8 young (8192K), 6 survivors (6144K)
 Metaspace       used 87214K, committed 87872K, reserved 1179648K
  class space    used 12081K, committed 12416K, reserved 1048576K
}

