# JRE version: OpenJDK Runtime Environment (17.0.7) (build 17.0.7+0-b2043.56-10550314)
# Java VM: OpenJDK 64-Bit Server VM (17.0.7+0-b2043.56-10550314, mixed mode, tiered, compressed oops, compressed class ptrs, g1 gc, windows-amd64)
GC Precious Log:
 CPUs: 8 total, 8 available
 Memory: 7969M
 Large Page Support: Disabled
 NUMA Support: Disabled
 Compressed Oops: Enabled (32-bit)
 Heap Region Size: 1M
 Heap Min Capacity: 8M
 Heap Initial Capacity: 126M
 Heap Max Capacity: 2G
 Pre-touch: Disabled
 Parallel Workers: 8
 Concurrent Workers: 2
 Concurrent Refinement Workers: 8
 Periodic GC: Disabled
Heap:
 garbage-first heap   total 140288K, used 93525K [0x0000000080000000, 0x0000000100000000)
  region size 1024K, 4 young (4096K), 4 survivors (4096K)
 Metaspace       used 87145K, committed 87872K, reserved 1179648K
  class space    used 12076K, committed 12416K, reserved 1048576K
GC Heap History (20 events):
Event: 9.439 GC heap after
{Heap after GC invocations=37 (full 0):
 garbage-first heap   total 140288K, used 65736K [0x0000000080000000, 0x0000000100000000)
  region size 1024K, 4 young (4096K), 4 survivors (4096K)
 Metaspace       used 71608K, committed 72192K, reserved 1114112K
  class space    used 9582K, committed 9856K, reserved 1048576K
}
Event: 9.456 GC heap before
{Heap before GC invocations=37 (full 0):
 garbage-first heap   total 140288K, used 67784K [0x0000000080000000, 0x0000000100000000)
  region size 1024K, 6 young (6144K), 4 survivors (4096K)
 Metaspace       used 71769K, committed 72320K, reserved 1114112K
  class space    used 9617K, committed 9856K, reserved 1048576K
}
Event: 9.459 GC heap after
{Heap after GC invocations=38 (full 0):
 garbage-first heap   total 140288K, used 65697K [0x0000000080000000, 0x0000000100000000)
  region size 1024K, 1 young (1024K), 1 survivors (1024K)
 Metaspace       used 71769K, committed 72320K, reserved 1114112K
  class space    used 9617K, committed 9856K, reserved 1048576K
}
Event: 10.022 GC heap before
{Heap before GC invocations=38 (full 0):
 garbage-first heap   total 140288K, used 108705K [0x0000000080000000, 0x0000000100000000)
  region size 1024K, 43 young (44032K), 1 survivors (1024K)
 Metaspace       used 75230K, committed 75840K, reserved 1179648K
  class space    used 10262K, committed 10560K, reserved 1048576K
}
Event: 10.026 GC heap after
{Heap after GC invocations=39 (full 0):
 garbage-first heap   total 140288K, used 66990K [0x0000000080000000, 0x0000000100000000)
  region size 1024K, 2 young (2048K), 2 survivors (2048K)
 Metaspace       used 75230K, committed 75840K, reserved 1179648K
  class space    used 10262K, committed 10560K, reserved 1048576K
}
Event: 10.686 GC heap before
{Heap before GC invocations=40 (full 0):
 garbage-first heap   total 140288K, used 111022K [0x0000000080000000, 0x0000000100000000)
  region size 1024K, 45 young (46080K), 2 survivors (2048K)
 Metaspace       used 78604K, committed 79232K, reserved 1179648K
  class space    used 10754K, committed 11072K, reserved 1048576K
}
Event: 10.690 GC heap after
{Heap after GC invocations=41 (full 0):
 garbage-first heap   total 140288K, used 69634K [0x0000000080000000, 0x0000000100000000)
  region size 1024K, 5 young (5120K), 5 survivors (5120K)
 Metaspace       used 78604K, committed 79232K, reserved 1179648K
  class space    used 10754K, committed 11072K, reserved 1048576K
}
Event: 10.700 GC heap before
{Heap before GC invocations=41 (full 0):
 garbage-first heap   total 140288K, used 70658K [0x0000000080000000, 0x0000000100000000)
  region size 1024K, 6 young (6144K), 5 survivors (5120K)
 Metaspace       used 78684K, committed 79296K, reserved 1179648K
  class space    used 10773K, committed 11072K, reserved 1048576K
}
Event: 10.703 GC heap after
{Heap after GC invocations=42 (full 0):
 garbage-first heap   total 140288K, used 69753K [0x0000000080000000, 0x0000000100000000)
  region size 1024K, 1 young (1024K), 1 survivors (1024K)
 Metaspace       used 78684K, committed 79296K, reserved 1179648K
  class space    used 10773K, committed 11072K, reserved 1048576K
}
Event: 11.416 GC heap before
{Heap before GC invocations=42 (full 0):
 garbage-first heap   total 140288K, used 112761K [0x0000000080000000, 0x0000000100000000)
  region size 1024K, 43 young (44032K), 1 survivors (1024K)
 Metaspace       used 82951K, committed 83584K, reserved 1179648K
  class space    used 11379K, committed 11648K, reserved 1048576K
}
Event: 11.418 GC heap after
{Heap after GC invocations=43 (full 0):
 garbage-first heap   total 140288K, used 71523K [0x0000000080000000, 0x0000000100000000)
  region size 1024K, 3 young (3072K), 3 survivors (3072K)
 Metaspace       used 82951K, committed 83584K, reserved 1179648K
  class space    used 11379K, committed 11648K, reserved 1048576K
}
Event: 11.812 GC heap before
{Heap before GC invocations=44 (full 0):
 garbage-first heap   total 140288K, used 113507K [0x0000000080000000, 0x0000000100000000)
  region size 1024K, 44 young (45056K), 3 survivors (3072K)
 Metaspace       used 84141K, committed 84864K, reserved 1179648K
  class space    used 11552K, committed 11904K, reserved 1048576K
}
Event: 11.818 GC heap after
{Heap after GC invocations=45 (full 0):
 garbage-first heap   total 140288K, used 76753K [0x0000000080000000, 0x0000000100000000)
  region size 1024K, 6 young (6144K), 6 survivors (6144K)
 Metaspace       used 84141K, committed 84864K, reserved 1179648K
  class space    used 11552K, committed 11904K, reserved 1048576K
}
Event: 12.734 GC heap before
{Heap before GC invocations=45 (full 0):
 garbage-first heap   total 140288K, used 112593K [0x0000000080000000, 0x0000000100000000)
  region size 1024K, 42 young (43008K), 6 survivors (6144K)
 Metaspace       used 85995K, committed 86592K, reserved 1179648K
  class space    used 11917K, committed 12224K, reserved 1048576K
}
Event: 12.741 GC heap after
{Heap after GC invocations=46 (full 0):
 garbage-first heap   total 140288K, used 82335K [0x0000000080000000, 0x0000000100000000)
  region size 1024K, 6 young (6144K), 6 survivors (6144K)
 Metaspace       used 85995K, committed 86592K, reserved 1179648K
  class space    used 11917K, committed 12224K, reserved 1048576K
}
Event: 13.785 GC heap before
{Heap before GC invocations=46 (full 0):
 garbage-first heap   total 140288K, used 113055K [0x0000000080000000, 0x0000000100000000)
  region size 1024K, 36 young (36864K), 6 survivors (6144K)
 Metaspace       used 86963K, committed 87552K, reserved 1179648K
  class space    used 12075K, committed 12352K, reserved 1048576K
}
Event: 13.791 GC heap after
{Heap after GC invocations=47 (full 0):
 garbage-first heap   total 140288K, used 87195K [0x0000000080000000, 0x0000000100000000)
  region size 1024K, 5 young (5120K), 5 survivors (5120K)
 Metaspace       used 86963K, committed 87552K, reserved 1179648K
  class space    used 12075K, committed 12352K, reserved 1048576K
}
Event: 14.107 GC heap before
{Heap before GC invocations=47 (full 0):
 garbage-first heap   total 140288K, used 113819K [0x0000000080000000, 0x0000000100000000)
  region size 1024K, 32 young (32768K), 5 survivors (5120K)
 Metaspace       used 87099K, committed 87808K, reserved 1179648K
  class space    used 12076K, committed 12416K, reserved 1048576K
}
Event: 14.111 GC heap after
{Heap after GC invocations=48 (full 0):
 garbage-first heap   total 140288K, used 89053K [0x0000000080000000, 0x0000000100000000)
  region size 1024K, 4 young (4096K), 4 survivors (4096K)
 Metaspace       used 87099K, committed 87808K, reserved 1179648K
  class space    used 12076K, committed 12416K, reserved 1048576K
}
Event: 14.277 GC heap before
{Heap before GC invocations=48 (full 0):
 garbage-first heap   total 140288K, used 114653K [0x0000000080000000, 0x0000000100000000)
  region size 1024K, 29 young (29696K), 4 survivors (4096K)
 Metaspace       used 87145K, committed 87872K, reserved 1179648K
  class space    used 12076K, committed 12416K, reserved 1048576K
}

