# JRE version: OpenJDK Runtime Environment (17.0.7) (build 17.0.7+0-b2043.56-10550314)
# Java VM: OpenJDK 64-Bit Server VM (17.0.7+0-b2043.56-10550314, mixed mode, tiered, compressed oops, compressed class ptrs, g1 gc, windows-amd64)
GC Precious Log:
 CPUs: 8 total, 8 available
 Memory: 7969M
 Large Page Support: Disabled
 NUMA Support: Disabled
 Compressed Oops: Enabled (32-bit)
 Heap Region Size: 1M
 Heap Min Capacity: 8M
 Heap Initial Capacity: 126M
 Heap Max Capacity: 2G
 Pre-touch: Disabled
 Parallel Workers: 8
 Concurrent Workers: 2
 Concurrent Refinement Workers: 8
 Periodic GC: Disabled
Heap:
 garbage-first heap   total 145408K, used 107304K [0x0000000080000000, 0x0000000100000000)
  region size 1024K, 44 young (45056K), 5 survivors (5120K)
 Metaspace       used 82054K, committed 82624K, reserved 1179648K
  class space    used 11155K, committed 11392K, reserved 1048576K
GC Heap History (20 events):
Event: 9.218 GC heap before
{Heap before GC invocations=17 (full 0):
 garbage-first heap   total 82944K, used 69276K [0x0000000080000000, 0x0000000100000000)
  region size 1024K, 25 young (25600K), 4 survivors (4096K)
 Metaspace       used 60432K, committed 60864K, reserved 1114112K
  class space    used 7976K, committed 8128K, reserved 1048576K
}
Event: 9.222 GC heap after
{Heap after GC invocations=18 (full 0):
 garbage-first heap   total 82944K, used 53727K [0x0000000080000000, 0x0000000100000000)
  region size 1024K, 4 young (4096K), 4 survivors (4096K)
 Metaspace       used 60432K, committed 60864K, reserved 1114112K
  class space    used 7976K, committed 8128K, reserved 1048576K
}
Event: 9.237 GC heap before
{Heap before GC invocations=18 (full 0):
 garbage-first heap   total 82944K, used 54751K [0x0000000080000000, 0x0000000100000000)
  region size 1024K, 5 young (5120K), 4 survivors (4096K)
 Metaspace       used 60524K, committed 60992K, reserved 1114112K
  class space    used 7989K, committed 8192K, reserved 1048576K
}
Event: 9.239 GC heap after
{Heap after GC invocations=19 (full 0):
 garbage-first heap   total 82944K, used 54016K [0x0000000080000000, 0x0000000100000000)
  region size 1024K, 1 young (1024K), 1 survivors (1024K)
 Metaspace       used 60524K, committed 60992K, reserved 1114112K
  class space    used 7989K, committed 8192K, reserved 1048576K
}
Event: 9.477 GC heap before
{Heap before GC invocations=19 (full 0):
 garbage-first heap   total 82944K, used 66304K [0x0000000080000000, 0x0000000100000000)
  region size 1024K, 13 young (13312K), 1 survivors (1024K)
 Metaspace       used 61617K, committed 62016K, reserved 1114112K
  class space    used 8157K, committed 8320K, reserved 1048576K
}
Event: 9.479 GC heap after
{Heap after GC invocations=20 (full 0):
 garbage-first heap   total 82944K, used 54177K [0x0000000080000000, 0x0000000100000000)
  region size 1024K, 1 young (1024K), 1 survivors (1024K)
 Metaspace       used 61617K, committed 62016K, reserved 1114112K
  class space    used 8157K, committed 8320K, reserved 1048576K
}
Event: 9.779 GC heap before
{Heap before GC invocations=21 (full 0):
 garbage-first heap   total 96256K, used 66465K [0x0000000080000000, 0x0000000100000000)
  region size 1024K, 14 young (14336K), 1 survivors (1024K)
 Metaspace       used 62883K, committed 63360K, reserved 1114112K
  class space    used 8342K, committed 8576K, reserved 1048576K
}
Event: 9.781 GC heap after
{Heap after GC invocations=22 (full 0):
 garbage-first heap   total 96256K, used 54668K [0x0000000080000000, 0x0000000100000000)
  region size 1024K, 1 young (1024K), 1 survivors (1024K)
 Metaspace       used 62883K, committed 63360K, reserved 1114112K
  class space    used 8342K, committed 8576K, reserved 1048576K
}
Event: 9.858 GC heap before
{Heap before GC invocations=22 (full 0):
 garbage-first heap   total 96256K, used 56716K [0x0000000080000000, 0x0000000100000000)
  region size 1024K, 4 young (4096K), 1 survivors (1024K)
 Metaspace       used 63187K, committed 63680K, reserved 1114112K
  class space    used 8388K, committed 8640K, reserved 1048576K
}
Event: 9.862 GC heap after
{Heap after GC invocations=23 (full 0):
 garbage-first heap   total 96256K, used 54304K [0x0000000080000000, 0x0000000100000000)
  region size 1024K, 1 young (1024K), 1 survivors (1024K)
 Metaspace       used 63187K, committed 63680K, reserved 1114112K
  class space    used 8388K, committed 8640K, reserved 1048576K
}
Event: 10.141 GC heap before
{Heap before GC invocations=23 (full 0):
 garbage-first heap   total 96256K, used 74784K [0x0000000080000000, 0x0000000100000000)
  region size 1024K, 22 young (22528K), 1 survivors (1024K)
 Metaspace       used 65698K, committed 66176K, reserved 1114112K
  class space    used 8683K, committed 8896K, reserved 1048576K
}
Event: 10.143 GC heap after
{Heap after GC invocations=24 (full 0):
 garbage-first heap   total 145408K, used 54602K [0x0000000080000000, 0x0000000100000000)
  region size 1024K, 1 young (1024K), 1 survivors (1024K)
 Metaspace       used 65698K, committed 66176K, reserved 1114112K
  class space    used 8683K, committed 8896K, reserved 1048576K
}
Event: 11.518 GC heap before
{Heap before GC invocations=25 (full 0):
 garbage-first heap   total 145408K, used 117066K [0x0000000080000000, 0x0000000100000000)
  region size 1024K, 56 young (57344K), 1 survivors (1024K)
 Metaspace       used 70598K, committed 71168K, reserved 1114112K
  class space    used 9369K, committed 9600K, reserved 1048576K
}
Event: 11.526 GC heap after
{Heap after GC invocations=26 (full 0):
 garbage-first heap   total 145408K, used 59871K [0x0000000080000000, 0x0000000100000000)
  region size 1024K, 6 young (6144K), 6 survivors (6144K)
 Metaspace       used 70598K, committed 71168K, reserved 1114112K
  class space    used 9369K, committed 9600K, reserved 1048576K
}
Event: 12.543 GC heap before
{Heap before GC invocations=26 (full 0):
 garbage-first heap   total 145408K, used 112095K [0x0000000080000000, 0x0000000100000000)
  region size 1024K, 57 young (58368K), 6 survivors (6144K)
 Metaspace       used 73919K, committed 74496K, reserved 1114112K
  class space    used 9823K, committed 10048K, reserved 1048576K
}
Event: 12.554 GC heap after
{Heap after GC invocations=27 (full 0):
 garbage-first heap   total 145408K, used 63847K [0x0000000080000000, 0x0000000100000000)
  region size 1024K, 5 young (5120K), 5 survivors (5120K)
 Metaspace       used 73919K, committed 74496K, reserved 1114112K
  class space    used 9823K, committed 10048K, reserved 1048576K
}
Event: 13.100 GC heap before
{Heap before GC invocations=27 (full 0):
 garbage-first heap   total 145408K, used 112999K [0x0000000080000000, 0x0000000100000000)
  region size 1024K, 53 young (54272K), 5 survivors (5120K)
 Metaspace       used 75171K, committed 75712K, reserved 1179648K
  class space    used 9984K, committed 10240K, reserved 1048576K
}
Event: 13.108 GC heap after
{Heap after GC invocations=28 (full 0):
 garbage-first heap   total 145408K, used 66938K [0x0000000080000000, 0x0000000100000000)
  region size 1024K, 4 young (4096K), 4 survivors (4096K)
 Metaspace       used 75171K, committed 75712K, reserved 1179648K
  class space    used 9984K, committed 10240K, reserved 1048576K
}
Event: 14.459 GC heap before
{Heap before GC invocations=28 (full 0):
 garbage-first heap   total 145408K, used 116090K [0x0000000080000000, 0x0000000100000000)
  region size 1024K, 51 young (52224K), 4 survivors (4096K)
 Metaspace       used 78868K, committed 79424K, reserved 1179648K
  class space    used 10683K, committed 10944K, reserved 1048576K
}
Event: 14.465 GC heap after
{Heap after GC invocations=29 (full 0):
 garbage-first heap   total 145408K, used 68392K [0x0000000080000000, 0x0000000100000000)
  region size 1024K, 5 young (5120K), 5 survivors (5120K)
 Metaspace       used 78868K, committed 79424K, reserved 1179648K
  class space    used 10683K, committed 10944K, reserved 1048576K
}

