# JRE version: OpenJDK Runtime Environment (17.0.7) (build 17.0.7+0-b2043.56-10550314)
# Java VM: OpenJDK 64-Bit Server VM (17.0.7+0-b2043.56-10550314, mixed mode, tiered, compressed oops, compressed class ptrs, g1 gc, windows-amd64)
GC Precious Log:
 CPUs: 8 total, 8 available
 Memory: 7969M
 Large Page Support: Disabled
 NUMA Support: Disabled
 Compressed Oops: Enabled (32-bit)
 Heap Region Size: 1M
 Heap Min Capacity: 8M
 Heap Initial Capacity: 126M
 Heap Max Capacity: 2G
 Pre-touch: Disabled
 Parallel Workers: 8
 Concurrent Workers: 2
 Concurrent Refinement Workers: 8
 Periodic GC: Disabled
Heap:
 garbage-first heap   total 330752K, used 311861K [0x0000000080000000, 0x0000000100000000)
  region size 1024K, 13 young (13312K), 2 survivors (2048K)
 Metaspace       used 132617K, committed 133888K, reserved 1179648K
  class space    used 17791K, committed 18368K, reserved 1048576K
GC Heap History (20 events):
Event: 1838.414 GC heap before
{Heap before GC invocations=76 (full 0):
 garbage-first heap   total 319488K, used 309673K [0x0000000080000000, 0x0000000100000000)
  region size 1024K, 15 young (15360K), 3 survivors (3072K)
 Metaspace       used 128443K, committed 129408K, reserved 1179648K
  class space    used 17328K, committed 17792K, reserved 1048576K
}
Event: 1838.421 GC heap after
{Heap after GC invocations=77 (full 0):
 garbage-first heap   total 319488K, used 156069K [0x0000000080000000, 0x0000000100000000)
  region size 1024K, 2 young (2048K), 2 survivors (2048K)
 Metaspace       used 128443K, committed 129408K, reserved 1179648K
  class space    used 17328K, committed 17792K, reserved 1048576K
}
Event: 1841.419 GC heap before
{Heap before GC invocations=77 (full 0):
 garbage-first heap   total 319488K, used 262565K [0x0000000080000000, 0x0000000100000000)
  region size 1024K, 107 young (109568K), 2 survivors (2048K)
 Metaspace       used 131140K, committed 132096K, reserved 1179648K
  class space    used 17632K, committed 18048K, reserved 1048576K
}
Event: 1841.442 GC heap after
{Heap after GC invocations=78 (full 0):
 garbage-first heap   total 319488K, used 168668K [0x0000000080000000, 0x0000000100000000)
  region size 1024K, 14 young (14336K), 14 survivors (14336K)
 Metaspace       used 131140K, committed 132096K, reserved 1179648K
  class space    used 17632K, committed 18048K, reserved 1048576K
}
Event: 1841.704 GC heap before
{Heap before GC invocations=79 (full 0):
 garbage-first heap   total 319488K, used 300764K [0x0000000080000000, 0x0000000100000000)
  region size 1024K, 43 young (44032K), 14 survivors (14336K)
 Metaspace       used 131178K, committed 132096K, reserved 1179648K
  class space    used 17633K, committed 18048K, reserved 1048576K
}
Event: 1841.716 GC heap after
{Heap after GC invocations=80 (full 0):
 garbage-first heap   total 319488K, used 184911K [0x0000000080000000, 0x0000000100000000)
  region size 1024K, 3 young (3072K), 3 survivors (3072K)
 Metaspace       used 131178K, committed 132096K, reserved 1179648K
  class space    used 17633K, committed 18048K, reserved 1048576K
}
Event: 1880.225 GC heap before
{Heap before GC invocations=80 (full 0):
 garbage-first heap   total 319488K, used 248399K [0x0000000080000000, 0x0000000100000000)
  region size 1024K, 15 young (15360K), 3 survivors (3072K)
 Metaspace       used 131222K, committed 132160K, reserved 1179648K
  class space    used 17638K, committed 18048K, reserved 1048576K
}
Event: 1880.230 GC heap after
{Heap after GC invocations=81 (full 0):
 garbage-first heap   total 319488K, used 157696K [0x0000000080000000, 0x0000000100000000)
  region size 1024K, 2 young (2048K), 2 survivors (2048K)
 Metaspace       used 131222K, committed 132160K, reserved 1179648K
  class space    used 17638K, committed 18048K, reserved 1048576K
}
Event: 1880.887 GC heap before
{Heap before GC invocations=81 (full 0):
 garbage-first heap   total 319488K, used 219136K [0x0000000080000000, 0x0000000100000000)
  region size 1024K, 64 young (65536K), 2 survivors (2048K)
 Metaspace       used 131780K, committed 132928K, reserved 1179648K
  class space    used 17758K, committed 18304K, reserved 1048576K
}
Event: 1880.895 GC heap after
{Heap after GC invocations=82 (full 0):
 garbage-first heap   total 319488K, used 166852K [0x0000000080000000, 0x0000000100000000)
  region size 1024K, 11 young (11264K), 11 survivors (11264K)
 Metaspace       used 131780K, committed 132928K, reserved 1179648K
  class space    used 17758K, committed 18304K, reserved 1048576K
}
Event: 1881.651 GC heap before
{Heap before GC invocations=83 (full 0):
 garbage-first heap   total 319488K, used 294852K [0x0000000080000000, 0x0000000100000000)
  region size 1024K, 93 young (95232K), 11 survivors (11264K)
 Metaspace       used 132192K, committed 133440K, reserved 1179648K
  class space    used 17819K, committed 18368K, reserved 1048576K
}
Event: 1881.659 GC heap after
{Heap after GC invocations=84 (full 0):
 garbage-first heap   total 319488K, used 190128K [0x0000000080000000, 0x0000000100000000)
  region size 1024K, 4 young (4096K), 4 survivors (4096K)
 Metaspace       used 132192K, committed 133440K, reserved 1179648K
  class space    used 17819K, committed 18368K, reserved 1048576K
}
Event: 1951.753 GC heap before
{Heap before GC invocations=84 (full 0):
 garbage-first heap   total 319488K, used 310960K [0x0000000080000000, 0x0000000100000000)
  region size 1024K, 10 young (10240K), 4 survivors (4096K)
 Metaspace       used 132218K, committed 133504K, reserved 1179648K
  class space    used 17822K, committed 18368K, reserved 1048576K
}
Event: 1951.763 GC heap after
{Heap after GC invocations=85 (full 0):
 garbage-first heap   total 319488K, used 154493K [0x0000000080000000, 0x0000000100000000)
  region size 1024K, 1 young (1024K), 1 survivors (1024K)
 Metaspace       used 132218K, committed 133504K, reserved 1179648K
  class space    used 17822K, committed 18368K, reserved 1048576K
}
Event: 2259.162 GC heap before
{Heap before GC invocations=85 (full 0):
 garbage-first heap   total 319488K, used 259965K [0x0000000080000000, 0x0000000100000000)
  region size 1024K, 105 young (107520K), 1 survivors (1024K)
 Metaspace       used 132456K, committed 133696K, reserved 1179648K
  class space    used 17822K, committed 18368K, reserved 1048576K
}
Event: 2259.184 GC heap after
{Heap after GC invocations=86 (full 0):
 garbage-first heap   total 319488K, used 158657K [0x0000000080000000, 0x0000000100000000)
  region size 1024K, 5 young (5120K), 5 survivors (5120K)
 Metaspace       used 132456K, committed 133696K, reserved 1179648K
  class space    used 17822K, committed 18368K, reserved 1048576K
}
Event: 2261.075 GC heap before
{Heap before GC invocations=87 (full 0):
 garbage-first heap   total 319488K, used 257985K [0x0000000080000000, 0x0000000100000000)
  region size 1024K, 107 young (109568K), 5 survivors (5120K)
 Metaspace       used 132459K, committed 133760K, reserved 1179648K
  class space    used 17791K, committed 18368K, reserved 1048576K
}
Event: 2261.087 GC heap after
{Heap after GC invocations=88 (full 0):
 garbage-first heap   total 319488K, used 159535K [0x0000000080000000, 0x0000000100000000)
  region size 1024K, 10 young (10240K), 10 survivors (10240K)
 Metaspace       used 132459K, committed 133760K, reserved 1179648K
  class space    used 17791K, committed 18368K, reserved 1048576K
}
Event: 2261.136 GC heap before
{Heap before GC invocations=88 (full 0):
 garbage-first heap   total 319488K, used 164655K [0x0000000080000000, 0x0000000100000000)
  region size 1024K, 15 young (15360K), 10 survivors (10240K)
 Metaspace       used 132520K, committed 133824K, reserved 1179648K
  class space    used 17791K, committed 18368K, reserved 1048576K
}
Event: 2261.205 GC heap after
{Heap after GC invocations=89 (full 0):
 garbage-first heap   total 319488K, used 142985K [0x0000000080000000, 0x0000000100000000)
  region size 1024K, 2 young (2048K), 2 survivors (2048K)
 Metaspace       used 132520K, committed 133824K, reserved 1179648K
  class space    used 17791K, committed 18368K, reserved 1048576K
}

