# JRE version: OpenJDK Runtime Environment (17.0.7) (build 17.0.7+0-b2043.56-10550314)
# Java VM: OpenJDK 64-Bit Server VM (17.0.7+0-b2043.56-10550314, mixed mode, tiered, compressed oops, compressed class ptrs, g1 gc, windows-amd64)
GC Precious Log:
 CPUs: 8 total, 8 available
 Memory: 7969M
 Large Page Support: Disabled
 NUMA Support: Disabled
 Compressed Oops: Enabled (32-bit)
 Heap Region Size: 1M
 Heap Min Capacity: 8M
 Heap Initial Capacity: 126M
 Heap Max Capacity: 2G
 Pre-touch: Disabled
 Parallel Workers: 8
 Concurrent Workers: 2
 Concurrent Refinement Workers: 8
 Periodic GC: Disabled
Heap:
 garbage-first heap   total 563200K, used 367773K [0x0000000080000000, 0x0000000100000000)
  region size 1024K, 56 young (57344K), 13 survivors (13312K)
 Metaspace       used 138143K, committed 139776K, reserved 1179648K
  class space    used 18382K, committed 19136K, reserved 1048576K
GC Heap History (20 events):
Event: 903.430 GC heap before
{Heap before GC invocations=78 (full 0):
 garbage-first heap   total 555008K, used 216197K [0x0000000080000000, 0x0000000100000000)
  region size 1024K, 53 young (54272K), 4 survivors (4096K)
 Metaspace       used 128377K, committed 129728K, reserved 1179648K
  class space    used 17208K, committed 17856K, reserved 1048576K
}
Event: 903.435 GC heap after
{Heap after GC invocations=79 (full 0):
 garbage-first heap   total 555008K, used 170140K [0x0000000080000000, 0x0000000100000000)
  region size 1024K, 7 young (7168K), 7 survivors (7168K)
 Metaspace       used 128377K, committed 129728K, reserved 1179648K
  class space    used 17208K, committed 17856K, reserved 1048576K
}
Event: 948.125 GC heap before
{Heap before GC invocations=80 (full 0):
 garbage-first heap   total 563200K, used 513180K [0x0000000080000000, 0x0000000100000000)
  region size 1024K, 165 young (168960K), 7 survivors (7168K)
 Metaspace       used 128590K, committed 129984K, reserved 1179648K
  class space    used 17209K, committed 17856K, reserved 1048576K
}
Event: 948.135 GC heap after
{Heap after GC invocations=81 (full 0):
 garbage-first heap   total 563200K, used 199179K [0x0000000080000000, 0x0000000100000000)
  region size 1024K, 16 young (16384K), 16 survivors (16384K)
 Metaspace       used 128590K, committed 129984K, reserved 1179648K
  class space    used 17209K, committed 17856K, reserved 1048576K
}
Event: 988.114 GC heap before
{Heap before GC invocations=81 (full 0):
 garbage-first heap   total 563200K, used 353803K [0x0000000080000000, 0x0000000100000000)
  region size 1024K, 27 young (27648K), 16 survivors (16384K)
 Metaspace       used 128618K, committed 129984K, reserved 1179648K
  class space    used 17209K, committed 17856K, reserved 1048576K
}
Event: 988.120 GC heap after
{Heap after GC invocations=82 (full 0):
 garbage-first heap   total 563200K, used 164389K [0x0000000080000000, 0x0000000100000000)
  region size 1024K, 3 young (3072K), 3 survivors (3072K)
 Metaspace       used 128618K, committed 129984K, reserved 1179648K
  class space    used 17209K, committed 17856K, reserved 1048576K
}
Event: 988.456 GC heap before
{Heap before GC invocations=82 (full 0):
 garbage-first heap   total 563200K, used 207397K [0x0000000080000000, 0x0000000100000000)
  region size 1024K, 46 young (47104K), 3 survivors (3072K)
 Metaspace       used 128785K, committed 130112K, reserved 1179648K
  class space    used 17227K, committed 17856K, reserved 1048576K
}
Event: 988.461 GC heap after
{Heap after GC invocations=83 (full 0):
 garbage-first heap   total 563200K, used 168479K [0x0000000080000000, 0x0000000100000000)
  region size 1024K, 7 young (7168K), 7 survivors (7168K)
 Metaspace       used 128785K, committed 130112K, reserved 1179648K
  class space    used 17227K, committed 17856K, reserved 1048576K
}
Event: 995.495 GC heap before
{Heap before GC invocations=84 (full 0):
 garbage-first heap   total 563200K, used 519077K [0x0000000080000000, 0x0000000100000000)
  region size 1024K, 180 young (184320K), 7 survivors (7168K)
 Metaspace       used 136571K, committed 137920K, reserved 1179648K
  class space    used 18141K, committed 18752K, reserved 1048576K
}
Event: 995.505 GC heap after
{Heap after GC invocations=85 (full 0):
 garbage-first heap   total 563200K, used 196337K [0x0000000080000000, 0x0000000100000000)
  region size 1024K, 14 young (14336K), 14 survivors (14336K)
 Metaspace       used 136571K, committed 137920K, reserved 1179648K
  class space    used 18141K, committed 18752K, reserved 1048576K
}
Event: 1021.573 GC heap before
{Heap before GC invocations=85 (full 0):
 garbage-first heap   total 563200K, used 211697K [0x0000000080000000, 0x0000000100000000)
  region size 1024K, 27 young (27648K), 14 survivors (14336K)
 Metaspace       used 136607K, committed 137920K, reserved 1179648K
  class space    used 18146K, committed 18752K, reserved 1048576K
}
Event: 1021.577 GC heap after
{Heap after GC invocations=86 (full 0):
 garbage-first heap   total 563200K, used 152204K [0x0000000080000000, 0x0000000100000000)
  region size 1024K, 3 young (3072K), 3 survivors (3072K)
 Metaspace       used 136607K, committed 137920K, reserved 1179648K
  class space    used 18146K, committed 18752K, reserved 1048576K
}
Event: 1021.795 GC heap before
{Heap before GC invocations=86 (full 0):
 garbage-first heap   total 563200K, used 193164K [0x0000000080000000, 0x0000000100000000)
  region size 1024K, 44 young (45056K), 3 survivors (3072K)
 Metaspace       used 136656K, committed 137984K, reserved 1179648K
  class space    used 18148K, committed 18752K, reserved 1048576K
}
Event: 1021.801 GC heap after
{Heap after GC invocations=87 (full 0):
 garbage-first heap   total 563200K, used 156284K [0x0000000080000000, 0x0000000100000000)
  region size 1024K, 7 young (7168K), 7 survivors (7168K)
 Metaspace       used 136656K, committed 137984K, reserved 1179648K
  class space    used 18148K, committed 18752K, reserved 1048576K
}
Event: 1061.701 GC heap before
{Heap before GC invocations=88 (full 0):
 garbage-first heap   total 563200K, used 521852K [0x0000000080000000, 0x0000000100000000)
  region size 1024K, 192 young (196608K), 7 survivors (7168K)
 Metaspace       used 136957K, committed 138304K, reserved 1179648K
  class space    used 18161K, committed 18752K, reserved 1048576K
}
Event: 1061.708 GC heap after
{Heap after GC invocations=89 (full 0):
 garbage-first heap   total 563200K, used 153694K [0x0000000080000000, 0x0000000100000000)
  region size 1024K, 9 young (9216K), 9 survivors (9216K)
 Metaspace       used 136957K, committed 138304K, reserved 1179648K
  class space    used 18161K, committed 18752K, reserved 1048576K
}
Event: 1061.835 GC heap before
{Heap before GC invocations=89 (full 0):
 garbage-first heap   total 563200K, used 173150K [0x0000000080000000, 0x0000000100000000)
  region size 1024K, 27 young (27648K), 9 survivors (9216K)
 Metaspace       used 136962K, committed 138304K, reserved 1179648K
  class space    used 18162K, committed 18752K, reserved 1048576K
}
Event: 1061.843 GC heap after
{Heap after GC invocations=90 (full 0):
 garbage-first heap   total 563200K, used 153600K [0x0000000080000000, 0x0000000100000000)
  region size 1024K, 4 young (4096K), 4 survivors (4096K)
 Metaspace       used 136962K, committed 138304K, reserved 1179648K
  class space    used 18162K, committed 18752K, reserved 1048576K
}
Event: 1062.415 GC heap before
{Heap before GC invocations=90 (full 0):
 garbage-first heap   total 563200K, used 230400K [0x0000000080000000, 0x0000000100000000)
  region size 1024K, 80 young (81920K), 4 survivors (4096K)
 Metaspace       used 137116K, committed 138496K, reserved 1179648K
  class space    used 18168K, committed 18816K, reserved 1048576K
}
Event: 1062.423 GC heap after
{Heap after GC invocations=91 (full 0):
 garbage-first heap   total 563200K, used 161949K [0x0000000080000000, 0x0000000100000000)
  region size 1024K, 13 young (13312K), 13 survivors (13312K)
 Metaspace       used 137116K, committed 138496K, reserved 1179648K
  class space    used 18168K, committed 18816K, reserved 1048576K
}

