# JRE version: OpenJDK Runtime Environment (17.0.7) (build 17.0.7+0-b2043.56-10550314)
# Java VM: OpenJDK 64-Bit Server VM (17.0.7+0-b2043.56-10550314, mixed mode, tiered, compressed oops, compressed class ptrs, g1 gc, windows-amd64)
GC Precious Log:
 CPUs: 8 total, 8 available
 Memory: 7969M
 Large Page Support: Disabled
 NUMA Support: Disabled
 Compressed Oops: Enabled (32-bit)
 Heap Region Size: 1M
 Heap Min Capacity: 8M
 Heap Initial Capacity: 126M
 Heap Max Capacity: 2G
 Pre-touch: Disabled
 Parallel Workers: 8
 Concurrent Workers: 2
 Concurrent Refinement Workers: 8
 Periodic GC: Disabled
Heap:
 garbage-first heap   total 289792K, used 157643K [0x0000000080000000, 0x0000000100000000)
  region size 1024K, 3 young (3072K), 3 survivors (3072K)
 Metaspace       used 100070K, committed 100800K, reserved 1179648K
  class space    used 13624K, committed 13952K, reserved 1048576K
GC Heap History (20 events):
Event: 13.785 GC heap after
{Heap after GC invocations=30 (full 0):
 garbage-first heap   total 180224K, used 96782K [0x0000000080000000, 0x0000000100000000)
  region size 1024K, 1 young (1024K), 1 survivors (1024K)
 Metaspace       used 87198K, committed 87872K, reserved 1179648K
  class space    used 12079K, committed 12416K, reserved 1048576K
}
Event: 14.057 GC heap before
{Heap before GC invocations=30 (full 0):
 garbage-first heap   total 180224K, used 144910K [0x0000000080000000, 0x0000000100000000)
  region size 1024K, 48 young (49152K), 1 survivors (1024K)
 Metaspace       used 87198K, committed 87872K, reserved 1179648K
  class space    used 12079K, committed 12416K, reserved 1048576K
}
Event: 14.060 GC heap after
{Heap after GC invocations=31 (full 0):
 garbage-first heap   total 180224K, used 99760K [0x0000000080000000, 0x0000000100000000)
  region size 1024K, 4 young (4096K), 4 survivors (4096K)
 Metaspace       used 87198K, committed 87872K, reserved 1179648K
  class space    used 12079K, committed 12416K, reserved 1048576K
}
Event: 14.426 GC heap before
{Heap before GC invocations=32 (full 0):
 garbage-first heap   total 193536K, used 152481K [0x0000000080000000, 0x0000000100000000)
  region size 1024K, 49 young (50176K), 4 survivors (4096K)
 Metaspace       used 87526K, committed 88192K, reserved 1179648K
  class space    used 12110K, committed 12416K, reserved 1048576K
}
Event: 14.432 GC heap after
{Heap after GC invocations=33 (full 0):
 garbage-first heap   total 193536K, used 104298K [0x0000000080000000, 0x0000000100000000)
  region size 1024K, 7 young (7168K), 7 survivors (7168K)
 Metaspace       used 87526K, committed 88192K, reserved 1179648K
  class space    used 12110K, committed 12416K, reserved 1048576K
}
Event: 14.447 GC heap before
{Heap before GC invocations=33 (full 0):
 garbage-first heap   total 193536K, used 106346K [0x0000000080000000, 0x0000000100000000)
  region size 1024K, 9 young (9216K), 7 survivors (7168K)
 Metaspace       used 87538K, committed 88192K, reserved 1179648K
  class space    used 12110K, committed 12416K, reserved 1048576K
}
Event: 14.454 GC heap after
{Heap after GC invocations=34 (full 0):
 garbage-first heap   total 289792K, used 103839K [0x0000000080000000, 0x0000000100000000)
  region size 1024K, 2 young (2048K), 2 survivors (2048K)
 Metaspace       used 87538K, committed 88192K, reserved 1179648K
  class space    used 12110K, committed 12416K, reserved 1048576K
}
Event: 15.985 GC heap before
{Heap before GC invocations=34 (full 0):
 garbage-first heap   total 289792K, used 254367K [0x0000000080000000, 0x0000000100000000)
  region size 1024K, 125 young (128000K), 2 survivors (2048K)
 Metaspace       used 95552K, committed 96192K, reserved 1179648K
  class space    used 13052K, committed 13376K, reserved 1048576K
}
Event: 15.996 GC heap after
{Heap after GC invocations=35 (full 0):
 garbage-first heap   total 289792K, used 113113K [0x0000000080000000, 0x0000000100000000)
  region size 1024K, 11 young (11264K), 11 survivors (11264K)
 Metaspace       used 95552K, committed 96192K, reserved 1179648K
  class space    used 13052K, committed 13376K, reserved 1048576K
}
Event: 16.547 GC heap before
{Heap before GC invocations=35 (full 0):
 garbage-first heap   total 289792K, used 231897K [0x0000000080000000, 0x0000000100000000)
  region size 1024K, 116 young (118784K), 11 survivors (11264K)
 Metaspace       used 96278K, committed 96960K, reserved 1179648K
  class space    used 13149K, committed 13504K, reserved 1048576K
}
Event: 16.561 GC heap after
{Heap after GC invocations=36 (full 0):
 garbage-first heap   total 289792K, used 124528K [0x0000000080000000, 0x0000000100000000)
  region size 1024K, 11 young (11264K), 11 survivors (11264K)
 Metaspace       used 96278K, committed 96960K, reserved 1179648K
  class space    used 13149K, committed 13504K, reserved 1048576K
}
Event: 18.741 GC heap before
{Heap before GC invocations=36 (full 0):
 garbage-first heap   total 289792K, used 230000K [0x0000000080000000, 0x0000000100000000)
  region size 1024K, 111 young (113664K), 11 survivors (11264K)
 Metaspace       used 98239K, committed 98880K, reserved 1179648K
  class space    used 13384K, committed 13696K, reserved 1048576K
}
Event: 18.750 GC heap after
{Heap after GC invocations=37 (full 0):
 garbage-first heap   total 289792K, used 128963K [0x0000000080000000, 0x0000000100000000)
  region size 1024K, 9 young (9216K), 9 survivors (9216K)
 Metaspace       used 98239K, committed 98880K, reserved 1179648K
  class space    used 13384K, committed 13696K, reserved 1048576K
}
Event: 19.198 GC heap before
{Heap before GC invocations=37 (full 0):
 garbage-first heap   total 289792K, used 199619K [0x0000000080000000, 0x0000000100000000)
  region size 1024K, 42 young (43008K), 9 survivors (9216K)
 Metaspace       used 100069K, committed 100800K, reserved 1179648K
  class space    used 13624K, committed 13952K, reserved 1048576K
}
Event: 19.207 GC heap after
{Heap after GC invocations=38 (full 0):
 garbage-first heap   total 289792K, used 158102K [0x0000000080000000, 0x0000000100000000)
  region size 1024K, 4 young (4096K), 4 survivors (4096K)
 Metaspace       used 100069K, committed 100800K, reserved 1179648K
  class space    used 13624K, committed 13952K, reserved 1048576K
}
Event: 19.229 GC heap before
{Heap before GC invocations=38 (full 0):
 garbage-first heap   total 289792K, used 184726K [0x0000000080000000, 0x0000000100000000)
  region size 1024K, 5 young (5120K), 4 survivors (4096K)
 Metaspace       used 100070K, committed 100800K, reserved 1179648K
  class space    used 13624K, committed 13952K, reserved 1048576K
}
Event: 19.233 GC heap after
{Heap after GC invocations=39 (full 0):
 garbage-first heap   total 289792K, used 157803K [0x0000000080000000, 0x0000000100000000)
  region size 1024K, 3 young (3072K), 3 survivors (3072K)
 Metaspace       used 100070K, committed 100800K, reserved 1179648K
  class space    used 13624K, committed 13952K, reserved 1048576K
}
Event: 19.255 GC heap before
{Heap before GC invocations=39 (full 0):
 garbage-first heap   total 289792K, used 182379K [0x0000000080000000, 0x0000000100000000)
  region size 1024K, 4 young (4096K), 3 survivors (3072K)
 Metaspace       used 100070K, committed 100800K, reserved 1179648K
  class space    used 13624K, committed 13952K, reserved 1048576K
}
Event: 19.258 GC heap after
{Heap after GC invocations=40 (full 0):
 garbage-first heap   total 289792K, used 157696K [0x0000000080000000, 0x0000000100000000)
  region size 1024K, 3 young (3072K), 3 survivors (3072K)
 Metaspace       used 100070K, committed 100800K, reserved 1179648K
  class space    used 13624K, committed 13952K, reserved 1048576K
}
Event: 19.273 GC heap before
{Heap before GC invocations=40 (full 0):
 garbage-first heap   total 289792K, used 178176K [0x0000000080000000, 0x0000000100000000)
  region size 1024K, 4 young (4096K), 3 survivors (3072K)
 Metaspace       used 100070K, committed 100800K, reserved 1179648K
  class space    used 13624K, committed 13952K, reserved 1048576K
}

