# JRE version: OpenJDK Runtime Environment (17.0.7) (build 17.0.7+0-b2043.56-10550314)
# Java VM: OpenJDK 64-Bit Server VM (17.0.7+0-b2043.56-10550314, mixed mode, tiered, compressed oops, compressed class ptrs, g1 gc, windows-amd64)
GC Precious Log:
 CPUs: 8 total, 8 available
 Memory: 7969M
 Large Page Support: Disabled
 NUMA Support: Disabled
 Compressed Oops: Enabled (32-bit)
 Heap Region Size: 1M
 Heap Min Capacity: 8M
 Heap Initial Capacity: 126M
 Heap Max Capacity: 2G
 Pre-touch: Disabled
 Parallel Workers: 8
 Concurrent Workers: 2
 Concurrent Refinement Workers: 8
 Periodic GC: Disabled
Heap:
 garbage-first heap   total 176128K, used 96305K [0x0000000080000000, 0x0000000100000000)
  region size 1024K, 4 young (4096K), 4 survivors (4096K)
 Metaspace       used 87144K, committed 87744K, reserved 1179648K
  class space    used 12071K, committed 12352K, reserved 1048576K
GC Heap History (20 events):
Event: 9.060 GC heap after
{Heap after GC invocations=35 (full 0):
 garbage-first heap   total 117760K, used 67323K [0x0000000080000000, 0x0000000100000000)
  region size 1024K, 3 young (3072K), 3 survivors (3072K)
 Metaspace       used 75210K, committed 75840K, reserved 1179648K
  class space    used 10255K, committed 10560K, reserved 1048576K
}
Event: 9.685 GC heap before
{Heap before GC invocations=36 (full 0):
 garbage-first heap   total 119808K, used 98043K [0x0000000080000000, 0x0000000100000000)
  region size 1024K, 33 young (33792K), 3 survivors (3072K)
 Metaspace       used 77692K, committed 78272K, reserved 1179648K
  class space    used 10611K, committed 10880K, reserved 1048576K
}
Event: 9.689 GC heap after
{Heap after GC invocations=37 (full 0):
 garbage-first heap   total 119808K, used 69356K [0x0000000080000000, 0x0000000100000000)
  region size 1024K, 5 young (5120K), 5 survivors (5120K)
 Metaspace       used 77692K, committed 78272K, reserved 1179648K
  class space    used 10611K, committed 10880K, reserved 1048576K
}
Event: 10.255 GC heap before
{Heap before GC invocations=37 (full 0):
 garbage-first heap   total 119808K, used 99052K [0x0000000080000000, 0x0000000100000000)
  region size 1024K, 34 young (34816K), 5 survivors (5120K)
 Metaspace       used 80156K, committed 80768K, reserved 1179648K
  class space    used 11019K, committed 11328K, reserved 1048576K
}
Event: 10.259 GC heap after
{Heap after GC invocations=38 (full 0):
 garbage-first heap   total 119808K, used 70443K [0x0000000080000000, 0x0000000100000000)
  region size 1024K, 4 young (4096K), 4 survivors (4096K)
 Metaspace       used 80156K, committed 80768K, reserved 1179648K
  class space    used 11019K, committed 11328K, reserved 1048576K
}
Event: 10.702 GC heap before
{Heap before GC invocations=39 (full 0):
 garbage-first heap   total 124928K, used 99115K [0x0000000080000000, 0x0000000100000000)
  region size 1024K, 32 young (32768K), 4 survivors (4096K)
 Metaspace       used 82923K, committed 83520K, reserved 1179648K
  class space    used 11372K, committed 11648K, reserved 1048576K
}
Event: 10.706 GC heap after
{Heap after GC invocations=40 (full 0):
 garbage-first heap   total 150528K, used 72835K [0x0000000080000000, 0x0000000100000000)
  region size 1024K, 4 young (4096K), 4 survivors (4096K)
 Metaspace       used 82923K, committed 83520K, reserved 1179648K
  class space    used 11372K, committed 11648K, reserved 1048576K
}
Event: 11.278 GC heap before
{Heap before GC invocations=40 (full 0):
 garbage-first heap   total 150528K, used 125059K [0x0000000080000000, 0x0000000100000000)
  region size 1024K, 55 young (56320K), 4 survivors (4096K)
 Metaspace       used 84147K, committed 84800K, reserved 1179648K
  class space    used 11546K, committed 11904K, reserved 1048576K
}
Event: 11.285 GC heap after
{Heap after GC invocations=41 (full 0):
 garbage-first heap   total 150528K, used 79481K [0x0000000080000000, 0x0000000100000000)
  region size 1024K, 7 young (7168K), 7 survivors (7168K)
 Metaspace       used 84147K, committed 84800K, reserved 1179648K
  class space    used 11546K, committed 11904K, reserved 1048576K
}
Event: 12.166 GC heap before
{Heap before GC invocations=42 (full 0):
 garbage-first heap   total 150528K, used 123513K [0x0000000080000000, 0x0000000100000000)
  region size 1024K, 50 young (51200K), 7 survivors (7168K)
 Metaspace       used 86922K, committed 87552K, reserved 1179648K
  class space    used 12072K, committed 12352K, reserved 1048576K
}
Event: 12.177 GC heap after
{Heap after GC invocations=43 (full 0):
 garbage-first heap   total 150528K, used 85968K [0x0000000080000000, 0x0000000100000000)
  region size 1024K, 7 young (7168K), 7 survivors (7168K)
 Metaspace       used 86922K, committed 87552K, reserved 1179648K
  class space    used 12072K, committed 12352K, reserved 1048576K
}
Event: 12.187 GC heap before
{Heap before GC invocations=43 (full 0):
 garbage-first heap   total 150528K, used 86992K [0x0000000080000000, 0x0000000100000000)
  region size 1024K, 8 young (8192K), 7 survivors (7168K)
 Metaspace       used 86947K, committed 87552K, reserved 1179648K
  class space    used 12073K, committed 12352K, reserved 1048576K
}
Event: 12.191 GC heap after
{Heap after GC invocations=44 (full 0):
 garbage-first heap   total 150528K, used 85824K [0x0000000080000000, 0x0000000100000000)
  region size 1024K, 1 young (1024K), 1 survivors (1024K)
 Metaspace       used 86947K, committed 87552K, reserved 1179648K
  class space    used 12073K, committed 12352K, reserved 1048576K
}
Event: 12.421 GC heap before
{Heap before GC invocations=44 (full 0):
 garbage-first heap   total 150528K, used 122688K [0x0000000080000000, 0x0000000100000000)
  region size 1024K, 38 young (38912K), 1 survivors (1024K)
 Metaspace       used 87106K, committed 87680K, reserved 1179648K
  class space    used 12075K, committed 12352K, reserved 1048576K
}
Event: 12.424 GC heap after
{Heap after GC invocations=45 (full 0):
 garbage-first heap   total 150528K, used 89315K [0x0000000080000000, 0x0000000100000000)
  region size 1024K, 5 young (5120K), 5 survivors (5120K)
 Metaspace       used 87106K, committed 87680K, reserved 1179648K
  class space    used 12075K, committed 12352K, reserved 1048576K
}
Event: 12.615 GC heap before
{Heap before GC invocations=46 (full 0):
 garbage-first heap   total 176128K, used 123107K [0x0000000080000000, 0x0000000100000000)
  region size 1024K, 38 young (38912K), 5 survivors (5120K)
 Metaspace       used 87143K, committed 87744K, reserved 1179648K
  class space    used 12071K, committed 12352K, reserved 1048576K
}
Event: 12.620 GC heap after
{Heap after GC invocations=47 (full 0):
 garbage-first heap   total 176128K, used 93779K [0x0000000080000000, 0x0000000100000000)
  region size 1024K, 5 young (5120K), 5 survivors (5120K)
 Metaspace       used 87143K, committed 87744K, reserved 1179648K
  class space    used 12071K, committed 12352K, reserved 1048576K
}
Event: 12.633 GC heap before
{Heap before GC invocations=47 (full 0):
 garbage-first heap   total 176128K, used 96851K [0x0000000080000000, 0x0000000100000000)
  region size 1024K, 8 young (8192K), 5 survivors (5120K)
 Metaspace       used 87143K, committed 87744K, reserved 1179648K
  class space    used 12071K, committed 12352K, reserved 1048576K
}
Event: 12.636 GC heap after
{Heap after GC invocations=48 (full 0):
 garbage-first heap   total 176128K, used 93638K [0x0000000080000000, 0x0000000100000000)
  region size 1024K, 1 young (1024K), 1 survivors (1024K)
 Metaspace       used 87143K, committed 87744K, reserved 1179648K
  class space    used 12071K, committed 12352K, reserved 1048576K
}
Event: 12.810 GC heap before
{Heap before GC invocations=48 (full 0):
 garbage-first heap   total 176128K, used 139718K [0x0000000080000000, 0x0000000100000000)
  region size 1024K, 46 young (47104K), 1 survivors (1024K)
 Metaspace       used 87144K, committed 87744K, reserved 1179648K
  class space    used 12071K, committed 12352K, reserved 1048576K
}

