# JRE version: OpenJDK Runtime Environment (17.0.7) (build 17.0.7+0-b2043.56-10550314)
# Java VM: OpenJDK 64-Bit Server VM (17.0.7+0-b2043.56-10550314, mixed mode, tiered, compressed oops, compressed class ptrs, g1 gc, windows-amd64)
GC Precious Log:
 CPUs: 8 total, 8 available
 Memory: 7969M
 Large Page Support: Disabled
 NUMA Support: Disabled
 Compressed Oops: Enabled (32-bit)
 Heap Region Size: 1M
 Heap Min Capacity: 8M
 Heap Initial Capacity: 126M
 Heap Max Capacity: 2G
 Pre-touch: Disabled
 Parallel Workers: 8
 Concurrent Workers: 2
 Concurrent Refinement Workers: 8
 Periodic GC: Disabled
Heap:
 garbage-first heap   total 89088K, used 57481K [0x0000000080000000, 0x0000000100000000)
  region size 1024K, 9 young (9216K), 1 survivors (1024K)
 Metaspace       used 54442K, committed 54912K, reserved 1114112K
  class space    used 7233K, committed 7424K, reserved 1048576K
GC Heap History (20 events):
Event: 2.400 GC heap before
{Heap before GC invocations=4 (full 0):
 garbage-first heap   total 71680K, used 52609K [0x0000000080000000, 0x0000000100000000)
  region size 1024K, 42 young (43008K), 9 survivors (9216K)
 Metaspace       used 26092K, committed 26368K, reserved 1114112K
  class space    used 3415K, committed 3520K, reserved 1048576K
}
Event: 2.406 GC heap after
{Heap after GC invocations=5 (full 0):
 garbage-first heap   total 71680K, used 20677K [0x0000000080000000, 0x0000000100000000)
  region size 1024K, 3 young (3072K), 3 survivors (3072K)
 Metaspace       used 26092K, committed 26368K, reserved 1114112K
  class space    used 3415K, committed 3520K, reserved 1048576K
}
Event: 2.862 GC heap before
{Heap before GC invocations=5 (full 0):
 garbage-first heap   total 71680K, used 49349K [0x0000000080000000, 0x0000000100000000)
  region size 1024K, 32 young (32768K), 3 survivors (3072K)
 Metaspace       used 30130K, committed 30464K, reserved 1114112K
  class space    used 4075K, committed 4224K, reserved 1048576K
}
Event: 2.865 GC heap after
{Heap after GC invocations=6 (full 0):
 garbage-first heap   total 71680K, used 21826K [0x0000000080000000, 0x0000000100000000)
  region size 1024K, 4 young (4096K), 4 survivors (4096K)
 Metaspace       used 30130K, committed 30464K, reserved 1114112K
  class space    used 4075K, committed 4224K, reserved 1048576K
}
Event: 3.326 GC heap before
{Heap before GC invocations=6 (full 0):
 garbage-first heap   total 71680K, used 52546K [0x0000000080000000, 0x0000000100000000)
  region size 1024K, 34 young (34816K), 4 survivors (4096K)
 Metaspace       used 34486K, committed 34816K, reserved 1114112K
  class space    used 4758K, committed 4928K, reserved 1048576K
}
Event: 3.331 GC heap after
{Heap after GC invocations=7 (full 0):
 garbage-first heap   total 71680K, used 23343K [0x0000000080000000, 0x0000000100000000)
  region size 1024K, 3 young (3072K), 3 survivors (3072K)
 Metaspace       used 34486K, committed 34816K, reserved 1114112K
  class space    used 4758K, committed 4928K, reserved 1048576K
}
Event: 3.455 GC heap before
{Heap before GC invocations=7 (full 0):
 garbage-first heap   total 71680K, used 30511K [0x0000000080000000, 0x0000000100000000)
  region size 1024K, 11 young (11264K), 3 survivors (3072K)
 Metaspace       used 35616K, committed 35968K, reserved 1114112K
  class space    used 4944K, committed 5120K, reserved 1048576K
}
Event: 3.459 GC heap after
{Heap after GC invocations=8 (full 0):
 garbage-first heap   total 86016K, used 24124K [0x0000000080000000, 0x0000000100000000)
  region size 1024K, 3 young (3072K), 3 survivors (3072K)
 Metaspace       used 35616K, committed 35968K, reserved 1114112K
  class space    used 4944K, committed 5120K, reserved 1048576K
}
Event: 4.100 GC heap before
{Heap before GC invocations=9 (full 0):
 garbage-first heap   total 86016K, used 63036K [0x0000000080000000, 0x0000000100000000)
  region size 1024K, 42 young (43008K), 3 survivors (3072K)
 Metaspace       used 41170K, committed 41408K, reserved 1114112K
  class space    used 5475K, committed 5568K, reserved 1048576K
}
Event: 4.104 GC heap after
{Heap after GC invocations=10 (full 0):
 garbage-first heap   total 86016K, used 28484K [0x0000000080000000, 0x0000000100000000)
  region size 1024K, 6 young (6144K), 6 survivors (6144K)
 Metaspace       used 41170K, committed 41408K, reserved 1114112K
  class space    used 5475K, committed 5568K, reserved 1048576K
}
Event: 4.638 GC heap before
{Heap before GC invocations=10 (full 0):
 garbage-first heap   total 86016K, used 69444K [0x0000000080000000, 0x0000000100000000)
  region size 1024K, 42 young (43008K), 6 survivors (6144K)
 Metaspace       used 44717K, committed 45120K, reserved 1114112K
  class space    used 5916K, committed 6080K, reserved 1048576K
}
Event: 4.643 GC heap after
{Heap after GC invocations=11 (full 0):
 garbage-first heap   total 86016K, used 32196K [0x0000000080000000, 0x0000000100000000)
  region size 1024K, 4 young (4096K), 4 survivors (4096K)
 Metaspace       used 44717K, committed 45120K, reserved 1114112K
  class space    used 5916K, committed 6080K, reserved 1048576K
}
Event: 5.084 GC heap before
{Heap before GC invocations=11 (full 0):
 garbage-first heap   total 86016K, used 65988K [0x0000000080000000, 0x0000000100000000)
  region size 1024K, 36 young (36864K), 4 survivors (4096K)
 Metaspace       used 49195K, committed 49600K, reserved 1114112K
  class space    used 6538K, committed 6720K, reserved 1048576K
}
Event: 5.088 GC heap after
{Heap after GC invocations=12 (full 0):
 garbage-first heap   total 86016K, used 33976K [0x0000000080000000, 0x0000000100000000)
  region size 1024K, 2 young (2048K), 2 survivors (2048K)
 Metaspace       used 49195K, committed 49600K, reserved 1114112K
  class space    used 6538K, committed 6720K, reserved 1048576K
}
Event: 5.938 GC heap before
{Heap before GC invocations=12 (full 0):
 garbage-first heap   total 86016K, used 66744K [0x0000000080000000, 0x0000000100000000)
  region size 1024K, 34 young (34816K), 2 survivors (2048K)
 Metaspace       used 52281K, committed 52672K, reserved 1114112K
  class space    used 6949K, committed 7104K, reserved 1048576K
}
Event: 5.943 GC heap after
{Heap after GC invocations=13 (full 0):
 garbage-first heap   total 86016K, used 36269K [0x0000000080000000, 0x0000000100000000)
  region size 1024K, 5 young (5120K), 5 survivors (5120K)
 Metaspace       used 52281K, committed 52672K, reserved 1114112K
  class space    used 6949K, committed 7104K, reserved 1048576K
}
Event: 6.649 GC heap before
{Heap before GC invocations=13 (full 0):
 garbage-first heap   total 86016K, used 70061K [0x0000000080000000, 0x0000000100000000)
  region size 1024K, 34 young (34816K), 5 survivors (5120K)
 Metaspace       used 53497K, committed 53952K, reserved 1114112K
  class space    used 7097K, committed 7296K, reserved 1048576K
}
Event: 6.654 GC heap after
{Heap after GC invocations=14 (full 0):
 garbage-first heap   total 86016K, used 48630K [0x0000000080000000, 0x0000000100000000)
  region size 1024K, 5 young (5120K), 5 survivors (5120K)
 Metaspace       used 53497K, committed 53952K, reserved 1114112K
  class space    used 7097K, committed 7296K, reserved 1048576K
}
Event: 6.712 GC heap before
{Heap before GC invocations=14 (full 0):
 garbage-first heap   total 86016K, used 51702K [0x0000000080000000, 0x0000000100000000)
  region size 1024K, 10 young (10240K), 5 survivors (5120K)
 Metaspace       used 53816K, committed 54272K, reserved 1114112K
  class space    used 7124K, committed 7296K, reserved 1048576K
}
Event: 6.714 GC heap after
{Heap after GC invocations=15 (full 0):
 garbage-first heap   total 86016K, used 49289K [0x0000000080000000, 0x0000000100000000)
  region size 1024K, 1 young (1024K), 1 survivors (1024K)
 Metaspace       used 53816K, committed 54272K, reserved 1114112K
  class space    used 7124K, committed 7296K, reserved 1048576K
}

