# JRE version: OpenJDK Runtime Environment (17.0.7) (build 17.0.7+0-b2043.56-10550314)
# Java VM: OpenJDK 64-Bit Server VM (17.0.7+0-b2043.56-10550314, mixed mode, tiered, compressed oops, compressed class ptrs, g1 gc, windows-amd64)
GC Precious Log:
 CPUs: 8 total, 8 available
 Memory: 7969M
 Large Page Support: Disabled
 NUMA Support: Disabled
 Compressed Oops: Enabled (32-bit)
 Heap Region Size: 1M
 Heap Min Capacity: 8M
 Heap Initial Capacity: 126M
 Heap Max Capacity: 2G
 Pre-touch: Disabled
 Parallel Workers: 8
 Concurrent Workers: 2
 Concurrent Refinement Workers: 8
 Periodic GC: Disabled
Heap:
 garbage-first heap   total 172032K, used 95791K [0x0000000080000000, 0x0000000100000000)
  region size 1024K, 4 young (4096K), 4 survivors (4096K)
 Metaspace       used 87108K, committed 87808K, reserved 1179648K
  class space    used 12079K, committed 12416K, reserved 1048576K
GC Heap History (20 events):
Event: 10.089 GC heap after
{Heap after GC invocations=39 (full 0):
 garbage-first heap   total 116736K, used 66299K [0x0000000080000000, 0x0000000100000000)
  region size 1024K, 3 young (3072K), 3 survivors (3072K)
 Metaspace       used 75154K, committed 75776K, reserved 1179648K
  class space    used 10243K, committed 10560K, reserved 1048576K
}
Event: 10.604 GC heap before
{Heap before GC invocations=40 (full 0):
 garbage-first heap   total 121856K, used 97019K [0x0000000080000000, 0x0000000100000000)
  region size 1024K, 33 young (33792K), 3 survivors (3072K)
 Metaspace       used 77613K, committed 78208K, reserved 1179648K
  class space    used 10596K, committed 10880K, reserved 1048576K
}
Event: 10.608 GC heap after
{Heap after GC invocations=41 (full 0):
 garbage-first heap   total 121856K, used 68373K [0x0000000080000000, 0x0000000100000000)
  region size 1024K, 5 young (5120K), 5 survivors (5120K)
 Metaspace       used 77613K, committed 78208K, reserved 1179648K
  class space    used 10596K, committed 10880K, reserved 1048576K
}
Event: 10.948 GC heap before
{Heap before GC invocations=41 (full 0):
 garbage-first heap   total 121856K, used 101141K [0x0000000080000000, 0x0000000100000000)
  region size 1024K, 37 young (37888K), 5 survivors (5120K)
 Metaspace       used 80366K, committed 80960K, reserved 1179648K
  class space    used 11050K, committed 11328K, reserved 1048576K
}
Event: 10.952 GC heap after
{Heap after GC invocations=42 (full 0):
 garbage-first heap   total 121856K, used 69924K [0x0000000080000000, 0x0000000100000000)
  region size 1024K, 4 young (4096K), 4 survivors (4096K)
 Metaspace       used 80366K, committed 80960K, reserved 1179648K
  class space    used 11050K, committed 11328K, reserved 1048576K
}
Event: 11.360 GC heap before
{Heap before GC invocations=43 (full 0):
 garbage-first heap   total 122880K, used 102692K [0x0000000080000000, 0x0000000100000000)
  region size 1024K, 36 young (36864K), 4 survivors (4096K)
 Metaspace       used 83307K, committed 83904K, reserved 1179648K
  class space    used 11438K, committed 11712K, reserved 1048576K
}
Event: 11.365 GC heap after
{Heap after GC invocations=44 (full 0):
 garbage-first heap   total 122880K, used 72173K [0x0000000080000000, 0x0000000100000000)
  region size 1024K, 4 young (4096K), 4 survivors (4096K)
 Metaspace       used 83307K, committed 83904K, reserved 1179648K
  class space    used 11438K, committed 11712K, reserved 1048576K
}
Event: 11.596 GC heap before
{Heap before GC invocations=44 (full 0):
 garbage-first heap   total 122880K, used 103917K [0x0000000080000000, 0x0000000100000000)
  region size 1024K, 35 young (35840K), 4 survivors (4096K)
 Metaspace       used 84059K, committed 84672K, reserved 1179648K
  class space    used 11534K, committed 11840K, reserved 1048576K
}
Event: 11.602 GC heap after
{Heap after GC invocations=45 (full 0):
 garbage-first heap   total 122880K, used 76309K [0x0000000080000000, 0x0000000100000000)
  region size 1024K, 5 young (5120K), 5 survivors (5120K)
 Metaspace       used 84059K, committed 84672K, reserved 1179648K
  class space    used 11534K, committed 11840K, reserved 1048576K
}
Event: 11.817 GC heap before
{Heap before GC invocations=46 (full 0):
 garbage-first heap   total 143360K, used 102933K [0x0000000080000000, 0x0000000100000000)
  region size 1024K, 31 young (31744K), 5 survivors (5120K)
 Metaspace       used 84592K, committed 85248K, reserved 1179648K
  class space    used 11637K, committed 11968K, reserved 1048576K
}
Event: 11.824 GC heap after
{Heap after GC invocations=47 (full 0):
 garbage-first heap   total 172032K, used 80435K [0x0000000080000000, 0x0000000100000000)
  region size 1024K, 4 young (4096K), 4 survivors (4096K)
 Metaspace       used 84592K, committed 85248K, reserved 1179648K
  class space    used 11637K, committed 11968K, reserved 1048576K
}
Event: 11.914 GC heap before
{Heap before GC invocations=47 (full 0):
 garbage-first heap   total 172032K, used 83507K [0x0000000080000000, 0x0000000100000000)
  region size 1024K, 8 young (8192K), 4 survivors (4096K)
 Metaspace       used 85163K, committed 85760K, reserved 1179648K
  class space    used 11763K, committed 12032K, reserved 1048576K
}
Event: 11.920 GC heap after
{Heap after GC invocations=48 (full 0):
 garbage-first heap   total 172032K, used 80782K [0x0000000080000000, 0x0000000100000000)
  region size 1024K, 1 young (1024K), 1 survivors (1024K)
 Metaspace       used 85163K, committed 85760K, reserved 1179648K
  class space    used 11763K, committed 12032K, reserved 1048576K
}
Event: 12.493 GC heap before
{Heap before GC invocations=48 (full 0):
 garbage-first heap   total 172032K, used 137102K [0x0000000080000000, 0x0000000100000000)
  region size 1024K, 57 young (58368K), 1 survivors (1024K)
 Metaspace       used 87014K, committed 87680K, reserved 1179648K
  class space    used 12075K, committed 12416K, reserved 1048576K
}
Event: 12.498 GC heap after
{Heap after GC invocations=49 (full 0):
 garbage-first heap   total 172032K, used 87459K [0x0000000080000000, 0x0000000100000000)
  region size 1024K, 8 young (8192K), 8 survivors (8192K)
 Metaspace       used 87014K, committed 87680K, reserved 1179648K
  class space    used 12075K, committed 12416K, reserved 1048576K
}
Event: 12.838 GC heap before
{Heap before GC invocations=50 (full 0):
 garbage-first heap   total 172032K, used 135587K [0x0000000080000000, 0x0000000100000000)
  region size 1024K, 56 young (57344K), 8 survivors (8192K)
 Metaspace       used 87108K, committed 87808K, reserved 1179648K
  class space    used 12078K, committed 12416K, reserved 1048576K
}
Event: 12.844 GC heap after
{Heap after GC invocations=51 (full 0):
 garbage-first heap   total 172032K, used 92644K [0x0000000080000000, 0x0000000100000000)
  region size 1024K, 7 young (7168K), 7 survivors (7168K)
 Metaspace       used 87108K, committed 87808K, reserved 1179648K
  class space    used 12078K, committed 12416K, reserved 1048576K
}
Event: 12.848 GC heap before
{Heap before GC invocations=51 (full 0):
 garbage-first heap   total 172032K, used 93668K [0x0000000080000000, 0x0000000100000000)
  region size 1024K, 8 young (8192K), 7 survivors (7168K)
 Metaspace       used 87108K, committed 87808K, reserved 1179648K
  class space    used 12078K, committed 12416K, reserved 1048576K
}
Event: 12.853 GC heap after
{Heap after GC invocations=52 (full 0):
 garbage-first heap   total 172032K, used 93184K [0x0000000080000000, 0x0000000100000000)
  region size 1024K, 1 young (1024K), 1 survivors (1024K)
 Metaspace       used 87108K, committed 87808K, reserved 1179648K
  class space    used 12078K, committed 12416K, reserved 1048576K
}
Event: 13.195 GC heap before
{Heap before GC invocations=52 (full 0):
 garbage-first heap   total 172032K, used 138240K [0x0000000080000000, 0x0000000100000000)
  region size 1024K, 45 young (46080K), 1 survivors (1024K)
 Metaspace       used 87108K, committed 87808K, reserved 1179648K
  class space    used 12079K, committed 12416K, reserved 1048576K
}

