# JRE version: OpenJDK Runtime Environment (17.0.7) (build 17.0.7+0-b2043.56-10550314)
# Java VM: OpenJDK 64-Bit Server VM (17.0.7+0-b2043.56-10550314, mixed mode, tiered, compressed oops, compressed class ptrs, g1 gc, windows-amd64)
GC Precious Log:
 CPUs: 8 total, 8 available
 Memory: 7969M
 Large Page Support: Disabled
 NUMA Support: Disabled
 Compressed Oops: Enabled (32-bit)
 Heap Region Size: 1M
 Heap Min Capacity: 8M
 Heap Initial Capacity: 126M
 Heap Max Capacity: 2G
 Pre-touch: Disabled
 Parallel Workers: 8
 Concurrent Workers: 2
 Concurrent Refinement Workers: 8
 Periodic GC: Disabled
Heap:
 garbage-first heap   total 134144K, used 66855K [0x0000000080000000, 0x0000000100000000)
  region size 1024K, 4 young (4096K), 4 survivors (4096K)
 Metaspace       used 70493K, committed 71040K, reserved 1114112K
  class space    used 9398K, committed 9664K, reserved 1048576K
GC Heap History (20 events):
Event: 7.075 GC heap after
{Heap after GC invocations=20 (full 0):
 garbage-first heap   total 89088K, used 51445K [0x0000000080000000, 0x0000000100000000)
  region size 1024K, 1 young (1024K), 1 survivors (1024K)
 Metaspace       used 53742K, committed 54144K, reserved 1114112K
  class space    used 7135K, committed 7296K, reserved 1048576K
}
Event: 7.259 GC heap before
{Heap before GC invocations=21 (full 0):
 garbage-first heap   total 96256K, used 67829K [0x0000000080000000, 0x0000000100000000)
  region size 1024K, 16 young (16384K), 1 survivors (1024K)
 Metaspace       used 55072K, committed 55488K, reserved 1114112K
  class space    used 7350K, committed 7552K, reserved 1048576K
}
Event: 7.260 GC heap after
{Heap after GC invocations=22 (full 0):
 garbage-first heap   total 96256K, used 52968K [0x0000000080000000, 0x0000000100000000)
  region size 1024K, 1 young (1024K), 1 survivors (1024K)
 Metaspace       used 55072K, committed 55488K, reserved 1114112K
  class space    used 7350K, committed 7552K, reserved 1048576K
}
Event: 7.284 GC heap before
{Heap before GC invocations=22 (full 0):
 garbage-first heap   total 96256K, used 55016K [0x0000000080000000, 0x0000000100000000)
  region size 1024K, 4 young (4096K), 1 survivors (1024K)
 Metaspace       used 55363K, committed 55808K, reserved 1114112K
  class space    used 7391K, committed 7616K, reserved 1048576K
}
Event: 7.287 GC heap after
{Heap after GC invocations=23 (full 0):
 garbage-first heap   total 96256K, used 52960K [0x0000000080000000, 0x0000000100000000)
  region size 1024K, 1 young (1024K), 1 survivors (1024K)
 Metaspace       used 55363K, committed 55808K, reserved 1114112K
  class space    used 7391K, committed 7616K, reserved 1048576K
}
Event: 7.463 GC heap before
{Heap before GC invocations=23 (full 0):
 garbage-first heap   total 96256K, used 72416K [0x0000000080000000, 0x0000000100000000)
  region size 1024K, 20 young (20480K), 1 survivors (1024K)
 Metaspace       used 57428K, committed 57856K, reserved 1114112K
  class space    used 7640K, committed 7808K, reserved 1048576K
}
Event: 7.465 GC heap after
{Heap after GC invocations=24 (full 0):
 garbage-first heap   total 134144K, used 53467K [0x0000000080000000, 0x0000000100000000)
  region size 1024K, 1 young (1024K), 1 survivors (1024K)
 Metaspace       used 57428K, committed 57856K, reserved 1114112K
  class space    used 7640K, committed 7808K, reserved 1048576K
}
Event: 8.006 GC heap before
{Heap before GC invocations=25 (full 0):
 garbage-first heap   total 134144K, used 95451K [0x0000000080000000, 0x0000000100000000)
  region size 1024K, 42 young (43008K), 1 survivors (1024K)
 Metaspace       used 62799K, committed 63232K, reserved 1114112K
  class space    used 8387K, committed 8576K, reserved 1048576K
}
Event: 8.008 GC heap after
{Heap after GC invocations=26 (full 0):
 garbage-first heap   total 134144K, used 55528K [0x0000000080000000, 0x0000000100000000)
  region size 1024K, 3 young (3072K), 3 survivors (3072K)
 Metaspace       used 62799K, committed 63232K, reserved 1114112K
  class space    used 8387K, committed 8576K, reserved 1048576K
}
Event: 8.077 GC heap before
{Heap before GC invocations=26 (full 0):
 garbage-first heap   total 134144K, used 58600K [0x0000000080000000, 0x0000000100000000)
  region size 1024K, 6 young (6144K), 3 survivors (3072K)
 Metaspace       used 64047K, committed 64704K, reserved 1114112K
  class space    used 8522K, committed 8832K, reserved 1048576K
}
Event: 8.080 GC heap after
{Heap after GC invocations=27 (full 0):
 garbage-first heap   total 134144K, used 55700K [0x0000000080000000, 0x0000000100000000)
  region size 1024K, 1 young (1024K), 1 survivors (1024K)
 Metaspace       used 64047K, committed 64704K, reserved 1114112K
  class space    used 8522K, committed 8832K, reserved 1048576K
}
Event: 8.158 GC heap before
{Heap before GC invocations=27 (full 0):
 garbage-first heap   total 134144K, used 70036K [0x0000000080000000, 0x0000000100000000)
  region size 1024K, 11 young (11264K), 1 survivors (1024K)
 Metaspace       used 64102K, committed 64704K, reserved 1114112K
  class space    used 8528K, committed 8832K, reserved 1048576K
}
Event: 8.160 GC heap after
{Heap after GC invocations=28 (full 0):
 garbage-first heap   total 134144K, used 62566K [0x0000000080000000, 0x0000000100000000)
  region size 1024K, 4 young (4096K), 4 survivors (4096K)
 Metaspace       used 64102K, committed 64704K, reserved 1114112K
  class space    used 8528K, committed 8832K, reserved 1048576K
}
Event: 8.591 GC heap before
{Heap before GC invocations=28 (full 0):
 garbage-first heap   total 134144K, used 99430K [0x0000000080000000, 0x0000000100000000)
  region size 1024K, 39 young (39936K), 4 survivors (4096K)
 Metaspace       used 66698K, committed 67264K, reserved 1114112K
  class space    used 8877K, committed 9152K, reserved 1048576K
}
Event: 8.594 GC heap after
{Heap after GC invocations=29 (full 0):
 garbage-first heap   total 134144K, used 61076K [0x0000000080000000, 0x0000000100000000)
  region size 1024K, 4 young (4096K), 4 survivors (4096K)
 Metaspace       used 66698K, committed 67264K, reserved 1114112K
  class space    used 8877K, committed 9152K, reserved 1048576K
}
Event: 8.989 GC heap before
{Heap before GC invocations=29 (full 0):
 garbage-first heap   total 134144K, used 99988K [0x0000000080000000, 0x0000000100000000)
  region size 1024K, 42 young (43008K), 4 survivors (4096K)
 Metaspace       used 68450K, committed 69056K, reserved 1114112K
  class space    used 9119K, committed 9408K, reserved 1048576K
}
Event: 8.993 GC heap after
{Heap after GC invocations=30 (full 0):
 garbage-first heap   total 134144K, used 62849K [0x0000000080000000, 0x0000000100000000)
  region size 1024K, 6 young (6144K), 6 survivors (6144K)
 Metaspace       used 68450K, committed 69056K, reserved 1114112K
  class space    used 9119K, committed 9408K, reserved 1048576K
}
Event: 9.303 GC heap before
{Heap before GC invocations=30 (full 0):
 garbage-first heap   total 134144K, used 102785K [0x0000000080000000, 0x0000000100000000)
  region size 1024K, 45 young (46080K), 6 survivors (6144K)
 Metaspace       used 69534K, committed 70080K, reserved 1114112K
  class space    used 9256K, committed 9536K, reserved 1048576K
}
Event: 9.308 GC heap after
{Heap after GC invocations=31 (full 0):
 garbage-first heap   total 134144K, used 65921K [0x0000000080000000, 0x0000000100000000)
  region size 1024K, 6 young (6144K), 6 survivors (6144K)
 Metaspace       used 69534K, committed 70080K, reserved 1114112K
  class space    used 9256K, committed 9536K, reserved 1048576K
}
Event: 9.456 GC heap before
{Heap before GC invocations=31 (full 0):
 garbage-first heap   total 134144K, used 79233K [0x0000000080000000, 0x0000000100000000)
  region size 1024K, 20 young (20480K), 6 survivors (6144K)
 Metaspace       used 70493K, committed 71040K, reserved 1114112K
  class space    used 9398K, committed 9664K, reserved 1048576K
}

