# JRE version: OpenJDK Runtime Environment (17.0.7) (build 17.0.7+0-b2043.56-10550314)
# Java VM: OpenJDK 64-Bit Server VM (17.0.7+0-b2043.56-10550314, mixed mode, tiered, compressed oops, compressed class ptrs, g1 gc, windows-amd64)
GC Precious Log:
 CPUs: 8 total, 8 available
 Memory: 7969M
 Large Page Support: Disabled
 NUMA Support: Disabled
 Compressed Oops: Enabled (32-bit)
 Heap Region Size: 1M
 Heap Min Capacity: 8M
 Heap Initial Capacity: 126M
 Heap Max Capacity: 2G
 Pre-touch: Disabled
 Parallel Workers: 8
 Concurrent Workers: 2
 Concurrent Refinement Workers: 8
 Periodic GC: Disabled
Heap:
 garbage-first heap   total 484352K, used 218787K [0x0000000080000000, 0x0000000100000000)
  region size 1024K, 72 young (73728K), 6 survivors (6144K)
 Metaspace       used 126308K, committed 127296K, reserved 1179648K
  class space    used 17046K, committed 17536K, reserved 1048576K
GC Heap History (20 events):
Event: 96.482 GC heap before
{Heap before GC invocations=71 (full 0):
 garbage-first heap   total 416768K, used 290997K [0x0000000080000000, 0x0000000100000000)
  region size 1024K, 43 young (44032K), 1 survivors (1024K)
 Metaspace       used 123682K, committed 124544K, reserved 1179648K
  class space    used 16908K, committed 17344K, reserved 1048576K
}
Event: 96.492 GC heap after
{Heap after GC invocations=72 (full 0):
 garbage-first heap   total 416768K, used 163192K [0x0000000080000000, 0x0000000100000000)
  region size 1024K, 5 young (5120K), 5 survivors (5120K)
 Metaspace       used 123682K, committed 124544K, reserved 1179648K
  class space    used 16908K, committed 17344K, reserved 1048576K
}
Event: 96.740 GC heap before
{Heap before GC invocations=72 (full 0):
 garbage-first heap   total 416768K, used 177528K [0x0000000080000000, 0x0000000100000000)
  region size 1024K, 20 young (20480K), 5 survivors (5120K)
 Metaspace       used 123740K, committed 124672K, reserved 1179648K
  class space    used 16920K, committed 17408K, reserved 1048576K
}
Event: 96.757 GC heap after
{Heap after GC invocations=73 (full 0):
 garbage-first heap   total 416768K, used 159189K [0x0000000080000000, 0x0000000100000000)
  region size 1024K, 3 young (3072K), 3 survivors (3072K)
 Metaspace       used 123740K, committed 124672K, reserved 1179648K
  class space    used 16920K, committed 17408K, reserved 1048576K
}
Event: 99.324 GC heap before
{Heap before GC invocations=73 (full 0):
 garbage-first heap   total 416768K, used 351701K [0x0000000080000000, 0x0000000100000000)
  region size 1024K, 111 young (113664K), 3 survivors (3072K)
 Metaspace       used 124294K, committed 125248K, reserved 1179648K
  class space    used 16941K, committed 17408K, reserved 1048576K
}
Event: 99.335 GC heap after
{Heap after GC invocations=74 (full 0):
 garbage-first heap   total 484352K, used 189301K [0x0000000080000000, 0x0000000100000000)
  region size 1024K, 6 young (6144K), 6 survivors (6144K)
 Metaspace       used 124294K, committed 125248K, reserved 1179648K
  class space    used 16941K, committed 17408K, reserved 1048576K
}
Event: 99.337 GC heap before
{Heap before GC invocations=74 (full 0):
 garbage-first heap   total 484352K, used 193397K [0x0000000080000000, 0x0000000100000000)
  region size 1024K, 8 young (8192K), 6 survivors (6144K)
 Metaspace       used 124294K, committed 125248K, reserved 1179648K
  class space    used 16941K, committed 17408K, reserved 1048576K
}
Event: 99.344 GC heap after
{Heap after GC invocations=75 (full 0):
 garbage-first heap   total 484352K, used 186331K [0x0000000080000000, 0x0000000100000000)
  region size 1024K, 5 young (5120K), 5 survivors (5120K)
 Metaspace       used 124294K, committed 125248K, reserved 1179648K
  class space    used 16941K, committed 17408K, reserved 1048576K
}
Event: 160.942 GC heap before
{Heap before GC invocations=76 (full 0):
 garbage-first heap   total 484352K, used 458715K [0x0000000080000000, 0x0000000100000000)
  region size 1024K, 185 young (189440K), 5 survivors (5120K)
 Metaspace       used 125361K, committed 126336K, reserved 1179648K
  class space    used 17023K, committed 17472K, reserved 1048576K
}
Event: 160.961 GC heap after
{Heap after GC invocations=77 (full 0):
 garbage-first heap   total 484352K, used 182035K [0x0000000080000000, 0x0000000100000000)
  region size 1024K, 14 young (14336K), 14 survivors (14336K)
 Metaspace       used 125361K, committed 126336K, reserved 1179648K
  class space    used 17023K, committed 17472K, reserved 1048576K
}
Event: 360.392 GC heap before
{Heap before GC invocations=77 (full 0):
 garbage-first heap   total 484352K, used 342803K [0x0000000080000000, 0x0000000100000000)
  region size 1024K, 23 young (23552K), 14 survivors (14336K)
 Metaspace       used 125436K, committed 126400K, reserved 1179648K
  class space    used 17023K, committed 17472K, reserved 1048576K
}
Event: 360.432 GC heap after
{Heap after GC invocations=78 (full 0):
 garbage-first heap   total 484352K, used 152700K [0x0000000080000000, 0x0000000100000000)
  region size 1024K, 2 young (2048K), 2 survivors (2048K)
 Metaspace       used 125436K, committed 126400K, reserved 1179648K
  class space    used 17023K, committed 17472K, reserved 1048576K
}
Event: 541.670 GC heap before
{Heap before GC invocations=78 (full 0):
 garbage-first heap   total 484352K, used 229500K [0x0000000080000000, 0x0000000100000000)
  region size 1024K, 78 young (79872K), 2 survivors (2048K)
 Metaspace       used 125686K, committed 126656K, reserved 1179648K
  class space    used 17035K, committed 17536K, reserved 1048576K
}
Event: 541.679 GC heap after
{Heap after GC invocations=79 (full 0):
 garbage-first heap   total 484352K, used 161718K [0x0000000080000000, 0x0000000100000000)
  region size 1024K, 11 young (11264K), 11 survivors (11264K)
 Metaspace       used 125686K, committed 126656K, reserved 1179648K
  class space    used 17035K, committed 17536K, reserved 1048576K
}
Event: 630.891 GC heap before
{Heap before GC invocations=80 (full 0):
 garbage-first heap   total 484352K, used 460601K [0x0000000080000000, 0x0000000100000000)
  region size 1024K, 146 young (149504K), 11 survivors (11264K)
 Metaspace       used 126079K, committed 127104K, reserved 1179648K
  class space    used 17040K, committed 17536K, reserved 1048576K
}
Event: 630.931 GC heap after
{Heap after GC invocations=81 (full 0):
 garbage-first heap   total 484352K, used 157061K [0x0000000080000000, 0x0000000100000000)
  region size 1024K, 9 young (9216K), 9 survivors (9216K)
 Metaspace       used 126079K, committed 127104K, reserved 1179648K
  class space    used 17040K, committed 17536K, reserved 1048576K
}
Event: 631.202 GC heap before
{Heap before GC invocations=81 (full 0):
 garbage-first heap   total 484352K, used 170373K [0x0000000080000000, 0x0000000100000000)
  region size 1024K, 23 young (23552K), 9 survivors (9216K)
 Metaspace       used 126094K, committed 127104K, reserved 1179648K
  class space    used 17040K, committed 17536K, reserved 1048576K
}
Event: 631.238 GC heap after
{Heap after GC invocations=82 (full 0):
 garbage-first heap   total 484352K, used 146969K [0x0000000080000000, 0x0000000100000000)
  region size 1024K, 2 young (2048K), 2 survivors (2048K)
 Metaspace       used 126094K, committed 127104K, reserved 1179648K
  class space    used 17040K, committed 17536K, reserved 1048576K
}
Event: 631.911 GC heap before
{Heap before GC invocations=82 (full 0):
 garbage-first heap   total 484352K, used 164377K [0x0000000080000000, 0x0000000100000000)
  region size 1024K, 20 young (20480K), 2 survivors (2048K)
 Metaspace       used 126137K, committed 127104K, reserved 1179648K
  class space    used 17045K, committed 17536K, reserved 1048576K
}
Event: 631.924 GC heap after
{Heap after GC invocations=83 (full 0):
 garbage-first heap   total 484352K, used 150179K [0x0000000080000000, 0x0000000100000000)
  region size 1024K, 6 young (6144K), 6 survivors (6144K)
 Metaspace       used 126137K, committed 127104K, reserved 1179648K
  class space    used 17045K, committed 17536K, reserved 1048576K
}

