# JRE version: OpenJDK Runtime Environment (17.0.7) (build 17.0.7+0-b2043.56-10550314)
# Java VM: OpenJDK 64-Bit Server VM (17.0.7+0-b2043.56-10550314, mixed mode, tiered, compressed oops, compressed class ptrs, g1 gc, windows-amd64)
GC Precious Log:
 CPUs: 8 total, 8 available
 Memory: 7969M
 Large Page Support: Disabled
 NUMA Support: Disabled
 Compressed Oops: Enabled (32-bit)
 Heap Region Size: 1M
 Heap Min Capacity: 8M
 Heap Initial Capacity: 126M
 Heap Max Capacity: 2G
 Pre-touch: Disabled
 Parallel Workers: 8
 Concurrent Workers: 2
 Concurrent Refinement Workers: 8
 Periodic GC: Disabled
Heap:
 garbage-first heap   total 575488K, used 351400K [0x0000000080000000, 0x0000000100000000)
  region size 1024K, 15 young (15360K), 3 survivors (3072K)
 Metaspace       used 145197K, committed 147072K, reserved 1179648K
  class space    used 19319K, committed 20224K, reserved 1048576K
GC Heap History (20 events):
Event: 6183.824 GC heap before
{Heap before GC invocations=96 (full 0):
 garbage-first heap   total 572416K, used 223783K [0x0000000080000000, 0x0000000100000000)
  region size 1024K, 71 young (72704K), 3 survivors (3072K)
 Metaspace       used 143217K, committed 144512K, reserved 1179648K
  class space    used 19026K, committed 19648K, reserved 1048576K
}
Event: 6183.832 GC heap after
{Heap after GC invocations=97 (full 0):
 garbage-first heap   total 572416K, used 164421K [0x0000000080000000, 0x0000000100000000)
  region size 1024K, 11 young (11264K), 11 survivors (11264K)
 Metaspace       used 143217K, committed 144512K, reserved 1179648K
  class space    used 19026K, committed 19648K, reserved 1048576K
}
Event: 6296.739 GC heap before
{Heap before GC invocations=98 (full 0):
 garbage-first heap   total 572416K, used 527092K [0x0000000080000000, 0x0000000100000000)
  region size 1024K, 205 young (209920K), 11 survivors (11264K)
 Metaspace       used 144810K, committed 146688K, reserved 1179648K
  class space    used 19339K, committed 20224K, reserved 1048576K
}
Event: 6296.761 GC heap after
{Heap after GC invocations=99 (full 0):
 garbage-first heap   total 572416K, used 178116K [0x0000000080000000, 0x0000000100000000)
  region size 1024K, 23 young (23552K), 23 survivors (23552K)
 Metaspace       used 144810K, committed 146688K, reserved 1179648K
  class space    used 19339K, committed 20224K, reserved 1048576K
}
Event: 6296.787 GC heap before
{Heap before GC invocations=99 (full 0):
 garbage-first heap   total 572416K, used 182212K [0x0000000080000000, 0x0000000100000000)
  region size 1024K, 27 young (27648K), 23 survivors (23552K)
 Metaspace       used 144810K, committed 146688K, reserved 1179648K
  class space    used 19339K, committed 20224K, reserved 1048576K
}
Event: 6296.810 GC heap after
{Heap after GC invocations=100 (full 0):
 garbage-first heap   total 572416K, used 166544K [0x0000000080000000, 0x0000000100000000)
  region size 1024K, 4 young (4096K), 4 survivors (4096K)
 Metaspace       used 144810K, committed 146688K, reserved 1179648K
  class space    used 19339K, committed 20224K, reserved 1048576K
}
Event: 6297.417 GC heap before
{Heap before GC invocations=100 (full 0):
 garbage-first heap   total 572416K, used 227984K [0x0000000080000000, 0x0000000100000000)
  region size 1024K, 66 young (67584K), 4 survivors (4096K)
 Metaspace       used 144943K, committed 146816K, reserved 1179648K
  class space    used 19351K, committed 20224K, reserved 1048576K
}
Event: 6297.425 GC heap after
{Heap after GC invocations=101 (full 0):
 garbage-first heap   total 572416K, used 169230K [0x0000000080000000, 0x0000000100000000)
  region size 1024K, 7 young (7168K), 7 survivors (7168K)
 Metaspace       used 144943K, committed 146816K, reserved 1179648K
  class space    used 19351K, committed 20224K, reserved 1048576K
}
Event: 6437.365 GC heap before
{Heap before GC invocations=102 (full 0):
 garbage-first heap   total 572416K, used 525582K [0x0000000080000000, 0x0000000100000000)
  region size 1024K, 196 young (200704K), 7 survivors (7168K)
 Metaspace       used 144985K, committed 146880K, reserved 1179648K
  class space    used 19318K, committed 20224K, reserved 1048576K
}
Event: 6437.379 GC heap after
{Heap after GC invocations=103 (full 0):
 garbage-first heap   total 572416K, used 179304K [0x0000000080000000, 0x0000000100000000)
  region size 1024K, 17 young (17408K), 17 survivors (17408K)
 Metaspace       used 144985K, committed 146880K, reserved 1179648K
  class space    used 19318K, committed 20224K, reserved 1048576K
}
Event: 6437.413 GC heap before
{Heap before GC invocations=103 (full 0):
 garbage-first heap   total 572416K, used 188520K [0x0000000080000000, 0x0000000100000000)
  region size 1024K, 27 young (27648K), 17 survivors (17408K)
 Metaspace       used 144985K, committed 146880K, reserved 1179648K
  class space    used 19318K, committed 20224K, reserved 1048576K
}
Event: 6437.436 GC heap after
{Heap after GC invocations=104 (full 0):
 garbage-first heap   total 572416K, used 169337K [0x0000000080000000, 0x0000000100000000)
  region size 1024K, 2 young (2048K), 2 survivors (2048K)
 Metaspace       used 144985K, committed 146880K, reserved 1179648K
  class space    used 19318K, committed 20224K, reserved 1048576K
}
Event: 6437.583 GC heap before
{Heap before GC invocations=104 (full 0):
 garbage-first heap   total 572416K, used 198009K [0x0000000080000000, 0x0000000100000000)
  region size 1024K, 32 young (32768K), 2 survivors (2048K)
 Metaspace       used 145003K, committed 146880K, reserved 1179648K
  class space    used 19318K, committed 20224K, reserved 1048576K
}
Event: 6437.585 GC heap after
{Heap after GC invocations=105 (full 0):
 garbage-first heap   total 572416K, used 168600K [0x0000000080000000, 0x0000000100000000)
  region size 1024K, 2 young (2048K), 2 survivors (2048K)
 Metaspace       used 145003K, committed 146880K, reserved 1179648K
  class space    used 19318K, committed 20224K, reserved 1048576K
}
Event: 6535.005 GC heap before
{Heap before GC invocations=106 (full 0):
 garbage-first heap   total 572416K, used 539288K [0x0000000080000000, 0x0000000100000000)
  region size 1024K, 207 young (211968K), 2 survivors (2048K)
 Metaspace       used 145170K, committed 147008K, reserved 1179648K
  class space    used 19319K, committed 20224K, reserved 1048576K
}
Event: 6535.023 GC heap after
{Heap after GC invocations=107 (full 0):
 garbage-first heap   total 572416K, used 189384K [0x0000000080000000, 0x0000000100000000)
  region size 1024K, 24 young (24576K), 24 survivors (24576K)
 Metaspace       used 145170K, committed 147008K, reserved 1179648K
  class space    used 19319K, committed 20224K, reserved 1048576K
}
Event: 6535.045 GC heap before
{Heap before GC invocations=107 (full 0):
 garbage-first heap   total 572416K, used 192456K [0x0000000080000000, 0x0000000100000000)
  region size 1024K, 27 young (27648K), 24 survivors (24576K)
 Metaspace       used 145173K, committed 147008K, reserved 1179648K
  class space    used 19319K, committed 20224K, reserved 1048576K
}
Event: 6535.064 GC heap after
{Heap after GC invocations=108 (full 0):
 garbage-first heap   total 572416K, used 175063K [0x0000000080000000, 0x0000000100000000)
  region size 1024K, 3 young (3072K), 3 survivors (3072K)
 Metaspace       used 145173K, committed 147008K, reserved 1179648K
  class space    used 19319K, committed 20224K, reserved 1048576K
}
Event: 6535.495 GC heap before
{Heap before GC invocations=108 (full 0):
 garbage-first heap   total 572416K, used 213975K [0x0000000080000000, 0x0000000100000000)
  region size 1024K, 43 young (44032K), 3 survivors (3072K)
 Metaspace       used 145195K, committed 147072K, reserved 1179648K
  class space    used 19319K, committed 20224K, reserved 1048576K
}
Event: 6535.500 GC heap after
{Heap after GC invocations=109 (full 0):
 garbage-first heap   total 572416K, used 175272K [0x0000000080000000, 0x0000000100000000)
  region size 1024K, 3 young (3072K), 3 survivors (3072K)
 Metaspace       used 145195K, committed 147072K, reserved 1179648K
  class space    used 19319K, committed 20224K, reserved 1048576K
}

