# JRE version: OpenJDK Runtime Environment (17.0.7) (build 17.0.7+0-b2043.56-10550314)
# Java VM: OpenJDK 64-Bit Server VM (17.0.7+0-b2043.56-10550314, mixed mode, tiered, compressed oops, compressed class ptrs, g1 gc, windows-amd64)
GC Precious Log:
 CPUs: 8 total, 8 available
 Memory: 7969M
 Large Page Support: Disabled
 NUMA Support: Disabled
 Compressed Oops: Enabled (32-bit)
 Heap Region Size: 1M
 Heap Min Capacity: 8M
 Heap Initial Capacity: 126M
 Heap Max Capacity: 2G
 Pre-touch: Disabled
 Parallel Workers: 8
 Concurrent Workers: 2
 Concurrent Refinement Workers: 8
 Periodic GC: Disabled
Heap:
 garbage-first heap   total 429056K, used 321951K [0x0000000080000000, 0x0000000100000000)
  region size 1024K, 6 young (6144K), 3 survivors (3072K)
 Metaspace       used 124209K, committed 125056K, reserved 1179648K
  class space    used 17193K, committed 17600K, reserved 1048576K
GC Heap History (20 events):
Event: 12.928 GC heap before
{Heap before GC invocations=43 (full 0):
 garbage-first heap   total 184320K, used 135181K [0x0000000080000000, 0x0000000100000000)
  region size 1024K, 43 young (44032K), 4 survivors (4096K)
 Metaspace       used 87147K, committed 87872K, reserved 1179648K
  class space    used 12070K, committed 12416K, reserved 1048576K
}
Event: 12.931 GC heap after
{Heap after GC invocations=44 (full 0):
 garbage-first heap   total 184320K, used 96547K [0x0000000080000000, 0x0000000100000000)
  region size 1024K, 4 young (4096K), 4 survivors (4096K)
 Metaspace       used 87147K, committed 87872K, reserved 1179648K
  class space    used 12070K, committed 12416K, reserved 1048576K
}
Event: 12.952 GC heap before
{Heap before GC invocations=44 (full 0):
 garbage-first heap   total 184320K, used 101667K [0x0000000080000000, 0x0000000100000000)
  region size 1024K, 9 young (9216K), 4 survivors (4096K)
 Metaspace       used 87147K, committed 87872K, reserved 1179648K
  class space    used 12070K, committed 12416K, reserved 1048576K
}
Event: 12.956 GC heap after
{Heap after GC invocations=45 (full 0):
 garbage-first heap   total 423936K, used 95667K [0x0000000080000000, 0x0000000100000000)
  region size 1024K, 2 young (2048K), 2 survivors (2048K)
 Metaspace       used 87147K, committed 87872K, reserved 1179648K
  class space    used 12070K, committed 12416K, reserved 1048576K
}
Event: 14.631 GC heap before
{Heap before GC invocations=45 (full 0):
 garbage-first heap   total 423936K, used 379315K [0x0000000080000000, 0x0000000100000000)
  region size 1024K, 240 young (245760K), 2 survivors (2048K)
 Metaspace       used 88151K, committed 88768K, reserved 1179648K
  class space    used 12143K, committed 12416K, reserved 1048576K
}
Event: 14.652 GC heap after
{Heap after GC invocations=46 (full 0):
 garbage-first heap   total 423936K, used 115295K [0x0000000080000000, 0x0000000100000000)
  region size 1024K, 21 young (21504K), 21 survivors (21504K)
 Metaspace       used 88151K, committed 88768K, reserved 1179648K
  class space    used 12143K, committed 12416K, reserved 1048576K
}
Event: 17.028 GC heap before
{Heap before GC invocations=46 (full 0):
 garbage-first heap   total 423936K, used 302687K [0x0000000080000000, 0x0000000100000000)
  region size 1024K, 125 young (128000K), 21 survivors (21504K)
 Metaspace       used 95996K, committed 96704K, reserved 1179648K
  class space    used 13129K, committed 13504K, reserved 1048576K
}
Event: 17.077 GC heap after
{Heap after GC invocations=47 (full 0):
 garbage-first heap   total 423936K, used 127750K [0x0000000080000000, 0x0000000100000000)
  region size 1024K, 10 young (10240K), 10 survivors (10240K)
 Metaspace       used 95996K, committed 96704K, reserved 1179648K
  class space    used 13129K, committed 13504K, reserved 1048576K
}
Event: 17.102 GC heap before
{Heap before GC invocations=47 (full 0):
 garbage-first heap   total 423936K, used 202502K [0x0000000080000000, 0x0000000100000000)
  region size 1024K, 12 young (12288K), 10 survivors (10240K)
 Metaspace       used 95999K, committed 96704K, reserved 1179648K
  class space    used 13129K, committed 13504K, reserved 1048576K
}
Event: 17.108 GC heap after
{Heap after GC invocations=48 (full 0):
 garbage-first heap   total 423936K, used 145641K [0x0000000080000000, 0x0000000100000000)
  region size 1024K, 10 young (10240K), 10 survivors (10240K)
 Metaspace       used 95999K, committed 96704K, reserved 1179648K
  class space    used 13129K, committed 13504K, reserved 1048576K
}
Event: 17.121 GC heap before
{Heap before GC invocations=48 (full 0):
 garbage-first heap   total 423936K, used 149737K [0x0000000080000000, 0x0000000100000000)
  region size 1024K, 11 young (11264K), 10 survivors (10240K)
 Metaspace       used 95999K, committed 96704K, reserved 1179648K
  class space    used 13129K, committed 13504K, reserved 1048576K
}
Event: 17.127 GC heap after
{Heap after GC invocations=49 (full 0):
 garbage-first heap   total 423936K, used 147295K [0x0000000080000000, 0x0000000100000000)
  region size 1024K, 9 young (9216K), 9 survivors (9216K)
 Metaspace       used 95999K, committed 96704K, reserved 1179648K
  class space    used 13129K, committed 13504K, reserved 1048576K
}
Event: 260.977 GC heap before
{Heap before GC invocations=50 (full 0):
 garbage-first heap   total 423936K, used 400223K [0x0000000080000000, 0x0000000100000000)
  region size 1024K, 177 young (181248K), 9 survivors (9216K)
 Metaspace       used 105287K, committed 105984K, reserved 1179648K
  class space    used 14281K, committed 14592K, reserved 1048576K
}
Event: 260.998 GC heap after
{Heap after GC invocations=51 (full 0):
 garbage-first heap   total 429056K, used 141501K [0x0000000080000000, 0x0000000100000000)
  region size 1024K, 26 young (26624K), 26 survivors (26624K)
 Metaspace       used 105287K, committed 105984K, reserved 1179648K
  class space    used 14281K, committed 14592K, reserved 1048576K
}
Event: 261.003 GC heap before
{Heap before GC invocations=51 (full 0):
 garbage-first heap   total 429056K, used 142525K [0x0000000080000000, 0x0000000100000000)
  region size 1024K, 27 young (27648K), 26 survivors (26624K)
 Metaspace       used 105295K, committed 105984K, reserved 1179648K
  class space    used 14281K, committed 14592K, reserved 1048576K
}
Event: 261.017 GC heap after
{Heap after GC invocations=52 (full 0):
 garbage-first heap   total 429056K, used 142000K [0x0000000080000000, 0x0000000100000000)
  region size 1024K, 2 young (2048K), 2 survivors (2048K)
 Metaspace       used 105295K, committed 105984K, reserved 1179648K
  class space    used 14281K, committed 14592K, reserved 1048576K
}
Event: 264.530 GC heap before
{Heap before GC invocations=52 (full 0):
 garbage-first heap   total 429056K, used 346800K [0x0000000080000000, 0x0000000100000000)
  region size 1024K, 203 young (207872K), 2 survivors (2048K)
 Metaspace       used 122272K, committed 123072K, reserved 1179648K
  class space    used 16765K, committed 17152K, reserved 1048576K
}
Event: 264.542 GC heap after
{Heap after GC invocations=53 (full 0):
 garbage-first heap   total 429056K, used 155788K [0x0000000080000000, 0x0000000100000000)
  region size 1024K, 16 young (16384K), 16 survivors (16384K)
 Metaspace       used 122272K, committed 123072K, reserved 1179648K
  class space    used 16765K, committed 17152K, reserved 1048576K
}
Event: 264.882 GC heap before
{Heap before GC invocations=53 (full 0):
 garbage-first heap   total 429056K, used 177292K [0x0000000080000000, 0x0000000100000000)
  region size 1024K, 38 young (38912K), 16 survivors (16384K)
 Metaspace       used 124208K, committed 125056K, reserved 1179648K
  class space    used 17193K, committed 17600K, reserved 1048576K
}
Event: 264.891 GC heap after
{Heap after GC invocations=54 (full 0):
 garbage-first heap   total 429056K, used 157087K [0x0000000080000000, 0x0000000100000000)
  region size 1024K, 3 young (3072K), 3 survivors (3072K)
 Metaspace       used 124208K, committed 125056K, reserved 1179648K
  class space    used 17193K, committed 17600K, reserved 1048576K
}

