# JRE version: OpenJDK Runtime Environment (17.0.7) (build 17.0.7+0-b2043.56-10550314)
# Java VM: OpenJDK 64-Bit Server VM (17.0.7+0-b2043.56-10550314, mixed mode, tiered, compressed oops, compressed class ptrs, g1 gc, windows-amd64)
GC Precious Log:
 CPUs: 8 total, 8 available
 Memory: 7969M
 Large Page Support: Disabled
 NUMA Support: Disabled
 Compressed Oops: Enabled (32-bit)
 Heap Region Size: 1M
 Heap Min Capacity: 8M
 Heap Initial Capacity: 126M
 Heap Max Capacity: 2G
 Pre-touch: Disabled
 Parallel Workers: 8
 Concurrent Workers: 2
 Concurrent Refinement Workers: 8
 Periodic GC: Disabled
Heap:
 garbage-first heap   total 323584K, used 201540K [0x0000000080000000, 0x0000000100000000)
  region size 1024K, 10 young (10240K), 9 survivors (9216K)
 Metaspace       used 95714K, committed 96384K, reserved 1179648K
  class space    used 13106K, committed 13440K, reserved 1048576K
GC Heap History (20 events):
Event: 11.859 GC heap before
{Heap before GC invocations=25 (full 0):
 garbage-first heap   total 146432K, used 119601K [0x0000000080000000, 0x0000000100000000)
  region size 1024K, 47 young (48128K), 7 survivors (7168K)
 Metaspace       used 86526K, committed 87168K, reserved 1179648K
  class space    used 11968K, committed 12288K, reserved 1048576K
}
Event: 11.867 GC heap after
{Heap after GC invocations=26 (full 0):
 garbage-first heap   total 146432K, used 84635K [0x0000000080000000, 0x0000000100000000)
  region size 1024K, 6 young (6144K), 6 survivors (6144K)
 Metaspace       used 86526K, committed 87168K, reserved 1179648K
  class space    used 11968K, committed 12288K, reserved 1048576K
}
Event: 12.080 GC heap before
{Heap before GC invocations=26 (full 0):
 garbage-first heap   total 146432K, used 118427K [0x0000000080000000, 0x0000000100000000)
  region size 1024K, 40 young (40960K), 6 survivors (6144K)
 Metaspace       used 87026K, committed 87616K, reserved 1179648K
  class space    used 12078K, committed 12352K, reserved 1048576K
}
Event: 12.085 GC heap after
{Heap after GC invocations=27 (full 0):
 garbage-first heap   total 146432K, used 89698K [0x0000000080000000, 0x0000000100000000)
  region size 1024K, 5 young (5120K), 5 survivors (5120K)
 Metaspace       used 87026K, committed 87616K, reserved 1179648K
  class space    used 12078K, committed 12352K, reserved 1048576K
}
Event: 12.293 GC heap before
{Heap before GC invocations=28 (full 0):
 garbage-first heap   total 163840K, used 119394K [0x0000000080000000, 0x0000000100000000)
  region size 1024K, 34 young (34816K), 5 survivors (5120K)
 Metaspace       used 87130K, committed 87808K, reserved 1179648K
  class space    used 12081K, committed 12416K, reserved 1048576K
}
Event: 12.299 GC heap after
{Heap after GC invocations=29 (full 0):
 garbage-first heap   total 163840K, used 94472K [0x0000000080000000, 0x0000000100000000)
  region size 1024K, 5 young (5120K), 5 survivors (5120K)
 Metaspace       used 87130K, committed 87808K, reserved 1179648K
  class space    used 12081K, committed 12416K, reserved 1048576K
}
Event: 12.317 GC heap before
{Heap before GC invocations=29 (full 0):
 garbage-first heap   total 163840K, used 97544K [0x0000000080000000, 0x0000000100000000)
  region size 1024K, 8 young (8192K), 5 survivors (5120K)
 Metaspace       used 87130K, committed 87808K, reserved 1179648K
  class space    used 12081K, committed 12416K, reserved 1048576K
}
Event: 12.322 GC heap after
{Heap after GC invocations=30 (full 0):
 garbage-first heap   total 163840K, used 94193K [0x0000000080000000, 0x0000000100000000)
  region size 1024K, 1 young (1024K), 1 survivors (1024K)
 Metaspace       used 87130K, committed 87808K, reserved 1179648K
  class space    used 12081K, committed 12416K, reserved 1048576K
}
Event: 12.527 GC heap before
{Heap before GC invocations=30 (full 0):
 garbage-first heap   total 163840K, used 131057K [0x0000000080000000, 0x0000000100000000)
  region size 1024K, 37 young (37888K), 1 survivors (1024K)
 Metaspace       used 87143K, committed 87808K, reserved 1179648K
  class space    used 12082K, committed 12416K, reserved 1048576K
}
Event: 12.530 GC heap after
{Heap after GC invocations=31 (full 0):
 garbage-first heap   total 163840K, used 96814K [0x0000000080000000, 0x0000000100000000)
  region size 1024K, 4 young (4096K), 4 survivors (4096K)
 Metaspace       used 87143K, committed 87808K, reserved 1179648K
  class space    used 12082K, committed 12416K, reserved 1048576K
}
Event: 12.741 GC heap before
{Heap before GC invocations=32 (full 0):
 garbage-first heap   total 179200K, used 132654K [0x0000000080000000, 0x0000000100000000)
  region size 1024K, 39 young (39936K), 4 survivors (4096K)
 Metaspace       used 87128K, committed 87808K, reserved 1179648K
  class space    used 12077K, committed 12416K, reserved 1048576K
}
Event: 12.743 GC heap after
{Heap after GC invocations=33 (full 0):
 garbage-first heap   total 179200K, used 97814K [0x0000000080000000, 0x0000000100000000)
  region size 1024K, 4 young (4096K), 4 survivors (4096K)
 Metaspace       used 87128K, committed 87808K, reserved 1179648K
  class space    used 12077K, committed 12416K, reserved 1048576K
}
Event: 12.762 GC heap before
{Heap before GC invocations=33 (full 0):
 garbage-first heap   total 179200K, used 101910K [0x0000000080000000, 0x0000000100000000)
  region size 1024K, 8 young (8192K), 4 survivors (4096K)
 Metaspace       used 87128K, committed 87808K, reserved 1179648K
  class space    used 12077K, committed 12416K, reserved 1048576K
}
Event: 12.767 GC heap after
{Heap after GC invocations=34 (full 0):
 garbage-first heap   total 323584K, used 96708K [0x0000000080000000, 0x0000000100000000)
  region size 1024K, 1 young (1024K), 1 survivors (1024K)
 Metaspace       used 87128K, committed 87808K, reserved 1179648K
  class space    used 12077K, committed 12416K, reserved 1048576K
}
Event: 13.739 GC heap before
{Heap before GC invocations=34 (full 0):
 garbage-first heap   total 323584K, used 281028K [0x0000000080000000, 0x0000000100000000)
  region size 1024K, 157 young (160768K), 1 survivors (1024K)
 Metaspace       used 87808K, committed 88448K, reserved 1179648K
  class space    used 12117K, committed 12416K, reserved 1048576K
}
Event: 13.751 GC heap after
{Heap after GC invocations=35 (full 0):
 garbage-first heap   total 323584K, used 110176K [0x0000000080000000, 0x0000000100000000)
  region size 1024K, 15 young (15360K), 15 survivors (15360K)
 Metaspace       used 87808K, committed 88448K, reserved 1179648K
  class space    used 12117K, committed 12416K, reserved 1048576K
}
Event: 14.323 GC heap before
{Heap before GC invocations=35 (full 0):
 garbage-first heap   total 323584K, used 260704K [0x0000000080000000, 0x0000000100000000)
  region size 1024K, 147 young (150528K), 15 survivors (15360K)
 Metaspace       used 88160K, committed 88832K, reserved 1179648K
  class space    used 12150K, committed 12416K, reserved 1048576K
}
Event: 14.336 GC heap after
{Heap after GC invocations=36 (full 0):
 garbage-first heap   total 323584K, used 119808K [0x0000000080000000, 0x0000000100000000)
  region size 1024K, 12 young (12288K), 12 survivors (12288K)
 Metaspace       used 88160K, committed 88832K, reserved 1179648K
  class space    used 12150K, committed 12416K, reserved 1048576K
}
Event: 15.414 GC heap before
{Heap before GC invocations=36 (full 0):
 garbage-first heap   total 323584K, used 238591K [0x0000000080000000, 0x0000000100000000)
  region size 1024K, 100 young (102400K), 12 survivors (12288K)
 Metaspace       used 95669K, committed 96384K, reserved 1179648K
  class space    used 13101K, committed 13440K, reserved 1048576K
}
Event: 15.424 GC heap after
{Heap after GC invocations=37 (full 0):
 garbage-first heap   total 323584K, used 147610K [0x0000000080000000, 0x0000000100000000)
  region size 1024K, 9 young (9216K), 9 survivors (9216K)
 Metaspace       used 95669K, committed 96384K, reserved 1179648K
  class space    used 13101K, committed 13440K, reserved 1048576K
}

