# JRE version: OpenJDK Runtime Environment (17.0.7) (build 17.0.7+0-b2043.56-10550314)
# Java VM: OpenJDK 64-Bit Server VM (17.0.7+0-b2043.56-10550314, mixed mode, tiered, compressed oops, compressed class ptrs, g1 gc, windows-amd64)
GC Precious Log:
 CPUs: 8 total, 8 available
 Memory: 7969M
 Large Page Support: Disabled
 NUMA Support: Disabled
 Compressed Oops: Enabled (32-bit)
 Heap Region Size: 1M
 Heap Min Capacity: 8M
 Heap Initial Capacity: 126M
 Heap Max Capacity: 2G
 Pre-touch: Disabled
 Parallel Workers: 8
 Concurrent Workers: 2
 Concurrent Refinement Workers: 8
 Periodic GC: Disabled
Heap:
 garbage-first heap   total 575488K, used 253171K [0x0000000080000000, 0x0000000100000000)
  region size 1024K, 88 young (90112K), 2 survivors (2048K)
 Metaspace       used 139587K, committed 140864K, reserved 1179648K
  class space    used 18981K, committed 19584K, reserved 1048576K
GC Heap History (20 events):
Event: 265.892 GC heap before
{Heap before GC invocations=69 (full 0):
 garbage-first heap   total 546816K, used 332764K [0x0000000080000000, 0x0000000100000000)
  region size 1024K, 26 young (26624K), 20 survivors (20480K)
 Metaspace       used 136438K, committed 137408K, reserved 1179648K
  class space    used 18778K, committed 19200K, reserved 1048576K
}
Event: 265.901 GC heap after
{Heap after GC invocations=70 (full 0):
 garbage-first heap   total 546816K, used 159764K [0x0000000080000000, 0x0000000100000000)
  region size 1024K, 3 young (3072K), 3 survivors (3072K)
 Metaspace       used 136438K, committed 137408K, reserved 1179648K
  class space    used 18778K, committed 19200K, reserved 1048576K
}
Event: 266.599 GC heap before
{Heap before GC invocations=70 (full 0):
 garbage-first heap   total 546816K, used 226324K [0x0000000080000000, 0x0000000100000000)
  region size 1024K, 70 young (71680K), 3 survivors (3072K)
 Metaspace       used 136638K, committed 137600K, reserved 1179648K
  class space    used 18778K, committed 19200K, reserved 1048576K
}
Event: 266.610 GC heap after
{Heap after GC invocations=71 (full 0):
 garbage-first heap   total 546816K, used 167642K [0x0000000080000000, 0x0000000100000000)
  region size 1024K, 11 young (11264K), 11 survivors (11264K)
 Metaspace       used 136638K, committed 137600K, reserved 1179648K
  class space    used 18778K, committed 19200K, reserved 1048576K
}
Event: 815.424 GC heap before
{Heap before GC invocations=72 (full 0):
 garbage-first heap   total 546816K, used 507397K [0x0000000080000000, 0x0000000100000000)
  region size 1024K, 186 young (190464K), 11 survivors (11264K)
 Metaspace       used 137417K, committed 138368K, reserved 1179648K
  class space    used 18788K, committed 19200K, reserved 1048576K
}
Event: 815.435 GC heap after
{Heap after GC invocations=73 (full 0):
 garbage-first heap   total 546816K, used 177685K [0x0000000080000000, 0x0000000100000000)
  region size 1024K, 17 young (17408K), 17 survivors (17408K)
 Metaspace       used 137417K, committed 138368K, reserved 1179648K
  class space    used 18788K, committed 19200K, reserved 1048576K
}
Event: 815.490 GC heap before
{Heap before GC invocations=73 (full 0):
 garbage-first heap   total 546816K, used 185877K [0x0000000080000000, 0x0000000100000000)
  region size 1024K, 26 young (26624K), 17 survivors (17408K)
 Metaspace       used 137417K, committed 138368K, reserved 1179648K
  class space    used 18788K, committed 19200K, reserved 1048576K
}
Event: 815.509 GC heap after
{Heap after GC invocations=74 (full 0):
 garbage-first heap   total 546816K, used 168097K [0x0000000080000000, 0x0000000100000000)
  region size 1024K, 4 young (4096K), 4 survivors (4096K)
 Metaspace       used 137417K, committed 138368K, reserved 1179648K
  class space    used 18788K, committed 19200K, reserved 1048576K
}
Event: 816.250 GC heap before
{Heap before GC invocations=74 (full 0):
 garbage-first heap   total 546816K, used 213153K [0x0000000080000000, 0x0000000100000000)
  region size 1024K, 49 young (50176K), 4 survivors (4096K)
 Metaspace       used 137708K, committed 138624K, reserved 1179648K
  class space    used 18790K, committed 19200K, reserved 1048576K
}
Event: 816.258 GC heap after
{Heap after GC invocations=75 (full 0):
 garbage-first heap   total 546816K, used 171047K [0x0000000080000000, 0x0000000100000000)
  region size 1024K, 7 young (7168K), 7 survivors (7168K)
 Metaspace       used 137708K, committed 138624K, reserved 1179648K
  class space    used 18790K, committed 19200K, reserved 1048576K
}
Event: 960.134 GC heap before
{Heap before GC invocations=76 (full 0):
 garbage-first heap   total 552960K, used 508967K [0x0000000080000000, 0x0000000100000000)
  region size 1024K, 184 young (188416K), 7 survivors (7168K)
 Metaspace       used 138514K, committed 139712K, reserved 1179648K
  class space    used 18918K, committed 19456K, reserved 1048576K
}
Event: 960.155 GC heap after
{Heap after GC invocations=77 (full 0):
 garbage-first heap   total 552960K, used 189194K [0x0000000080000000, 0x0000000100000000)
  region size 1024K, 25 young (25600K), 25 survivors (25600K)
 Metaspace       used 138514K, committed 139712K, reserved 1179648K
  class space    used 18918K, committed 19456K, reserved 1048576K
}
Event: 960.166 GC heap before
{Heap before GC invocations=77 (full 0):
 garbage-first heap   total 552960K, used 191242K [0x0000000080000000, 0x0000000100000000)
  region size 1024K, 27 young (27648K), 25 survivors (25600K)
 Metaspace       used 138518K, committed 139712K, reserved 1179648K
  class space    used 18918K, committed 19456K, reserved 1048576K
}
Event: 960.186 GC heap after
{Heap after GC invocations=78 (full 0):
 garbage-first heap   total 552960K, used 183696K [0x0000000080000000, 0x0000000100000000)
  region size 1024K, 3 young (3072K), 3 survivors (3072K)
 Metaspace       used 138518K, committed 139712K, reserved 1179648K
  class space    used 18918K, committed 19456K, reserved 1048576K
}
Event: 960.817 GC heap before
{Heap before GC invocations=78 (full 0):
 garbage-first heap   total 552960K, used 222608K [0x0000000080000000, 0x0000000100000000)
  region size 1024K, 43 young (44032K), 3 survivors (3072K)
 Metaspace       used 138992K, committed 140288K, reserved 1179648K
  class space    used 18977K, committed 19584K, reserved 1048576K
}
Event: 960.823 GC heap after
{Heap after GC invocations=79 (full 0):
 garbage-first heap   total 552960K, used 185653K [0x0000000080000000, 0x0000000100000000)
  region size 1024K, 5 young (5120K), 5 survivors (5120K)
 Metaspace       used 138992K, committed 140288K, reserved 1179648K
  class space    used 18977K, committed 19584K, reserved 1048576K
}
Event: 998.222 GC heap before
{Heap before GC invocations=80 (full 0):
 garbage-first heap   total 575488K, used 531765K [0x0000000080000000, 0x0000000100000000)
  region size 1024K, 149 young (152576K), 5 survivors (5120K)
 Metaspace       used 139421K, committed 140736K, reserved 1179648K
  class space    used 18981K, committed 19584K, reserved 1048576K
}
Event: 998.232 GC heap after
{Heap after GC invocations=81 (full 0):
 garbage-first heap   total 575488K, used 217914K [0x0000000080000000, 0x0000000100000000)
  region size 1024K, 13 young (13312K), 13 survivors (13312K)
 Metaspace       used 139421K, committed 140736K, reserved 1179648K
  class space    used 18981K, committed 19584K, reserved 1048576K
}
Event: 1500.628 GC heap before
{Heap before GC invocations=81 (full 0):
 garbage-first heap   total 575488K, used 348986K [0x0000000080000000, 0x0000000100000000)
  region size 1024K, 28 young (28672K), 13 survivors (13312K)
 Metaspace       used 139485K, committed 140800K, reserved 1179648K
  class space    used 18981K, committed 19584K, reserved 1048576K
}
Event: 1500.640 GC heap after
{Heap after GC invocations=82 (full 0):
 garbage-first heap   total 575488K, used 166131K [0x0000000080000000, 0x0000000100000000)
  region size 1024K, 2 young (2048K), 2 survivors (2048K)
 Metaspace       used 139485K, committed 140800K, reserved 1179648K
  class space    used 18981K, committed 19584K, reserved 1048576K
}

