# JRE version: OpenJDK Runtime Environment (17.0.7) (build 17.0.7+0-b2043.56-10550314)
# Java VM: OpenJDK 64-Bit Server VM (17.0.7+0-b2043.56-10550314, mixed mode, tiered, compressed oops, compressed class ptrs, g1 gc, windows-amd64)
GC Precious Log:
 CPUs: 8 total, 8 available
 Memory: 7969M
 Large Page Support: Disabled
 NUMA Support: Disabled
 Compressed Oops: Enabled (32-bit)
 Heap Region Size: 1M
 Heap Min Capacity: 8M
 Heap Initial Capacity: 126M
 Heap Max Capacity: 2G
 Pre-touch: Disabled
 Parallel Workers: 8
 Concurrent Workers: 2
 Concurrent Refinement Workers: 8
 Periodic GC: Disabled
Heap:
 garbage-first heap   total 235520K, used 110016K [0x0000000080000000, 0x0000000100000000)
  region size 1024K, 6 young (6144K), 6 survivors (6144K)
 Metaspace       used 87733K, committed 88384K, reserved 1179648K
  class space    used 12118K, committed 12416K, reserved 1048576K
GC Heap History (20 events):
Event: 9.599 GC heap after
{Heap after GC invocations=32 (full 0):
 garbage-first heap   total 138240K, used 66005K [0x0000000080000000, 0x0000000100000000)
  region size 1024K, 5 young (5120K), 5 survivors (5120K)
 Metaspace       used 72290K, committed 72960K, reserved 1114112K
  class space    used 9739K, committed 10048K, reserved 1048576K
}
Event: 10.061 GC heap before
{Heap before GC invocations=32 (full 0):
 garbage-first heap   total 138240K, used 106965K [0x0000000080000000, 0x0000000100000000)
  region size 1024K, 45 young (46080K), 5 survivors (5120K)
 Metaspace       used 75474K, committed 76032K, reserved 1179648K
  class space    used 10287K, committed 10560K, reserved 1048576K
}
Event: 10.065 GC heap after
{Heap after GC invocations=33 (full 0):
 garbage-first heap   total 138240K, used 67892K [0x0000000080000000, 0x0000000100000000)
  region size 1024K, 4 young (4096K), 4 survivors (4096K)
 Metaspace       used 75474K, committed 76032K, reserved 1179648K
  class space    used 10287K, committed 10560K, reserved 1048576K
}
Event: 10.640 GC heap before
{Heap before GC invocations=33 (full 0):
 garbage-first heap   total 138240K, used 108852K [0x0000000080000000, 0x0000000100000000)
  region size 1024K, 44 young (45056K), 4 survivors (4096K)
 Metaspace       used 78706K, committed 79296K, reserved 1179648K
  class space    used 10772K, committed 11072K, reserved 1048576K
}
Event: 10.645 GC heap after
{Heap after GC invocations=34 (full 0):
 garbage-first heap   total 138240K, used 70185K [0x0000000080000000, 0x0000000100000000)
  region size 1024K, 6 young (6144K), 6 survivors (6144K)
 Metaspace       used 78706K, committed 79296K, reserved 1179648K
  class space    used 10772K, committed 11072K, reserved 1048576K
}
Event: 11.125 GC heap before
{Heap before GC invocations=35 (full 0):
 garbage-first heap   total 138240K, used 111145K [0x0000000080000000, 0x0000000100000000)
  region size 1024K, 46 young (47104K), 6 survivors (6144K)
 Metaspace       used 82828K, committed 83456K, reserved 1179648K
  class space    used 11363K, committed 11648K, reserved 1048576K
}
Event: 11.131 GC heap after
{Heap after GC invocations=36 (full 0):
 garbage-first heap   total 138240K, used 72808K [0x0000000080000000, 0x0000000100000000)
  region size 1024K, 6 young (6144K), 6 survivors (6144K)
 Metaspace       used 82828K, committed 83456K, reserved 1179648K
  class space    used 11363K, committed 11648K, reserved 1048576K
}
Event: 11.137 GC heap before
{Heap before GC invocations=36 (full 0):
 garbage-first heap   total 138240K, used 73832K [0x0000000080000000, 0x0000000100000000)
  region size 1024K, 7 young (7168K), 6 survivors (6144K)
 Metaspace       used 82843K, committed 83456K, reserved 1179648K
  class space    used 11364K, committed 11648K, reserved 1048576K
}
Event: 11.142 GC heap after
{Heap after GC invocations=37 (full 0):
 garbage-first heap   total 235520K, used 72569K [0x0000000080000000, 0x0000000100000000)
  region size 1024K, 1 young (1024K), 1 survivors (1024K)
 Metaspace       used 82843K, committed 83456K, reserved 1179648K
  class space    used 11364K, committed 11648K, reserved 1048576K
}
Event: 12.561 GC heap before
{Heap before GC invocations=37 (full 0):
 garbage-first heap   total 235520K, used 184185K [0x0000000080000000, 0x0000000100000000)
  region size 1024K, 110 young (112640K), 1 survivors (1024K)
 Metaspace       used 86902K, committed 87488K, reserved 1179648K
  class space    used 12077K, committed 12352K, reserved 1048576K
}
Event: 12.575 GC heap after
{Heap after GC invocations=38 (full 0):
 garbage-first heap   total 235520K, used 87450K [0x0000000080000000, 0x0000000100000000)
  region size 1024K, 14 young (14336K), 14 survivors (14336K)
 Metaspace       used 86902K, committed 87488K, reserved 1179648K
  class space    used 12077K, committed 12352K, reserved 1048576K
}
Event: 12.915 GC heap before
{Heap before GC invocations=38 (full 0):
 garbage-first heap   total 235520K, used 169370K [0x0000000080000000, 0x0000000100000000)
  region size 1024K, 95 young (97280K), 14 survivors (14336K)
 Metaspace       used 87032K, committed 87744K, reserved 1179648K
  class space    used 12078K, committed 12416K, reserved 1048576K
}
Event: 12.926 GC heap after
{Heap after GC invocations=39 (full 0):
 garbage-first heap   total 235520K, used 95181K [0x0000000080000000, 0x0000000100000000)
  region size 1024K, 10 young (10240K), 10 survivors (10240K)
 Metaspace       used 87032K, committed 87744K, reserved 1179648K
  class space    used 12078K, committed 12416K, reserved 1048576K
}
Event: 13.286 GC heap before
{Heap before GC invocations=39 (full 0):
 garbage-first heap   total 235520K, used 176077K [0x0000000080000000, 0x0000000100000000)
  region size 1024K, 89 young (91136K), 10 survivors (10240K)
 Metaspace       used 87033K, committed 87744K, reserved 1179648K
  class space    used 12079K, committed 12416K, reserved 1048576K
}
Event: 13.291 GC heap after
{Heap after GC invocations=40 (full 0):
 garbage-first heap   total 235520K, used 98214K [0x0000000080000000, 0x0000000100000000)
  region size 1024K, 6 young (6144K), 6 survivors (6144K)
 Metaspace       used 87033K, committed 87744K, reserved 1179648K
  class space    used 12079K, committed 12416K, reserved 1048576K
}
Event: 13.656 GC heap before
{Heap before GC invocations=40 (full 0):
 garbage-first heap   total 235520K, used 178086K [0x0000000080000000, 0x0000000100000000)
  region size 1024K, 74 young (75776K), 6 survivors (6144K)
 Metaspace       used 87504K, committed 88128K, reserved 1179648K
  class space    used 12115K, committed 12416K, reserved 1048576K
}
Event: 13.663 GC heap after
{Heap after GC invocations=41 (full 0):
 garbage-first heap   total 235520K, used 104235K [0x0000000080000000, 0x0000000100000000)
  region size 1024K, 12 young (12288K), 12 survivors (12288K)
 Metaspace       used 87504K, committed 88128K, reserved 1179648K
  class space    used 12115K, committed 12416K, reserved 1048576K
}
Event: 13.911 GC heap before
{Heap before GC invocations=41 (full 0):
 garbage-first heap   total 235520K, used 154411K [0x0000000080000000, 0x0000000100000000)
  region size 1024K, 51 young (52224K), 12 survivors (12288K)
 Metaspace       used 87733K, committed 88384K, reserved 1179648K
  class space    used 12118K, committed 12416K, reserved 1048576K
}
Event: 13.919 GC heap after
{Heap after GC invocations=42 (full 0):
 garbage-first heap   total 235520K, used 108267K [0x0000000080000000, 0x0000000100000000)
  region size 1024K, 6 young (6144K), 6 survivors (6144K)
 Metaspace       used 87733K, committed 88384K, reserved 1179648K
  class space    used 12118K, committed 12416K, reserved 1048576K
}
Event: 13.921 GC heap before
{Heap before GC invocations=42 (full 0):
 garbage-first heap   total 235520K, used 110315K [0x0000000080000000, 0x0000000100000000)
  region size 1024K, 7 young (7168K), 6 survivors (6144K)
 Metaspace       used 87733K, committed 88384K, reserved 1179648K
  class space    used 12118K, committed 12416K, reserved 1048576K
}

