# JRE version: OpenJDK Runtime Environment (17.0.7) (build 17.0.7+0-b2043.56-10550314)
# Java VM: OpenJDK 64-Bit Server VM (17.0.7+0-b2043.56-10550314, mixed mode, tiered, compressed oops, compressed class ptrs, g1 gc, windows-amd64)
GC Precious Log:
 CPUs: 8 total, 8 available
 Memory: 7969M
 Large Page Support: Disabled
 NUMA Support: Disabled
 Compressed Oops: Enabled (32-bit)
 Heap Region Size: 1M
 Heap Min Capacity: 8M
 Heap Initial Capacity: 126M
 Heap Max Capacity: 2G
 Pre-touch: Disabled
 Parallel Workers: 8
 Concurrent Workers: 2
 Concurrent Refinement Workers: 8
 Periodic GC: Disabled
Heap:
 garbage-first heap   total 334848K, used 145039K [0x0000000080000000, 0x0000000100000000)
  region size 1024K, 3 young (3072K), 3 survivors (3072K)
 Metaspace       used 122812K, committed 123712K, reserved 1179648K
  class space    used 16919K, committed 17344K, reserved 1048576K
GC Heap History (20 events):
Event: 12.700 GC heap after
{Heap after GC invocations=47 (full 0):
 garbage-first heap   total 307200K, used 104384K [0x0000000080000000, 0x0000000100000000)
  region size 1024K, 2 young (2048K), 2 survivors (2048K)
 Metaspace       used 87299K, committed 87936K, reserved 1179648K
  class space    used 12077K, committed 12352K, reserved 1048576K
}
Event: 13.653 GC heap before
{Heap before GC invocations=47 (full 0):
 garbage-first heap   total 307200K, used 276416K [0x0000000080000000, 0x0000000100000000)
  region size 1024K, 139 young (142336K), 2 survivors (2048K)
 Metaspace       used 88133K, committed 88768K, reserved 1179648K
  class space    used 12138K, committed 12416K, reserved 1048576K
}
Event: 13.668 GC heap after
{Heap after GC invocations=48 (full 0):
 garbage-first heap   total 307200K, used 117545K [0x0000000080000000, 0x0000000100000000)
  region size 1024K, 15 young (15360K), 15 survivors (15360K)
 Metaspace       used 88133K, committed 88768K, reserved 1179648K
  class space    used 12138K, committed 12416K, reserved 1048576K
}
Event: 15.244 GC heap before
{Heap before GC invocations=48 (full 0):
 garbage-first heap   total 307200K, used 254761K [0x0000000080000000, 0x0000000100000000)
  region size 1024K, 137 young (140288K), 15 survivors (15360K)
 Metaspace       used 93718K, committed 94336K, reserved 1179648K
  class space    used 12834K, committed 13120K, reserved 1048576K
}
Event: 15.257 GC heap after
{Heap after GC invocations=49 (full 0):
 garbage-first heap   total 307200K, used 126990K [0x0000000080000000, 0x0000000100000000)
  region size 1024K, 12 young (12288K), 12 survivors (12288K)
 Metaspace       used 93718K, committed 94336K, reserved 1179648K
  class space    used 12834K, committed 13120K, reserved 1048576K
}
Event: 15.688 GC heap before
{Heap before GC invocations=49 (full 0):
 garbage-first heap   total 307200K, used 158734K [0x0000000080000000, 0x0000000100000000)
  region size 1024K, 30 young (30720K), 12 survivors (12288K)
 Metaspace       used 95668K, committed 96384K, reserved 1179648K
  class space    used 13090K, committed 13440K, reserved 1048576K
}
Event: 15.699 GC heap after
{Heap after GC invocations=50 (full 0):
 garbage-first heap   total 307200K, used 144194K [0x0000000080000000, 0x0000000100000000)
  region size 1024K, 3 young (3072K), 3 survivors (3072K)
 Metaspace       used 95668K, committed 96384K, reserved 1179648K
  class space    used 13090K, committed 13440K, reserved 1048576K
}
Event: 15.720 GC heap before
{Heap before GC invocations=50 (full 0):
 garbage-first heap   total 307200K, used 197442K [0x0000000080000000, 0x0000000100000000)
  region size 1024K, 4 young (4096K), 3 survivors (3072K)
 Metaspace       used 95668K, committed 96384K, reserved 1179648K
  class space    used 13090K, committed 13440K, reserved 1048576K
}
Event: 15.725 GC heap after
{Heap after GC invocations=51 (full 0):
 garbage-first heap   total 307200K, used 196366K [0x0000000080000000, 0x0000000100000000)
  region size 1024K, 2 young (2048K), 2 survivors (2048K)
 Metaspace       used 95668K, committed 96384K, reserved 1179648K
  class space    used 13090K, committed 13440K, reserved 1048576K
}
Event: 16.031 GC heap before
{Heap before GC invocations=52 (full 0):
 garbage-first heap   total 334848K, used 329486K [0x0000000080000000, 0x0000000100000000)
  region size 1024K, 6 young (6144K), 2 survivors (2048K)
 Metaspace       used 95978K, committed 96704K, reserved 1179648K
  class space    used 13126K, committed 13504K, reserved 1048576K
}
Event: 16.035 GC heap after
{Heap after GC invocations=53 (full 0):
 garbage-first heap   total 334848K, used 150397K [0x0000000080000000, 0x0000000100000000)
  region size 1024K, 2 young (2048K), 2 survivors (2048K)
 Metaspace       used 95978K, committed 96704K, reserved 1179648K
  class space    used 13126K, committed 13504K, reserved 1048576K
}
Event: 51.630 GC heap before
{Heap before GC invocations=53 (full 0):
 garbage-first heap   total 334848K, used 198525K [0x0000000080000000, 0x0000000100000000)
  region size 1024K, 16 young (16384K), 2 survivors (2048K)
 Metaspace       used 97044K, committed 97792K, reserved 1179648K
  class space    used 13298K, committed 13632K, reserved 1048576K
}
Event: 51.635 GC heap after
{Heap after GC invocations=54 (full 0):
 garbage-first heap   total 334848K, used 126130K [0x0000000080000000, 0x0000000100000000)
  region size 1024K, 1 young (1024K), 1 survivors (1024K)
 Metaspace       used 97044K, committed 97792K, reserved 1179648K
  class space    used 13298K, committed 13632K, reserved 1048576K
}
Event: 230.460 GC heap before
{Heap before GC invocations=54 (full 0):
 garbage-first heap   total 334848K, used 256178K [0x0000000080000000, 0x0000000100000000)
  region size 1024K, 130 young (133120K), 1 survivors (1024K)
 Metaspace       used 105074K, committed 105792K, reserved 1179648K
  class space    used 14262K, committed 14592K, reserved 1048576K
}
Event: 230.471 GC heap after
{Heap after GC invocations=55 (full 0):
 garbage-first heap   total 334848K, used 140493K [0x0000000080000000, 0x0000000100000000)
  region size 1024K, 15 young (15360K), 15 survivors (15360K)
 Metaspace       used 105074K, committed 105792K, reserved 1179648K
  class space    used 14262K, committed 14592K, reserved 1048576K
}
Event: 232.175 GC heap before
{Heap before GC invocations=56 (full 0):
 garbage-first heap   total 334848K, used 264397K [0x0000000080000000, 0x0000000100000000)
  region size 1024K, 135 young (138240K), 15 survivors (15360K)
 Metaspace       used 112835K, committed 113600K, reserved 1179648K
  class space    used 15305K, committed 15680K, reserved 1048576K
}
Event: 232.187 GC heap after
{Heap after GC invocations=57 (full 0):
 garbage-first heap   total 334848K, used 144315K [0x0000000080000000, 0x0000000100000000)
  region size 1024K, 5 young (5120K), 5 survivors (5120K)
 Metaspace       used 112835K, committed 113600K, reserved 1179648K
  class space    used 15305K, committed 15680K, reserved 1048576K
}
Event: 232.293 GC heap before
{Heap before GC invocations=57 (full 0):
 garbage-first heap   total 334848K, used 154555K [0x0000000080000000, 0x0000000100000000)
  region size 1024K, 16 young (16384K), 5 survivors (5120K)
 Metaspace       used 114332K, committed 115072K, reserved 1179648K
  class space    used 15472K, committed 15808K, reserved 1048576K
}
Event: 232.299 GC heap after
{Heap after GC invocations=58 (full 0):
 garbage-first heap   total 334848K, used 143159K [0x0000000080000000, 0x0000000100000000)
  region size 1024K, 1 young (1024K), 1 survivors (1024K)
 Metaspace       used 114332K, committed 115072K, reserved 1179648K
  class space    used 15472K, committed 15808K, reserved 1048576K
}
Event: 233.397 GC heap before
{Heap before GC invocations=58 (full 0):
 garbage-first heap   total 334848K, used 210743K [0x0000000080000000, 0x0000000100000000)
  region size 1024K, 69 young (70656K), 1 survivors (1024K)
 Metaspace       used 122812K, committed 123712K, reserved 1179648K
  class space    used 16919K, committed 17344K, reserved 1048576K
}

