# JRE version: OpenJDK Runtime Environment (17.0.7) (build 17.0.7+0-b2043.56-10550314)
# Java VM: OpenJDK 64-Bit Server VM (17.0.7+0-b2043.56-10550314, mixed mode, tiered, compressed oops, compressed class ptrs, g1 gc, windows-amd64)
GC Precious Log:
 CPUs: 8 total, 8 available
 Memory: 7969M
 Large Page Support: Disabled
 NUMA Support: Disabled
 Compressed Oops: Enabled (32-bit)
 Heap Region Size: 1M
 Heap Min Capacity: 8M
 Heap Initial Capacity: 126M
 Heap Max Capacity: 2G
 Pre-touch: Disabled
 Parallel Workers: 8
 Concurrent Workers: 2
 Concurrent Refinement Workers: 8
 Periodic GC: Disabled
Heap:
 garbage-first heap   total 452608K, used 361520K [0x0000000080000000, 0x0000000100000000)
  region size 1024K, 5 young (5120K), 3 survivors (3072K)
 Metaspace       used 124357K, committed 125184K, reserved 1179648K
  class space    used 17004K, committed 17408K, reserved 1048576K
GC Heap History (20 events):
Event: 26.281 GC heap before
{Heap before GC invocations=53 (full 0):
 garbage-first heap   total 365568K, used 236544K [0x0000000080000000, 0x0000000100000000)
  region size 1024K, 53 young (54272K), 8 survivors (8192K)
 Metaspace       used 121423K, committed 122176K, reserved 1179648K
  class space    used 16811K, committed 17152K, reserved 1048576K
}
Event: 26.293 GC heap after
{Heap after GC invocations=54 (full 0):
 garbage-first heap   total 365568K, used 180184K [0x0000000080000000, 0x0000000100000000)
  region size 1024K, 12 young (12288K), 12 survivors (12288K)
 Metaspace       used 121423K, committed 122176K, reserved 1179648K
  class space    used 16811K, committed 17152K, reserved 1048576K
}
Event: 26.317 GC heap before
{Heap before GC invocations=54 (full 0):
 garbage-first heap   total 365568K, used 215000K [0x0000000080000000, 0x0000000100000000)
  region size 1024K, 13 young (13312K), 12 survivors (12288K)
 Metaspace       used 121423K, committed 122176K, reserved 1179648K
  class space    used 16811K, committed 17152K, reserved 1048576K
}
Event: 26.329 GC heap after
{Heap after GC invocations=55 (full 0):
 garbage-first heap   total 365568K, used 182804K [0x0000000080000000, 0x0000000100000000)
  region size 1024K, 5 young (5120K), 5 survivors (5120K)
 Metaspace       used 121423K, committed 122176K, reserved 1179648K
  class space    used 16811K, committed 17152K, reserved 1048576K
}
Event: 26.335 GC heap before
{Heap before GC invocations=55 (full 0):
 garbage-first heap   total 365568K, used 184852K [0x0000000080000000, 0x0000000100000000)
  region size 1024K, 6 young (6144K), 5 survivors (5120K)
 Metaspace       used 121423K, committed 122176K, reserved 1179648K
  class space    used 16811K, committed 17152K, reserved 1048576K
}
Event: 26.340 GC heap after
{Heap after GC invocations=56 (full 0):
 garbage-first heap   total 365568K, used 178122K [0x0000000080000000, 0x0000000100000000)
  region size 1024K, 5 young (5120K), 5 survivors (5120K)
 Metaspace       used 121423K, committed 122176K, reserved 1179648K
  class space    used 16811K, committed 17152K, reserved 1048576K
}
Event: 34.923 GC heap before
{Heap before GC invocations=57 (full 0):
 garbage-first heap   total 427008K, used 408522K [0x0000000080000000, 0x0000000100000000)
  region size 1024K, 125 young (128000K), 5 survivors (5120K)
 Metaspace       used 122772K, committed 123520K, reserved 1179648K
  class space    used 16957K, committed 17344K, reserved 1048576K
}
Event: 34.942 GC heap after
{Heap after GC invocations=58 (full 0):
 garbage-first heap   total 435200K, used 176451K [0x0000000080000000, 0x0000000100000000)
  region size 1024K, 16 young (16384K), 16 survivors (16384K)
 Metaspace       used 122772K, committed 123520K, reserved 1179648K
  class space    used 16957K, committed 17344K, reserved 1048576K
}
Event: 35.000 GC heap before
{Heap before GC invocations=58 (full 0):
 garbage-first heap   total 435200K, used 181571K [0x0000000080000000, 0x0000000100000000)
  region size 1024K, 21 young (21504K), 16 survivors (16384K)
 Metaspace       used 122778K, committed 123520K, reserved 1179648K
  class space    used 16957K, committed 17344K, reserved 1048576K
}
Event: 35.013 GC heap after
{Heap after GC invocations=59 (full 0):
 garbage-first heap   total 435200K, used 174088K [0x0000000080000000, 0x0000000100000000)
  region size 1024K, 3 young (3072K), 3 survivors (3072K)
 Metaspace       used 122778K, committed 123520K, reserved 1179648K
  class space    used 16957K, committed 17344K, reserved 1048576K
}
Event: 36.268 GC heap before
{Heap before GC invocations=59 (full 0):
 garbage-first heap   total 435200K, used 358408K [0x0000000080000000, 0x0000000100000000)
  region size 1024K, 73 young (74752K), 3 survivors (3072K)
 Metaspace       used 123443K, committed 124288K, reserved 1179648K
  class space    used 16969K, committed 17408K, reserved 1048576K
}
Event: 36.279 GC heap after
{Heap after GC invocations=60 (full 0):
 garbage-first heap   total 435200K, used 203676K [0x0000000080000000, 0x0000000100000000)
  region size 1024K, 10 young (10240K), 10 survivors (10240K)
 Metaspace       used 123443K, committed 124288K, reserved 1179648K
  class space    used 16969K, committed 17408K, reserved 1048576K
}
Event: 36.299 GC heap before
{Heap before GC invocations=60 (full 0):
 garbage-first heap   total 435200K, used 209820K [0x0000000080000000, 0x0000000100000000)
  region size 1024K, 11 young (11264K), 10 survivors (10240K)
 Metaspace       used 123443K, committed 124288K, reserved 1179648K
  class space    used 16969K, committed 17408K, reserved 1048576K
}
Event: 36.307 GC heap after
{Heap after GC invocations=61 (full 0):
 garbage-first heap   total 435200K, used 205715K [0x0000000080000000, 0x0000000100000000)
  region size 1024K, 10 young (10240K), 10 survivors (10240K)
 Metaspace       used 123443K, committed 124288K, reserved 1179648K
  class space    used 16969K, committed 17408K, reserved 1048576K
}
Event: 88.475 GC heap before
{Heap before GC invocations=62 (full 0):
 garbage-first heap   total 452608K, used 410515K [0x0000000080000000, 0x0000000100000000)
  region size 1024K, 149 young (152576K), 10 survivors (10240K)
 Metaspace       used 124014K, committed 124864K, reserved 1179648K
  class space    used 16989K, committed 17408K, reserved 1048576K
}
Event: 88.497 GC heap after
{Heap after GC invocations=63 (full 0):
 garbage-first heap   total 452608K, used 202923K [0x0000000080000000, 0x0000000100000000)
  region size 1024K, 19 young (19456K), 19 survivors (19456K)
 Metaspace       used 124014K, committed 124864K, reserved 1179648K
  class space    used 16989K, committed 17408K, reserved 1048576K
}
Event: 88.549 GC heap before
{Heap before GC invocations=63 (full 0):
 garbage-first heap   total 452608K, used 205995K [0x0000000080000000, 0x0000000100000000)
  region size 1024K, 22 young (22528K), 19 survivors (19456K)
 Metaspace       used 124056K, committed 124928K, reserved 1179648K
  class space    used 16990K, committed 17408K, reserved 1048576K
}
Event: 88.568 GC heap after
{Heap after GC invocations=64 (full 0):
 garbage-first heap   total 452608K, used 191078K [0x0000000080000000, 0x0000000100000000)
  region size 1024K, 3 young (3072K), 3 survivors (3072K)
 Metaspace       used 124056K, committed 124928K, reserved 1179648K
  class space    used 16990K, committed 17408K, reserved 1048576K
}
Event: 89.060 GC heap before
{Heap before GC invocations=64 (full 0):
 garbage-first heap   total 452608K, used 226918K [0x0000000080000000, 0x0000000100000000)
  region size 1024K, 39 young (39936K), 3 survivors (3072K)
 Metaspace       used 124340K, committed 125184K, reserved 1179648K
  class space    used 17004K, committed 17408K, reserved 1048576K
}
Event: 89.065 GC heap after
{Heap after GC invocations=65 (full 0):
 garbage-first heap   total 452608K, used 191536K [0x0000000080000000, 0x0000000100000000)
  region size 1024K, 3 young (3072K), 3 survivors (3072K)
 Metaspace       used 124340K, committed 125184K, reserved 1179648K
  class space    used 17004K, committed 17408K, reserved 1048576K
}

