# JRE version: OpenJDK Runtime Environment (17.0.7) (build 17.0.7+0-b2043.56-10550314)
# Java VM: OpenJDK 64-Bit Server VM (17.0.7+0-b2043.56-10550314, mixed mode, tiered, compressed oops, compressed class ptrs, g1 gc, windows-amd64)
GC Precious Log:
 CPUs: 8 total, 8 available
 Memory: 7969M
 Large Page Support: Disabled
 NUMA Support: Disabled
 Compressed Oops: Enabled (32-bit)
 Heap Region Size: 1M
 Heap Min Capacity: 8M
 Heap Initial Capacity: 126M
 Heap Max Capacity: 2G
 Pre-touch: Disabled
 Parallel Workers: 8
 Concurrent Workers: 2
 Concurrent Refinement Workers: 8
 Periodic GC: Disabled
Heap:
 garbage-first heap   total 294912K, used 205774K [0x0000000080000000, 0x0000000100000000)
  region size 1024K, 5 young (5120K), 2 survivors (2048K)
 Metaspace       used 97680K, committed 98496K, reserved 1179648K
  class space    used 13307K, committed 13696K, reserved 1048576K
GC Heap History (20 events):
Event: 11.398 GC heap before
{Heap before GC invocations=32 (full 0):
 garbage-first heap   total 204800K, used 162756K [0x0000000080000000, 0x0000000100000000)
  region size 1024K, 75 young (76800K), 10 survivors (10240K)
 Metaspace       used 87154K, committed 87744K, reserved 1179648K
  class space    used 12060K, committed 12352K, reserved 1048576K
}
Event: 11.403 GC heap after
{Heap after GC invocations=33 (full 0):
 garbage-first heap   total 204800K, used 98654K [0x0000000080000000, 0x0000000100000000)
  region size 1024K, 5 young (5120K), 5 survivors (5120K)
 Metaspace       used 87154K, committed 87744K, reserved 1179648K
  class space    used 12060K, committed 12352K, reserved 1048576K
}
Event: 11.549 GC heap before
{Heap before GC invocations=33 (full 0):
 garbage-first heap   total 204800K, used 128350K [0x0000000080000000, 0x0000000100000000)
  region size 1024K, 35 young (35840K), 5 survivors (5120K)
 Metaspace       used 87157K, committed 87808K, reserved 1179648K
  class space    used 12060K, committed 12352K, reserved 1048576K
}
Event: 11.552 GC heap after
{Heap after GC invocations=34 (full 0):
 garbage-first heap   total 245760K, used 99440K [0x0000000080000000, 0x0000000100000000)
  region size 1024K, 6 young (6144K), 6 survivors (6144K)
 Metaspace       used 87157K, committed 87808K, reserved 1179648K
  class space    used 12060K, committed 12352K, reserved 1048576K
}
Event: 12.007 GC heap before
{Heap before GC invocations=34 (full 0):
 garbage-first heap   total 245760K, used 179312K [0x0000000080000000, 0x0000000100000000)
  region size 1024K, 70 young (71680K), 6 survivors (6144K)
 Metaspace       used 87715K, committed 88384K, reserved 1179648K
  class space    used 12105K, committed 12416K, reserved 1048576K
}
Event: 12.017 GC heap after
{Heap after GC invocations=35 (full 0):
 garbage-first heap   total 245760K, used 106561K [0x0000000080000000, 0x0000000100000000)
  region size 1024K, 13 young (13312K), 13 survivors (13312K)
 Metaspace       used 87715K, committed 88384K, reserved 1179648K
  class space    used 12105K, committed 12416K, reserved 1048576K
}
Event: 12.538 GC heap before
{Heap before GC invocations=35 (full 0):
 garbage-first heap   total 245760K, used 204865K [0x0000000080000000, 0x0000000100000000)
  region size 1024K, 94 young (96256K), 13 survivors (13312K)
 Metaspace       used 88153K, committed 88768K, reserved 1179648K
  class space    used 12137K, committed 12416K, reserved 1048576K
}
Event: 12.550 GC heap after
{Heap after GC invocations=36 (full 0):
 garbage-first heap   total 245760K, used 113696K [0x0000000080000000, 0x0000000100000000)
  region size 1024K, 10 young (10240K), 10 survivors (10240K)
 Metaspace       used 88153K, committed 88768K, reserved 1179648K
  class space    used 12137K, committed 12416K, reserved 1048576K
}
Event: 12.625 GC heap before
{Heap before GC invocations=36 (full 0):
 garbage-first heap   total 245760K, used 137248K [0x0000000080000000, 0x0000000100000000)
  region size 1024K, 28 young (28672K), 10 survivors (10240K)
 Metaspace       used 88165K, committed 88768K, reserved 1179648K
  class space    used 12137K, committed 12416K, reserved 1048576K
}
Event: 12.630 GC heap after
{Heap after GC invocations=37 (full 0):
 garbage-first heap   total 245760K, used 117611K [0x0000000080000000, 0x0000000100000000)
  region size 1024K, 3 young (3072K), 3 survivors (3072K)
 Metaspace       used 88165K, committed 88768K, reserved 1179648K
  class space    used 12137K, committed 12416K, reserved 1048576K
}
Event: 13.077 GC heap before
{Heap before GC invocations=38 (full 0):
 garbage-first heap   total 245760K, used 196459K [0x0000000080000000, 0x0000000100000000)
  region size 1024K, 75 young (76800K), 3 survivors (3072K)
 Metaspace       used 88235K, committed 88832K, reserved 1179648K
  class space    used 12142K, committed 12416K, reserved 1048576K
}
Event: 13.084 GC heap after
{Heap after GC invocations=39 (full 0):
 garbage-first heap   total 245760K, used 121193K [0x0000000080000000, 0x0000000100000000)
  region size 1024K, 9 young (9216K), 9 survivors (9216K)
 Metaspace       used 88235K, committed 88832K, reserved 1179648K
  class space    used 12142K, committed 12416K, reserved 1048576K
}
Event: 13.357 GC heap before
{Heap before GC invocations=39 (full 0):
 garbage-first heap   total 245760K, used 124265K [0x0000000080000000, 0x0000000100000000)
  region size 1024K, 12 young (12288K), 9 survivors (9216K)
 Metaspace       used 88476K, committed 89088K, reserved 1179648K
  class space    used 12172K, committed 12480K, reserved 1048576K
}
Event: 13.365 GC heap after
{Heap after GC invocations=40 (full 0):
 garbage-first heap   total 294912K, used 120271K [0x0000000080000000, 0x0000000100000000)
  region size 1024K, 2 young (2048K), 2 survivors (2048K)
 Metaspace       used 88476K, committed 89088K, reserved 1179648K
  class space    used 12172K, committed 12480K, reserved 1048576K
}
Event: 14.487 GC heap before
{Heap before GC invocations=40 (full 0):
 garbage-first heap   total 294912K, used 274895K [0x0000000080000000, 0x0000000100000000)
  region size 1024K, 82 young (83968K), 2 survivors (2048K)
 Metaspace       used 96824K, committed 97536K, reserved 1179648K
  class space    used 13266K, committed 13632K, reserved 1048576K
}
Event: 14.492 GC heap after
{Heap after GC invocations=41 (full 0):
 garbage-first heap   total 294912K, used 124107K [0x0000000080000000, 0x0000000100000000)
  region size 1024K, 5 young (5120K), 5 survivors (5120K)
 Metaspace       used 96824K, committed 97536K, reserved 1179648K
  class space    used 13266K, committed 13632K, reserved 1048576K
}
Event: 21.943 GC heap before
{Heap before GC invocations=41 (full 0):
 garbage-first heap   total 294912K, used 216267K [0x0000000080000000, 0x0000000100000000)
  region size 1024K, 81 young (82944K), 5 survivors (5120K)
 Metaspace       used 97676K, committed 98496K, reserved 1179648K
  class space    used 13306K, committed 13696K, reserved 1048576K
}
Event: 21.953 GC heap after
{Heap after GC invocations=42 (full 0):
 garbage-first heap   total 294912K, used 148445K [0x0000000080000000, 0x0000000100000000)
  region size 1024K, 14 young (14336K), 14 survivors (14336K)
 Metaspace       used 97676K, committed 98496K, reserved 1179648K
  class space    used 13306K, committed 13696K, reserved 1048576K
}
Event: 21.959 GC heap before
{Heap before GC invocations=42 (full 0):
 garbage-first heap   total 294912K, used 201693K [0x0000000080000000, 0x0000000100000000)
  region size 1024K, 15 young (15360K), 14 survivors (14336K)
 Metaspace       used 97676K, committed 98496K, reserved 1179648K
  class space    used 13306K, committed 13696K, reserved 1048576K
}
Event: 21.967 GC heap after
{Heap after GC invocations=43 (full 0):
 garbage-first heap   total 294912K, used 202702K [0x0000000080000000, 0x0000000100000000)
  region size 1024K, 2 young (2048K), 2 survivors (2048K)
 Metaspace       used 97676K, committed 98496K, reserved 1179648K
  class space    used 13306K, committed 13696K, reserved 1048576K
}

