# JRE version: OpenJDK Runtime Environment (17.0.7) (build 17.0.7+0-b2043.56-10550314)
# Java VM: OpenJDK 64-Bit Server VM (17.0.7+0-b2043.56-10550314, mixed mode, tiered, compressed oops, compressed class ptrs, g1 gc, windows-amd64)
GC Precious Log:
 CPUs: 8 total, 8 available
 Memory: 7969M
 Large Page Support: Disabled
 NUMA Support: Disabled
 Compressed Oops: Enabled (32-bit)
 Heap Region Size: 1M
 Heap Min Capacity: 8M
 Heap Initial Capacity: 126M
 Heap Max Capacity: 2G
 Pre-touch: Disabled
 Parallel Workers: 8
 Concurrent Workers: 2
 Concurrent Refinement Workers: 8
 Periodic GC: Disabled
Heap:
 garbage-first heap   total 555008K, used 261444K [0x0000000080000000, 0x0000000100000000)
  region size 1024K, 55 young (56320K), 9 survivors (9216K)
 Metaspace       used 156495K, committed 158464K, reserved 1245184K
  class space    used 20780K, committed 21696K, reserved 1048576K
GC Heap History (20 events):
Event: 2328.400 GC heap before
{Heap before GC invocations=87 (full 0):
 garbage-first heap   total 552960K, used 238287K [0x0000000080000000, 0x0000000100000000)
  region size 1024K, 65 young (66560K), 4 survivors (4096K)
 Metaspace       used 136501K, committed 137792K, reserved 1179648K
  class space    used 18108K, committed 18688K, reserved 1048576K
}
Event: 2328.406 GC heap after
{Heap after GC invocations=88 (full 0):
 garbage-first heap   total 552960K, used 177798K [0x0000000080000000, 0x0000000100000000)
  region size 1024K, 4 young (4096K), 4 survivors (4096K)
 Metaspace       used 136501K, committed 137792K, reserved 1179648K
  class space    used 18108K, committed 18688K, reserved 1048576K
}
Event: 2438.940 GC heap before
{Heap before GC invocations=89 (full 0):
 garbage-first heap   total 555008K, used 517766K [0x0000000080000000, 0x0000000100000000)
  region size 1024K, 173 young (177152K), 4 survivors (4096K)
 Metaspace       used 136803K, committed 138112K, reserved 1179648K
  class space    used 18101K, committed 18688K, reserved 1048576K
}
Event: 2438.951 GC heap after
{Heap after GC invocations=90 (full 0):
 garbage-first heap   total 555008K, used 194972K [0x0000000080000000, 0x0000000100000000)
  region size 1024K, 13 young (13312K), 13 survivors (13312K)
 Metaspace       used 136803K, committed 138112K, reserved 1179648K
  class space    used 18101K, committed 18688K, reserved 1048576K
}
Event: 2642.492 GC heap before
{Heap before GC invocations=90 (full 0):
 garbage-first heap   total 555008K, used 359836K [0x0000000080000000, 0x0000000100000000)
  region size 1024K, 27 young (27648K), 13 survivors (13312K)
 Metaspace       used 136835K, committed 138176K, reserved 1179648K
  class space    used 18101K, committed 18688K, reserved 1048576K
}
Event: 2642.517 GC heap after
{Heap after GC invocations=91 (full 0):
 garbage-first heap   total 555008K, used 156710K [0x0000000080000000, 0x0000000100000000)
  region size 1024K, 3 young (3072K), 3 survivors (3072K)
 Metaspace       used 136835K, committed 138176K, reserved 1179648K
  class space    used 18101K, committed 18688K, reserved 1048576K
}
Event: 2643.167 GC heap before
{Heap before GC invocations=91 (full 0):
 garbage-first heap   total 555008K, used 217126K [0x0000000080000000, 0x0000000100000000)
  region size 1024K, 64 young (65536K), 3 survivors (3072K)
 Metaspace       used 136901K, committed 138176K, reserved 1179648K
  class space    used 18101K, committed 18688K, reserved 1048576K
}
Event: 2643.177 GC heap after
{Heap after GC invocations=92 (full 0):
 garbage-first heap   total 555008K, used 164670K [0x0000000080000000, 0x0000000100000000)
  region size 1024K, 11 young (11264K), 11 survivors (11264K)
 Metaspace       used 136901K, committed 138176K, reserved 1179648K
  class space    used 18101K, committed 18688K, reserved 1048576K
}
Event: 3021.801 GC heap before
{Heap before GC invocations=93 (full 0):
 garbage-first heap   total 555008K, used 505662K [0x0000000080000000, 0x0000000100000000)
  region size 1024K, 183 young (187392K), 11 survivors (11264K)
 Metaspace       used 137818K, committed 139328K, reserved 1179648K
  class space    used 18260K, committed 18944K, reserved 1048576K
}
Event: 3021.806 GC heap after
{Heap after GC invocations=94 (full 0):
 garbage-first heap   total 555008K, used 165076K [0x0000000080000000, 0x0000000100000000)
  region size 1024K, 5 young (5120K), 5 survivors (5120K)
 Metaspace       used 137818K, committed 139328K, reserved 1179648K
  class space    used 18260K, committed 18944K, reserved 1048576K
}
Event: 3022.832 GC heap before
{Heap before GC invocations=94 (full 0):
 garbage-first heap   total 555008K, used 200916K [0x0000000080000000, 0x0000000100000000)
  region size 1024K, 27 young (27648K), 5 survivors (5120K)
 Metaspace       used 138657K, committed 140288K, reserved 1179648K
  class space    used 18444K, committed 19200K, reserved 1048576K
}
Event: 3022.849 GC heap after
{Heap after GC invocations=95 (full 0):
 garbage-first heap   total 555008K, used 164809K [0x0000000080000000, 0x0000000100000000)
  region size 1024K, 4 young (4096K), 4 survivors (4096K)
 Metaspace       used 138657K, committed 140288K, reserved 1179648K
  class space    used 18444K, committed 19200K, reserved 1048576K
}
Event: 3023.185 GC heap before
{Heap before GC invocations=95 (full 0):
 garbage-first heap   total 555008K, used 165833K [0x0000000080000000, 0x0000000100000000)
  region size 1024K, 6 young (6144K), 4 survivors (4096K)
 Metaspace       used 138702K, committed 140352K, reserved 1179648K
  class space    used 18449K, committed 19200K, reserved 1048576K
}
Event: 3023.190 GC heap after
{Heap after GC invocations=96 (full 0):
 garbage-first heap   total 555008K, used 165217K [0x0000000080000000, 0x0000000100000000)
  region size 1024K, 5 young (5120K), 5 survivors (5120K)
 Metaspace       used 138702K, committed 140352K, reserved 1179648K
  class space    used 18449K, committed 19200K, reserved 1048576K
}
Event: 3026.933 GC heap before
{Heap before GC invocations=97 (full 0):
 garbage-first heap   total 555008K, used 445793K [0x0000000080000000, 0x0000000100000000)
  region size 1024K, 252 young (258048K), 5 survivors (5120K)
 Metaspace       used 152140K, committed 154176K, reserved 1245184K
  class space    used 20177K, committed 21120K, reserved 1048576K
}
Event: 3026.964 GC heap after
{Heap after GC invocations=98 (full 0):
 garbage-first heap   total 555008K, used 211667K [0x0000000080000000, 0x0000000100000000)
  region size 1024K, 28 young (28672K), 28 survivors (28672K)
 Metaspace       used 152140K, committed 154176K, reserved 1245184K
  class space    used 20177K, committed 21120K, reserved 1048576K
}
Event: 3026.980 GC heap before
{Heap before GC invocations=98 (full 0):
 garbage-first heap   total 555008K, used 212691K [0x0000000080000000, 0x0000000100000000)
  region size 1024K, 29 young (29696K), 28 survivors (28672K)
 Metaspace       used 152172K, committed 154176K, reserved 1245184K
  class space    used 20185K, committed 21120K, reserved 1048576K
}
Event: 3027.006 GC heap after
{Heap after GC invocations=99 (full 0):
 garbage-first heap   total 555008K, used 208397K [0x0000000080000000, 0x0000000100000000)
  region size 1024K, 3 young (3072K), 3 survivors (3072K)
 Metaspace       used 152172K, committed 154176K, reserved 1245184K
  class space    used 20185K, committed 21120K, reserved 1048576K
}
Event: 4493.677 GC heap before
{Heap before GC invocations=99 (full 0):
 garbage-first heap   total 555008K, used 311821K [0x0000000080000000, 0x0000000100000000)
  region size 1024K, 106 young (108544K), 3 survivors (3072K)
 Metaspace       used 154107K, committed 156160K, reserved 1245184K
  class space    used 20451K, committed 21440K, reserved 1048576K
}
Event: 4493.690 GC heap after
{Heap after GC invocations=100 (full 0):
 garbage-first heap   total 555008K, used 214340K [0x0000000080000000, 0x0000000100000000)
  region size 1024K, 9 young (9216K), 9 survivors (9216K)
 Metaspace       used 154107K, committed 156160K, reserved 1245184K
  class space    used 20451K, committed 21440K, reserved 1048576K
}

