# JRE version: OpenJDK Runtime Environment (17.0.7) (build 17.0.7+0-b2043.56-10550314)
# Java VM: OpenJDK 64-Bit Server VM (17.0.7+0-b2043.56-10550314, mixed mode, tiered, compressed oops, compressed class ptrs, g1 gc, windows-amd64)
GC Precious Log:
 CPUs: 8 total, 8 available
 Memory: 7969M
 Large Page Support: Disabled
 NUMA Support: Disabled
 Compressed Oops: Enabled (32-bit)
 Heap Region Size: 1M
 Heap Min Capacity: 8M
 Heap Initial Capacity: 126M
 Heap Max Capacity: 2G
 Pre-touch: Disabled
 Parallel Workers: 8
 Concurrent Workers: 2
 Concurrent Refinement Workers: 8
 Periodic GC: Disabled
Heap:
 garbage-first heap   total 282624K, used 202159K [0x0000000080000000, 0x0000000100000000)
  region size 1024K, 3 young (3072K), 1 survivors (1024K)
 Metaspace       used 95832K, committed 96576K, reserved 1179648K
  class space    used 13107K, committed 13504K, reserved 1048576K
GC Heap History (20 events):
Event: 10.895 GC heap before
{Heap before GC invocations=34 (full 0):
 garbage-first heap   total 141312K, used 112096K [0x0000000080000000, 0x0000000100000000)
  region size 1024K, 45 young (46080K), 1 survivors (1024K)
 Metaspace       used 78057K, committed 78592K, reserved 1179648K
  class space    used 10673K, committed 10944K, reserved 1048576K
}
Event: 10.899 GC heap after
{Heap after GC invocations=35 (full 0):
 garbage-first heap   total 141312K, used 69328K [0x0000000080000000, 0x0000000100000000)
  region size 1024K, 3 young (3072K), 3 survivors (3072K)
 Metaspace       used 78057K, committed 78592K, reserved 1179648K
  class space    used 10673K, committed 10944K, reserved 1048576K
}
Event: 11.503 GC heap before
{Heap before GC invocations=35 (full 0):
 garbage-first heap   total 141312K, used 113360K [0x0000000080000000, 0x0000000100000000)
  region size 1024K, 46 young (47104K), 3 survivors (3072K)
 Metaspace       used 82629K, committed 83264K, reserved 1179648K
  class space    used 11333K, committed 11648K, reserved 1048576K
}
Event: 11.509 GC heap after
{Heap after GC invocations=36 (full 0):
 garbage-first heap   total 141312K, used 71565K [0x0000000080000000, 0x0000000100000000)
  region size 1024K, 5 young (5120K), 5 survivors (5120K)
 Metaspace       used 82629K, committed 83264K, reserved 1179648K
  class space    used 11333K, committed 11648K, reserved 1048576K
}
Event: 12.011 GC heap before
{Heap before GC invocations=36 (full 0):
 garbage-first heap   total 141312K, used 115597K [0x0000000080000000, 0x0000000100000000)
  region size 1024K, 48 young (49152K), 5 survivors (5120K)
 Metaspace       used 84179K, committed 84800K, reserved 1179648K
  class space    used 11553K, committed 11840K, reserved 1048576K
}
Event: 12.021 GC heap after
{Heap after GC invocations=37 (full 0):
 garbage-first heap   total 141312K, used 76532K [0x0000000080000000, 0x0000000100000000)
  region size 1024K, 6 young (6144K), 6 survivors (6144K)
 Metaspace       used 84179K, committed 84800K, reserved 1179648K
  class space    used 11553K, committed 11840K, reserved 1048576K
}
Event: 12.519 GC heap before
{Heap before GC invocations=37 (full 0):
 garbage-first heap   total 141312K, used 115444K [0x0000000080000000, 0x0000000100000000)
  region size 1024K, 44 young (45056K), 6 survivors (6144K)
 Metaspace       used 85952K, committed 86592K, reserved 1179648K
  class space    used 11911K, committed 12224K, reserved 1048576K
}
Event: 12.527 GC heap after
{Heap after GC invocations=38 (full 0):
 garbage-first heap   total 282624K, used 82607K [0x0000000080000000, 0x0000000100000000)
  region size 1024K, 6 young (6144K), 6 survivors (6144K)
 Metaspace       used 85952K, committed 86592K, reserved 1179648K
  class space    used 11911K, committed 12224K, reserved 1048576K
}
Event: 13.794 GC heap before
{Heap before GC invocations=38 (full 0):
 garbage-first heap   total 282624K, used 209583K [0x0000000080000000, 0x0000000100000000)
  region size 1024K, 131 young (134144K), 6 survivors (6144K)
 Metaspace       used 87229K, committed 87872K, reserved 1179648K
  class space    used 12081K, committed 12416K, reserved 1048576K
}
Event: 13.807 GC heap after
{Heap after GC invocations=39 (full 0):
 garbage-first heap   total 282624K, used 94986K [0x0000000080000000, 0x0000000100000000)
  region size 1024K, 17 young (17408K), 17 survivors (17408K)
 Metaspace       used 87229K, committed 87872K, reserved 1179648K
  class space    used 12081K, committed 12416K, reserved 1048576K
}
Event: 14.485 GC heap before
{Heap before GC invocations=39 (full 0):
 garbage-first heap   total 282624K, used 210698K [0x0000000080000000, 0x0000000100000000)
  region size 1024K, 127 young (130048K), 17 survivors (17408K)
 Metaspace       used 87347K, committed 88000K, reserved 1179648K
  class space    used 12091K, committed 12416K, reserved 1048576K
}
Event: 14.498 GC heap after
{Heap after GC invocations=40 (full 0):
 garbage-first heap   total 282624K, used 102330K [0x0000000080000000, 0x0000000100000000)
  region size 1024K, 10 young (10240K), 10 survivors (10240K)
 Metaspace       used 87347K, committed 88000K, reserved 1179648K
  class space    used 12091K, committed 12416K, reserved 1048576K
}
Event: 15.379 GC heap before
{Heap before GC invocations=40 (full 0):
 garbage-first heap   total 282624K, used 242618K [0x0000000080000000, 0x0000000100000000)
  region size 1024K, 120 young (122880K), 10 survivors (10240K)
 Metaspace       used 88107K, committed 88704K, reserved 1179648K
  class space    used 12144K, committed 12416K, reserved 1048576K
}
Event: 15.391 GC heap after
{Heap after GC invocations=41 (full 0):
 garbage-first heap   total 282624K, used 112238K [0x0000000080000000, 0x0000000100000000)
  region size 1024K, 13 young (13312K), 13 survivors (13312K)
 Metaspace       used 88107K, committed 88704K, reserved 1179648K
  class space    used 12144K, committed 12416K, reserved 1048576K
}
Event: 16.041 GC heap before
{Heap before GC invocations=41 (full 0):
 garbage-first heap   total 282624K, used 231022K [0x0000000080000000, 0x0000000100000000)
  region size 1024K, 118 young (120832K), 13 survivors (13312K)
 Metaspace       used 88277K, committed 88960K, reserved 1179648K
  class space    used 12155K, committed 12480K, reserved 1048576K
}
Event: 16.055 GC heap after
{Heap after GC invocations=42 (full 0):
 garbage-first heap   total 282624K, used 123746K [0x0000000080000000, 0x0000000100000000)
  region size 1024K, 10 young (10240K), 10 survivors (10240K)
 Metaspace       used 88277K, committed 88960K, reserved 1179648K
  class space    used 12155K, committed 12480K, reserved 1048576K
}
Event: 17.367 GC heap before
{Heap before GC invocations=42 (full 0):
 garbage-first heap   total 282624K, used 221026K [0x0000000080000000, 0x0000000100000000)
  region size 1024K, 81 young (82944K), 10 survivors (10240K)
 Metaspace       used 95715K, committed 96448K, reserved 1179648K
  class space    used 13106K, committed 13504K, reserved 1048576K
}
Event: 17.377 GC heap after
{Heap after GC invocations=43 (full 0):
 garbage-first heap   total 282624K, used 146052K [0x0000000080000000, 0x0000000100000000)
  region size 1024K, 7 young (7168K), 7 survivors (7168K)
 Metaspace       used 95715K, committed 96448K, reserved 1179648K
  class space    used 13106K, committed 13504K, reserved 1048576K
}
Event: 17.398 GC heap before
{Heap before GC invocations=43 (full 0):
 garbage-first heap   total 282624K, used 199300K [0x0000000080000000, 0x0000000100000000)
  region size 1024K, 8 young (8192K), 7 survivors (7168K)
 Metaspace       used 95717K, committed 96448K, reserved 1179648K
  class space    used 13107K, committed 13504K, reserved 1048576K
}
Event: 17.407 GC heap after
{Heap after GC invocations=44 (full 0):
 garbage-first heap   total 282624K, used 200111K [0x0000000080000000, 0x0000000100000000)
  region size 1024K, 1 young (1024K), 1 survivors (1024K)
 Metaspace       used 95717K, committed 96448K, reserved 1179648K
  class space    used 13107K, committed 13504K, reserved 1048576K
}

