# JRE version: OpenJDK Runtime Environment (17.0.7) (build 17.0.7+0-b2043.56-10550314)
# Java VM: OpenJDK 64-Bit Server VM (17.0.7+0-b2043.56-10550314, mixed mode, tiered, compressed oops, compressed class ptrs, g1 gc, windows-amd64)
GC Precious Log:
 CPUs: 8 total, 8 available
 Memory: 7969M
 Large Page Support: Disabled
 NUMA Support: Disabled
 Compressed Oops: Enabled (32-bit)
 Heap Region Size: 1M
 Heap Min Capacity: 8M
 Heap Initial Capacity: 126M
 Heap Max Capacity: 2G
 Pre-touch: Disabled
 Parallel Workers: 8
 Concurrent Workers: 2
 Concurrent Refinement Workers: 8
 Periodic GC: Disabled
Heap:
 garbage-first heap   total 260096K, used 229865K [0x0000000080000000, 0x0000000100000000)
  region size 1024K, 4 young (4096K), 1 survivors (1024K)
 Metaspace       used 121036K, committed 121856K, reserved 1179648K
  class space    used 16660K, committed 17024K, reserved 1048576K
GC Heap History (20 events):
Event: 14.921 GC heap before
{Heap before GC invocations=38 (full 0):
 garbage-first heap   total 260096K, used 212513K [0x0000000080000000, 0x0000000100000000)
  region size 1024K, 103 young (105472K), 12 survivors (12288K)
 Metaspace       used 96148K, committed 96832K, reserved 1179648K
  class space    used 13098K, committed 13440K, reserved 1048576K
}
Event: 14.933 GC heap after
{Heap after GC invocations=39 (full 0):
 garbage-first heap   total 260096K, used 122733K [0x0000000080000000, 0x0000000100000000)
  region size 1024K, 13 young (13312K), 13 survivors (13312K)
 Metaspace       used 96148K, committed 96832K, reserved 1179648K
  class space    used 13098K, committed 13440K, reserved 1048576K
}
Event: 16.244 GC heap before
{Heap before GC invocations=39 (full 0):
 garbage-first heap   total 260096K, used 202605K [0x0000000080000000, 0x0000000100000000)
  region size 1024K, 92 young (94208K), 13 survivors (13312K)
 Metaspace       used 99168K, committed 99904K, reserved 1179648K
  class space    used 13410K, committed 13760K, reserved 1048576K
}
Event: 16.260 GC heap after
{Heap after GC invocations=40 (full 0):
 garbage-first heap   total 260096K, used 134477K [0x0000000080000000, 0x0000000100000000)
  region size 1024K, 12 young (12288K), 12 survivors (12288K)
 Metaspace       used 99168K, committed 99904K, reserved 1179648K
  class space    used 13410K, committed 13760K, reserved 1048576K
}
Event: 17.057 GC heap before
{Heap before GC invocations=40 (full 0):
 garbage-first heap   total 260096K, used 208205K [0x0000000080000000, 0x0000000100000000)
  region size 1024K, 81 young (82944K), 12 survivors (12288K)
 Metaspace       used 100270K, committed 100928K, reserved 1179648K
  class space    used 13526K, committed 13824K, reserved 1048576K
}
Event: 17.070 GC heap after
{Heap after GC invocations=41 (full 0):
 garbage-first heap   total 260096K, used 142125K [0x0000000080000000, 0x0000000100000000)
  region size 1024K, 8 young (8192K), 8 survivors (8192K)
 Metaspace       used 100270K, committed 100928K, reserved 1179648K
  class space    used 13526K, committed 13824K, reserved 1048576K
}
Event: 17.399 GC heap before
{Heap before GC invocations=41 (full 0):
 garbage-first heap   total 260096K, used 211757K [0x0000000080000000, 0x0000000100000000)
  region size 1024K, 73 young (74752K), 8 survivors (8192K)
 Metaspace       used 100405K, committed 101120K, reserved 1179648K
  class space    used 13540K, committed 13824K, reserved 1048576K
}
Event: 17.409 GC heap after
{Heap after GC invocations=42 (full 0):
 garbage-first heap   total 260096K, used 148343K [0x0000000080000000, 0x0000000100000000)
  region size 1024K, 7 young (7168K), 7 survivors (7168K)
 Metaspace       used 100405K, committed 101120K, reserved 1179648K
  class space    used 13540K, committed 13824K, reserved 1048576K
}
Event: 18.416 GC heap before
{Heap before GC invocations=42 (full 0):
 garbage-first heap   total 260096K, used 209783K [0x0000000080000000, 0x0000000100000000)
  region size 1024K, 68 young (69632K), 7 survivors (7168K)
 Metaspace       used 108011K, committed 108736K, reserved 1179648K
  class space    used 14584K, committed 14912K, reserved 1048576K
}
Event: 18.421 GC heap after
{Heap after GC invocations=43 (full 0):
 garbage-first heap   total 260096K, used 150243K [0x0000000080000000, 0x0000000100000000)
  region size 1024K, 2 young (2048K), 2 survivors (2048K)
 Metaspace       used 108011K, committed 108736K, reserved 1179648K
  class space    used 14584K, committed 14912K, reserved 1048576K
}
Event: 19.069 GC heap before
{Heap before GC invocations=43 (full 0):
 garbage-first heap   total 260096K, used 217827K [0x0000000080000000, 0x0000000100000000)
  region size 1024K, 65 young (66560K), 2 survivors (2048K)
 Metaspace       used 114474K, committed 115200K, reserved 1179648K
  class space    used 15771K, committed 16064K, reserved 1048576K
}
Event: 19.074 GC heap after
{Heap after GC invocations=44 (full 0):
 garbage-first heap   total 260096K, used 153002K [0x0000000080000000, 0x0000000100000000)
  region size 1024K, 5 young (5120K), 5 survivors (5120K)
 Metaspace       used 114474K, committed 115200K, reserved 1179648K
  class space    used 15771K, committed 16064K, reserved 1048576K
}
Event: 19.839 GC heap before
{Heap before GC invocations=44 (full 0):
 garbage-first heap   total 260096K, used 233898K [0x0000000080000000, 0x0000000100000000)
  region size 1024K, 62 young (63488K), 5 survivors (5120K)
 Metaspace       used 120858K, committed 121664K, reserved 1179648K
  class space    used 16633K, committed 17024K, reserved 1048576K
}
Event: 19.846 GC heap after
{Heap after GC invocations=45 (full 0):
 garbage-first heap   total 260096K, used 182009K [0x0000000080000000, 0x0000000100000000)
  region size 1024K, 9 young (9216K), 9 survivors (9216K)
 Metaspace       used 120858K, committed 121664K, reserved 1179648K
  class space    used 16633K, committed 17024K, reserved 1048576K
}
Event: 19.857 GC heap before
{Heap before GC invocations=45 (full 0):
 garbage-first heap   total 260096K, used 200441K [0x0000000080000000, 0x0000000100000000)
  region size 1024K, 10 young (10240K), 9 survivors (9216K)
 Metaspace       used 120858K, committed 121664K, reserved 1179648K
  class space    used 16633K, committed 17024K, reserved 1048576K
}
Event: 19.863 GC heap after
{Heap after GC invocations=46 (full 0):
 garbage-first heap   total 260096K, used 182669K [0x0000000080000000, 0x0000000100000000)
  region size 1024K, 1 young (1024K), 1 survivors (1024K)
 Metaspace       used 120858K, committed 121664K, reserved 1179648K
  class space    used 16633K, committed 17024K, reserved 1048576K
}
Event: 19.866 GC heap before
{Heap before GC invocations=46 (full 0):
 garbage-first heap   total 260096K, used 186765K [0x0000000080000000, 0x0000000100000000)
  region size 1024K, 2 young (2048K), 1 survivors (1024K)
 Metaspace       used 120858K, committed 121664K, reserved 1179648K
  class space    used 16633K, committed 17024K, reserved 1048576K
}
Event: 19.867 GC heap after
{Heap after GC invocations=47 (full 0):
 garbage-first heap   total 260096K, used 186062K [0x0000000080000000, 0x0000000100000000)
  region size 1024K, 1 young (1024K), 1 survivors (1024K)
 Metaspace       used 120858K, committed 121664K, reserved 1179648K
  class space    used 16633K, committed 17024K, reserved 1048576K
}
Event: 19.897 GC heap before
{Heap before GC invocations=47 (full 0):
 garbage-first heap   total 260096K, used 255694K [0x0000000080000000, 0x0000000100000000)
  region size 1024K, 2 young (2048K), 1 survivors (1024K)
 Metaspace       used 120858K, committed 121664K, reserved 1179648K
  class space    used 16633K, committed 17024K, reserved 1048576K
}
Event: 19.898 GC heap after
{Heap after GC invocations=48 (full 0):
 garbage-first heap   total 260096K, used 189929K [0x0000000080000000, 0x0000000100000000)
  region size 1024K, 1 young (1024K), 1 survivors (1024K)
 Metaspace       used 120858K, committed 121664K, reserved 1179648K
  class space    used 16633K, committed 17024K, reserved 1048576K
}

