# JRE version: OpenJDK Runtime Environment (17.0.7) (build 17.0.7+0-b2043.56-10550314)
# Java VM: OpenJDK 64-Bit Server VM (17.0.7+0-b2043.56-10550314, mixed mode, tiered, compressed oops, compressed class ptrs, g1 gc, windows-amd64)
GC Precious Log:
 CPUs: 8 total, 8 available
 Memory: 7969M
 Large Page Support: Disabled
 NUMA Support: Disabled
 Compressed Oops: Enabled (32-bit)
 Heap Region Size: 1M
 Heap Min Capacity: 8M
 Heap Initial Capacity: 126M
 Heap Max Capacity: 2G
 Pre-touch: Disabled
 Parallel Workers: 8
 Concurrent Workers: 2
 Concurrent Refinement Workers: 8
 Periodic GC: Disabled
Heap:
 garbage-first heap   total 233472K, used 118092K [0x0000000080000000, 0x0000000100000000)
  region size 1024K, 2 young (2048K), 2 survivors (2048K)
 Metaspace       used 87981K, committed 88576K, reserved 1179648K
  class space    used 12136K, committed 12416K, reserved 1048576K
GC Heap History (20 events):
Event: 7.842 GC heap after
{Heap after GC invocations=33 (full 0):
 garbage-first heap   total 116736K, used 63386K [0x0000000080000000, 0x0000000100000000)
  region size 1024K, 5 young (5120K), 5 survivors (5120K)
 Metaspace       used 68422K, committed 68992K, reserved 1114112K
  class space    used 9125K, committed 9408K, reserved 1048576K
}
Event: 7.850 GC heap before
{Heap before GC invocations=33 (full 0):
 garbage-first heap   total 116736K, used 64410K [0x0000000080000000, 0x0000000100000000)
  region size 1024K, 6 young (6144K), 5 survivors (5120K)
 Metaspace       used 68429K, committed 68992K, reserved 1114112K
  class space    used 9126K, committed 9408K, reserved 1048576K
}
Event: 7.854 GC heap after
{Heap after GC invocations=34 (full 0):
 garbage-first heap   total 233472K, used 63760K [0x0000000080000000, 0x0000000100000000)
  region size 1024K, 1 young (1024K), 1 survivors (1024K)
 Metaspace       used 68429K, committed 68992K, reserved 1114112K
  class space    used 9126K, committed 9408K, reserved 1048576K
}
Event: 8.849 GC heap before
{Heap before GC invocations=34 (full 0):
 garbage-first heap   total 233472K, used 164112K [0x0000000080000000, 0x0000000100000000)
  region size 1024K, 99 young (101376K), 1 survivors (1024K)
 Metaspace       used 75340K, committed 75968K, reserved 1179648K
  class space    used 10280K, committed 10560K, reserved 1048576K
}
Event: 8.854 GC heap after
{Heap after GC invocations=35 (full 0):
 garbage-first heap   total 233472K, used 67254K [0x0000000080000000, 0x0000000100000000)
  region size 1024K, 5 young (5120K), 5 survivors (5120K)
 Metaspace       used 75340K, committed 75968K, reserved 1179648K
  class space    used 10280K, committed 10560K, reserved 1048576K
}
Event: 10.421 GC heap before
{Heap before GC invocations=35 (full 0):
 garbage-first heap   total 233472K, used 176822K [0x0000000080000000, 0x0000000100000000)
  region size 1024K, 112 young (114688K), 5 survivors (5120K)
 Metaspace       used 84097K, committed 84736K, reserved 1179648K
  class space    used 11547K, committed 11840K, reserved 1048576K
}
Event: 10.431 GC heap after
{Heap after GC invocations=36 (full 0):
 garbage-first heap   total 233472K, used 74472K [0x0000000080000000, 0x0000000100000000)
  region size 1024K, 12 young (12288K), 12 survivors (12288K)
 Metaspace       used 84097K, committed 84736K, reserved 1179648K
  class space    used 11547K, committed 11840K, reserved 1048576K
}
Event: 11.500 GC heap before
{Heap before GC invocations=36 (full 0):
 garbage-first heap   total 233472K, used 183016K [0x0000000080000000, 0x0000000100000000)
  region size 1024K, 119 young (121856K), 12 survivors (12288K)
 Metaspace       used 87042K, committed 87744K, reserved 1179648K
  class space    used 12076K, committed 12416K, reserved 1048576K
}
Event: 11.519 GC heap after
{Heap after GC invocations=37 (full 0):
 garbage-first heap   total 233472K, used 88009K [0x0000000080000000, 0x0000000100000000)
  region size 1024K, 15 young (15360K), 15 survivors (15360K)
 Metaspace       used 87042K, committed 87744K, reserved 1179648K
  class space    used 12076K, committed 12416K, reserved 1048576K
}
Event: 12.102 GC heap before
{Heap before GC invocations=38 (full 0):
 garbage-first heap   total 233472K, used 183241K [0x0000000080000000, 0x0000000100000000)
  region size 1024K, 109 young (111616K), 15 survivors (15360K)
 Metaspace       used 87171K, committed 87872K, reserved 1179648K
  class space    used 12087K, committed 12416K, reserved 1048576K
}
Event: 12.118 GC heap after
{Heap after GC invocations=39 (full 0):
 garbage-first heap   total 233472K, used 96788K [0x0000000080000000, 0x0000000100000000)
  region size 1024K, 10 young (10240K), 10 survivors (10240K)
 Metaspace       used 87171K, committed 87872K, reserved 1179648K
  class space    used 12087K, committed 12416K, reserved 1048576K
}
Event: 12.126 GC heap before
{Heap before GC invocations=39 (full 0):
 garbage-first heap   total 233472K, used 97812K [0x0000000080000000, 0x0000000100000000)
  region size 1024K, 11 young (11264K), 10 survivors (10240K)
 Metaspace       used 87171K, committed 87872K, reserved 1179648K
  class space    used 12087K, committed 12416K, reserved 1048576K
}
Event: 12.133 GC heap after
{Heap after GC invocations=40 (full 0):
 garbage-first heap   total 233472K, used 97541K [0x0000000080000000, 0x0000000100000000)
  region size 1024K, 2 young (2048K), 2 survivors (2048K)
 Metaspace       used 87171K, committed 87872K, reserved 1179648K
  class space    used 12087K, committed 12416K, reserved 1048576K
}
Event: 12.648 GC heap before
{Heap before GC invocations=40 (full 0):
 garbage-first heap   total 233472K, used 191749K [0x0000000080000000, 0x0000000100000000)
  region size 1024K, 87 young (89088K), 2 survivors (2048K)
 Metaspace       used 87343K, committed 88000K, reserved 1179648K
  class space    used 12099K, committed 12416K, reserved 1048576K
}
Event: 12.655 GC heap after
{Heap after GC invocations=41 (full 0):
 garbage-first heap   total 233472K, used 103918K [0x0000000080000000, 0x0000000100000000)
  region size 1024K, 9 young (9216K), 9 survivors (9216K)
 Metaspace       used 87343K, committed 88000K, reserved 1179648K
  class space    used 12099K, committed 12416K, reserved 1048576K
}
Event: 12.811 GC heap before
{Heap before GC invocations=41 (full 0):
 garbage-first heap   total 233472K, used 114158K [0x0000000080000000, 0x0000000100000000)
  region size 1024K, 21 young (21504K), 9 survivors (9216K)
 Metaspace       used 87574K, committed 88256K, reserved 1179648K
  class space    used 12125K, committed 12416K, reserved 1048576K
}
Event: 12.818 GC heap after
{Heap after GC invocations=42 (full 0):
 garbage-first heap   total 233472K, used 105176K [0x0000000080000000, 0x0000000100000000)
  region size 1024K, 2 young (2048K), 2 survivors (2048K)
 Metaspace       used 87574K, committed 88256K, reserved 1179648K
  class space    used 12125K, committed 12416K, reserved 1048576K
}
Event: 13.552 GC heap before
{Heap before GC invocations=43 (full 0):
 garbage-first heap   total 233472K, used 210648K [0x0000000080000000, 0x0000000100000000)
  region size 1024K, 82 young (83968K), 2 survivors (2048K)
 Metaspace       used 87981K, committed 88576K, reserved 1179648K
  class space    used 12136K, committed 12416K, reserved 1048576K
}
Event: 13.564 GC heap after
{Heap after GC invocations=44 (full 0):
 garbage-first heap   total 233472K, used 117780K [0x0000000080000000, 0x0000000100000000)
  region size 1024K, 11 young (11264K), 11 survivors (11264K)
 Metaspace       used 87981K, committed 88576K, reserved 1179648K
  class space    used 12136K, committed 12416K, reserved 1048576K
}
Event: 13.567 GC heap before
{Heap before GC invocations=44 (full 0):
 garbage-first heap   total 233472K, used 118804K [0x0000000080000000, 0x0000000100000000)
  region size 1024K, 12 young (12288K), 11 survivors (11264K)
 Metaspace       used 87981K, committed 88576K, reserved 1179648K
  class space    used 12136K, committed 12416K, reserved 1048576K
}

