# JRE version: OpenJDK Runtime Environment (17.0.7) (build 17.0.7+0-b2043.56-10550314)
# Java VM: OpenJDK 64-Bit Server VM (17.0.7+0-b2043.56-10550314, mixed mode, tiered, compressed oops, compressed class ptrs, g1 gc, windows-amd64)
GC Precious Log:
 CPUs: 8 total, 8 available
 Memory: 7969M
 Large Page Support: Disabled
 NUMA Support: Disabled
 Compressed Oops: Enabled (32-bit)
 Heap Region Size: 1M
 Heap Min Capacity: 8M
 Heap Initial Capacity: 126M
 Heap Max Capacity: 2G
 Pre-touch: Disabled
 Parallel Workers: 8
 Concurrent Workers: 2
 Concurrent Refinement Workers: 8
 Periodic GC: Disabled
Heap:
 garbage-first heap   total 221184K, used 192280K [0x0000000080000000, 0x0000000100000000)
  region size 1024K, 75 young (76800K), 2 survivors (2048K)
 Metaspace       used 87956K, committed 88576K, reserved 1179648K
  class space    used 12136K, committed 12416K, reserved 1048576K
GC Heap History (20 events):
Event: 8.464 GC heap before
{Heap before GC invocations=27 (full 0):
 garbage-first heap   total 153600K, used 112764K [0x0000000080000000, 0x0000000100000000)
  region size 1024K, 54 young (55296K), 7 survivors (7168K)
 Metaspace       used 72184K, committed 72768K, reserved 1114112K
  class space    used 9712K, committed 9984K, reserved 1048576K
}
Event: 8.469 GC heap after
{Heap after GC invocations=28 (full 0):
 garbage-first heap   total 153600K, used 65528K [0x0000000080000000, 0x0000000100000000)
  region size 1024K, 2 young (2048K), 2 survivors (2048K)
 Metaspace       used 72184K, committed 72768K, reserved 1114112K
  class space    used 9712K, committed 9984K, reserved 1048576K
}
Event: 9.023 GC heap before
{Heap before GC invocations=28 (full 0):
 garbage-first heap   total 153600K, used 115704K [0x0000000080000000, 0x0000000100000000)
  region size 1024K, 51 young (52224K), 2 survivors (2048K)
 Metaspace       used 76130K, committed 76800K, reserved 1179648K
  class space    used 10375K, committed 10688K, reserved 1048576K
}
Event: 9.026 GC heap after
{Heap after GC invocations=29 (full 0):
 garbage-first heap   total 153600K, used 67484K [0x0000000080000000, 0x0000000100000000)
  region size 1024K, 4 young (4096K), 4 survivors (4096K)
 Metaspace       used 76130K, committed 76800K, reserved 1179648K
  class space    used 10375K, committed 10688K, reserved 1048576K
}
Event: 9.636 GC heap before
{Heap before GC invocations=29 (full 0):
 garbage-first heap   total 153600K, used 119708K [0x0000000080000000, 0x0000000100000000)
  region size 1024K, 55 young (56320K), 4 survivors (4096K)
 Metaspace       used 80523K, committed 81088K, reserved 1179648K
  class space    used 11073K, committed 11328K, reserved 1048576K
}
Event: 9.642 GC heap after
{Heap after GC invocations=30 (full 0):
 garbage-first heap   total 153600K, used 70254K [0x0000000080000000, 0x0000000100000000)
  region size 1024K, 6 young (6144K), 6 survivors (6144K)
 Metaspace       used 80523K, committed 81088K, reserved 1179648K
  class space    used 11073K, committed 11328K, reserved 1048576K
}
Event: 10.118 GC heap before
{Heap before GC invocations=30 (full 0):
 garbage-first heap   total 153600K, used 120430K [0x0000000080000000, 0x0000000100000000)
  region size 1024K, 55 young (56320K), 6 survivors (6144K)
 Metaspace       used 84176K, committed 84800K, reserved 1179648K
  class space    used 11548K, committed 11840K, reserved 1048576K
}
Event: 10.125 GC heap after
{Heap after GC invocations=31 (full 0):
 garbage-first heap   total 153600K, used 74683K [0x0000000080000000, 0x0000000100000000)
  region size 1024K, 7 young (7168K), 7 survivors (7168K)
 Metaspace       used 84176K, committed 84800K, reserved 1179648K
  class space    used 11548K, committed 11840K, reserved 1048576K
}
Event: 10.535 GC heap before
{Heap before GC invocations=31 (full 0):
 garbage-first heap   total 153600K, used 121787K [0x0000000080000000, 0x0000000100000000)
  region size 1024K, 54 young (55296K), 7 survivors (7168K)
 Metaspace       used 85773K, committed 86464K, reserved 1179648K
  class space    used 11883K, committed 12224K, reserved 1048576K
}
Event: 10.546 GC heap after
{Heap after GC invocations=32 (full 0):
 garbage-first heap   total 184320K, used 81741K [0x0000000080000000, 0x0000000100000000)
  region size 1024K, 7 young (7168K), 7 survivors (7168K)
 Metaspace       used 85773K, committed 86464K, reserved 1179648K
  class space    used 11883K, committed 12224K, reserved 1048576K
}
Event: 11.078 GC heap before
{Heap before GC invocations=32 (full 0):
 garbage-first heap   total 184320K, used 143181K [0x0000000080000000, 0x0000000100000000)
  region size 1024K, 68 young (69632K), 7 survivors (7168K)
 Metaspace       used 87115K, committed 87808K, reserved 1179648K
  class space    used 12078K, committed 12416K, reserved 1048576K
}
Event: 11.086 GC heap after
{Heap after GC invocations=33 (full 0):
 garbage-first heap   total 184320K, used 89396K [0x0000000080000000, 0x0000000100000000)
  region size 1024K, 8 young (8192K), 8 survivors (8192K)
 Metaspace       used 87115K, committed 87808K, reserved 1179648K
  class space    used 12078K, committed 12416K, reserved 1048576K
}
Event: 11.463 GC heap before
{Heap before GC invocations=33 (full 0):
 garbage-first heap   total 184320K, used 143668K [0x0000000080000000, 0x0000000100000000)
  region size 1024K, 62 young (63488K), 8 survivors (8192K)
 Metaspace       used 87153K, committed 87808K, reserved 1179648K
  class space    used 12079K, committed 12416K, reserved 1048576K
}
Event: 11.469 GC heap after
{Heap after GC invocations=34 (full 0):
 garbage-first heap   total 184320K, used 95149K [0x0000000080000000, 0x0000000100000000)
  region size 1024K, 8 young (8192K), 8 survivors (8192K)
 Metaspace       used 87153K, committed 87808K, reserved 1179648K
  class space    used 12079K, committed 12416K, reserved 1048576K
}
Event: 12.010 GC heap before
{Heap before GC invocations=34 (full 0):
 garbage-first heap   total 184320K, used 146349K [0x0000000080000000, 0x0000000100000000)
  region size 1024K, 58 young (59392K), 8 survivors (8192K)
 Metaspace       used 87207K, committed 87872K, reserved 1179648K
  class space    used 12089K, committed 12416K, reserved 1048576K
}
Event: 12.014 GC heap after
{Heap after GC invocations=35 (full 0):
 garbage-first heap   total 184320K, used 96946K [0x0000000080000000, 0x0000000100000000)
  region size 1024K, 5 young (5120K), 5 survivors (5120K)
 Metaspace       used 87207K, committed 87872K, reserved 1179648K
  class space    used 12089K, committed 12416K, reserved 1048576K
}
Event: 12.416 GC heap before
{Heap before GC invocations=36 (full 0):
 garbage-first heap   total 184320K, used 150194K [0x0000000080000000, 0x0000000100000000)
  region size 1024K, 54 young (55296K), 5 survivors (5120K)
 Metaspace       used 87247K, committed 87872K, reserved 1179648K
  class space    used 12088K, committed 12416K, reserved 1048576K
}
Event: 12.422 GC heap after
{Heap after GC invocations=37 (full 0):
 garbage-first heap   total 184320K, used 101109K [0x0000000080000000, 0x0000000100000000)
  region size 1024K, 7 young (7168K), 7 survivors (7168K)
 Metaspace       used 87247K, committed 87872K, reserved 1179648K
  class space    used 12088K, committed 12416K, reserved 1048576K
}
Event: 12.438 GC heap before
{Heap before GC invocations=37 (full 0):
 garbage-first heap   total 184320K, used 103157K [0x0000000080000000, 0x0000000100000000)
  region size 1024K, 9 young (9216K), 7 survivors (7168K)
 Metaspace       used 87261K, committed 87936K, reserved 1179648K
  class space    used 12088K, committed 12416K, reserved 1048576K
}
Event: 12.443 GC heap after
{Heap after GC invocations=38 (full 0):
 garbage-first heap   total 221184K, used 101144K [0x0000000080000000, 0x0000000100000000)
  region size 1024K, 2 young (2048K), 2 survivors (2048K)
 Metaspace       used 87261K, committed 87936K, reserved 1179648K
  class space    used 12088K, committed 12416K, reserved 1048576K
}

