# JRE version: OpenJDK Runtime Environment (17.0.7) (build 17.0.7+0-b2043.56-10550314)
# Java VM: OpenJDK 64-Bit Server VM (17.0.7+0-b2043.56-10550314, mixed mode, tiered, compressed oops, compressed class ptrs, g1 gc, windows-amd64)
GC Precious Log:
 CPUs: 8 total, 8 available
 Memory: 7969M
 Large Page Support: Disabled
 NUMA Support: Disabled
 Compressed Oops: Enabled (32-bit)
 Heap Region Size: 1M
 Heap Min Capacity: 8M
 Heap Initial Capacity: 126M
 Heap Max Capacity: 2G
 Pre-touch: Disabled
 Parallel Workers: 8
 Concurrent Workers: 2
 Concurrent Refinement Workers: 8
 Periodic GC: Disabled
Heap:
 garbage-first heap   total 235520K, used 207910K [0x0000000080000000, 0x0000000100000000)
  region size 1024K, 4 young (4096K), 1 survivors (1024K)
 Metaspace       used 97704K, committed 98496K, reserved 1179648K
  class space    used 13305K, committed 13696K, reserved 1048576K
GC Heap History (20 events):
Event: 15.132 GC heap before
{Heap before GC invocations=37 (full 0):
 garbage-first heap   total 195584K, used 160327K [0x0000000080000000, 0x0000000100000000)
  region size 1024K, 61 young (62464K), 4 survivors (4096K)
 Metaspace       used 87251K, committed 87872K, reserved 1179648K
  class space    used 12072K, committed 12352K, reserved 1048576K
}
Event: 15.140 GC heap after
{Heap after GC invocations=38 (full 0):
 garbage-first heap   total 195584K, used 101900K [0x0000000080000000, 0x0000000100000000)
  region size 1024K, 8 young (8192K), 8 survivors (8192K)
 Metaspace       used 87251K, committed 87872K, reserved 1179648K
  class space    used 12072K, committed 12352K, reserved 1048576K
}
Event: 15.659 GC heap before
{Heap before GC invocations=38 (full 0):
 garbage-first heap   total 195584K, used 171532K [0x0000000080000000, 0x0000000100000000)
  region size 1024K, 61 young (62464K), 8 survivors (8192K)
 Metaspace       used 87721K, committed 88384K, reserved 1179648K
  class space    used 12104K, committed 12416K, reserved 1048576K
}
Event: 15.669 GC heap after
{Heap after GC invocations=39 (full 0):
 garbage-first heap   total 195584K, used 109411K [0x0000000080000000, 0x0000000100000000)
  region size 1024K, 7 young (7168K), 7 survivors (7168K)
 Metaspace       used 87721K, committed 88384K, reserved 1179648K
  class space    used 12104K, committed 12416K, reserved 1048576K
}
Event: 16.005 GC heap before
{Heap before GC invocations=39 (full 0):
 garbage-first heap   total 195584K, used 164707K [0x0000000080000000, 0x0000000100000000)
  region size 1024K, 54 young (55296K), 7 survivors (7168K)
 Metaspace       used 87960K, committed 88640K, reserved 1179648K
  class space    used 12118K, committed 12416K, reserved 1048576K
}
Event: 16.014 GC heap after
{Heap after GC invocations=40 (full 0):
 garbage-first heap   total 195584K, used 112803K [0x0000000080000000, 0x0000000100000000)
  region size 1024K, 7 young (7168K), 7 survivors (7168K)
 Metaspace       used 87960K, committed 88640K, reserved 1179648K
  class space    used 12118K, committed 12416K, reserved 1048576K
}
Event: 16.333 GC heap before
{Heap before GC invocations=40 (full 0):
 garbage-first heap   total 195584K, used 164003K [0x0000000080000000, 0x0000000100000000)
  region size 1024K, 50 young (51200K), 7 survivors (7168K)
 Metaspace       used 88131K, committed 88768K, reserved 1179648K
  class space    used 12138K, committed 12416K, reserved 1048576K
}
Event: 16.342 GC heap after
{Heap after GC invocations=41 (full 0):
 garbage-first heap   total 235520K, used 116628K [0x0000000080000000, 0x0000000100000000)
  region size 1024K, 6 young (6144K), 6 survivors (6144K)
 Metaspace       used 88131K, committed 88768K, reserved 1179648K
  class space    used 12138K, committed 12416K, reserved 1048576K
}
Event: 16.748 GC heap before
{Heap before GC invocations=41 (full 0):
 garbage-first heap   total 235520K, used 194452K [0x0000000080000000, 0x0000000100000000)
  region size 1024K, 75 young (76800K), 6 survivors (6144K)
 Metaspace       used 88213K, committed 88896K, reserved 1179648K
  class space    used 12142K, committed 12416K, reserved 1048576K
}
Event: 16.757 GC heap after
{Heap after GC invocations=42 (full 0):
 garbage-first heap   total 235520K, used 125528K [0x0000000080000000, 0x0000000100000000)
  region size 1024K, 10 young (10240K), 10 survivors (10240K)
 Metaspace       used 88213K, committed 88896K, reserved 1179648K
  class space    used 12142K, committed 12416K, reserved 1048576K
}
Event: 17.556 GC heap before
{Heap before GC invocations=42 (full 0):
 garbage-first heap   total 235520K, used 193112K [0x0000000080000000, 0x0000000100000000)
  region size 1024K, 72 young (73728K), 10 survivors (10240K)
 Metaspace       used 94820K, committed 95488K, reserved 1179648K
  class space    used 12951K, committed 13248K, reserved 1048576K
}
Event: 17.564 GC heap after
{Heap after GC invocations=43 (full 0):
 garbage-first heap   total 235520K, used 126810K [0x0000000080000000, 0x0000000100000000)
  region size 1024K, 6 young (6144K), 6 survivors (6144K)
 Metaspace       used 94820K, committed 95488K, reserved 1179648K
  class space    used 12951K, committed 13248K, reserved 1048576K
}
Event: 17.700 GC heap before
{Heap before GC invocations=43 (full 0):
 garbage-first heap   total 235520K, used 149338K [0x0000000080000000, 0x0000000100000000)
  region size 1024K, 14 young (14336K), 6 survivors (6144K)
 Metaspace       used 95631K, committed 96384K, reserved 1179648K
  class space    used 13073K, committed 13440K, reserved 1048576K
}
Event: 17.705 GC heap after
{Heap after GC invocations=44 (full 0):
 garbage-first heap   total 235520K, used 143361K [0x0000000080000000, 0x0000000100000000)
  region size 1024K, 2 young (2048K), 2 survivors (2048K)
 Metaspace       used 95631K, committed 96384K, reserved 1179648K
  class space    used 13073K, committed 13440K, reserved 1048576K
}
Event: 29.318 GC heap before
{Heap before GC invocations=44 (full 0):
 garbage-first heap   total 235520K, used 227329K [0x0000000080000000, 0x0000000100000000)
  region size 1024K, 33 young (33792K), 2 survivors (2048K)
 Metaspace       used 97078K, committed 97792K, reserved 1179648K
  class space    used 13281K, committed 13632K, reserved 1048576K
}
Event: 29.322 GC heap after
{Heap after GC invocations=45 (full 0):
 garbage-first heap   total 235520K, used 130003K [0x0000000080000000, 0x0000000100000000)
  region size 1024K, 4 young (4096K), 4 survivors (4096K)
 Metaspace       used 97078K, committed 97792K, reserved 1179648K
  class space    used 13281K, committed 13632K, reserved 1048576K
}
Event: 30.153 GC heap before
{Heap before GC invocations=45 (full 0):
 garbage-first heap   total 235520K, used 192467K [0x0000000080000000, 0x0000000100000000)
  region size 1024K, 66 young (67584K), 4 survivors (4096K)
 Metaspace       used 97714K, committed 98496K, reserved 1179648K
  class space    used 13309K, committed 13696K, reserved 1048576K
}
Event: 30.163 GC heap after
{Heap after GC invocations=46 (full 0):
 garbage-first heap   total 235520K, used 136333K [0x0000000080000000, 0x0000000100000000)
  region size 1024K, 9 young (9216K), 9 survivors (9216K)
 Metaspace       used 97714K, committed 98496K, reserved 1179648K
  class space    used 13309K, committed 13696K, reserved 1048576K
}
Event: 30.171 GC heap before
{Heap before GC invocations=46 (full 0):
 garbage-first heap   total 235520K, used 147597K [0x0000000080000000, 0x0000000100000000)
  region size 1024K, 10 young (10240K), 9 survivors (9216K)
 Metaspace       used 97714K, committed 98496K, reserved 1179648K
  class space    used 13309K, committed 13696K, reserved 1048576K
}
Event: 30.177 GC heap after
{Heap after GC invocations=47 (full 0):
 garbage-first heap   total 235520K, used 148518K [0x0000000080000000, 0x0000000100000000)
  region size 1024K, 1 young (1024K), 1 survivors (1024K)
 Metaspace       used 97714K, committed 98496K, reserved 1179648K
  class space    used 13309K, committed 13696K, reserved 1048576K
}

