# JRE version: OpenJDK Runtime Environment (17.0.7) (build 17.0.7+0-b2043.56-10550314)
# Java VM: OpenJDK 64-Bit Server VM (17.0.7+0-b2043.56-10550314, mixed mode, tiered, compressed oops, compressed class ptrs, g1 gc, windows-amd64)
GC Precious Log:
 CPUs: 8 total, 8 available
 Memory: 7969M
 Large Page Support: Disabled
 NUMA Support: Disabled
 Compressed Oops: Enabled (32-bit)
 Heap Region Size: 1M
 Heap Min Capacity: 8M
 Heap Initial Capacity: 126M
 Heap Max Capacity: 2G
 Pre-touch: Disabled
 Parallel Workers: 8
 Concurrent Workers: 2
 Concurrent Refinement Workers: 8
 Periodic GC: Disabled
Heap:
 garbage-first heap   total 292864K, used 224319K [0x0000000080000000, 0x0000000100000000)
  region size 1024K, 2 young (2048K), 2 survivors (2048K)
 Metaspace       used 128509K, committed 129280K, reserved 1179648K
  class space    used 17769K, committed 18112K, reserved 1048576K
GC Heap History (20 events):
Event: 27.252 GC heap after
{Heap after GC invocations=68 (full 0):
 garbage-first heap   total 243712K, used 184394K [0x0000000080000000, 0x0000000100000000)
  region size 1024K, 3 young (3072K), 3 survivors (3072K)
 Metaspace       used 122315K, committed 123008K, reserved 1179648K
  class space    used 16838K, committed 17152K, reserved 1048576K
}
Event: 27.481 GC heap before
{Heap before GC invocations=68 (full 0):
 garbage-first heap   total 243712K, used 209994K [0x0000000080000000, 0x0000000100000000)
  region size 1024K, 28 young (28672K), 3 survivors (3072K)
 Metaspace       used 123388K, committed 124160K, reserved 1179648K
  class space    used 16987K, committed 17344K, reserved 1048576K
}
Event: 27.487 GC heap after
{Heap after GC invocations=69 (full 0):
 garbage-first heap   total 243712K, used 184344K [0x0000000080000000, 0x0000000100000000)
  region size 1024K, 2 young (2048K), 2 survivors (2048K)
 Metaspace       used 123388K, committed 124160K, reserved 1179648K
  class space    used 16987K, committed 17344K, reserved 1048576K
}
Event: 27.707 GC heap before
{Heap before GC invocations=69 (full 0):
 garbage-first heap   total 243712K, used 209944K [0x0000000080000000, 0x0000000100000000)
  region size 1024K, 28 young (28672K), 2 survivors (2048K)
 Metaspace       used 124475K, committed 125248K, reserved 1179648K
  class space    used 17148K, committed 17472K, reserved 1048576K
}
Event: 27.709 GC heap after
{Heap after GC invocations=70 (full 0):
 garbage-first heap   total 243712K, used 183580K [0x0000000080000000, 0x0000000100000000)
  region size 1024K, 2 young (2048K), 2 survivors (2048K)
 Metaspace       used 124475K, committed 125248K, reserved 1179648K
  class space    used 17148K, committed 17472K, reserved 1048576K
}
Event: 28.105 GC heap before
{Heap before GC invocations=70 (full 0):
 garbage-first heap   total 243712K, used 212252K [0x0000000080000000, 0x0000000100000000)
  region size 1024K, 29 young (29696K), 2 survivors (2048K)
 Metaspace       used 125045K, committed 125760K, reserved 1179648K
  class space    used 17194K, committed 17536K, reserved 1048576K
}
Event: 28.109 GC heap after
{Heap after GC invocations=71 (full 0):
 garbage-first heap   total 243712K, used 184995K [0x0000000080000000, 0x0000000100000000)
  region size 1024K, 3 young (3072K), 3 survivors (3072K)
 Metaspace       used 125045K, committed 125760K, reserved 1179648K
  class space    used 17194K, committed 17536K, reserved 1048576K
}
Event: 28.349 GC heap before
{Heap before GC invocations=71 (full 0):
 garbage-first heap   total 243712K, used 210595K [0x0000000080000000, 0x0000000100000000)
  region size 1024K, 29 young (29696K), 3 survivors (3072K)
 Metaspace       used 126184K, committed 126976K, reserved 1179648K
  class space    used 17457K, committed 17792K, reserved 1048576K
}
Event: 28.358 GC heap after
{Heap after GC invocations=72 (full 0):
 garbage-first heap   total 243712K, used 192048K [0x0000000080000000, 0x0000000100000000)
  region size 1024K, 4 young (4096K), 4 survivors (4096K)
 Metaspace       used 126184K, committed 126976K, reserved 1179648K
  class space    used 17457K, committed 17792K, reserved 1048576K
}
Event: 28.495 GC heap before
{Heap before GC invocations=72 (full 0):
 garbage-first heap   total 243712K, used 209456K [0x0000000080000000, 0x0000000100000000)
  region size 1024K, 22 young (22528K), 4 survivors (4096K)
 Metaspace       used 126615K, committed 127360K, reserved 1179648K
  class space    used 17538K, committed 17856K, reserved 1048576K
}
Event: 28.503 GC heap after
{Heap after GC invocations=73 (full 0):
 garbage-first heap   total 292864K, used 196668K [0x0000000080000000, 0x0000000100000000)
  region size 1024K, 3 young (3072K), 3 survivors (3072K)
 Metaspace       used 126615K, committed 127360K, reserved 1179648K
  class space    used 17538K, committed 17856K, reserved 1048576K
}
Event: 29.267 GC heap before
{Heap before GC invocations=73 (full 0):
 garbage-first heap   total 292864K, used 268348K [0x0000000080000000, 0x0000000100000000)
  region size 1024K, 41 young (41984K), 3 survivors (3072K)
 Metaspace       used 128508K, committed 129280K, reserved 1179648K
  class space    used 17769K, committed 18112K, reserved 1048576K
}
Event: 29.273 GC heap after
{Heap after GC invocations=74 (full 0):
 garbage-first heap   total 292864K, used 224384K [0x0000000080000000, 0x0000000100000000)
  region size 1024K, 5 young (5120K), 5 survivors (5120K)
 Metaspace       used 128508K, committed 129280K, reserved 1179648K
  class space    used 17769K, committed 18112K, reserved 1048576K
}
Event: 29.291 GC heap before
{Heap before GC invocations=74 (full 0):
 garbage-first heap   total 292864K, used 244864K [0x0000000080000000, 0x0000000100000000)
  region size 1024K, 6 young (6144K), 5 survivors (5120K)
 Metaspace       used 128508K, committed 129280K, reserved 1179648K
  class space    used 17769K, committed 18112K, reserved 1048576K
}
Event: 29.296 GC heap after
{Heap after GC invocations=75 (full 0):
 garbage-first heap   total 292864K, used 224704K [0x0000000080000000, 0x0000000100000000)
  region size 1024K, 2 young (2048K), 2 survivors (2048K)
 Metaspace       used 128508K, committed 129280K, reserved 1179648K
  class space    used 17769K, committed 18112K, reserved 1048576K
}
Event: 29.306 GC heap before
{Heap before GC invocations=75 (full 0):
 garbage-first heap   total 292864K, used 239040K [0x0000000080000000, 0x0000000100000000)
  region size 1024K, 3 young (3072K), 2 survivors (2048K)
 Metaspace       used 128509K, committed 129280K, reserved 1179648K
  class space    used 17769K, committed 18112K, reserved 1048576K
}
Event: 29.310 GC heap after
{Heap after GC invocations=76 (full 0):
 garbage-first heap   total 292864K, used 224337K [0x0000000080000000, 0x0000000100000000)
  region size 1024K, 2 young (2048K), 2 survivors (2048K)
 Metaspace       used 128509K, committed 129280K, reserved 1179648K
  class space    used 17769K, committed 18112K, reserved 1048576K
}
Event: 29.338 GC heap before
{Heap before GC invocations=76 (full 0):
 garbage-first heap   total 292864K, used 236625K [0x0000000080000000, 0x0000000100000000)
  region size 1024K, 3 young (3072K), 2 survivors (2048K)
 Metaspace       used 128509K, committed 129280K, reserved 1179648K
  class space    used 17769K, committed 18112K, reserved 1048576K
}
Event: 29.341 GC heap after
{Heap after GC invocations=77 (full 0):
 garbage-first heap   total 292864K, used 222276K [0x0000000080000000, 0x0000000100000000)
  region size 1024K, 2 young (2048K), 2 survivors (2048K)
 Metaspace       used 128509K, committed 129280K, reserved 1179648K
  class space    used 17769K, committed 18112K, reserved 1048576K
}
Event: 29.409 GC heap before
{Heap before GC invocations=77 (full 0):
 garbage-first heap   total 292864K, used 236612K [0x0000000080000000, 0x0000000100000000)
  region size 1024K, 3 young (3072K), 2 survivors (2048K)
 Metaspace       used 128509K, committed 129280K, reserved 1179648K
  class space    used 17769K, committed 18112K, reserved 1048576K
}

