# JRE version: OpenJDK Runtime Environment (17.0.7) (build 17.0.7+0-b2043.56-10550314)
# Java VM: OpenJDK 64-Bit Server VM (17.0.7+0-b2043.56-10550314, mixed mode, tiered, compressed oops, compressed class ptrs, g1 gc, windows-amd64)
GC Precious Log:
 CPUs: 8 total, 8 available
 Memory: 7969M
 Large Page Support: Disabled
 NUMA Support: Disabled
 Compressed Oops: Enabled (32-bit)
 Heap Region Size: 1M
 Heap Min Capacity: 8M
 Heap Initial Capacity: 126M
 Heap Max Capacity: 2G
 Pre-touch: Disabled
 Parallel Workers: 8
 Concurrent Workers: 2
 Concurrent Refinement Workers: 8
 Periodic GC: Disabled
Heap:
 garbage-first heap   total 175104K, used 93084K [0x0000000080000000, 0x0000000100000000)
  region size 1024K, 33 young (33792K), 4 survivors (4096K)
 Metaspace       used 73809K, committed 74368K, reserved 1114112K
  class space    used 10056K, committed 10304K, reserved 1048576K
GC Heap History (20 events):
Event: 5.953 GC heap before
{Heap before GC invocations=21 (full 0):
 garbage-first heap   total 97280K, used 70782K [0x0000000080000000, 0x0000000100000000)
  region size 1024K, 20 young (20480K), 2 survivors (2048K)
 Metaspace       used 59023K, committed 59520K, reserved 1114112K
  class space    used 7851K, committed 8064K, reserved 1048576K
}
Event: 5.956 GC heap after
{Heap after GC invocations=22 (full 0):
 garbage-first heap   total 97280K, used 52643K [0x0000000080000000, 0x0000000100000000)
  region size 1024K, 2 young (2048K), 2 survivors (2048K)
 Metaspace       used 59023K, committed 59520K, reserved 1114112K
  class space    used 7851K, committed 8064K, reserved 1048576K
}
Event: 5.988 GC heap before
{Heap before GC invocations=22 (full 0):
 garbage-first heap   total 97280K, used 54691K [0x0000000080000000, 0x0000000100000000)
  region size 1024K, 4 young (4096K), 2 survivors (2048K)
 Metaspace       used 59280K, committed 59776K, reserved 1114112K
  class space    used 7879K, committed 8128K, reserved 1048576K
}
Event: 5.991 GC heap after
{Heap after GC invocations=23 (full 0):
 garbage-first heap   total 116736K, used 52665K [0x0000000080000000, 0x0000000100000000)
  region size 1024K, 1 young (1024K), 1 survivors (1024K)
 Metaspace       used 59280K, committed 59776K, reserved 1114112K
  class space    used 7879K, committed 8128K, reserved 1048576K
}
Event: 6.548 GC heap before
{Heap before GC invocations=23 (full 0):
 garbage-first heap   total 116736K, used 83385K [0x0000000080000000, 0x0000000100000000)
  region size 1024K, 32 young (32768K), 1 survivors (1024K)
 Metaspace       used 64015K, committed 64576K, reserved 1114112K
  class space    used 8520K, committed 8768K, reserved 1048576K
}
Event: 6.552 GC heap after
{Heap after GC invocations=24 (full 0):
 garbage-first heap   total 116736K, used 55070K [0x0000000080000000, 0x0000000100000000)
  region size 1024K, 3 young (3072K), 3 survivors (3072K)
 Metaspace       used 64015K, committed 64576K, reserved 1114112K
  class space    used 8520K, committed 8768K, reserved 1048576K
}
Event: 6.560 GC heap before
{Heap before GC invocations=24 (full 0):
 garbage-first heap   total 116736K, used 59166K [0x0000000080000000, 0x0000000100000000)
  region size 1024K, 7 young (7168K), 3 survivors (3072K)
 Metaspace       used 64015K, committed 64576K, reserved 1114112K
  class space    used 8520K, committed 8768K, reserved 1048576K
}
Event: 6.564 GC heap after
{Heap after GC invocations=25 (full 0):
 garbage-first heap   total 116736K, used 57798K [0x0000000080000000, 0x0000000100000000)
  region size 1024K, 5 young (5120K), 5 survivors (5120K)
 Metaspace       used 64015K, committed 64576K, reserved 1114112K
  class space    used 8520K, committed 8768K, reserved 1048576K
}
Event: 6.859 GC heap before
{Heap before GC invocations=26 (full 0):
 garbage-first heap   total 116736K, used 86470K [0x0000000080000000, 0x0000000100000000)
  region size 1024K, 29 young (29696K), 5 survivors (5120K)
 Metaspace       used 65372K, committed 65856K, reserved 1114112K
  class space    used 8703K, committed 8896K, reserved 1048576K
}
Event: 6.863 GC heap after
{Heap after GC invocations=27 (full 0):
 garbage-first heap   total 116736K, used 58019K [0x0000000080000000, 0x0000000100000000)
  region size 1024K, 2 young (2048K), 2 survivors (2048K)
 Metaspace       used 65372K, committed 65856K, reserved 1114112K
  class space    used 8703K, committed 8896K, reserved 1048576K
}
Event: 6.900 GC heap before
{Heap before GC invocations=27 (full 0):
 garbage-first heap   total 116736K, used 61091K [0x0000000080000000, 0x0000000100000000)
  region size 1024K, 5 young (5120K), 2 survivors (2048K)
 Metaspace       used 65598K, committed 66176K, reserved 1114112K
  class space    used 8736K, committed 8960K, reserved 1048576K
}
Event: 6.903 GC heap after
{Heap after GC invocations=28 (full 0):
 garbage-first heap   total 116736K, used 57790K [0x0000000080000000, 0x0000000100000000)
  region size 1024K, 1 young (1024K), 1 survivors (1024K)
 Metaspace       used 65598K, committed 66176K, reserved 1114112K
  class space    used 8736K, committed 8960K, reserved 1048576K
}
Event: 7.193 GC heap before
{Heap before GC invocations=28 (full 0):
 garbage-first heap   total 116736K, used 84414K [0x0000000080000000, 0x0000000100000000)
  region size 1024K, 27 young (27648K), 1 survivors (1024K)
 Metaspace       used 67638K, committed 68160K, reserved 1114112K
  class space    used 9001K, committed 9216K, reserved 1048576K
}
Event: 7.195 GC heap after
{Heap after GC invocations=29 (full 0):
 garbage-first heap   total 116736K, used 58910K [0x0000000080000000, 0x0000000100000000)
  region size 1024K, 2 young (2048K), 2 survivors (2048K)
 Metaspace       used 67638K, committed 68160K, reserved 1114112K
  class space    used 9001K, committed 9216K, reserved 1048576K
}
Event: 7.505 GC heap before
{Heap before GC invocations=30 (full 0):
 garbage-first heap   total 116736K, used 87582K [0x0000000080000000, 0x0000000100000000)
  region size 1024K, 30 young (30720K), 2 survivors (2048K)
 Metaspace       used 68361K, committed 68928K, reserved 1114112K
  class space    used 9112K, committed 9344K, reserved 1048576K
}
Event: 7.510 GC heap after
{Heap after GC invocations=31 (full 0):
 garbage-first heap   total 116736K, used 61566K [0x0000000080000000, 0x0000000100000000)
  region size 1024K, 4 young (4096K), 4 survivors (4096K)
 Metaspace       used 68361K, committed 68928K, reserved 1114112K
  class space    used 9112K, committed 9344K, reserved 1048576K
}
Event: 7.520 GC heap before
{Heap before GC invocations=31 (full 0):
 garbage-first heap   total 116736K, used 62590K [0x0000000080000000, 0x0000000100000000)
  region size 1024K, 5 young (5120K), 4 survivors (4096K)
 Metaspace       used 68380K, committed 68928K, reserved 1114112K
  class space    used 9113K, committed 9344K, reserved 1048576K
}
Event: 7.524 GC heap after
{Heap after GC invocations=32 (full 0):
 garbage-first heap   total 175104K, used 61734K [0x0000000080000000, 0x0000000100000000)
  region size 1024K, 1 young (1024K), 1 survivors (1024K)
 Metaspace       used 68380K, committed 68928K, reserved 1114112K
  class space    used 9113K, committed 9344K, reserved 1048576K
}
Event: 8.096 GC heap before
{Heap before GC invocations=32 (full 0):
 garbage-first heap   total 175104K, used 126246K [0x0000000080000000, 0x0000000100000000)
  region size 1024K, 63 young (64512K), 1 survivors (1024K)
 Metaspace       used 71364K, committed 71872K, reserved 1114112K
  class space    used 9533K, committed 9728K, reserved 1048576K
}
Event: 8.099 GC heap after
{Heap after GC invocations=33 (full 0):
 garbage-first heap   total 175104K, used 64412K [0x0000000080000000, 0x0000000100000000)
  region size 1024K, 4 young (4096K), 4 survivors (4096K)
 Metaspace       used 71364K, committed 71872K, reserved 1114112K
  class space    used 9533K, committed 9728K, reserved 1048576K
}

