# JRE version: OpenJDK Runtime Environment (17.0.7) (build 17.0.7+0-b2043.56-10550314)
# Java VM: OpenJDK 64-Bit Server VM (17.0.7+0-b2043.56-10550314, mixed mode, tiered, compressed oops, compressed class ptrs, g1 gc, windows-amd64)
GC Precious Log:
 CPUs: 8 total, 8 available
 Memory: 7969M
 Large Page Support: Disabled
 NUMA Support: Disabled
 Compressed Oops: Enabled (32-bit)
 Heap Region Size: 1M
 Heap Min Capacity: 8M
 Heap Initial Capacity: 126M
 Heap Max Capacity: 2G
 Pre-touch: Disabled
 Parallel Workers: 8
 Concurrent Workers: 2
 Concurrent Refinement Workers: 8
 Periodic GC: Disabled
Heap:
 garbage-first heap   total 380928K, used 170314K [0x0000000080000000, 0x0000000100000000)
  region size 1024K, 10 young (10240K), 10 survivors (10240K)
 Metaspace       used 130741K, committed 131584K, reserved 1179648K
  class space    used 18073K, committed 18496K, reserved 1048576K
GC Heap History (20 events):
Event: 16.349 GC heap after
{Heap after GC invocations=43 (full 0):
 garbage-first heap   total 380928K, used 119527K [0x0000000080000000, 0x0000000100000000)
  region size 1024K, 16 young (16384K), 16 survivors (16384K)
 Metaspace       used 96195K, committed 96896K, reserved 1179648K
  class space    used 13136K, committed 13504K, reserved 1048576K
}
Event: 21.909 GC heap before
{Heap before GC invocations=43 (full 0):
 garbage-first heap   total 380928K, used 302823K [0x0000000080000000, 0x0000000100000000)
  region size 1024K, 188 young (192512K), 16 survivors (16384K)
 Metaspace       used 105133K, committed 105856K, reserved 1179648K
  class space    used 14293K, committed 14656K, reserved 1048576K
}
Event: 21.926 GC heap after
{Heap after GC invocations=44 (full 0):
 garbage-first heap   total 380928K, used 134275K [0x0000000080000000, 0x0000000100000000)
  region size 1024K, 17 young (17408K), 17 survivors (17408K)
 Metaspace       used 105133K, committed 105856K, reserved 1179648K
  class space    used 14293K, committed 14656K, reserved 1048576K
}
Event: 24.227 GC heap before
{Heap before GC invocations=44 (full 0):
 garbage-first heap   total 380928K, used 299139K [0x0000000080000000, 0x0000000100000000)
  region size 1024K, 177 young (181248K), 17 survivors (17408K)
 Metaspace       used 118341K, committed 119104K, reserved 1179648K
  class space    used 16166K, committed 16512K, reserved 1048576K
}
Event: 24.241 GC heap after
{Heap after GC invocations=45 (full 0):
 garbage-first heap   total 380928K, used 140193K [0x0000000080000000, 0x0000000100000000)
  region size 1024K, 7 young (7168K), 7 survivors (7168K)
 Metaspace       used 118341K, committed 119104K, reserved 1179648K
  class space    used 16166K, committed 16512K, reserved 1048576K
}
Event: 25.436 GC heap before
{Heap before GC invocations=45 (full 0):
 garbage-first heap   total 380928K, used 282529K [0x0000000080000000, 0x0000000100000000)
  region size 1024K, 98 young (100352K), 7 survivors (7168K)
 Metaspace       used 128220K, committed 129088K, reserved 1179648K
  class space    used 17900K, committed 18304K, reserved 1048576K
}
Event: 25.442 GC heap after
{Heap after GC invocations=46 (full 0):
 garbage-first heap   total 380928K, used 163840K [0x0000000080000000, 0x0000000100000000)
  region size 1024K, 6 young (6144K), 6 survivors (6144K)
 Metaspace       used 128220K, committed 129088K, reserved 1179648K
  class space    used 17900K, committed 18304K, reserved 1048576K
}
Event: 25.478 GC heap before
{Heap before GC invocations=46 (full 0):
 garbage-first heap   total 380928K, used 206848K [0x0000000080000000, 0x0000000100000000)
  region size 1024K, 7 young (7168K), 6 survivors (6144K)
 Metaspace       used 128220K, committed 129088K, reserved 1179648K
  class space    used 17900K, committed 18304K, reserved 1048576K
}
Event: 25.485 GC heap after
{Heap after GC invocations=47 (full 0):
 garbage-first heap   total 380928K, used 163840K [0x0000000080000000, 0x0000000100000000)
  region size 1024K, 6 young (6144K), 6 survivors (6144K)
 Metaspace       used 128220K, committed 129088K, reserved 1179648K
  class space    used 17900K, committed 18304K, reserved 1048576K
}
Event: 25.511 GC heap before
{Heap before GC invocations=47 (full 0):
 garbage-first heap   total 380928K, used 200704K [0x0000000080000000, 0x0000000100000000)
  region size 1024K, 7 young (7168K), 6 survivors (6144K)
 Metaspace       used 128220K, committed 129088K, reserved 1179648K
  class space    used 17900K, committed 18304K, reserved 1048576K
}
Event: 25.516 GC heap after
{Heap after GC invocations=48 (full 0):
 garbage-first heap   total 380928K, used 163840K [0x0000000080000000, 0x0000000100000000)
  region size 1024K, 6 young (6144K), 6 survivors (6144K)
 Metaspace       used 128220K, committed 129088K, reserved 1179648K
  class space    used 17900K, committed 18304K, reserved 1048576K
}
Event: 108.653 GC heap before
{Heap before GC invocations=48 (full 0):
 garbage-first heap   total 380928K, used 352256K [0x0000000080000000, 0x0000000100000000)
  region size 1024K, 162 young (165888K), 6 survivors (6144K)
 Metaspace       used 130113K, committed 130880K, reserved 1179648K
  class space    used 18060K, committed 18432K, reserved 1048576K
}
Event: 108.663 GC heap after
{Heap after GC invocations=49 (full 0):
 garbage-first heap   total 380928K, used 148790K [0x0000000080000000, 0x0000000100000000)
  region size 1024K, 16 young (16384K), 16 survivors (16384K)
 Metaspace       used 130113K, committed 130880K, reserved 1179648K
  class space    used 18060K, committed 18432K, reserved 1048576K
}
Event: 109.042 GC heap before
{Heap before GC invocations=49 (full 0):
 garbage-first heap   total 380928K, used 223542K [0x0000000080000000, 0x0000000100000000)
  region size 1024K, 53 young (54272K), 16 survivors (16384K)
 Metaspace       used 130740K, committed 131584K, reserved 1179648K
  class space    used 18073K, committed 18496K, reserved 1048576K
}
Event: 109.051 GC heap after
{Heap after GC invocations=50 (full 0):
 garbage-first heap   total 380928K, used 171186K [0x0000000080000000, 0x0000000100000000)
  region size 1024K, 11 young (11264K), 11 survivors (11264K)
 Metaspace       used 130740K, committed 131584K, reserved 1179648K
  class space    used 18073K, committed 18496K, reserved 1048576K
}
Event: 109.062 GC heap before
{Heap before GC invocations=50 (full 0):
 garbage-first heap   total 380928K, used 203954K [0x0000000080000000, 0x0000000100000000)
  region size 1024K, 12 young (12288K), 11 survivors (11264K)
 Metaspace       used 130740K, committed 131584K, reserved 1179648K
  class space    used 18073K, committed 18496K, reserved 1048576K
}
Event: 109.068 GC heap after
{Heap after GC invocations=51 (full 0):
 garbage-first heap   total 380928K, used 168791K [0x0000000080000000, 0x0000000100000000)
  region size 1024K, 10 young (10240K), 10 survivors (10240K)
 Metaspace       used 130740K, committed 131584K, reserved 1179648K
  class space    used 18073K, committed 18496K, reserved 1048576K
}
Event: 109.077 GC heap before
{Heap before GC invocations=51 (full 0):
 garbage-first heap   total 380928K, used 197463K [0x0000000080000000, 0x0000000100000000)
  region size 1024K, 11 young (11264K), 10 survivors (10240K)
 Metaspace       used 130741K, committed 131584K, reserved 1179648K
  class space    used 18073K, committed 18496K, reserved 1048576K
}
Event: 109.083 GC heap after
{Heap after GC invocations=52 (full 0):
 garbage-first heap   total 380928K, used 170551K [0x0000000080000000, 0x0000000100000000)
  region size 1024K, 10 young (10240K), 10 survivors (10240K)
 Metaspace       used 130741K, committed 131584K, reserved 1179648K
  class space    used 18073K, committed 18496K, reserved 1048576K
}
Event: 109.086 GC heap before
{Heap before GC invocations=52 (full 0):
 garbage-first heap   total 380928K, used 178743K [0x0000000080000000, 0x0000000100000000)
  region size 1024K, 11 young (11264K), 10 survivors (10240K)
 Metaspace       used 130741K, committed 131584K, reserved 1179648K
  class space    used 18073K, committed 18496K, reserved 1048576K
}

