# JRE version: OpenJDK Runtime Environment (17.0.7) (build 17.0.7+0-b2043.56-10550314)
# Java VM: OpenJDK 64-Bit Server VM (17.0.7+0-b2043.56-10550314, mixed mode, tiered, compressed oops, compressed class ptrs, g1 gc, windows-amd64)
GC Precious Log:
 CPUs: 8 total, 8 available
 Memory: 7969M
 Large Page Support: Disabled
 NUMA Support: Disabled
 Compressed Oops: Enabled (32-bit)
 Heap Region Size: 1M
 Heap Min Capacity: 8M
 Heap Initial Capacity: 126M
 Heap Max Capacity: 2G
 Pre-touch: Disabled
 Parallel Workers: 8
 Concurrent Workers: 2
 Concurrent Refinement Workers: 8
 Periodic GC: Disabled
Heap:
 garbage-first heap   total 370688K, used 221793K [0x0000000080000000, 0x0000000100000000)
  region size 1024K, 21 young (21504K), 7 survivors (7168K)
 Metaspace       used 105077K, committed 105792K, reserved 1179648K
  class space    used 14268K, committed 14592K, reserved 1048576K
GC Heap History (20 events):
Event: 12.600 GC heap before
{Heap before GC invocations=37 (full 0):
 garbage-first heap   total 188416K, used 150760K [0x0000000080000000, 0x0000000100000000)
  region size 1024K, 58 young (59392K), 4 survivors (4096K)
 Metaspace       used 87168K, committed 87808K, reserved 1179648K
  class space    used 12073K, committed 12352K, reserved 1048576K
}
Event: 12.604 GC heap after
{Heap after GC invocations=38 (full 0):
 garbage-first heap   total 188416K, used 97111K [0x0000000080000000, 0x0000000100000000)
  region size 1024K, 6 young (6144K), 6 survivors (6144K)
 Metaspace       used 87168K, committed 87808K, reserved 1179648K
  class space    used 12073K, committed 12352K, reserved 1048576K
}
Event: 12.948 GC heap before
{Heap before GC invocations=38 (full 0):
 garbage-first heap   total 188416K, used 162647K [0x0000000080000000, 0x0000000100000000)
  region size 1024K, 59 young (60416K), 6 survivors (6144K)
 Metaspace       used 87561K, committed 88192K, reserved 1179648K
  class space    used 12111K, committed 12416K, reserved 1048576K
}
Event: 12.955 GC heap after
{Heap after GC invocations=39 (full 0):
 garbage-first heap   total 188416K, used 106459K [0x0000000080000000, 0x0000000100000000)
  region size 1024K, 8 young (8192K), 8 survivors (8192K)
 Metaspace       used 87561K, committed 88192K, reserved 1179648K
  class space    used 12111K, committed 12416K, reserved 1048576K
}
Event: 13.251 GC heap before
{Heap before GC invocations=39 (full 0):
 garbage-first heap   total 188416K, used 162779K [0x0000000080000000, 0x0000000100000000)
  region size 1024K, 52 young (53248K), 8 survivors (8192K)
 Metaspace       used 87834K, committed 88512K, reserved 1179648K
  class space    used 12113K, committed 12416K, reserved 1048576K
}
Event: 13.273 GC heap after
{Heap after GC invocations=40 (full 0):
 garbage-first heap   total 300032K, used 107641K [0x0000000080000000, 0x0000000100000000)
  region size 1024K, 6 young (6144K), 6 survivors (6144K)
 Metaspace       used 87834K, committed 88512K, reserved 1179648K
  class space    used 12113K, committed 12416K, reserved 1048576K
}
Event: 13.964 GC heap before
{Heap before GC invocations=40 (full 0):
 garbage-first heap   total 300032K, used 244857K [0x0000000080000000, 0x0000000100000000)
  region size 1024K, 125 young (128000K), 6 survivors (6144K)
 Metaspace       used 88206K, committed 88896K, reserved 1179648K
  class space    used 12147K, committed 12480K, reserved 1048576K
}
Event: 13.976 GC heap after
{Heap after GC invocations=41 (full 0):
 garbage-first heap   total 300032K, used 117163K [0x0000000080000000, 0x0000000100000000)
  region size 1024K, 16 young (16384K), 16 survivors (16384K)
 Metaspace       used 88206K, committed 88896K, reserved 1179648K
  class space    used 12147K, committed 12480K, reserved 1048576K
}
Event: 15.478 GC heap before
{Heap before GC invocations=41 (full 0):
 garbage-first heap   total 300032K, used 224683K [0x0000000080000000, 0x0000000100000000)
  region size 1024K, 112 young (114688K), 16 survivors (16384K)
 Metaspace       used 95862K, committed 96576K, reserved 1179648K
  class space    used 13107K, committed 13440K, reserved 1048576K
}
Event: 15.489 GC heap after
{Heap after GC invocations=42 (full 0):
 garbage-first heap   total 300032K, used 125088K [0x0000000080000000, 0x0000000100000000)
  region size 1024K, 10 young (10240K), 10 survivors (10240K)
 Metaspace       used 95862K, committed 96576K, reserved 1179648K
  class space    used 13107K, committed 13440K, reserved 1048576K
}
Event: 15.583 GC heap before
{Heap before GC invocations=42 (full 0):
 garbage-first heap   total 300032K, used 178336K [0x0000000080000000, 0x0000000100000000)
  region size 1024K, 11 young (11264K), 10 survivors (10240K)
 Metaspace       used 95878K, committed 96576K, reserved 1179648K
  class space    used 13109K, committed 13440K, reserved 1048576K
}
Event: 15.588 GC heap after
{Heap after GC invocations=43 (full 0):
 garbage-first heap   total 300032K, used 179896K [0x0000000080000000, 0x0000000100000000)
  region size 1024K, 2 young (2048K), 2 survivors (2048K)
 Metaspace       used 95878K, committed 96576K, reserved 1179648K
  class space    used 13109K, committed 13440K, reserved 1048576K
}
Event: 16.076 GC heap before
{Heap before GC invocations=44 (full 0):
 garbage-first heap   total 307200K, used 303800K [0x0000000080000000, 0x0000000100000000)
  region size 1024K, 4 young (4096K), 2 survivors (2048K)
 Metaspace       used 95973K, committed 96640K, reserved 1179648K
  class space    used 13126K, committed 13440K, reserved 1048576K
}
Event: 16.078 GC heap after
{Heap after GC invocations=45 (full 0):
 garbage-first heap   total 307200K, used 215446K [0x0000000080000000, 0x0000000100000000)
  region size 1024K, 1 young (1024K), 1 survivors (1024K)
 Metaspace       used 95973K, committed 96640K, reserved 1179648K
  class space    used 13126K, committed 13440K, reserved 1048576K
}
Event: 48.425 GC heap before
{Heap before GC invocations=45 (full 0):
 garbage-first heap   total 307200K, used 283030K [0x0000000080000000, 0x0000000100000000)
  region size 1024K, 15 young (15360K), 1 survivors (1024K)
 Metaspace       used 97026K, committed 97728K, reserved 1179648K
  class space    used 13299K, committed 13632K, reserved 1048576K
}
Event: 48.429 GC heap after
{Heap after GC invocations=46 (full 0):
 garbage-first heap   total 307200K, used 191693K [0x0000000080000000, 0x0000000100000000)
  region size 1024K, 1 young (1024K), 1 survivors (1024K)
 Metaspace       used 97026K, committed 97728K, reserved 1179648K
  class space    used 13299K, committed 13632K, reserved 1048576K
}
Event: 67.293 GC heap before
{Heap before GC invocations=46 (full 0):
 garbage-first heap   total 307200K, used 262349K [0x0000000080000000, 0x0000000100000000)
  region size 1024K, 70 young (71680K), 1 survivors (1024K)
 Metaspace       used 98152K, committed 98880K, reserved 1179648K
  class space    used 13391K, committed 13760K, reserved 1048576K
}
Event: 67.300 GC heap after
{Heap after GC invocations=47 (full 0):
 garbage-first heap   total 307200K, used 200418K [0x0000000080000000, 0x0000000100000000)
  region size 1024K, 9 young (9216K), 9 survivors (9216K)
 Metaspace       used 98152K, committed 98880K, reserved 1179648K
  class space    used 13391K, committed 13760K, reserved 1048576K
}
Event: 68.058 GC heap before
{Heap before GC invocations=47 (full 0):
 garbage-first heap   total 307200K, used 254690K [0x0000000080000000, 0x0000000100000000)
  region size 1024K, 64 young (65536K), 9 survivors (9216K)
 Metaspace       used 104999K, committed 105728K, reserved 1179648K
  class space    used 14264K, committed 14592K, reserved 1048576K
}
Event: 68.068 GC heap after
{Heap after GC invocations=48 (full 0):
 garbage-first heap   total 307200K, used 206433K [0x0000000080000000, 0x0000000100000000)
  region size 1024K, 7 young (7168K), 7 survivors (7168K)
 Metaspace       used 104999K, committed 105728K, reserved 1179648K
  class space    used 14264K, committed 14592K, reserved 1048576K
}

