# JRE version: OpenJDK Runtime Environment (17.0.7) (build 17.0.7+0-b2043.56-10550314)
# Java VM: OpenJDK 64-Bit Server VM (17.0.7+0-b2043.56-10550314, mixed mode, tiered, compressed oops, compressed class ptrs, g1 gc, windows-amd64)
GC Precious Log:
 CPUs: 8 total, 8 available
 Memory: 7969M
 Large Page Support: Disabled
 NUMA Support: Disabled
 Compressed Oops: Enabled (32-bit)
 Heap Region Size: 1M
 Heap Min Capacity: 8M
 Heap Initial Capacity: 126M
 Heap Max Capacity: 2G
 Pre-touch: Disabled
 Parallel Workers: 8
 Concurrent Workers: 2
 Concurrent Refinement Workers: 8
 Periodic GC: Disabled
Heap:
 garbage-first heap   total 215040K, used 115345K [0x0000000080000000, 0x0000000100000000)
  region size 1024K, 1 young (1024K), 1 survivors (1024K)
 Metaspace       used 93272K, committed 93952K, reserved 1179648K
  class space    used 12826K, committed 13184K, reserved 1048576K
GC Heap History (20 events):
Event: 22.611 GC heap after
{Heap after GC invocations=37 (full 0):
 garbage-first heap   total 215040K, used 72490K [0x0000000080000000, 0x0000000100000000)
  region size 1024K, 6 young (6144K), 6 survivors (6144K)
 Metaspace       used 84066K, committed 84672K, reserved 1179648K
  class space    used 11462K, committed 11776K, reserved 1048576K
}
Event: 22.647 GC heap before
{Heap before GC invocations=37 (full 0):
 garbage-first heap   total 215040K, used 76586K [0x0000000080000000, 0x0000000100000000)
  region size 1024K, 10 young (10240K), 6 survivors (6144K)
 Metaspace       used 84436K, committed 85056K, reserved 1179648K
  class space    used 11530K, committed 11840K, reserved 1048576K
}
Event: 22.651 GC heap after
{Heap after GC invocations=38 (full 0):
 garbage-first heap   total 215040K, used 72784K [0x0000000080000000, 0x0000000100000000)
  region size 1024K, 1 young (1024K), 1 survivors (1024K)
 Metaspace       used 84436K, committed 85056K, reserved 1179648K
  class space    used 11530K, committed 11840K, reserved 1048576K
}
Event: 23.825 GC heap before
{Heap before GC invocations=38 (full 0):
 garbage-first heap   total 215040K, used 175184K [0x0000000080000000, 0x0000000100000000)
  region size 1024K, 101 young (103424K), 1 survivors (1024K)
 Metaspace       used 89712K, committed 90368K, reserved 1179648K
  class space    used 12273K, committed 12608K, reserved 1048576K
}
Event: 23.833 GC heap after
{Heap after GC invocations=39 (full 0):
 garbage-first heap   total 215040K, used 83245K [0x0000000080000000, 0x0000000100000000)
  region size 1024K, 11 young (11264K), 11 survivors (11264K)
 Metaspace       used 89712K, committed 90368K, reserved 1179648K
  class space    used 12273K, committed 12608K, reserved 1048576K
}
Event: 25.995 GC heap before
{Heap before GC invocations=40 (full 0):
 garbage-first heap   total 215040K, used 171309K [0x0000000080000000, 0x0000000100000000)
  region size 1024K, 97 young (99328K), 11 survivors (11264K)
 Metaspace       used 92580K, committed 93248K, reserved 1179648K
  class space    used 12788K, committed 13120K, reserved 1048576K
}
Event: 26.007 GC heap after
{Heap after GC invocations=41 (full 0):
 garbage-first heap   total 215040K, used 95285K [0x0000000080000000, 0x0000000100000000)
  region size 1024K, 12 young (12288K), 12 survivors (12288K)
 Metaspace       used 92580K, committed 93248K, reserved 1179648K
  class space    used 12788K, committed 13120K, reserved 1048576K
}
Event: 26.011 GC heap before
{Heap before GC invocations=41 (full 0):
 garbage-first heap   total 215040K, used 96309K [0x0000000080000000, 0x0000000100000000)
  region size 1024K, 13 young (13312K), 12 survivors (12288K)
 Metaspace       used 92580K, committed 93248K, reserved 1179648K
  class space    used 12788K, committed 13120K, reserved 1048576K
}
Event: 26.018 GC heap after
{Heap after GC invocations=42 (full 0):
 garbage-first heap   total 215040K, used 96625K [0x0000000080000000, 0x0000000100000000)
  region size 1024K, 2 young (2048K), 2 survivors (2048K)
 Metaspace       used 92580K, committed 93248K, reserved 1179648K
  class space    used 12788K, committed 13120K, reserved 1048576K
}
Event: 26.836 GC heap before
{Heap before GC invocations=42 (full 0):
 garbage-first heap   total 215040K, used 170353K [0x0000000080000000, 0x0000000100000000)
  region size 1024K, 74 young (75776K), 2 survivors (2048K)
 Metaspace       used 92598K, committed 93312K, reserved 1179648K
  class space    used 12789K, committed 13120K, reserved 1048576K
}
Event: 26.842 GC heap after
{Heap after GC invocations=43 (full 0):
 garbage-first heap   total 215040K, used 100291K [0x0000000080000000, 0x0000000100000000)
  region size 1024K, 6 young (6144K), 6 survivors (6144K)
 Metaspace       used 92598K, committed 93312K, reserved 1179648K
  class space    used 12789K, committed 13120K, reserved 1048576K
}
Event: 27.574 GC heap before
{Heap before GC invocations=44 (full 0):
 garbage-first heap   total 215040K, used 176067K [0x0000000080000000, 0x0000000100000000)
  region size 1024K, 76 young (77824K), 6 survivors (6144K)
 Metaspace       used 92592K, committed 93312K, reserved 1179648K
  class space    used 12786K, committed 13120K, reserved 1048576K
}
Event: 27.580 GC heap after
{Heap after GC invocations=45 (full 0):
 garbage-first heap   total 215040K, used 105958K [0x0000000080000000, 0x0000000100000000)
  region size 1024K, 9 young (9216K), 9 survivors (9216K)
 Metaspace       used 92592K, committed 93312K, reserved 1179648K
  class space    used 12786K, committed 13120K, reserved 1048576K
}
Event: 27.583 GC heap before
{Heap before GC invocations=45 (full 0):
 garbage-first heap   total 215040K, used 106982K [0x0000000080000000, 0x0000000100000000)
  region size 1024K, 10 young (10240K), 9 survivors (9216K)
 Metaspace       used 92592K, committed 93312K, reserved 1179648K
  class space    used 12786K, committed 13120K, reserved 1048576K
}
Event: 27.590 GC heap after
{Heap after GC invocations=46 (full 0):
 garbage-first heap   total 215040K, used 105139K [0x0000000080000000, 0x0000000100000000)
  region size 1024K, 2 young (2048K), 2 survivors (2048K)
 Metaspace       used 92592K, committed 93312K, reserved 1179648K
  class space    used 12786K, committed 13120K, reserved 1048576K
}
Event: 27.773 GC heap before
{Heap before GC invocations=46 (full 0):
 garbage-first heap   total 215040K, used 122547K [0x0000000080000000, 0x0000000100000000)
  region size 1024K, 21 young (21504K), 2 survivors (2048K)
 Metaspace       used 92761K, committed 93376K, reserved 1179648K
  class space    used 12796K, committed 13120K, reserved 1048576K
}
Event: 27.776 GC heap after
{Heap after GC invocations=47 (full 0):
 garbage-first heap   total 215040K, used 106849K [0x0000000080000000, 0x0000000100000000)
  region size 1024K, 3 young (3072K), 3 survivors (3072K)
 Metaspace       used 92761K, committed 93376K, reserved 1179648K
  class space    used 12796K, committed 13120K, reserved 1048576K
}
Event: 28.368 GC heap before
{Heap before GC invocations=48 (full 0):
 garbage-first heap   total 215040K, used 175457K [0x0000000080000000, 0x0000000100000000)
  region size 1024K, 57 young (58368K), 3 survivors (3072K)
 Metaspace       used 93262K, committed 93952K, reserved 1179648K
  class space    used 12826K, committed 13184K, reserved 1048576K
}
Event: 28.376 GC heap after
{Heap after GC invocations=49 (full 0):
 garbage-first heap   total 215040K, used 111124K [0x0000000080000000, 0x0000000100000000)
  region size 1024K, 8 young (8192K), 8 survivors (8192K)
 Metaspace       used 93262K, committed 93952K, reserved 1179648K
  class space    used 12826K, committed 13184K, reserved 1048576K
}
Event: 28.407 GC heap before
{Heap before GC invocations=49 (full 0):
 garbage-first heap   total 215040K, used 117268K [0x0000000080000000, 0x0000000100000000)
  region size 1024K, 10 young (10240K), 8 survivors (8192K)
 Metaspace       used 93272K, committed 93952K, reserved 1179648K
  class space    used 12826K, committed 13184K, reserved 1048576K
}

