# JRE version: OpenJDK Runtime Environment (17.0.7) (build 17.0.7+0-b2043.56-10550314)
# Java VM: OpenJDK 64-Bit Server VM (17.0.7+0-b2043.56-10550314, mixed mode, tiered, compressed oops, compressed class ptrs, g1 gc, windows-amd64)
GC Precious Log:
 CPUs: 8 total, 8 available
 Memory: 7969M
 Large Page Support: Disabled
 NUMA Support: Disabled
 Compressed Oops: Enabled (32-bit)
 Heap Region Size: 1M
 Heap Min Capacity: 8M
 Heap Initial Capacity: 126M
 Heap Max Capacity: 2G
 Pre-touch: Disabled
 Parallel Workers: 8
 Concurrent Workers: 2
 Concurrent Refinement Workers: 8
 Periodic GC: Disabled
Heap:
 garbage-first heap   total 567296K, used 400899K [0x0000000080000000, 0x0000000100000000)
  region size 1024K, 47 young (48128K), 2 survivors (2048K)
 Metaspace       used 133425K, committed 135168K, reserved 1179648K
  class space    used 17851K, committed 18688K, reserved 1048576K
GC Heap History (20 events):
Event: 4986.819 GC heap before
{Heap before GC invocations=95 (full 0):
 garbage-first heap   total 387072K, used 258307K [0x0000000080000000, 0x0000000100000000)
  region size 1024K, 110 young (112640K), 1 survivors (1024K)
 Metaspace       used 130771K, committed 132544K, reserved 1179648K
  class space    used 17465K, committed 18304K, reserved 1048576K
}
Event: 4986.833 GC heap after
{Heap after GC invocations=96 (full 0):
 garbage-first heap   total 387072K, used 159979K [0x0000000080000000, 0x0000000100000000)
  region size 1024K, 12 young (12288K), 12 survivors (12288K)
 Metaspace       used 130771K, committed 132544K, reserved 1179648K
  class space    used 17465K, committed 18304K, reserved 1048576K
}
Event: 4987.885 GC heap before
{Heap before GC invocations=97 (full 0):
 garbage-first heap   total 387072K, used 358635K [0x0000000080000000, 0x0000000100000000)
  region size 1024K, 115 young (117760K), 12 survivors (12288K)
 Metaspace       used 130565K, committed 132544K, reserved 1179648K
  class space    used 17385K, committed 18304K, reserved 1048576K
}
Event: 4987.896 GC heap after
{Heap after GC invocations=98 (full 0):
 garbage-first heap   total 387072K, used 183495K [0x0000000080000000, 0x0000000100000000)
  region size 1024K, 5 young (5120K), 5 survivors (5120K)
 Metaspace       used 130565K, committed 132544K, reserved 1179648K
  class space    used 17385K, committed 18304K, reserved 1048576K
}
Event: 5481.559 GC heap before
{Heap before GC invocations=98 (full 0):
 garbage-first heap   total 387072K, used 284871K [0x0000000080000000, 0x0000000100000000)
  region size 1024K, 18 young (18432K), 5 survivors (5120K)
 Metaspace       used 130581K, committed 132544K, reserved 1179648K
  class space    used 17385K, committed 18304K, reserved 1048576K
}
Event: 5481.569 GC heap after
{Heap after GC invocations=99 (full 0):
 garbage-first heap   total 387072K, used 147037K [0x0000000080000000, 0x0000000100000000)
  region size 1024K, 1 young (1024K), 1 survivors (1024K)
 Metaspace       used 130581K, committed 132544K, reserved 1179648K
  class space    used 17385K, committed 18304K, reserved 1048576K
}
Event: 5836.609 GC heap before
{Heap before GC invocations=99 (full 0):
 garbage-first heap   total 387072K, used 237149K [0x0000000080000000, 0x0000000100000000)
  region size 1024K, 91 young (93184K), 1 survivors (1024K)
 Metaspace       used 130808K, committed 132544K, reserved 1179648K
  class space    used 17419K, committed 18304K, reserved 1048576K
}
Event: 5836.619 GC heap after
{Heap after GC invocations=100 (full 0):
 garbage-first heap   total 387072K, used 160122K [0x0000000080000000, 0x0000000100000000)
  region size 1024K, 14 young (14336K), 14 survivors (14336K)
 Metaspace       used 130808K, committed 132544K, reserved 1179648K
  class space    used 17419K, committed 18304K, reserved 1048576K
}
Event: 5837.691 GC heap before
{Heap before GC invocations=101 (full 0):
 garbage-first heap   total 387072K, used 304506K [0x0000000080000000, 0x0000000100000000)
  region size 1024K, 159 young (162816K), 14 survivors (14336K)
 Metaspace       used 131615K, committed 133312K, reserved 1179648K
  class space    used 17552K, committed 18368K, reserved 1048576K
}
Event: 5837.708 GC heap after
{Heap after GC invocations=102 (full 0):
 garbage-first heap   total 387072K, used 158433K [0x0000000080000000, 0x0000000100000000)
  region size 1024K, 7 young (7168K), 7 survivors (7168K)
 Metaspace       used 131615K, committed 133312K, reserved 1179648K
  class space    used 17552K, committed 18368K, reserved 1048576K
}
Event: 5837.748 GC heap before
{Heap before GC invocations=102 (full 0):
 garbage-first heap   total 387072K, used 168673K [0x0000000080000000, 0x0000000100000000)
  region size 1024K, 18 young (18432K), 7 survivors (7168K)
 Metaspace       used 131629K, committed 133312K, reserved 1179648K
  class space    used 17554K, committed 18368K, reserved 1048576K
}
Event: 5837.758 GC heap after
{Heap after GC invocations=103 (full 0):
 garbage-first heap   total 387072K, used 152888K [0x0000000080000000, 0x0000000100000000)
  region size 1024K, 2 young (2048K), 2 survivors (2048K)
 Metaspace       used 131629K, committed 133312K, reserved 1179648K
  class space    used 17554K, committed 18368K, reserved 1048576K
}
Event: 5838.219 GC heap before
{Heap before GC invocations=103 (full 0):
 garbage-first heap   total 387072K, used 228664K [0x0000000080000000, 0x0000000100000000)
  region size 1024K, 78 young (79872K), 2 survivors (2048K)
 Metaspace       used 132404K, committed 134208K, reserved 1179648K
  class space    used 17696K, committed 18560K, reserved 1048576K
}
Event: 5838.224 GC heap after
{Heap after GC invocations=104 (full 0):
 garbage-first heap   total 387072K, used 152912K [0x0000000080000000, 0x0000000100000000)
  region size 1024K, 2 young (2048K), 2 survivors (2048K)
 Metaspace       used 132404K, committed 134208K, reserved 1179648K
  class space    used 17696K, committed 18560K, reserved 1048576K
}
Event: 5984.709 GC heap before
{Heap before GC invocations=105 (full 0):
 garbage-first heap   total 565248K, used 485712K [0x0000000080000000, 0x0000000100000000)
  region size 1024K, 147 young (150528K), 2 survivors (2048K)
 Metaspace       used 132265K, committed 134208K, reserved 1179648K
  class space    used 17645K, committed 18560K, reserved 1048576K
}
Event: 5984.720 GC heap after
{Heap after GC invocations=106 (full 0):
 garbage-first heap   total 565248K, used 161659K [0x0000000080000000, 0x0000000100000000)
  region size 1024K, 12 young (12288K), 12 survivors (12288K)
 Metaspace       used 132265K, committed 134208K, reserved 1179648K
  class space    used 17645K, committed 18560K, reserved 1048576K
}
Event: 5984.786 GC heap before
{Heap before GC invocations=106 (full 0):
 garbage-first heap   total 565248K, used 175995K [0x0000000080000000, 0x0000000100000000)
  region size 1024K, 27 young (27648K), 12 survivors (12288K)
 Metaspace       used 132275K, committed 134208K, reserved 1179648K
  class space    used 17646K, committed 18560K, reserved 1048576K
}
Event: 5984.798 GC heap after
{Heap after GC invocations=107 (full 0):
 garbage-first heap   total 565248K, used 150226K [0x0000000080000000, 0x0000000100000000)
  region size 1024K, 3 young (3072K), 3 survivors (3072K)
 Metaspace       used 132275K, committed 134208K, reserved 1179648K
  class space    used 17646K, committed 18560K, reserved 1048576K
}
Event: 5985.002 GC heap before
{Heap before GC invocations=107 (full 0):
 garbage-first heap   total 565248K, used 176850K [0x0000000080000000, 0x0000000100000000)
  region size 1024K, 31 young (31744K), 3 survivors (3072K)
 Metaspace       used 132452K, committed 134336K, reserved 1179648K
  class space    used 17646K, committed 18560K, reserved 1048576K
}
Event: 5985.005 GC heap after
{Heap after GC invocations=108 (full 0):
 garbage-first heap   total 565248K, used 150019K [0x0000000080000000, 0x0000000100000000)
  region size 1024K, 2 young (2048K), 2 survivors (2048K)
 Metaspace       used 132452K, committed 134336K, reserved 1179648K
  class space    used 17646K, committed 18560K, reserved 1048576K
}

